[0.054s] Invoking command in '/home/erica/test_ws/build/teleop': CMAKE_PREFIX_PATH=${CMAKE_PREFIX_PATH}:/opt/ros/humble /usr/bin/cmake --build /home/erica/test_ws/build/teleop -- -j4 -l4
[0.216s] [35m[1mConsolidate compiler generated dependencies of target joy_interpreter[0m
[0.308s] [ 50%] [32mBuilding CXX object CMakeFiles/joy_interpreter.dir/src/joy_interpreter.cpp.o[0m
[32.937s] [100%] [32m[1mLinking CXX executable joy_interpreter[0m
[34.858s] [100%] Built target joy_interpreter
[34.898s] Invoked command in '/home/erica/test_ws/build/teleop' returned '0': CMAKE_PREFIX_PATH=${CMAKE_PREFIX_PATH}:/opt/ros/humble /usr/bin/cmake --build /home/erica/test_ws/build/teleop -- -j4 -l4
[34.937s] Invoking command in '/home/erica/test_ws/build/teleop': CMAKE_PREFIX_PATH=${CMAKE_PREFIX_PATH}:/opt/ros/humble /usr/bin/cmake --install /home/erica/test_ws/build/teleop
[34.964s] -- Install configuration: ""
[34.965s] -- Installing: /home/erica/test_ws/install/teleop/lib/teleop/joy_interpreter
[35.000s] -- Set runtime path of "/home/erica/test_ws/install/teleop/lib/teleop/joy_interpreter" to ""
[35.001s] -- Up-to-date: /home/erica/test_ws/install/teleop/share/teleop/launch
[35.001s] -- Up-to-date: /home/erica/test_ws/install/teleop/share/teleop/launch/launch.py
[35.002s] -- Up-to-date: /home/erica/test_ws/install/teleop/share/teleop/config
[35.002s] -- Up-to-date: /home/erica/test_ws/install/teleop/share/teleop/config/.gitkeep
[35.003s] -- Up-to-date: /home/erica/test_ws/install/teleop/share/ament_index/resource_index/package_run_dependencies/teleop
[35.003s] -- Up-to-date: /home/erica/test_ws/install/teleop/share/ament_index/resource_index/parent_prefix_path/teleop
[35.004s] -- Up-to-date: /home/erica/test_ws/install/teleop/share/teleop/environment/ament_prefix_path.sh
[35.004s] -- Up-to-date: /home/erica/test_ws/install/teleop/share/teleop/environment/ament_prefix_path.dsv
[35.005s] -- Up-to-date: /home/erica/test_ws/install/teleop/share/teleop/environment/path.sh
[35.005s] -- Up-to-date: /home/erica/test_ws/install/teleop/share/teleop/environment/path.dsv
[35.005s] -- Up-to-date: /home/erica/test_ws/install/teleop/share/teleop/local_setup.bash
[35.006s] -- Up-to-date: /home/erica/test_ws/install/teleop/share/teleop/local_setup.sh
[35.006s] -- Up-to-date: /home/erica/test_ws/install/teleop/share/teleop/local_setup.zsh
[35.007s] -- Up-to-date: /home/erica/test_ws/install/teleop/share/teleop/local_setup.dsv
[35.007s] -- Installing: /home/erica/test_ws/install/teleop/share/teleop/package.dsv
[35.008s] -- Up-to-date: /home/erica/test_ws/install/teleop/share/ament_index/resource_index/packages/teleop
[35.008s] -- Up-to-date: /home/erica/test_ws/install/teleop/share/teleop/cmake/teleopConfig.cmake
[35.008s] -- Up-to-date: /home/erica/test_ws/install/teleop/share/teleop/cmake/teleopConfig-version.cmake
[35.009s] -- Up-to-date: /home/erica/test_ws/install/teleop/share/teleop/package.xml
[35.013s] Invoked command in '/home/erica/test_ws/build/teleop' returned '0': CMAKE_PREFIX_PATH=${CMAKE_PREFIX_PATH}:/opt/ros/humble /usr/bin/cmake --install /home/erica/test_ws/build/teleop
