[0.086s] Invoking command in '/home/erica/test_ws/build/serial': CMAKE_PREFIX_PATH=${CMAKE_PREFIX_PATH}:/opt/ros/humble /usr/bin/cmake --build /home/erica/test_ws/build/serial -- -j4 -l4
[0.589s] [35m[1mConsolidate compiler generated dependencies of target serial[0m
[0.723s] [100%] Built target serial
[0.769s] Invoked command in '/home/erica/test_ws/build/serial' returned '0': CMAKE_PREFIX_PATH=${CMAKE_PREFIX_PATH}:/opt/ros/humble /usr/bin/cmake --build /home/erica/test_ws/build/serial -- -j4 -l4
[0.814s] Invoking command in '/home/erica/test_ws/build/serial': CMAKE_PREFIX_PATH=${CMAKE_PREFIX_PATH}:/opt/ros/humble /usr/bin/cmake --install /home/erica/test_ws/build/serial
[0.842s] -- Install configuration: ""
[0.843s] -- Up-to-date: /home/erica/test_ws/install/serial/share/serial/environment/library_path.sh
[0.843s] -- Up-to-date: /home/erica/test_ws/install/serial/share/serial/environment/library_path.dsv
[0.844s] -- Up-to-date: /home/erica/test_ws/install/serial/lib/libserial.a
[0.845s] -- Up-to-date: /home/erica/test_ws/install/serial/include/serial/serial.h
[0.845s] -- Up-to-date: /home/erica/test_ws/install/serial/include/serial/v8stdint.h
[0.846s] -- Up-to-date: /home/erica/test_ws/install/serial/share/ament_index/resource_index/package_run_dependencies/serial
[0.846s] -- Up-to-date: /home/erica/test_ws/install/serial/share/ament_index/resource_index/parent_prefix_path/serial
[0.847s] -- Up-to-date: /home/erica/test_ws/install/serial/share/serial/environment/ament_prefix_path.sh
[0.848s] -- Up-to-date: /home/erica/test_ws/install/serial/share/serial/environment/ament_prefix_path.dsv
[0.848s] -- Up-to-date: /home/erica/test_ws/install/serial/share/serial/environment/path.sh
[0.849s] -- Up-to-date: /home/erica/test_ws/install/serial/share/serial/environment/path.dsv
[0.849s] -- Up-to-date: /home/erica/test_ws/install/serial/share/serial/local_setup.bash
[0.850s] -- Up-to-date: /home/erica/test_ws/install/serial/share/serial/local_setup.sh
[0.851s] -- Up-to-date: /home/erica/test_ws/install/serial/share/serial/local_setup.zsh
[0.851s] -- Up-to-date: /home/erica/test_ws/install/serial/share/serial/local_setup.dsv
[0.851s] -- Installing: /home/erica/test_ws/install/serial/share/serial/package.dsv
[0.853s] -- Up-to-date: /home/erica/test_ws/install/serial/share/ament_index/resource_index/packages/serial
[0.854s] -- Up-to-date: /home/erica/test_ws/install/serial/share/serial/cmake/ament_cmake_export_include_directories-extras.cmake
[0.855s] -- Up-to-date: /home/erica/test_ws/install/serial/share/serial/cmake/ament_cmake_export_libraries-extras.cmake
[0.856s] -- Up-to-date: /home/erica/test_ws/install/serial/share/serial/cmake/serialConfig.cmake
[0.856s] -- Up-to-date: /home/erica/test_ws/install/serial/share/serial/cmake/serialConfig-version.cmake
[0.857s] -- Up-to-date: /home/erica/test_ws/install/serial/share/serial/package.xml
[0.862s] Invoked command in '/home/erica/test_ws/build/serial' returned '0': CMAKE_PREFIX_PATH=${CMAKE_PREFIX_PATH}:/opt/ros/humble /usr/bin/cmake --install /home/erica/test_ws/build/serial
