[0.415s] DEBUG:colcon:Command line arguments: ['/usr/bin/colcon', 'build', '--packages-select', 'serial']
[0.416s] DEBUG:colcon:Parsed command line arguments: Namespace(log_base=None, log_level=None, verb_name='build', build_base='build', install_base='install', merge_install=False, symlink_install=False, test_result_base=None, continue_on_error=False, executor='parallel', parallel_workers=4, event_handlers=None, ignore_user_meta=False, metas=['./colcon.meta'], base_paths=['.'], packages_ignore=None, packages_ignore_regex=None, paths=None, packages_up_to=None, packages_up_to_regex=None, packages_above=None, packages_above_and_dependencies=None, packages_above_depth=None, packages_select_by_dep=None, packages_skip_by_dep=None, packages_skip_up_to=None, packages_select_build_failed=False, packages_skip_build_finished=False, packages_select_test_failures=False, packages_skip_test_passed=False, packages_select=['serial'], packages_skip=None, packages_select_regex=None, packages_skip_regex=None, packages_start=None, packages_end=None, allow_overriding=[], cmake_args=None, cmake_target=None, cmake_target_skip_unavailable=False, cmake_clean_cache=False, cmake_clean_first=False, cmake_force_configure=False, ament_cmake_args=None, catkin_cmake_args=None, catkin_skip_building_tests=False, verb_parser=<colcon_defaults.argument_parser.defaults.DefaultArgumentsDecorator object at 0xffffa0893010>, verb_extension=<colcon_core.verb.build.BuildVerb object at 0xffffa09cc4c0>, main=<bound method BuildVerb.main of <colcon_core.verb.build.BuildVerb object at 0xffffa09cc4c0>>)
[1.172s] Level 1:colcon.colcon_core.package_discovery:discover_packages(colcon_meta) check parameters
[1.172s] Level 1:colcon.colcon_core.package_discovery:discover_packages(recursive) check parameters
[1.172s] Level 1:colcon.colcon_core.package_discovery:discover_packages(ignore) check parameters
[1.173s] Level 1:colcon.colcon_core.package_discovery:discover_packages(path) check parameters
[1.173s] Level 1:colcon.colcon_core.package_discovery:discover_packages(colcon_meta) discover
[1.173s] Level 1:colcon.colcon_core.package_discovery:discover_packages(recursive) discover
[1.173s] INFO:colcon.colcon_core.package_discovery:Crawling recursively for packages in '/home/erica/test_ws'
[1.174s] Level 1:colcon.colcon_core.package_identification:_identify(.) by extensions ['ignore', 'ignore_ament_install']
[1.174s] Level 1:colcon.colcon_core.package_identification:_identify(.) by extension 'ignore'
[1.174s] Level 1:colcon.colcon_core.package_identification:_identify(.) by extension 'ignore_ament_install'
[1.175s] Level 1:colcon.colcon_core.package_identification:_identify(.) by extensions ['colcon_pkg']
[1.175s] Level 1:colcon.colcon_core.package_identification:_identify(.) by extension 'colcon_pkg'
[1.175s] Level 1:colcon.colcon_core.package_identification:_identify(.) by extensions ['colcon_meta']
[1.175s] Level 1:colcon.colcon_core.package_identification:_identify(.) by extension 'colcon_meta'
[1.175s] Level 1:colcon.colcon_core.package_identification:_identify(.) by extensions ['ros']
[1.175s] Level 1:colcon.colcon_core.package_identification:_identify(.) by extension 'ros'
[1.221s] Level 1:colcon.colcon_core.package_identification:_identify(.) by extensions ['cmake', 'python']
[1.222s] Level 1:colcon.colcon_core.package_identification:_identify(.) by extension 'cmake'
[1.222s] Level 1:colcon.colcon_core.package_identification:_identify(.) by extension 'python'
[1.222s] Level 1:colcon.colcon_core.package_identification:_identify(.) by extensions ['python_setup_py']
[1.222s] Level 1:colcon.colcon_core.package_identification:_identify(.) by extension 'python_setup_py'
[1.223s] Level 1:colcon.colcon_core.package_identification:_identify(build) by extensions ['ignore', 'ignore_ament_install']
[1.223s] Level 1:colcon.colcon_core.package_identification:_identify(build) by extension 'ignore'
[1.223s] Level 1:colcon.colcon_core.package_identification:_identify(build) ignored
[1.224s] Level 1:colcon.colcon_core.package_identification:_identify(install) by extensions ['ignore', 'ignore_ament_install']
[1.224s] Level 1:colcon.colcon_core.package_identification:_identify(install) by extension 'ignore'
[1.225s] Level 1:colcon.colcon_core.package_identification:_identify(install) ignored
[1.225s] Level 1:colcon.colcon_core.package_identification:_identify(log) by extensions ['ignore', 'ignore_ament_install']
[1.226s] Level 1:colcon.colcon_core.package_identification:_identify(log) by extension 'ignore'
[1.226s] Level 1:colcon.colcon_core.package_identification:_identify(log) ignored
[1.226s] Level 1:colcon.colcon_core.package_identification:_identify(src) by extensions ['ignore', 'ignore_ament_install']
[1.226s] Level 1:colcon.colcon_core.package_identification:_identify(src) by extension 'ignore'
[1.227s] Level 1:colcon.colcon_core.package_identification:_identify(src) by extension 'ignore_ament_install'
[1.227s] Level 1:colcon.colcon_core.package_identification:_identify(src) by extensions ['colcon_pkg']
[1.227s] Level 1:colcon.colcon_core.package_identification:_identify(src) by extension 'colcon_pkg'
[1.227s] Level 1:colcon.colcon_core.package_identification:_identify(src) by extensions ['colcon_meta']
[1.227s] Level 1:colcon.colcon_core.package_identification:_identify(src) by extension 'colcon_meta'
[1.228s] Level 1:colcon.colcon_core.package_identification:_identify(src) by extensions ['ros']
[1.228s] Level 1:colcon.colcon_core.package_identification:_identify(src) by extension 'ros'
[1.228s] Level 1:colcon.colcon_core.package_identification:_identify(src) by extensions ['cmake', 'python']
[1.228s] Level 1:colcon.colcon_core.package_identification:_identify(src) by extension 'cmake'
[1.228s] Level 1:colcon.colcon_core.package_identification:_identify(src) by extension 'python'
[1.228s] Level 1:colcon.colcon_core.package_identification:_identify(src) by extensions ['python_setup_py']
[1.229s] Level 1:colcon.colcon_core.package_identification:_identify(src) by extension 'python_setup_py'
[1.229s] Level 1:colcon.colcon_core.package_identification:_identify(src/serial-ros2) by extensions ['ignore', 'ignore_ament_install']
[1.230s] Level 1:colcon.colcon_core.package_identification:_identify(src/serial-ros2) by extension 'ignore'
[1.230s] Level 1:colcon.colcon_core.package_identification:_identify(src/serial-ros2) by extension 'ignore_ament_install'
[1.230s] Level 1:colcon.colcon_core.package_identification:_identify(src/serial-ros2) by extensions ['colcon_pkg']
[1.230s] Level 1:colcon.colcon_core.package_identification:_identify(src/serial-ros2) by extension 'colcon_pkg'
[1.230s] Level 1:colcon.colcon_core.package_identification:_identify(src/serial-ros2) by extensions ['colcon_meta']
[1.230s] Level 1:colcon.colcon_core.package_identification:_identify(src/serial-ros2) by extension 'colcon_meta'
[1.231s] Level 1:colcon.colcon_core.package_identification:_identify(src/serial-ros2) by extensions ['ros']
[1.231s] Level 1:colcon.colcon_core.package_identification:_identify(src/serial-ros2) by extension 'ros'
[1.239s] DEBUG:colcon.colcon_core.package_identification:Package 'src/serial-ros2' with type 'ros.ament_cmake' and name 'serial'
[1.240s] Level 1:colcon.colcon_core.package_identification:_identify(src/serial_com) by extensions ['ignore', 'ignore_ament_install']
[1.240s] Level 1:colcon.colcon_core.package_identification:_identify(src/serial_com) by extension 'ignore'
[1.240s] Level 1:colcon.colcon_core.package_identification:_identify(src/serial_com) by extension 'ignore_ament_install'
[1.241s] Level 1:colcon.colcon_core.package_identification:_identify(src/serial_com) by extensions ['colcon_pkg']
[1.241s] Level 1:colcon.colcon_core.package_identification:_identify(src/serial_com) by extension 'colcon_pkg'
[1.241s] Level 1:colcon.colcon_core.package_identification:_identify(src/serial_com) by extensions ['colcon_meta']
[1.241s] Level 1:colcon.colcon_core.package_identification:_identify(src/serial_com) by extension 'colcon_meta'
[1.241s] Level 1:colcon.colcon_core.package_identification:_identify(src/serial_com) by extensions ['ros']
[1.242s] Level 1:colcon.colcon_core.package_identification:_identify(src/serial_com) by extension 'ros'
[1.245s] DEBUG:colcon.colcon_core.package_identification:Package 'src/serial_com' with type 'ros.ament_cmake' and name 'serial_com'
[1.246s] Level 1:colcon.colcon_core.package_identification:_identify(src/teleop) by extensions ['ignore', 'ignore_ament_install']
[1.246s] Level 1:colcon.colcon_core.package_identification:_identify(src/teleop) by extension 'ignore'
[1.246s] Level 1:colcon.colcon_core.package_identification:_identify(src/teleop) by extension 'ignore_ament_install'
[1.247s] Level 1:colcon.colcon_core.package_identification:_identify(src/teleop) by extensions ['colcon_pkg']
[1.247s] Level 1:colcon.colcon_core.package_identification:_identify(src/teleop) by extension 'colcon_pkg'
[1.247s] Level 1:colcon.colcon_core.package_identification:_identify(src/teleop) by extensions ['colcon_meta']
[1.247s] Level 1:colcon.colcon_core.package_identification:_identify(src/teleop) by extension 'colcon_meta'
[1.247s] Level 1:colcon.colcon_core.package_identification:_identify(src/teleop) by extensions ['ros']
[1.247s] Level 1:colcon.colcon_core.package_identification:_identify(src/teleop) by extension 'ros'
[1.251s] DEBUG:colcon.colcon_core.package_identification:Package 'src/teleop' with type 'ros.ament_cmake' and name 'teleop'
[1.251s] Level 1:colcon.colcon_core.package_discovery:discover_packages(recursive) using defaults
[1.251s] Level 1:colcon.colcon_core.package_discovery:discover_packages(ignore) discover
[1.251s] Level 1:colcon.colcon_core.package_discovery:discover_packages(ignore) using defaults
[1.251s] Level 1:colcon.colcon_core.package_discovery:discover_packages(path) discover
[1.252s] Level 1:colcon.colcon_core.package_discovery:discover_packages(path) using defaults
[1.324s] INFO:colcon.colcon_core.package_selection:Skipping not selected package 'teleop' in 'src/teleop'
[1.325s] INFO:colcon.colcon_core.package_selection:Skipping not selected package 'serial_com' in 'src/serial_com'
[1.326s] Level 1:colcon.colcon_core.package_discovery:discover_packages(prefix_path) check parameters
[1.327s] Level 1:colcon.colcon_core.package_discovery:discover_packages(prefix_path) discover
[1.334s] DEBUG:colcon.colcon_installed_package_information.package_discovery:Found 2 installed packages in /home/erica/test_ws/install
[1.342s] DEBUG:colcon.colcon_installed_package_information.package_discovery:Found 271 installed packages in /opt/ros/humble
[1.352s] Level 1:colcon.colcon_core.package_discovery:discover_packages(prefix_path) using defaults
[1.550s] Level 5:colcon.colcon_core.verb:set package 'serial' build argument 'cmake_args' from command line to 'None'
[1.550s] Level 5:colcon.colcon_core.verb:set package 'serial' build argument 'cmake_target' from command line to 'None'
[1.550s] Level 5:colcon.colcon_core.verb:set package 'serial' build argument 'cmake_target_skip_unavailable' from command line to 'False'
[1.551s] Level 5:colcon.colcon_core.verb:set package 'serial' build argument 'cmake_clean_cache' from command line to 'False'
[1.551s] Level 5:colcon.colcon_core.verb:set package 'serial' build argument 'cmake_clean_first' from command line to 'False'
[1.551s] Level 5:colcon.colcon_core.verb:set package 'serial' build argument 'cmake_force_configure' from command line to 'False'
[1.551s] Level 5:colcon.colcon_core.verb:set package 'serial' build argument 'ament_cmake_args' from command line to 'None'
[1.551s] Level 5:colcon.colcon_core.verb:set package 'serial' build argument 'catkin_cmake_args' from command line to 'None'
[1.551s] Level 5:colcon.colcon_core.verb:set package 'serial' build argument 'catkin_skip_building_tests' from command line to 'False'
[1.551s] DEBUG:colcon.colcon_core.verb:Building package 'serial' with the following arguments: {'ament_cmake_args': None, 'build_base': '/home/erica/test_ws/build/serial', 'catkin_cmake_args': None, 'catkin_skip_building_tests': False, 'cmake_args': None, 'cmake_clean_cache': False, 'cmake_clean_first': False, 'cmake_force_configure': False, 'cmake_target': None, 'cmake_target_skip_unavailable': False, 'install_base': '/home/erica/test_ws/install/serial', 'merge_install': False, 'path': '/home/erica/test_ws/src/serial-ros2', 'symlink_install': False, 'test_result_base': None}
[1.552s] INFO:colcon.colcon_core.executor:Executing jobs using 'parallel' executor
[1.555s] DEBUG:colcon.colcon_parallel_executor.executor.parallel:run_until_complete
[1.556s] INFO:colcon.colcon_ros.task.ament_cmake.build:Building ROS package in '/home/erica/test_ws/src/serial-ros2' with build type 'ament_cmake'
[1.557s] INFO:colcon.colcon_cmake.task.cmake.build:Building CMake package in '/home/erica/test_ws/src/serial-ros2'
[1.565s] INFO:colcon.colcon_core.plugin_system:Skipping extension 'colcon_core.shell.bat': Not used on non-Windows systems
[1.566s] INFO:colcon.colcon_core.shell:Skip shell extension 'powershell' for command environment: Not usable outside of PowerShell
[1.566s] DEBUG:colcon.colcon_core.shell:Skip shell extension 'dsv' for command environment
[1.609s] DEBUG:colcon.colcon_core.event_handler.log_command:Invoking command in '/home/erica/test_ws/build/serial': CMAKE_PREFIX_PATH=/opt/ros/humble /usr/bin/cmake --build /home/erica/test_ws/build/serial -- -j4 -l4
[4.807s] DEBUG:colcon.colcon_core.event_handler.log_command:Invoked command in '/home/erica/test_ws/build/serial' returned '0': CMAKE_PREFIX_PATH=/opt/ros/humble /usr/bin/cmake --build /home/erica/test_ws/build/serial -- -j4 -l4
[4.847s] DEBUG:colcon.colcon_core.event_handler.log_command:Invoking command in '/home/erica/test_ws/build/serial': CMAKE_PREFIX_PATH=/opt/ros/humble /usr/bin/cmake --install /home/erica/test_ws/build/serial
[4.907s] Level 1:colcon.colcon_core.environment:create_environment_scripts_only(serial)
[4.908s] DEBUG:colcon.colcon_core.event_handler.log_command:Invoked command in '/home/erica/test_ws/build/serial' returned '0': CMAKE_PREFIX_PATH=/opt/ros/humble /usr/bin/cmake --install /home/erica/test_ws/build/serial
[4.918s] Level 1:colcon.colcon_core.environment:checking '/home/erica/test_ws/install/serial' for CMake module files
[4.921s] Level 1:colcon.colcon_core.environment:checking '/home/erica/test_ws/install/serial' for CMake config files
[4.922s] Level 1:colcon.colcon_core.shell:create_environment_hook('serial', 'cmake_prefix_path')
[4.923s] INFO:colcon.colcon_core.shell:Creating environment hook '/home/erica/test_ws/install/serial/share/serial/hook/cmake_prefix_path.ps1'
[4.926s] INFO:colcon.colcon_core.shell:Creating environment descriptor '/home/erica/test_ws/install/serial/share/serial/hook/cmake_prefix_path.dsv'
[4.929s] INFO:colcon.colcon_core.shell:Creating environment hook '/home/erica/test_ws/install/serial/share/serial/hook/cmake_prefix_path.sh'
[4.934s] Level 1:colcon.colcon_core.environment:checking '/home/erica/test_ws/install/serial/lib'
[4.935s] Level 1:colcon.colcon_core.environment:checking '/home/erica/test_ws/install/serial/bin'
[4.935s] Level 1:colcon.colcon_core.environment:checking '/home/erica/test_ws/install/serial/lib/pkgconfig/serial.pc'
[4.936s] Level 1:colcon.colcon_core.environment:checking '/home/erica/test_ws/install/serial/lib/python3.10/site-packages'
[4.937s] Level 1:colcon.colcon_core.environment:checking '/home/erica/test_ws/install/serial/bin'
[4.938s] INFO:colcon.colcon_core.shell:Creating package script '/home/erica/test_ws/install/serial/share/serial/package.ps1'
[4.941s] INFO:colcon.colcon_core.shell:Creating package descriptor '/home/erica/test_ws/install/serial/share/serial/package.dsv'
[4.944s] INFO:colcon.colcon_core.shell:Creating package script '/home/erica/test_ws/install/serial/share/serial/package.sh'
[4.947s] INFO:colcon.colcon_core.shell:Creating package script '/home/erica/test_ws/install/serial/share/serial/package.bash'
[4.950s] INFO:colcon.colcon_core.shell:Creating package script '/home/erica/test_ws/install/serial/share/serial/package.zsh'
[4.953s] Level 1:colcon.colcon_core.environment:create_file_with_runtime_dependencies(/home/erica/test_ws/install/serial/share/colcon-core/packages/serial)
[4.956s] Level 1:colcon.colcon_core.environment:create_environment_scripts_only(serial)
[4.957s] Level 1:colcon.colcon_core.environment:checking '/home/erica/test_ws/install/serial' for CMake module files
[4.959s] Level 1:colcon.colcon_core.environment:checking '/home/erica/test_ws/install/serial' for CMake config files
[4.960s] Level 1:colcon.colcon_core.shell:create_environment_hook('serial', 'cmake_prefix_path')
[4.961s] INFO:colcon.colcon_core.shell:Creating environment hook '/home/erica/test_ws/install/serial/share/serial/hook/cmake_prefix_path.ps1'
[4.963s] INFO:colcon.colcon_core.shell:Creating environment descriptor '/home/erica/test_ws/install/serial/share/serial/hook/cmake_prefix_path.dsv'
[4.965s] INFO:colcon.colcon_core.shell:Creating environment hook '/home/erica/test_ws/install/serial/share/serial/hook/cmake_prefix_path.sh'
[4.968s] Level 1:colcon.colcon_core.environment:checking '/home/erica/test_ws/install/serial/lib'
[4.968s] Level 1:colcon.colcon_core.environment:checking '/home/erica/test_ws/install/serial/bin'
[4.969s] Level 1:colcon.colcon_core.environment:checking '/home/erica/test_ws/install/serial/lib/pkgconfig/serial.pc'
[4.970s] Level 1:colcon.colcon_core.environment:checking '/home/erica/test_ws/install/serial/lib/python3.10/site-packages'
[4.970s] Level 1:colcon.colcon_core.environment:checking '/home/erica/test_ws/install/serial/bin'
[4.972s] INFO:colcon.colcon_core.shell:Creating package script '/home/erica/test_ws/install/serial/share/serial/package.ps1'
[4.974s] INFO:colcon.colcon_core.shell:Creating package descriptor '/home/erica/test_ws/install/serial/share/serial/package.dsv'
[4.976s] INFO:colcon.colcon_core.shell:Creating package script '/home/erica/test_ws/install/serial/share/serial/package.sh'
[4.978s] INFO:colcon.colcon_core.shell:Creating package script '/home/erica/test_ws/install/serial/share/serial/package.bash'
[4.980s] INFO:colcon.colcon_core.shell:Creating package script '/home/erica/test_ws/install/serial/share/serial/package.zsh'
[4.982s] Level 1:colcon.colcon_core.environment:create_file_with_runtime_dependencies(/home/erica/test_ws/install/serial/share/colcon-core/packages/serial)
[4.983s] DEBUG:colcon.colcon_parallel_executor.executor.parallel:closing loop
[4.985s] DEBUG:colcon.colcon_parallel_executor.executor.parallel:loop closed
[4.985s] DEBUG:colcon.colcon_parallel_executor.executor.parallel:run_until_complete finished with '0'
[4.985s] DEBUG:colcon.colcon_core.event_reactor:joining thread
[5.006s] INFO:colcon.colcon_core.plugin_system:Skipping extension 'colcon_notification.desktop_notification.notify_send': Could not find 'notify-send'
[5.006s] INFO:colcon.colcon_core.plugin_system:Skipping extension 'colcon_notification.desktop_notification.terminal_notifier': Not used on non-Darwin systems
[5.007s] INFO:colcon.colcon_core.plugin_system:Skipping extension 'colcon_notification.desktop_notification.win32': Not used on non-Windows systems
[5.007s] INFO:colcon.colcon_notification.desktop_notification:Sending desktop notification using 'notify2'
[5.009s] DEBUG:colcon.colcon_notification.desktop_notification.notify2:Failed to initialize notify2: org.freedesktop.DBus.Error.ServiceUnknown: The name org.freedesktop.Notifications was not provided by any .service files
[5.010s] DEBUG:colcon.colcon_core.event_reactor:joined thread
[5.011s] INFO:colcon.colcon_core.shell:Creating prefix script '/home/erica/test_ws/install/local_setup.ps1'
[5.015s] INFO:colcon.colcon_core.shell:Creating prefix util module '/home/erica/test_ws/install/_local_setup_util_ps1.py'
[5.022s] INFO:colcon.colcon_core.shell:Creating prefix chain script '/home/erica/test_ws/install/setup.ps1'
[5.029s] INFO:colcon.colcon_core.shell:Creating prefix script '/home/erica/test_ws/install/local_setup.sh'
[5.032s] INFO:colcon.colcon_core.shell:Creating prefix util module '/home/erica/test_ws/install/_local_setup_util_sh.py'
[5.035s] INFO:colcon.colcon_core.shell:Creating prefix chain script '/home/erica/test_ws/install/setup.sh'
[5.039s] INFO:colcon.colcon_core.shell:Creating prefix script '/home/erica/test_ws/install/local_setup.bash'
[5.041s] INFO:colcon.colcon_core.shell:Creating prefix chain script '/home/erica/test_ws/install/setup.bash'
[5.045s] INFO:colcon.colcon_core.shell:Creating prefix script '/home/erica/test_ws/install/local_setup.zsh'
[5.048s] INFO:colcon.colcon_core.shell:Creating prefix chain script '/home/erica/test_ws/install/setup.zsh'
