[0.419s] DEBUG:colcon:Command line arguments: ['/usr/bin/colcon', 'build']
[0.419s] DEBUG:colcon:Parsed command line arguments: Namespace(log_base=None, log_level=None, verb_name='build', build_base='build', install_base='install', merge_install=False, symlink_install=False, test_result_base=None, continue_on_error=False, executor='parallel', parallel_workers=4, event_handlers=None, ignore_user_meta=False, metas=['./colcon.meta'], base_paths=['.'], packages_ignore=None, packages_ignore_regex=None, paths=None, packages_up_to=None, packages_up_to_regex=None, packages_above=None, packages_above_and_dependencies=None, packages_above_depth=None, packages_select_by_dep=None, packages_skip_by_dep=None, packages_skip_up_to=None, packages_select_build_failed=False, packages_skip_build_finished=False, packages_select_test_failures=False, packages_skip_test_passed=False, packages_select=None, packages_skip=None, packages_select_regex=None, packages_skip_regex=None, packages_start=None, packages_end=None, allow_overriding=[], cmake_args=None, cmake_target=None, cmake_target_skip_unavailable=False, cmake_clean_cache=False, cmake_clean_first=False, cmake_force_configure=False, ament_cmake_args=None, catkin_cmake_args=None, catkin_skip_building_tests=False, verb_parser=<colcon_defaults.argument_parser.defaults.DefaultArgumentsDecorator object at 0xffffbc1d2fe0>, verb_extension=<colcon_core.verb.build.BuildVerb object at 0xffffbc30c490>, main=<bound method BuildVerb.main of <colcon_core.verb.build.BuildVerb object at 0xffffbc30c490>>)
[1.566s] Level 1:colcon.colcon_core.package_discovery:discover_packages(colcon_meta) check parameters
[1.567s] Level 1:colcon.colcon_core.package_discovery:discover_packages(recursive) check parameters
[1.567s] Level 1:colcon.colcon_core.package_discovery:discover_packages(ignore) check parameters
[1.567s] Level 1:colcon.colcon_core.package_discovery:discover_packages(path) check parameters
[1.567s] Level 1:colcon.colcon_core.package_discovery:discover_packages(colcon_meta) discover
[1.568s] Level 1:colcon.colcon_core.package_discovery:discover_packages(recursive) discover
[1.568s] INFO:colcon.colcon_core.package_discovery:Crawling recursively for packages in '/home/erica/test_ws'
[1.568s] Level 1:colcon.colcon_core.package_identification:_identify(.) by extensions ['ignore', 'ignore_ament_install']
[1.569s] Level 1:colcon.colcon_core.package_identification:_identify(.) by extension 'ignore'
[1.569s] Level 1:colcon.colcon_core.package_identification:_identify(.) by extension 'ignore_ament_install'
[1.569s] Level 1:colcon.colcon_core.package_identification:_identify(.) by extensions ['colcon_pkg']
[1.570s] Level 1:colcon.colcon_core.package_identification:_identify(.) by extension 'colcon_pkg'
[1.570s] Level 1:colcon.colcon_core.package_identification:_identify(.) by extensions ['colcon_meta']
[1.570s] Level 1:colcon.colcon_core.package_identification:_identify(.) by extension 'colcon_meta'
[1.570s] Level 1:colcon.colcon_core.package_identification:_identify(.) by extensions ['ros']
[1.570s] Level 1:colcon.colcon_core.package_identification:_identify(.) by extension 'ros'
[1.645s] Level 1:colcon.colcon_core.package_identification:_identify(.) by extensions ['cmake', 'python']
[1.646s] Level 1:colcon.colcon_core.package_identification:_identify(.) by extension 'cmake'
[1.646s] Level 1:colcon.colcon_core.package_identification:_identify(.) by extension 'python'
[1.646s] Level 1:colcon.colcon_core.package_identification:_identify(.) by extensions ['python_setup_py']
[1.646s] Level 1:colcon.colcon_core.package_identification:_identify(.) by extension 'python_setup_py'
[1.647s] Level 1:colcon.colcon_core.package_identification:_identify(build) by extensions ['ignore', 'ignore_ament_install']
[1.647s] Level 1:colcon.colcon_core.package_identification:_identify(build) by extension 'ignore'
[1.647s] Level 1:colcon.colcon_core.package_identification:_identify(build) ignored
[1.648s] Level 1:colcon.colcon_core.package_identification:_identify(install) by extensions ['ignore', 'ignore_ament_install']
[1.648s] Level 1:colcon.colcon_core.package_identification:_identify(install) by extension 'ignore'
[1.648s] Level 1:colcon.colcon_core.package_identification:_identify(install) ignored
[1.649s] Level 1:colcon.colcon_core.package_identification:_identify(log) by extensions ['ignore', 'ignore_ament_install']
[1.649s] Level 1:colcon.colcon_core.package_identification:_identify(log) by extension 'ignore'
[1.649s] Level 1:colcon.colcon_core.package_identification:_identify(log) ignored
[1.650s] Level 1:colcon.colcon_core.package_identification:_identify(src) by extensions ['ignore', 'ignore_ament_install']
[1.651s] Level 1:colcon.colcon_core.package_identification:_identify(src) by extension 'ignore'
[1.651s] Level 1:colcon.colcon_core.package_identification:_identify(src) by extension 'ignore_ament_install'
[1.651s] Level 1:colcon.colcon_core.package_identification:_identify(src) by extensions ['colcon_pkg']
[1.651s] Level 1:colcon.colcon_core.package_identification:_identify(src) by extension 'colcon_pkg'
[1.651s] Level 1:colcon.colcon_core.package_identification:_identify(src) by extensions ['colcon_meta']
[1.652s] Level 1:colcon.colcon_core.package_identification:_identify(src) by extension 'colcon_meta'
[1.652s] Level 1:colcon.colcon_core.package_identification:_identify(src) by extensions ['ros']
[1.652s] Level 1:colcon.colcon_core.package_identification:_identify(src) by extension 'ros'
[1.652s] Level 1:colcon.colcon_core.package_identification:_identify(src) by extensions ['cmake', 'python']
[1.652s] Level 1:colcon.colcon_core.package_identification:_identify(src) by extension 'cmake'
[1.652s] Level 1:colcon.colcon_core.package_identification:_identify(src) by extension 'python'
[1.653s] Level 1:colcon.colcon_core.package_identification:_identify(src) by extensions ['python_setup_py']
[1.653s] Level 1:colcon.colcon_core.package_identification:_identify(src) by extension 'python_setup_py'
[1.654s] Level 1:colcon.colcon_core.package_identification:_identify(src/serial-ros2) by extensions ['ignore', 'ignore_ament_install']
[1.654s] Level 1:colcon.colcon_core.package_identification:_identify(src/serial-ros2) by extension 'ignore'
[1.655s] Level 1:colcon.colcon_core.package_identification:_identify(src/serial-ros2) by extension 'ignore_ament_install'
[1.655s] Level 1:colcon.colcon_core.package_identification:_identify(src/serial-ros2) by extensions ['colcon_pkg']
[1.655s] Level 1:colcon.colcon_core.package_identification:_identify(src/serial-ros2) by extension 'colcon_pkg'
[1.655s] Level 1:colcon.colcon_core.package_identification:_identify(src/serial-ros2) by extensions ['colcon_meta']
[1.655s] Level 1:colcon.colcon_core.package_identification:_identify(src/serial-ros2) by extension 'colcon_meta'
[1.655s] Level 1:colcon.colcon_core.package_identification:_identify(src/serial-ros2) by extensions ['ros']
[1.656s] Level 1:colcon.colcon_core.package_identification:_identify(src/serial-ros2) by extension 'ros'
[1.667s] DEBUG:colcon.colcon_core.package_identification:Package 'src/serial-ros2' with type 'ros.ament_cmake' and name 'serial'
[1.669s] Level 1:colcon.colcon_core.package_identification:_identify(src/serial_com) by extensions ['ignore', 'ignore_ament_install']
[1.669s] Level 1:colcon.colcon_core.package_identification:_identify(src/serial_com) by extension 'ignore'
[1.669s] Level 1:colcon.colcon_core.package_identification:_identify(src/serial_com) by extension 'ignore_ament_install'
[1.670s] Level 1:colcon.colcon_core.package_identification:_identify(src/serial_com) by extensions ['colcon_pkg']
[1.670s] Level 1:colcon.colcon_core.package_identification:_identify(src/serial_com) by extension 'colcon_pkg'
[1.670s] Level 1:colcon.colcon_core.package_identification:_identify(src/serial_com) by extensions ['colcon_meta']
[1.670s] Level 1:colcon.colcon_core.package_identification:_identify(src/serial_com) by extension 'colcon_meta'
[1.670s] Level 1:colcon.colcon_core.package_identification:_identify(src/serial_com) by extensions ['ros']
[1.671s] Level 1:colcon.colcon_core.package_identification:_identify(src/serial_com) by extension 'ros'
[1.675s] DEBUG:colcon.colcon_core.package_identification:Package 'src/serial_com' with type 'ros.ament_cmake' and name 'serial_com'
[1.677s] Level 1:colcon.colcon_core.package_identification:_identify(src/teleop) by extensions ['ignore', 'ignore_ament_install']
[1.677s] Level 1:colcon.colcon_core.package_identification:_identify(src/teleop) by extension 'ignore'
[1.677s] Level 1:colcon.colcon_core.package_identification:_identify(src/teleop) by extension 'ignore_ament_install'
[1.678s] Level 1:colcon.colcon_core.package_identification:_identify(src/teleop) by extensions ['colcon_pkg']
[1.678s] Level 1:colcon.colcon_core.package_identification:_identify(src/teleop) by extension 'colcon_pkg'
[1.678s] Level 1:colcon.colcon_core.package_identification:_identify(src/teleop) by extensions ['colcon_meta']
[1.678s] Level 1:colcon.colcon_core.package_identification:_identify(src/teleop) by extension 'colcon_meta'
[1.678s] Level 1:colcon.colcon_core.package_identification:_identify(src/teleop) by extensions ['ros']
[1.678s] Level 1:colcon.colcon_core.package_identification:_identify(src/teleop) by extension 'ros'
[1.682s] DEBUG:colcon.colcon_core.package_identification:Package 'src/teleop' with type 'ros.ament_cmake' and name 'teleop'
[1.682s] Level 1:colcon.colcon_core.package_discovery:discover_packages(recursive) using defaults
[1.683s] Level 1:colcon.colcon_core.package_discovery:discover_packages(ignore) discover
[1.683s] Level 1:colcon.colcon_core.package_discovery:discover_packages(ignore) using defaults
[1.683s] Level 1:colcon.colcon_core.package_discovery:discover_packages(path) discover
[1.683s] Level 1:colcon.colcon_core.package_discovery:discover_packages(path) using defaults
[1.785s] Level 1:colcon.colcon_core.package_discovery:discover_packages(prefix_path) check parameters
[1.785s] Level 1:colcon.colcon_core.package_discovery:discover_packages(prefix_path) discover
[1.799s] DEBUG:colcon.colcon_installed_package_information.package_discovery:Found 3 installed packages in /home/erica/test_ws/install
[1.810s] DEBUG:colcon.colcon_installed_package_information.package_discovery:Found 272 installed packages in /opt/ros/humble
[1.820s] Level 1:colcon.colcon_core.package_discovery:discover_packages(prefix_path) using defaults
[2.026s] Level 5:colcon.colcon_core.verb:set package 'serial' build argument 'cmake_args' from command line to 'None'
[2.026s] Level 5:colcon.colcon_core.verb:set package 'serial' build argument 'cmake_target' from command line to 'None'
[2.026s] Level 5:colcon.colcon_core.verb:set package 'serial' build argument 'cmake_target_skip_unavailable' from command line to 'False'
[2.027s] Level 5:colcon.colcon_core.verb:set package 'serial' build argument 'cmake_clean_cache' from command line to 'False'
[2.027s] Level 5:colcon.colcon_core.verb:set package 'serial' build argument 'cmake_clean_first' from command line to 'False'
[2.027s] Level 5:colcon.colcon_core.verb:set package 'serial' build argument 'cmake_force_configure' from command line to 'False'
[2.027s] Level 5:colcon.colcon_core.verb:set package 'serial' build argument 'ament_cmake_args' from command line to 'None'
[2.027s] Level 5:colcon.colcon_core.verb:set package 'serial' build argument 'catkin_cmake_args' from command line to 'None'
[2.027s] Level 5:colcon.colcon_core.verb:set package 'serial' build argument 'catkin_skip_building_tests' from command line to 'False'
[2.027s] DEBUG:colcon.colcon_core.verb:Building package 'serial' with the following arguments: {'ament_cmake_args': None, 'build_base': '/home/erica/test_ws/build/serial', 'catkin_cmake_args': None, 'catkin_skip_building_tests': False, 'cmake_args': None, 'cmake_clean_cache': False, 'cmake_clean_first': False, 'cmake_force_configure': False, 'cmake_target': None, 'cmake_target_skip_unavailable': False, 'install_base': '/home/erica/test_ws/install/serial', 'merge_install': False, 'path': '/home/erica/test_ws/src/serial-ros2', 'symlink_install': False, 'test_result_base': None}
[2.029s] Level 5:colcon.colcon_core.verb:set package 'teleop' build argument 'cmake_args' from command line to 'None'
[2.029s] Level 5:colcon.colcon_core.verb:set package 'teleop' build argument 'cmake_target' from command line to 'None'
[2.029s] Level 5:colcon.colcon_core.verb:set package 'teleop' build argument 'cmake_target_skip_unavailable' from command line to 'False'
[2.029s] Level 5:colcon.colcon_core.verb:set package 'teleop' build argument 'cmake_clean_cache' from command line to 'False'
[2.029s] Level 5:colcon.colcon_core.verb:set package 'teleop' build argument 'cmake_clean_first' from command line to 'False'
[2.029s] Level 5:colcon.colcon_core.verb:set package 'teleop' build argument 'cmake_force_configure' from command line to 'False'
[2.029s] Level 5:colcon.colcon_core.verb:set package 'teleop' build argument 'ament_cmake_args' from command line to 'None'
[2.029s] Level 5:colcon.colcon_core.verb:set package 'teleop' build argument 'catkin_cmake_args' from command line to 'None'
[2.030s] Level 5:colcon.colcon_core.verb:set package 'teleop' build argument 'catkin_skip_building_tests' from command line to 'False'
[2.030s] DEBUG:colcon.colcon_core.verb:Building package 'teleop' with the following arguments: {'ament_cmake_args': None, 'build_base': '/home/erica/test_ws/build/teleop', 'catkin_cmake_args': None, 'catkin_skip_building_tests': False, 'cmake_args': None, 'cmake_clean_cache': False, 'cmake_clean_first': False, 'cmake_force_configure': False, 'cmake_target': None, 'cmake_target_skip_unavailable': False, 'install_base': '/home/erica/test_ws/install/teleop', 'merge_install': False, 'path': '/home/erica/test_ws/src/teleop', 'symlink_install': False, 'test_result_base': None}
[2.031s] Level 5:colcon.colcon_core.verb:set package 'serial_com' build argument 'cmake_args' from command line to 'None'
[2.031s] Level 5:colcon.colcon_core.verb:set package 'serial_com' build argument 'cmake_target' from command line to 'None'
[2.031s] Level 5:colcon.colcon_core.verb:set package 'serial_com' build argument 'cmake_target_skip_unavailable' from command line to 'False'
[2.031s] Level 5:colcon.colcon_core.verb:set package 'serial_com' build argument 'cmake_clean_cache' from command line to 'False'
[2.031s] Level 5:colcon.colcon_core.verb:set package 'serial_com' build argument 'cmake_clean_first' from command line to 'False'
[2.032s] Level 5:colcon.colcon_core.verb:set package 'serial_com' build argument 'cmake_force_configure' from command line to 'False'
[2.032s] Level 5:colcon.colcon_core.verb:set package 'serial_com' build argument 'ament_cmake_args' from command line to 'None'
[2.032s] Level 5:colcon.colcon_core.verb:set package 'serial_com' build argument 'catkin_cmake_args' from command line to 'None'
[2.032s] Level 5:colcon.colcon_core.verb:set package 'serial_com' build argument 'catkin_skip_building_tests' from command line to 'False'
[2.032s] DEBUG:colcon.colcon_core.verb:Building package 'serial_com' with the following arguments: {'ament_cmake_args': None, 'build_base': '/home/erica/test_ws/build/serial_com', 'catkin_cmake_args': None, 'catkin_skip_building_tests': False, 'cmake_args': None, 'cmake_clean_cache': False, 'cmake_clean_first': False, 'cmake_force_configure': False, 'cmake_target': None, 'cmake_target_skip_unavailable': False, 'install_base': '/home/erica/test_ws/install/serial_com', 'merge_install': False, 'path': '/home/erica/test_ws/src/serial_com', 'symlink_install': False, 'test_result_base': None}
[2.032s] INFO:colcon.colcon_core.executor:Executing jobs using 'parallel' executor
[2.036s] DEBUG:colcon.colcon_parallel_executor.executor.parallel:run_until_complete
[2.036s] INFO:colcon.colcon_ros.task.ament_cmake.build:Building ROS package in '/home/erica/test_ws/src/serial-ros2' with build type 'ament_cmake'
[2.037s] INFO:colcon.colcon_cmake.task.cmake.build:Building CMake package in '/home/erica/test_ws/src/serial-ros2'
[2.057s] INFO:colcon.colcon_core.plugin_system:Skipping extension 'colcon_core.shell.bat': Not used on non-Windows systems
[2.058s] INFO:colcon.colcon_core.shell:Skip shell extension 'powershell' for command environment: Not usable outside of PowerShell
[2.058s] DEBUG:colcon.colcon_core.shell:Skip shell extension 'dsv' for command environment
[2.081s] INFO:colcon.colcon_ros.task.ament_cmake.build:Building ROS package in '/home/erica/test_ws/src/teleop' with build type 'ament_cmake'
[2.081s] INFO:colcon.colcon_cmake.task.cmake.build:Building CMake package in '/home/erica/test_ws/src/teleop'
[2.082s] INFO:colcon.colcon_core.shell:Skip shell extension 'powershell' for command environment: Not usable outside of PowerShell
[2.083s] DEBUG:colcon.colcon_core.shell:Skip shell extension 'dsv' for command environment
[2.125s] DEBUG:colcon.colcon_core.event_handler.log_command:Invoking command in '/home/erica/test_ws/build/serial': CMAKE_PREFIX_PATH=${CMAKE_PREFIX_PATH}:/opt/ros/humble /usr/bin/cmake --build /home/erica/test_ws/build/serial -- -j4 -l4
[2.160s] DEBUG:colcon.colcon_core.event_handler.log_command:Invoking command in '/home/erica/test_ws/build/teleop': CMAKE_PREFIX_PATH=${CMAKE_PREFIX_PATH}:/opt/ros/humble /usr/bin/cmake /home/erica/test_ws/src/teleop -DCMAKE_INSTALL_PREFIX=/home/erica/test_ws/install/teleop
[2.808s] DEBUG:colcon.colcon_core.event_handler.log_command:Invoked command in '/home/erica/test_ws/build/serial' returned '0': CMAKE_PREFIX_PATH=${CMAKE_PREFIX_PATH}:/opt/ros/humble /usr/bin/cmake --build /home/erica/test_ws/build/serial -- -j4 -l4
[2.854s] DEBUG:colcon.colcon_core.event_handler.log_command:Invoking command in '/home/erica/test_ws/build/serial': CMAKE_PREFIX_PATH=${CMAKE_PREFIX_PATH}:/opt/ros/humble /usr/bin/cmake --install /home/erica/test_ws/build/serial
[2.900s] Level 1:colcon.colcon_core.environment:create_environment_scripts_only(serial)
[2.902s] DEBUG:colcon.colcon_core.event_handler.log_command:Invoked command in '/home/erica/test_ws/build/serial' returned '0': CMAKE_PREFIX_PATH=${CMAKE_PREFIX_PATH}:/opt/ros/humble /usr/bin/cmake --install /home/erica/test_ws/build/serial
[2.928s] Level 1:colcon.colcon_core.environment:checking '/home/erica/test_ws/install/serial' for CMake module files
[2.931s] Level 1:colcon.colcon_core.environment:checking '/home/erica/test_ws/install/serial' for CMake config files
[2.933s] Level 1:colcon.colcon_core.shell:create_environment_hook('serial', 'cmake_prefix_path')
[2.934s] INFO:colcon.colcon_core.shell:Creating environment hook '/home/erica/test_ws/install/serial/share/serial/hook/cmake_prefix_path.ps1'
[2.939s] INFO:colcon.colcon_core.shell:Creating environment descriptor '/home/erica/test_ws/install/serial/share/serial/hook/cmake_prefix_path.dsv'
[2.943s] INFO:colcon.colcon_core.shell:Creating environment hook '/home/erica/test_ws/install/serial/share/serial/hook/cmake_prefix_path.sh'
[2.948s] Level 1:colcon.colcon_core.environment:checking '/home/erica/test_ws/install/serial/lib'
[2.949s] Level 1:colcon.colcon_core.environment:checking '/home/erica/test_ws/install/serial/bin'
[2.949s] Level 1:colcon.colcon_core.environment:checking '/home/erica/test_ws/install/serial/lib/pkgconfig/serial.pc'
[2.950s] Level 1:colcon.colcon_core.environment:checking '/home/erica/test_ws/install/serial/lib/python3.10/site-packages'
[2.951s] Level 1:colcon.colcon_core.environment:checking '/home/erica/test_ws/install/serial/bin'
[2.952s] INFO:colcon.colcon_core.shell:Creating package script '/home/erica/test_ws/install/serial/share/serial/package.ps1'
[2.957s] INFO:colcon.colcon_core.shell:Creating package descriptor '/home/erica/test_ws/install/serial/share/serial/package.dsv'
[2.961s] INFO:colcon.colcon_core.shell:Creating package script '/home/erica/test_ws/install/serial/share/serial/package.sh'
[2.965s] INFO:colcon.colcon_core.shell:Creating package script '/home/erica/test_ws/install/serial/share/serial/package.bash'
[2.971s] INFO:colcon.colcon_core.shell:Creating package script '/home/erica/test_ws/install/serial/share/serial/package.zsh'
[2.976s] Level 1:colcon.colcon_core.environment:create_file_with_runtime_dependencies(/home/erica/test_ws/install/serial/share/colcon-core/packages/serial)
[2.978s] Level 1:colcon.colcon_core.environment:create_environment_scripts_only(serial)
[2.979s] Level 1:colcon.colcon_core.environment:checking '/home/erica/test_ws/install/serial' for CMake module files
[2.982s] Level 1:colcon.colcon_core.environment:checking '/home/erica/test_ws/install/serial' for CMake config files
[2.984s] Level 1:colcon.colcon_core.shell:create_environment_hook('serial', 'cmake_prefix_path')
[2.985s] INFO:colcon.colcon_core.shell:Creating environment hook '/home/erica/test_ws/install/serial/share/serial/hook/cmake_prefix_path.ps1'
[2.987s] INFO:colcon.colcon_core.shell:Creating environment descriptor '/home/erica/test_ws/install/serial/share/serial/hook/cmake_prefix_path.dsv'
[2.989s] INFO:colcon.colcon_core.shell:Creating environment hook '/home/erica/test_ws/install/serial/share/serial/hook/cmake_prefix_path.sh'
[2.992s] Level 1:colcon.colcon_core.environment:checking '/home/erica/test_ws/install/serial/lib'
[2.993s] Level 1:colcon.colcon_core.environment:checking '/home/erica/test_ws/install/serial/bin'
[2.993s] Level 1:colcon.colcon_core.environment:checking '/home/erica/test_ws/install/serial/lib/pkgconfig/serial.pc'
[2.994s] Level 1:colcon.colcon_core.environment:checking '/home/erica/test_ws/install/serial/lib/python3.10/site-packages'
[2.995s] Level 1:colcon.colcon_core.environment:checking '/home/erica/test_ws/install/serial/bin'
[2.997s] INFO:colcon.colcon_core.shell:Creating package script '/home/erica/test_ws/install/serial/share/serial/package.ps1'
[2.999s] INFO:colcon.colcon_core.shell:Creating package descriptor '/home/erica/test_ws/install/serial/share/serial/package.dsv'
[3.002s] INFO:colcon.colcon_core.shell:Creating package script '/home/erica/test_ws/install/serial/share/serial/package.sh'
[3.004s] INFO:colcon.colcon_core.shell:Creating package script '/home/erica/test_ws/install/serial/share/serial/package.bash'
[3.007s] INFO:colcon.colcon_core.shell:Creating package script '/home/erica/test_ws/install/serial/share/serial/package.zsh'
[3.009s] Level 1:colcon.colcon_core.environment:create_file_with_runtime_dependencies(/home/erica/test_ws/install/serial/share/colcon-core/packages/serial)
[3.011s] INFO:colcon.colcon_ros.task.ament_cmake.build:Building ROS package in '/home/erica/test_ws/src/serial_com' with build type 'ament_cmake'
[3.011s] INFO:colcon.colcon_cmake.task.cmake.build:Building CMake package in '/home/erica/test_ws/src/serial_com'
[3.012s] INFO:colcon.colcon_core.shell:Skip shell extension 'powershell' for command environment: Not usable outside of PowerShell
[3.013s] DEBUG:colcon.colcon_core.shell:Skip shell extension 'dsv' for command environment
[3.071s] DEBUG:colcon.colcon_core.event_handler.log_command:Invoking command in '/home/erica/test_ws/build/serial_com': CMAKE_PREFIX_PATH=/home/erica/test_ws/install/serial:/home/erica/test_ws/install/serial_com:/opt/ros/humble /usr/bin/cmake --build /home/erica/test_ws/build/serial_com -- -j4 -l4
[3.506s] DEBUG:colcon.colcon_core.event_handler.log_command:Invoked command in '/home/erica/test_ws/build/serial_com' returned '0': CMAKE_PREFIX_PATH=/home/erica/test_ws/install/serial:/home/erica/test_ws/install/serial_com:/opt/ros/humble /usr/bin/cmake --build /home/erica/test_ws/build/serial_com -- -j4 -l4
[3.518s] DEBUG:colcon.colcon_core.event_handler.log_command:Invoking command in '/home/erica/test_ws/build/serial_com': CMAKE_PREFIX_PATH=/home/erica/test_ws/install/serial:/home/erica/test_ws/install/serial_com:/opt/ros/humble /usr/bin/cmake --install /home/erica/test_ws/build/serial_com
[3.571s] Level 1:colcon.colcon_core.environment:create_environment_scripts_only(serial_com)
[3.573s] Level 1:colcon.colcon_core.environment:checking '/home/erica/test_ws/install/serial_com' for CMake module files
[3.574s] DEBUG:colcon.colcon_core.event_handler.log_command:Invoked command in '/home/erica/test_ws/build/serial_com' returned '0': CMAKE_PREFIX_PATH=/home/erica/test_ws/install/serial:/home/erica/test_ws/install/serial_com:/opt/ros/humble /usr/bin/cmake --install /home/erica/test_ws/build/serial_com
[3.577s] Level 1:colcon.colcon_core.environment:checking '/home/erica/test_ws/install/serial_com' for CMake config files
[3.578s] Level 1:colcon.colcon_core.shell:create_environment_hook('serial_com', 'cmake_prefix_path')
[3.579s] INFO:colcon.colcon_core.shell:Creating environment hook '/home/erica/test_ws/install/serial_com/share/serial_com/hook/cmake_prefix_path.ps1'
[3.582s] INFO:colcon.colcon_core.shell:Creating environment descriptor '/home/erica/test_ws/install/serial_com/share/serial_com/hook/cmake_prefix_path.dsv'
[3.584s] INFO:colcon.colcon_core.shell:Creating environment hook '/home/erica/test_ws/install/serial_com/share/serial_com/hook/cmake_prefix_path.sh'
[3.587s] Level 1:colcon.colcon_core.environment:checking '/home/erica/test_ws/install/serial_com/lib'
[3.588s] Level 1:colcon.colcon_core.environment:checking '/home/erica/test_ws/install/serial_com/bin'
[3.588s] Level 1:colcon.colcon_core.environment:checking '/home/erica/test_ws/install/serial_com/lib/pkgconfig/serial_com.pc'
[3.589s] Level 1:colcon.colcon_core.environment:checking '/home/erica/test_ws/install/serial_com/lib/python3.10/site-packages'
[3.590s] Level 1:colcon.colcon_core.environment:checking '/home/erica/test_ws/install/serial_com/bin'
[3.591s] INFO:colcon.colcon_core.shell:Creating package script '/home/erica/test_ws/install/serial_com/share/serial_com/package.ps1'
[3.594s] INFO:colcon.colcon_core.shell:Creating package descriptor '/home/erica/test_ws/install/serial_com/share/serial_com/package.dsv'
[3.596s] INFO:colcon.colcon_core.shell:Creating package script '/home/erica/test_ws/install/serial_com/share/serial_com/package.sh'
[3.598s] INFO:colcon.colcon_core.shell:Creating package script '/home/erica/test_ws/install/serial_com/share/serial_com/package.bash'
[3.601s] INFO:colcon.colcon_core.shell:Creating package script '/home/erica/test_ws/install/serial_com/share/serial_com/package.zsh'
[3.603s] Level 1:colcon.colcon_core.environment:create_file_with_runtime_dependencies(/home/erica/test_ws/install/serial_com/share/colcon-core/packages/serial_com)
[3.606s] Level 1:colcon.colcon_core.environment:create_environment_scripts_only(serial_com)
[3.607s] Level 1:colcon.colcon_core.environment:checking '/home/erica/test_ws/install/serial_com' for CMake module files
[3.610s] Level 1:colcon.colcon_core.environment:checking '/home/erica/test_ws/install/serial_com' for CMake config files
[3.612s] Level 1:colcon.colcon_core.shell:create_environment_hook('serial_com', 'cmake_prefix_path')
[3.613s] INFO:colcon.colcon_core.shell:Creating environment hook '/home/erica/test_ws/install/serial_com/share/serial_com/hook/cmake_prefix_path.ps1'
[3.615s] INFO:colcon.colcon_core.shell:Creating environment descriptor '/home/erica/test_ws/install/serial_com/share/serial_com/hook/cmake_prefix_path.dsv'
[3.618s] INFO:colcon.colcon_core.shell:Creating environment hook '/home/erica/test_ws/install/serial_com/share/serial_com/hook/cmake_prefix_path.sh'
[3.621s] Level 1:colcon.colcon_core.environment:checking '/home/erica/test_ws/install/serial_com/lib'
[3.621s] Level 1:colcon.colcon_core.environment:checking '/home/erica/test_ws/install/serial_com/bin'
[3.622s] Level 1:colcon.colcon_core.environment:checking '/home/erica/test_ws/install/serial_com/lib/pkgconfig/serial_com.pc'
[3.623s] Level 1:colcon.colcon_core.environment:checking '/home/erica/test_ws/install/serial_com/lib/python3.10/site-packages'
[3.624s] Level 1:colcon.colcon_core.environment:checking '/home/erica/test_ws/install/serial_com/bin'
[3.625s] INFO:colcon.colcon_core.shell:Creating package script '/home/erica/test_ws/install/serial_com/share/serial_com/package.ps1'
[3.628s] INFO:colcon.colcon_core.shell:Creating package descriptor '/home/erica/test_ws/install/serial_com/share/serial_com/package.dsv'
[3.630s] INFO:colcon.colcon_core.shell:Creating package script '/home/erica/test_ws/install/serial_com/share/serial_com/package.sh'
[3.633s] INFO:colcon.colcon_core.shell:Creating package script '/home/erica/test_ws/install/serial_com/share/serial_com/package.bash'
[3.636s] INFO:colcon.colcon_core.shell:Creating package script '/home/erica/test_ws/install/serial_com/share/serial_com/package.zsh'
[3.639s] Level 1:colcon.colcon_core.environment:create_file_with_runtime_dependencies(/home/erica/test_ws/install/serial_com/share/colcon-core/packages/serial_com)
[5.766s] DEBUG:colcon.colcon_core.event_handler.log_command:Invoked command in '/home/erica/test_ws/build/teleop' returned '0': CMAKE_PREFIX_PATH=${CMAKE_PREFIX_PATH}:/opt/ros/humble /usr/bin/cmake /home/erica/test_ws/src/teleop -DCMAKE_INSTALL_PREFIX=/home/erica/test_ws/install/teleop
[5.776s] DEBUG:colcon.colcon_core.event_handler.log_command:Invoking command in '/home/erica/test_ws/build/teleop': CMAKE_PREFIX_PATH=${CMAKE_PREFIX_PATH}:/opt/ros/humble /usr/bin/cmake --build /home/erica/test_ws/build/teleop -- -j4 -l4
[41.146s] DEBUG:colcon.colcon_core.event_handler.log_command:Invoked command in '/home/erica/test_ws/build/teleop' returned '0': CMAKE_PREFIX_PATH=${CMAKE_PREFIX_PATH}:/opt/ros/humble /usr/bin/cmake --build /home/erica/test_ws/build/teleop -- -j4 -l4
[41.155s] DEBUG:colcon.colcon_core.event_handler.log_command:Invoking command in '/home/erica/test_ws/build/teleop': CMAKE_PREFIX_PATH=${CMAKE_PREFIX_PATH}:/opt/ros/humble /usr/bin/cmake --install /home/erica/test_ws/build/teleop
[41.235s] Level 1:colcon.colcon_core.environment:create_environment_scripts_only(teleop)
[41.236s] Level 1:colcon.colcon_core.environment:checking '/home/erica/test_ws/install/teleop' for CMake module files
[41.238s] DEBUG:colcon.colcon_core.event_handler.log_command:Invoked command in '/home/erica/test_ws/build/teleop' returned '0': CMAKE_PREFIX_PATH=${CMAKE_PREFIX_PATH}:/opt/ros/humble /usr/bin/cmake --install /home/erica/test_ws/build/teleop
[41.240s] Level 1:colcon.colcon_core.environment:checking '/home/erica/test_ws/install/teleop' for CMake config files
[41.241s] Level 1:colcon.colcon_core.shell:create_environment_hook('teleop', 'cmake_prefix_path')
[41.242s] INFO:colcon.colcon_core.shell:Creating environment hook '/home/erica/test_ws/install/teleop/share/teleop/hook/cmake_prefix_path.ps1'
[41.244s] INFO:colcon.colcon_core.shell:Creating environment descriptor '/home/erica/test_ws/install/teleop/share/teleop/hook/cmake_prefix_path.dsv'
[41.245s] INFO:colcon.colcon_core.shell:Creating environment hook '/home/erica/test_ws/install/teleop/share/teleop/hook/cmake_prefix_path.sh'
[41.248s] Level 1:colcon.colcon_core.environment:checking '/home/erica/test_ws/install/teleop/lib'
[41.248s] Level 1:colcon.colcon_core.environment:checking '/home/erica/test_ws/install/teleop/bin'
[41.248s] Level 1:colcon.colcon_core.environment:checking '/home/erica/test_ws/install/teleop/lib/pkgconfig/teleop.pc'
[41.249s] Level 1:colcon.colcon_core.environment:checking '/home/erica/test_ws/install/teleop/lib/python3.10/site-packages'
[41.250s] Level 1:colcon.colcon_core.environment:checking '/home/erica/test_ws/install/teleop/bin'
[41.251s] INFO:colcon.colcon_core.shell:Creating package script '/home/erica/test_ws/install/teleop/share/teleop/package.ps1'
[41.253s] INFO:colcon.colcon_core.shell:Creating package descriptor '/home/erica/test_ws/install/teleop/share/teleop/package.dsv'
[41.255s] INFO:colcon.colcon_core.shell:Creating package script '/home/erica/test_ws/install/teleop/share/teleop/package.sh'
[41.258s] INFO:colcon.colcon_core.shell:Creating package script '/home/erica/test_ws/install/teleop/share/teleop/package.bash'
[41.260s] INFO:colcon.colcon_core.shell:Creating package script '/home/erica/test_ws/install/teleop/share/teleop/package.zsh'
[41.262s] Level 1:colcon.colcon_core.environment:create_file_with_runtime_dependencies(/home/erica/test_ws/install/teleop/share/colcon-core/packages/teleop)
[41.264s] Level 1:colcon.colcon_core.environment:create_environment_scripts_only(teleop)
[41.265s] Level 1:colcon.colcon_core.environment:checking '/home/erica/test_ws/install/teleop' for CMake module files
[41.268s] Level 1:colcon.colcon_core.environment:checking '/home/erica/test_ws/install/teleop' for CMake config files
[41.269s] Level 1:colcon.colcon_core.shell:create_environment_hook('teleop', 'cmake_prefix_path')
[41.270s] INFO:colcon.colcon_core.shell:Creating environment hook '/home/erica/test_ws/install/teleop/share/teleop/hook/cmake_prefix_path.ps1'
[41.272s] INFO:colcon.colcon_core.shell:Creating environment descriptor '/home/erica/test_ws/install/teleop/share/teleop/hook/cmake_prefix_path.dsv'
[41.273s] INFO:colcon.colcon_core.shell:Creating environment hook '/home/erica/test_ws/install/teleop/share/teleop/hook/cmake_prefix_path.sh'
[41.276s] Level 1:colcon.colcon_core.environment:checking '/home/erica/test_ws/install/teleop/lib'
[41.277s] Level 1:colcon.colcon_core.environment:checking '/home/erica/test_ws/install/teleop/bin'
[41.277s] Level 1:colcon.colcon_core.environment:checking '/home/erica/test_ws/install/teleop/lib/pkgconfig/teleop.pc'
[41.278s] Level 1:colcon.colcon_core.environment:checking '/home/erica/test_ws/install/teleop/lib/python3.10/site-packages'
[41.278s] Level 1:colcon.colcon_core.environment:checking '/home/erica/test_ws/install/teleop/bin'
[41.280s] INFO:colcon.colcon_core.shell:Creating package script '/home/erica/test_ws/install/teleop/share/teleop/package.ps1'
[41.282s] INFO:colcon.colcon_core.shell:Creating package descriptor '/home/erica/test_ws/install/teleop/share/teleop/package.dsv'
[41.284s] INFO:colcon.colcon_core.shell:Creating package script '/home/erica/test_ws/install/teleop/share/teleop/package.sh'
[41.286s] INFO:colcon.colcon_core.shell:Creating package script '/home/erica/test_ws/install/teleop/share/teleop/package.bash'
[41.289s] INFO:colcon.colcon_core.shell:Creating package script '/home/erica/test_ws/install/teleop/share/teleop/package.zsh'
[41.291s] Level 1:colcon.colcon_core.environment:create_file_with_runtime_dependencies(/home/erica/test_ws/install/teleop/share/colcon-core/packages/teleop)
[41.293s] DEBUG:colcon.colcon_parallel_executor.executor.parallel:closing loop
[41.293s] DEBUG:colcon.colcon_parallel_executor.executor.parallel:loop closed
[41.294s] DEBUG:colcon.colcon_parallel_executor.executor.parallel:run_until_complete finished with '0'
[41.294s] DEBUG:colcon.colcon_core.event_reactor:joining thread
[41.320s] INFO:colcon.colcon_core.plugin_system:Skipping extension 'colcon_notification.desktop_notification.notify_send': Could not find 'notify-send'
[41.321s] INFO:colcon.colcon_core.plugin_system:Skipping extension 'colcon_notification.desktop_notification.terminal_notifier': Not used on non-Darwin systems
[41.321s] INFO:colcon.colcon_core.plugin_system:Skipping extension 'colcon_notification.desktop_notification.win32': Not used on non-Windows systems
[41.321s] INFO:colcon.colcon_notification.desktop_notification:Sending desktop notification using 'notify2'
[41.324s] DEBUG:colcon.colcon_notification.desktop_notification.notify2:Failed to initialize notify2: org.freedesktop.DBus.Error.ServiceUnknown: The name org.freedesktop.Notifications was not provided by any .service files
[41.324s] DEBUG:colcon.colcon_core.event_reactor:joined thread
[41.325s] INFO:colcon.colcon_core.shell:Creating prefix script '/home/erica/test_ws/install/local_setup.ps1'
[41.331s] INFO:colcon.colcon_core.shell:Creating prefix util module '/home/erica/test_ws/install/_local_setup_util_ps1.py'
[41.338s] INFO:colcon.colcon_core.shell:Creating prefix chain script '/home/erica/test_ws/install/setup.ps1'
[41.344s] INFO:colcon.colcon_core.shell:Creating prefix script '/home/erica/test_ws/install/local_setup.sh'
[41.349s] INFO:colcon.colcon_core.shell:Creating prefix util module '/home/erica/test_ws/install/_local_setup_util_sh.py'
[41.352s] INFO:colcon.colcon_core.shell:Creating prefix chain script '/home/erica/test_ws/install/setup.sh'
[41.358s] INFO:colcon.colcon_core.shell:Creating prefix script '/home/erica/test_ws/install/local_setup.bash'
[41.361s] INFO:colcon.colcon_core.shell:Creating prefix chain script '/home/erica/test_ws/install/setup.bash'
[41.369s] INFO:colcon.colcon_core.shell:Creating prefix script '/home/erica/test_ws/install/local_setup.zsh'
[41.372s] INFO:colcon.colcon_core.shell:Creating prefix chain script '/home/erica/test_ws/install/setup.zsh'
