-- Install configuration: ""
-- Up-to-date: /home/erica/cat-brain/install/brain/share/brain/launch
-- Installing: /home/erica/cat-brain/install/brain/share/brain/launch/launch.py
-- Up-to-date: /home/erica/cat-brain/install/brain/share/brain/config
-- Up-to-date: /home/erica/cat-brain/install/brain/share/brain/config/.gitkeep
-- Up-to-date: /home/erica/cat-brain/install/brain/share/ament_index/resource_index/package_run_dependencies/brain
-- Up-to-date: /home/erica/cat-brain/install/brain/share/ament_index/resource_index/parent_prefix_path/brain
-- Up-to-date: /home/erica/cat-brain/install/brain/share/brain/environment/ament_prefix_path.sh
-- Up-to-date: /home/erica/cat-brain/install/brain/share/brain/environment/ament_prefix_path.dsv
-- Up-to-date: /home/erica/cat-brain/install/brain/share/brain/environment/path.sh
-- Up-to-date: /home/erica/cat-brain/install/brain/share/brain/environment/path.dsv
-- Up-to-date: /home/erica/cat-brain/install/brain/share/brain/local_setup.bash
-- Up-to-date: /home/erica/cat-brain/install/brain/share/brain/local_setup.sh
-- Up-to-date: /home/erica/cat-brain/install/brain/share/brain/local_setup.zsh
-- Up-to-date: /home/erica/cat-brain/install/brain/share/brain/local_setup.dsv
-- Up-to-date: /home/erica/cat-brain/install/brain/share/brain/package.dsv
-- Up-to-date: /home/erica/cat-brain/install/brain/share/ament_index/resource_index/packages/brain
-- Up-to-date: /home/erica/cat-brain/install/brain/share/brain/cmake/brainConfig.cmake
-- Up-to-date: /home/erica/cat-brain/install/brain/share/brain/cmake/brainConfig-version.cmake
-- Up-to-date: /home/erica/cat-brain/install/brain/share/brain/package.xml
