[0.069s] Invoking command in '/home/erica/cat-brain/build/brain': CMAKE_PREFIX_PATH=/home/erica/cat-brain/install/serial_com:/home/erica/cat-brain/install/teleop:/home/erica/cat-brain/install/serial:/home/erica/cat-brain/install/gpio:/home/erica/cat-brain/install/brain:/opt/ros/humble /usr/bin/cmake --build /home/erica/cat-brain/build/brain -- -j4 -l4
[0.213s] Invoked command in '/home/erica/cat-brain/build/brain' returned '0': CMAKE_PREFIX_PATH=/home/erica/cat-brain/install/serial_com:/home/erica/cat-brain/install/teleop:/home/erica/cat-brain/install/serial:/home/erica/cat-brain/install/gpio:/home/erica/cat-brain/install/brain:/opt/ros/humble /usr/bin/cmake --build /home/erica/cat-brain/build/brain -- -j4 -l4
[0.254s] Invoking command in '/home/erica/cat-brain/build/brain': CMAKE_PREFIX_PATH=/home/erica/cat-brain/install/serial_com:/home/erica/cat-brain/install/teleop:/home/erica/cat-brain/install/serial:/home/erica/cat-brain/install/gpio:/home/erica/cat-brain/install/brain:/opt/ros/humble /usr/bin/cmake --install /home/erica/cat-brain/build/brain
[0.281s] -- Install configuration: ""
[0.282s] -- Up-to-date: /home/erica/cat-brain/install/brain/share/brain/launch
[0.282s] -- Installing: /home/erica/cat-brain/install/brain/share/brain/launch/launch.py
[0.283s] -- Up-to-date: /home/erica/cat-brain/install/brain/share/brain/config
[0.284s] -- Up-to-date: /home/erica/cat-brain/install/brain/share/brain/config/.gitkeep
[0.284s] -- Up-to-date: /home/erica/cat-brain/install/brain/share/ament_index/resource_index/package_run_dependencies/brain
[0.285s] -- Up-to-date: /home/erica/cat-brain/install/brain/share/ament_index/resource_index/parent_prefix_path/brain
[0.285s] -- Up-to-date: /home/erica/cat-brain/install/brain/share/brain/environment/ament_prefix_path.sh
[0.286s] -- Up-to-date: /home/erica/cat-brain/install/brain/share/brain/environment/ament_prefix_path.dsv
[0.286s] -- Up-to-date: /home/erica/cat-brain/install/brain/share/brain/environment/path.sh
[0.287s] -- Up-to-date: /home/erica/cat-brain/install/brain/share/brain/environment/path.dsv
[0.287s] -- Up-to-date: /home/erica/cat-brain/install/brain/share/brain/local_setup.bash
[0.288s] -- Up-to-date: /home/erica/cat-brain/install/brain/share/brain/local_setup.sh
[0.288s] -- Up-to-date: /home/erica/cat-brain/install/brain/share/brain/local_setup.zsh
[0.289s] -- Up-to-date: /home/erica/cat-brain/install/brain/share/brain/local_setup.dsv
[0.289s] -- Up-to-date: /home/erica/cat-brain/install/brain/share/brain/package.dsv
[0.290s] -- Up-to-date: /home/erica/cat-brain/install/brain/share/ament_index/resource_index/packages/brain
[0.290s] -- Up-to-date: /home/erica/cat-brain/install/brain/share/brain/cmake/brainConfig.cmake
[0.290s] -- Up-to-date: /home/erica/cat-brain/install/brain/share/brain/cmake/brainConfig-version.cmake
[0.291s] -- Up-to-date: /home/erica/cat-brain/install/brain/share/brain/package.xml
[0.295s] Invoked command in '/home/erica/cat-brain/build/brain' returned '0': CMAKE_PREFIX_PATH=/home/erica/cat-brain/install/serial_com:/home/erica/cat-brain/install/teleop:/home/erica/cat-brain/install/serial:/home/erica/cat-brain/install/gpio:/home/erica/cat-brain/install/brain:/opt/ros/humble /usr/bin/cmake --install /home/erica/cat-brain/build/brain
