[0.506s] DEBUG:colcon:Command line arguments: ['/usr/bin/colcon', 'build']
[0.507s] DEBUG:colcon:Parsed command line arguments: Namespace(log_base=None, log_level=None, verb_name='build', build_base='build', install_base='install', merge_install=False, symlink_install=False, test_result_base=None, continue_on_error=False, executor='parallel', parallel_workers=4, event_handlers=None, ignore_user_meta=False, metas=['./colcon.meta'], base_paths=['.'], packages_ignore=None, packages_ignore_regex=None, paths=None, packages_up_to=None, packages_up_to_regex=None, packages_above=None, packages_above_and_dependencies=None, packages_above_depth=None, packages_select_by_dep=None, packages_skip_by_dep=None, packages_skip_up_to=None, packages_select_build_failed=False, packages_skip_build_finished=False, packages_select_test_failures=False, packages_skip_test_passed=False, packages_select=None, packages_skip=None, packages_select_regex=None, packages_skip_regex=None, packages_start=None, packages_end=None, allow_overriding=[], cmake_args=None, cmake_target=None, cmake_target_skip_unavailable=False, cmake_clean_cache=False, cmake_clean_first=False, cmake_force_configure=False, ament_cmake_args=None, catkin_cmake_args=None, catkin_skip_building_tests=False, verb_parser=<colcon_defaults.argument_parser.defaults.DefaultArgumentsDecorator object at 0xffff83842fe0>, verb_extension=<colcon_core.verb.build.BuildVerb object at 0xffff8397c490>, main=<bound method BuildVerb.main of <colcon_core.verb.build.BuildVerb object at 0xffff8397c490>>)
[1.422s] Level 1:colcon.colcon_core.package_discovery:discover_packages(colcon_meta) check parameters
[1.423s] Level 1:colcon.colcon_core.package_discovery:discover_packages(recursive) check parameters
[1.423s] Level 1:colcon.colcon_core.package_discovery:discover_packages(ignore) check parameters
[1.423s] Level 1:colcon.colcon_core.package_discovery:discover_packages(path) check parameters
[1.423s] Level 1:colcon.colcon_core.package_discovery:discover_packages(colcon_meta) discover
[1.424s] Level 1:colcon.colcon_core.package_discovery:discover_packages(recursive) discover
[1.424s] INFO:colcon.colcon_core.package_discovery:Crawling recursively for packages in '/home/erica/mercedes-brain'
[1.425s] Level 1:colcon.colcon_core.package_identification:_identify(.) by extensions ['ignore', 'ignore_ament_install']
[1.425s] Level 1:colcon.colcon_core.package_identification:_identify(.) by extension 'ignore'
[1.425s] Level 1:colcon.colcon_core.package_identification:_identify(.) by extension 'ignore_ament_install'
[1.426s] Level 1:colcon.colcon_core.package_identification:_identify(.) by extensions ['colcon_pkg']
[1.426s] Level 1:colcon.colcon_core.package_identification:_identify(.) by extension 'colcon_pkg'
[1.426s] Level 1:colcon.colcon_core.package_identification:_identify(.) by extensions ['colcon_meta']
[1.426s] Level 1:colcon.colcon_core.package_identification:_identify(.) by extension 'colcon_meta'
[1.426s] Level 1:colcon.colcon_core.package_identification:_identify(.) by extensions ['ros']
[1.426s] Level 1:colcon.colcon_core.package_identification:_identify(.) by extension 'ros'
[1.479s] Level 1:colcon.colcon_core.package_identification:_identify(.) by extensions ['cmake', 'python']
[1.479s] Level 1:colcon.colcon_core.package_identification:_identify(.) by extension 'cmake'
[1.479s] Level 1:colcon.colcon_core.package_identification:_identify(.) by extension 'python'
[1.480s] Level 1:colcon.colcon_core.package_identification:_identify(.) by extensions ['python_setup_py']
[1.480s] Level 1:colcon.colcon_core.package_identification:_identify(.) by extension 'python_setup_py'
[1.480s] Level 1:colcon.colcon_core.package_identification:_identify(build) by extensions ['ignore', 'ignore_ament_install']
[1.481s] Level 1:colcon.colcon_core.package_identification:_identify(build) by extension 'ignore'
[1.481s] Level 1:colcon.colcon_core.package_identification:_identify(build) ignored
[1.481s] Level 1:colcon.colcon_core.package_identification:_identify(install) by extensions ['ignore', 'ignore_ament_install']
[1.482s] Level 1:colcon.colcon_core.package_identification:_identify(install) by extension 'ignore'
[1.482s] Level 1:colcon.colcon_core.package_identification:_identify(install) ignored
[1.483s] Level 1:colcon.colcon_core.package_identification:_identify(log) by extensions ['ignore', 'ignore_ament_install']
[1.483s] Level 1:colcon.colcon_core.package_identification:_identify(log) by extension 'ignore'
[1.483s] Level 1:colcon.colcon_core.package_identification:_identify(log) ignored
[1.484s] Level 1:colcon.colcon_core.package_identification:_identify(src) by extensions ['ignore', 'ignore_ament_install']
[1.484s] Level 1:colcon.colcon_core.package_identification:_identify(src) by extension 'ignore'
[1.484s] Level 1:colcon.colcon_core.package_identification:_identify(src) by extension 'ignore_ament_install'
[1.485s] Level 1:colcon.colcon_core.package_identification:_identify(src) by extensions ['colcon_pkg']
[1.485s] Level 1:colcon.colcon_core.package_identification:_identify(src) by extension 'colcon_pkg'
[1.485s] Level 1:colcon.colcon_core.package_identification:_identify(src) by extensions ['colcon_meta']
[1.485s] Level 1:colcon.colcon_core.package_identification:_identify(src) by extension 'colcon_meta'
[1.485s] Level 1:colcon.colcon_core.package_identification:_identify(src) by extensions ['ros']
[1.486s] Level 1:colcon.colcon_core.package_identification:_identify(src) by extension 'ros'
[1.486s] Level 1:colcon.colcon_core.package_identification:_identify(src) by extensions ['cmake', 'python']
[1.486s] Level 1:colcon.colcon_core.package_identification:_identify(src) by extension 'cmake'
[1.486s] Level 1:colcon.colcon_core.package_identification:_identify(src) by extension 'python'
[1.487s] Level 1:colcon.colcon_core.package_identification:_identify(src) by extensions ['python_setup_py']
[1.487s] Level 1:colcon.colcon_core.package_identification:_identify(src) by extension 'python_setup_py'
[1.487s] Level 1:colcon.colcon_core.package_identification:_identify(src/brain) by extensions ['ignore', 'ignore_ament_install']
[1.488s] Level 1:colcon.colcon_core.package_identification:_identify(src/brain) by extension 'ignore'
[1.488s] Level 1:colcon.colcon_core.package_identification:_identify(src/brain) by extension 'ignore_ament_install'
[1.488s] Level 1:colcon.colcon_core.package_identification:_identify(src/brain) by extensions ['colcon_pkg']
[1.488s] Level 1:colcon.colcon_core.package_identification:_identify(src/brain) by extension 'colcon_pkg'
[1.489s] Level 1:colcon.colcon_core.package_identification:_identify(src/brain) by extensions ['colcon_meta']
[1.489s] Level 1:colcon.colcon_core.package_identification:_identify(src/brain) by extension 'colcon_meta'
[1.489s] Level 1:colcon.colcon_core.package_identification:_identify(src/brain) by extensions ['ros']
[1.489s] Level 1:colcon.colcon_core.package_identification:_identify(src/brain) by extension 'ros'
[1.499s] DEBUG:colcon.colcon_core.package_identification:Package 'src/brain' with type 'ros.ament_cmake' and name 'brain'
[1.500s] Level 1:colcon.colcon_core.package_identification:_identify(src/serial-ros2) by extensions ['ignore', 'ignore_ament_install']
[1.501s] Level 1:colcon.colcon_core.package_identification:_identify(src/serial-ros2) by extension 'ignore'
[1.501s] Level 1:colcon.colcon_core.package_identification:_identify(src/serial-ros2) by extension 'ignore_ament_install'
[1.501s] Level 1:colcon.colcon_core.package_identification:_identify(src/serial-ros2) by extensions ['colcon_pkg']
[1.501s] Level 1:colcon.colcon_core.package_identification:_identify(src/serial-ros2) by extension 'colcon_pkg'
[1.502s] Level 1:colcon.colcon_core.package_identification:_identify(src/serial-ros2) by extensions ['colcon_meta']
[1.502s] Level 1:colcon.colcon_core.package_identification:_identify(src/serial-ros2) by extension 'colcon_meta'
[1.502s] Level 1:colcon.colcon_core.package_identification:_identify(src/serial-ros2) by extensions ['ros']
[1.502s] Level 1:colcon.colcon_core.package_identification:_identify(src/serial-ros2) by extension 'ros'
[1.505s] DEBUG:colcon.colcon_core.package_identification:Package 'src/serial-ros2' with type 'ros.ament_cmake' and name 'serial'
[1.506s] Level 1:colcon.colcon_core.package_identification:_identify(src/serial_com) by extensions ['ignore', 'ignore_ament_install']
[1.506s] Level 1:colcon.colcon_core.package_identification:_identify(src/serial_com) by extension 'ignore'
[1.506s] Level 1:colcon.colcon_core.package_identification:_identify(src/serial_com) by extension 'ignore_ament_install'
[1.507s] Level 1:colcon.colcon_core.package_identification:_identify(src/serial_com) by extensions ['colcon_pkg']
[1.507s] Level 1:colcon.colcon_core.package_identification:_identify(src/serial_com) by extension 'colcon_pkg'
[1.507s] Level 1:colcon.colcon_core.package_identification:_identify(src/serial_com) by extensions ['colcon_meta']
[1.507s] Level 1:colcon.colcon_core.package_identification:_identify(src/serial_com) by extension 'colcon_meta'
[1.507s] Level 1:colcon.colcon_core.package_identification:_identify(src/serial_com) by extensions ['ros']
[1.508s] Level 1:colcon.colcon_core.package_identification:_identify(src/serial_com) by extension 'ros'
[1.511s] DEBUG:colcon.colcon_core.package_identification:Package 'src/serial_com' with type 'ros.ament_cmake' and name 'serial_com'
[1.512s] Level 1:colcon.colcon_core.package_identification:_identify(src/teleop) by extensions ['ignore', 'ignore_ament_install']
[1.512s] Level 1:colcon.colcon_core.package_identification:_identify(src/teleop) by extension 'ignore'
[1.512s] Level 1:colcon.colcon_core.package_identification:_identify(src/teleop) by extension 'ignore_ament_install'
[1.513s] Level 1:colcon.colcon_core.package_identification:_identify(src/teleop) by extensions ['colcon_pkg']
[1.513s] Level 1:colcon.colcon_core.package_identification:_identify(src/teleop) by extension 'colcon_pkg'
[1.513s] Level 1:colcon.colcon_core.package_identification:_identify(src/teleop) by extensions ['colcon_meta']
[1.513s] Level 1:colcon.colcon_core.package_identification:_identify(src/teleop) by extension 'colcon_meta'
[1.513s] Level 1:colcon.colcon_core.package_identification:_identify(src/teleop) by extensions ['ros']
[1.514s] Level 1:colcon.colcon_core.package_identification:_identify(src/teleop) by extension 'ros'
[1.517s] DEBUG:colcon.colcon_core.package_identification:Package 'src/teleop' with type 'ros.ament_cmake' and name 'teleop'
[1.517s] Level 1:colcon.colcon_core.package_discovery:discover_packages(recursive) using defaults
[1.518s] Level 1:colcon.colcon_core.package_discovery:discover_packages(ignore) discover
[1.518s] Level 1:colcon.colcon_core.package_discovery:discover_packages(ignore) using defaults
[1.518s] Level 1:colcon.colcon_core.package_discovery:discover_packages(path) discover
[1.518s] Level 1:colcon.colcon_core.package_discovery:discover_packages(path) using defaults
[1.602s] Level 1:colcon.colcon_core.package_discovery:discover_packages(prefix_path) check parameters
[1.602s] Level 1:colcon.colcon_core.package_discovery:discover_packages(prefix_path) discover
[1.607s] WARNING:colcon.colcon_core.prefix_path.colcon:The path '/home/erica/test_ws/install' in the environment variable COLCON_PREFIX_PATH doesn't exist
[1.608s] WARNING:colcon.colcon_ros.prefix_path.ament:The path '/home/erica/mercedes-brain/install/brain' in the environment variable AMENT_PREFIX_PATH doesn't exist
[1.608s] WARNING:colcon.colcon_ros.prefix_path.ament:The path '/home/erica/mercedes-brain/install/teleop' in the environment variable AMENT_PREFIX_PATH doesn't exist
[1.608s] WARNING:colcon.colcon_ros.prefix_path.ament:The path '/home/erica/mercedes-brain/install/serial_com' in the environment variable AMENT_PREFIX_PATH doesn't exist
[1.609s] WARNING:colcon.colcon_ros.prefix_path.ament:The path '/home/erica/mercedes-brain/install/serial' in the environment variable AMENT_PREFIX_PATH doesn't exist
[1.609s] WARNING:colcon.colcon_ros.prefix_path.ament:The path '/home/erica/test_ws/install/brain' in the environment variable AMENT_PREFIX_PATH doesn't exist
[1.609s] WARNING:colcon.colcon_ros.prefix_path.ament:The path '/home/erica/test_ws/install/teleop' in the environment variable AMENT_PREFIX_PATH doesn't exist
[1.609s] WARNING:colcon.colcon_ros.prefix_path.ament:The path '/home/erica/test_ws/install/serial_com' in the environment variable AMENT_PREFIX_PATH doesn't exist
[1.610s] WARNING:colcon.colcon_ros.prefix_path.ament:The path '/home/erica/test_ws/install/serial' in the environment variable AMENT_PREFIX_PATH doesn't exist
[1.610s] WARNING:colcon.colcon_ros.prefix_path.catkin:The path '/home/erica/mercedes-brain/install/brain' in the environment variable CMAKE_PREFIX_PATH doesn't exist
[1.611s] WARNING:colcon.colcon_ros.prefix_path.catkin:The path '/home/erica/mercedes-brain/install/teleop' in the environment variable CMAKE_PREFIX_PATH doesn't exist
[1.611s] WARNING:colcon.colcon_ros.prefix_path.catkin:The path '/home/erica/mercedes-brain/install/serial_com' in the environment variable CMAKE_PREFIX_PATH doesn't exist
[1.611s] WARNING:colcon.colcon_ros.prefix_path.catkin:The path '/home/erica/mercedes-brain/install/serial' in the environment variable CMAKE_PREFIX_PATH doesn't exist
[1.611s] WARNING:colcon.colcon_ros.prefix_path.catkin:The path '/home/erica/test_ws/install/brain' in the environment variable CMAKE_PREFIX_PATH doesn't exist
[1.611s] WARNING:colcon.colcon_ros.prefix_path.catkin:The path '/home/erica/test_ws/install/teleop' in the environment variable CMAKE_PREFIX_PATH doesn't exist
[1.612s] WARNING:colcon.colcon_ros.prefix_path.catkin:The path '/home/erica/test_ws/install/serial_com' in the environment variable CMAKE_PREFIX_PATH doesn't exist
[1.612s] WARNING:colcon.colcon_ros.prefix_path.catkin:The path '/home/erica/test_ws/install/serial' in the environment variable CMAKE_PREFIX_PATH doesn't exist
[1.615s] DEBUG:colcon.colcon_installed_package_information.package_discovery:Found 0 installed packages in /home/erica/mercedes-brain/install
[1.624s] DEBUG:colcon.colcon_installed_package_information.package_discovery:Found 272 installed packages in /opt/ros/humble
[1.635s] Level 1:colcon.colcon_core.package_discovery:discover_packages(prefix_path) using defaults
[1.853s] Level 5:colcon.colcon_core.verb:set package 'serial' build argument 'cmake_args' from command line to 'None'
[1.853s] Level 5:colcon.colcon_core.verb:set package 'serial' build argument 'cmake_target' from command line to 'None'
[1.853s] Level 5:colcon.colcon_core.verb:set package 'serial' build argument 'cmake_target_skip_unavailable' from command line to 'False'
[1.853s] Level 5:colcon.colcon_core.verb:set package 'serial' build argument 'cmake_clean_cache' from command line to 'False'
[1.853s] Level 5:colcon.colcon_core.verb:set package 'serial' build argument 'cmake_clean_first' from command line to 'False'
[1.854s] Level 5:colcon.colcon_core.verb:set package 'serial' build argument 'cmake_force_configure' from command line to 'False'
[1.854s] Level 5:colcon.colcon_core.verb:set package 'serial' build argument 'ament_cmake_args' from command line to 'None'
[1.854s] Level 5:colcon.colcon_core.verb:set package 'serial' build argument 'catkin_cmake_args' from command line to 'None'
[1.854s] Level 5:colcon.colcon_core.verb:set package 'serial' build argument 'catkin_skip_building_tests' from command line to 'False'
[1.854s] DEBUG:colcon.colcon_core.verb:Building package 'serial' with the following arguments: {'ament_cmake_args': None, 'build_base': '/home/erica/mercedes-brain/build/serial', 'catkin_cmake_args': None, 'catkin_skip_building_tests': False, 'cmake_args': None, 'cmake_clean_cache': False, 'cmake_clean_first': False, 'cmake_force_configure': False, 'cmake_target': None, 'cmake_target_skip_unavailable': False, 'install_base': '/home/erica/mercedes-brain/install/serial', 'merge_install': False, 'path': '/home/erica/mercedes-brain/src/serial-ros2', 'symlink_install': False, 'test_result_base': None}
[1.856s] Level 5:colcon.colcon_core.verb:set package 'teleop' build argument 'cmake_args' from command line to 'None'
[1.856s] Level 5:colcon.colcon_core.verb:set package 'teleop' build argument 'cmake_target' from command line to 'None'
[1.856s] Level 5:colcon.colcon_core.verb:set package 'teleop' build argument 'cmake_target_skip_unavailable' from command line to 'False'
[1.857s] Level 5:colcon.colcon_core.verb:set package 'teleop' build argument 'cmake_clean_cache' from command line to 'False'
[1.857s] Level 5:colcon.colcon_core.verb:set package 'teleop' build argument 'cmake_clean_first' from command line to 'False'
[1.857s] Level 5:colcon.colcon_core.verb:set package 'teleop' build argument 'cmake_force_configure' from command line to 'False'
[1.857s] Level 5:colcon.colcon_core.verb:set package 'teleop' build argument 'ament_cmake_args' from command line to 'None'
[1.857s] Level 5:colcon.colcon_core.verb:set package 'teleop' build argument 'catkin_cmake_args' from command line to 'None'
[1.857s] Level 5:colcon.colcon_core.verb:set package 'teleop' build argument 'catkin_skip_building_tests' from command line to 'False'
[1.857s] DEBUG:colcon.colcon_core.verb:Building package 'teleop' with the following arguments: {'ament_cmake_args': None, 'build_base': '/home/erica/mercedes-brain/build/teleop', 'catkin_cmake_args': None, 'catkin_skip_building_tests': False, 'cmake_args': None, 'cmake_clean_cache': False, 'cmake_clean_first': False, 'cmake_force_configure': False, 'cmake_target': None, 'cmake_target_skip_unavailable': False, 'install_base': '/home/erica/mercedes-brain/install/teleop', 'merge_install': False, 'path': '/home/erica/mercedes-brain/src/teleop', 'symlink_install': False, 'test_result_base': None}
[1.859s] Level 5:colcon.colcon_core.verb:set package 'serial_com' build argument 'cmake_args' from command line to 'None'
[1.859s] Level 5:colcon.colcon_core.verb:set package 'serial_com' build argument 'cmake_target' from command line to 'None'
[1.859s] Level 5:colcon.colcon_core.verb:set package 'serial_com' build argument 'cmake_target_skip_unavailable' from command line to 'False'
[1.859s] Level 5:colcon.colcon_core.verb:set package 'serial_com' build argument 'cmake_clean_cache' from command line to 'False'
[1.859s] Level 5:colcon.colcon_core.verb:set package 'serial_com' build argument 'cmake_clean_first' from command line to 'False'
[1.860s] Level 5:colcon.colcon_core.verb:set package 'serial_com' build argument 'cmake_force_configure' from command line to 'False'
[1.860s] Level 5:colcon.colcon_core.verb:set package 'serial_com' build argument 'ament_cmake_args' from command line to 'None'
[1.860s] Level 5:colcon.colcon_core.verb:set package 'serial_com' build argument 'catkin_cmake_args' from command line to 'None'
[1.860s] Level 5:colcon.colcon_core.verb:set package 'serial_com' build argument 'catkin_skip_building_tests' from command line to 'False'
[1.860s] DEBUG:colcon.colcon_core.verb:Building package 'serial_com' with the following arguments: {'ament_cmake_args': None, 'build_base': '/home/erica/mercedes-brain/build/serial_com', 'catkin_cmake_args': None, 'catkin_skip_building_tests': False, 'cmake_args': None, 'cmake_clean_cache': False, 'cmake_clean_first': False, 'cmake_force_configure': False, 'cmake_target': None, 'cmake_target_skip_unavailable': False, 'install_base': '/home/erica/mercedes-brain/install/serial_com', 'merge_install': False, 'path': '/home/erica/mercedes-brain/src/serial_com', 'symlink_install': False, 'test_result_base': None}
[1.861s] Level 5:colcon.colcon_core.verb:set package 'brain' build argument 'cmake_args' from command line to 'None'
[1.862s] Level 5:colcon.colcon_core.verb:set package 'brain' build argument 'cmake_target' from command line to 'None'
[1.862s] Level 5:colcon.colcon_core.verb:set package 'brain' build argument 'cmake_target_skip_unavailable' from command line to 'False'
[1.862s] Level 5:colcon.colcon_core.verb:set package 'brain' build argument 'cmake_clean_cache' from command line to 'False'
[1.862s] Level 5:colcon.colcon_core.verb:set package 'brain' build argument 'cmake_clean_first' from command line to 'False'
[1.862s] Level 5:colcon.colcon_core.verb:set package 'brain' build argument 'cmake_force_configure' from command line to 'False'
[1.862s] Level 5:colcon.colcon_core.verb:set package 'brain' build argument 'ament_cmake_args' from command line to 'None'
[1.862s] Level 5:colcon.colcon_core.verb:set package 'brain' build argument 'catkin_cmake_args' from command line to 'None'
[1.862s] Level 5:colcon.colcon_core.verb:set package 'brain' build argument 'catkin_skip_building_tests' from command line to 'False'
[1.863s] DEBUG:colcon.colcon_core.verb:Building package 'brain' with the following arguments: {'ament_cmake_args': None, 'build_base': '/home/erica/mercedes-brain/build/brain', 'catkin_cmake_args': None, 'catkin_skip_building_tests': False, 'cmake_args': None, 'cmake_clean_cache': False, 'cmake_clean_first': False, 'cmake_force_configure': False, 'cmake_target': None, 'cmake_target_skip_unavailable': False, 'install_base': '/home/erica/mercedes-brain/install/brain', 'merge_install': False, 'path': '/home/erica/mercedes-brain/src/brain', 'symlink_install': False, 'test_result_base': None}
[1.863s] INFO:colcon.colcon_core.executor:Executing jobs using 'parallel' executor
[1.866s] DEBUG:colcon.colcon_parallel_executor.executor.parallel:run_until_complete
[1.867s] INFO:colcon.colcon_ros.task.ament_cmake.build:Building ROS package in '/home/erica/mercedes-brain/src/serial-ros2' with build type 'ament_cmake'
[1.868s] INFO:colcon.colcon_cmake.task.cmake.build:Building CMake package in '/home/erica/mercedes-brain/src/serial-ros2'
[1.876s] INFO:colcon.colcon_core.plugin_system:Skipping extension 'colcon_core.shell.bat': Not used on non-Windows systems
[1.877s] INFO:colcon.colcon_core.shell:Skip shell extension 'powershell' for command environment: Not usable outside of PowerShell
[1.877s] DEBUG:colcon.colcon_core.shell:Skip shell extension 'dsv' for command environment
[1.894s] INFO:colcon.colcon_ros.task.ament_cmake.build:Building ROS package in '/home/erica/mercedes-brain/src/teleop' with build type 'ament_cmake'
[1.895s] INFO:colcon.colcon_cmake.task.cmake.build:Building CMake package in '/home/erica/mercedes-brain/src/teleop'
[1.896s] INFO:colcon.colcon_core.shell:Skip shell extension 'powershell' for command environment: Not usable outside of PowerShell
[1.897s] DEBUG:colcon.colcon_core.shell:Skip shell extension 'dsv' for command environment
[1.928s] DEBUG:colcon.colcon_core.event_handler.log_command:Invoking command in '/home/erica/mercedes-brain/build/serial': CMAKE_PREFIX_PATH=${CMAKE_PREFIX_PATH}:/opt/ros/humble /usr/bin/cmake /home/erica/mercedes-brain/src/serial-ros2 -DCMAKE_INSTALL_PREFIX=/home/erica/mercedes-brain/install/serial
[1.944s] DEBUG:colcon.colcon_core.event_handler.log_command:Invoking command in '/home/erica/mercedes-brain/build/teleop': CMAKE_PREFIX_PATH=${CMAKE_PREFIX_PATH}:/opt/ros/humble /usr/bin/cmake /home/erica/mercedes-brain/src/teleop -DCMAKE_INSTALL_PREFIX=/home/erica/mercedes-brain/install/teleop
[6.461s] DEBUG:colcon.colcon_core.event_handler.log_command:Invoked command in '/home/erica/mercedes-brain/build/serial' returned '0': CMAKE_PREFIX_PATH=${CMAKE_PREFIX_PATH}:/opt/ros/humble /usr/bin/cmake /home/erica/mercedes-brain/src/serial-ros2 -DCMAKE_INSTALL_PREFIX=/home/erica/mercedes-brain/install/serial
[6.475s] DEBUG:colcon.colcon_core.event_handler.log_command:Invoking command in '/home/erica/mercedes-brain/build/serial': CMAKE_PREFIX_PATH=${CMAKE_PREFIX_PATH}:/opt/ros/humble /usr/bin/cmake --build /home/erica/mercedes-brain/build/serial -- -j4 -l4
[10.259s] DEBUG:colcon.colcon_core.event_handler.log_command:Invoked command in '/home/erica/mercedes-brain/build/serial' returned '0': CMAKE_PREFIX_PATH=${CMAKE_PREFIX_PATH}:/opt/ros/humble /usr/bin/cmake --build /home/erica/mercedes-brain/build/serial -- -j4 -l4
[10.298s] DEBUG:colcon.colcon_core.event_handler.log_command:Invoking command in '/home/erica/mercedes-brain/build/serial': CMAKE_PREFIX_PATH=${CMAKE_PREFIX_PATH}:/opt/ros/humble /usr/bin/cmake --install /home/erica/mercedes-brain/build/serial
[10.374s] Level 1:colcon.colcon_core.environment:create_environment_scripts_only(serial)
[10.377s] DEBUG:colcon.colcon_core.event_handler.log_command:Invoked command in '/home/erica/mercedes-brain/build/serial' returned '0': CMAKE_PREFIX_PATH=${CMAKE_PREFIX_PATH}:/opt/ros/humble /usr/bin/cmake --install /home/erica/mercedes-brain/build/serial
[10.391s] Level 1:colcon.colcon_core.environment:checking '/home/erica/mercedes-brain/install/serial' for CMake module files
[10.396s] Level 1:colcon.colcon_core.environment:checking '/home/erica/mercedes-brain/install/serial' for CMake config files
[10.398s] Level 1:colcon.colcon_core.shell:create_environment_hook('serial', 'cmake_prefix_path')
[10.399s] INFO:colcon.colcon_core.shell:Creating environment hook '/home/erica/mercedes-brain/install/serial/share/serial/hook/cmake_prefix_path.ps1'
[10.403s] INFO:colcon.colcon_core.shell:Creating environment descriptor '/home/erica/mercedes-brain/install/serial/share/serial/hook/cmake_prefix_path.dsv'
[10.406s] INFO:colcon.colcon_core.shell:Creating environment hook '/home/erica/mercedes-brain/install/serial/share/serial/hook/cmake_prefix_path.sh'
[10.410s] Level 1:colcon.colcon_core.environment:checking '/home/erica/mercedes-brain/install/serial/lib'
[10.411s] Level 1:colcon.colcon_core.environment:checking '/home/erica/mercedes-brain/install/serial/bin'
[10.412s] Level 1:colcon.colcon_core.environment:checking '/home/erica/mercedes-brain/install/serial/lib/pkgconfig/serial.pc'
[10.413s] Level 1:colcon.colcon_core.environment:checking '/home/erica/mercedes-brain/install/serial/lib/python3.10/site-packages'
[10.414s] Level 1:colcon.colcon_core.environment:checking '/home/erica/mercedes-brain/install/serial/bin'
[10.416s] INFO:colcon.colcon_core.shell:Creating package script '/home/erica/mercedes-brain/install/serial/share/serial/package.ps1'
[10.421s] INFO:colcon.colcon_core.shell:Creating package descriptor '/home/erica/mercedes-brain/install/serial/share/serial/package.dsv'
[10.424s] INFO:colcon.colcon_core.shell:Creating package script '/home/erica/mercedes-brain/install/serial/share/serial/package.sh'
[10.429s] INFO:colcon.colcon_core.shell:Creating package script '/home/erica/mercedes-brain/install/serial/share/serial/package.bash'
[10.434s] INFO:colcon.colcon_core.shell:Creating package script '/home/erica/mercedes-brain/install/serial/share/serial/package.zsh'
[10.437s] Level 1:colcon.colcon_core.environment:create_file_with_runtime_dependencies(/home/erica/mercedes-brain/install/serial/share/colcon-core/packages/serial)
[10.441s] Level 1:colcon.colcon_core.environment:create_environment_scripts_only(serial)
[10.442s] Level 1:colcon.colcon_core.environment:checking '/home/erica/mercedes-brain/install/serial' for CMake module files
[10.445s] Level 1:colcon.colcon_core.environment:checking '/home/erica/mercedes-brain/install/serial' for CMake config files
[10.447s] Level 1:colcon.colcon_core.shell:create_environment_hook('serial', 'cmake_prefix_path')
[10.448s] INFO:colcon.colcon_core.shell:Creating environment hook '/home/erica/mercedes-brain/install/serial/share/serial/hook/cmake_prefix_path.ps1'
[10.451s] INFO:colcon.colcon_core.shell:Creating environment descriptor '/home/erica/mercedes-brain/install/serial/share/serial/hook/cmake_prefix_path.dsv'
[10.453s] INFO:colcon.colcon_core.shell:Creating environment hook '/home/erica/mercedes-brain/install/serial/share/serial/hook/cmake_prefix_path.sh'
[10.457s] Level 1:colcon.colcon_core.environment:checking '/home/erica/mercedes-brain/install/serial/lib'
[10.457s] Level 1:colcon.colcon_core.environment:checking '/home/erica/mercedes-brain/install/serial/bin'
[10.458s] Level 1:colcon.colcon_core.environment:checking '/home/erica/mercedes-brain/install/serial/lib/pkgconfig/serial.pc'
[10.459s] Level 1:colcon.colcon_core.environment:checking '/home/erica/mercedes-brain/install/serial/lib/python3.10/site-packages'
[10.461s] Level 1:colcon.colcon_core.environment:checking '/home/erica/mercedes-brain/install/serial/bin'
[10.462s] INFO:colcon.colcon_core.shell:Creating package script '/home/erica/mercedes-brain/install/serial/share/serial/package.ps1'
[10.465s] INFO:colcon.colcon_core.shell:Creating package descriptor '/home/erica/mercedes-brain/install/serial/share/serial/package.dsv'
[10.469s] INFO:colcon.colcon_core.shell:Creating package script '/home/erica/mercedes-brain/install/serial/share/serial/package.sh'
[10.471s] INFO:colcon.colcon_core.shell:Creating package script '/home/erica/mercedes-brain/install/serial/share/serial/package.bash'
[10.474s] INFO:colcon.colcon_core.shell:Creating package script '/home/erica/mercedes-brain/install/serial/share/serial/package.zsh'
[10.477s] Level 1:colcon.colcon_core.environment:create_file_with_runtime_dependencies(/home/erica/mercedes-brain/install/serial/share/colcon-core/packages/serial)
[10.478s] INFO:colcon.colcon_ros.task.ament_cmake.build:Building ROS package in '/home/erica/mercedes-brain/src/serial_com' with build type 'ament_cmake'
[10.479s] INFO:colcon.colcon_cmake.task.cmake.build:Building CMake package in '/home/erica/mercedes-brain/src/serial_com'
[10.480s] INFO:colcon.colcon_core.shell:Skip shell extension 'powershell' for command environment: Not usable outside of PowerShell
[10.480s] DEBUG:colcon.colcon_core.shell:Skip shell extension 'dsv' for command environment
[10.534s] DEBUG:colcon.colcon_core.event_handler.log_command:Invoking command in '/home/erica/mercedes-brain/build/serial_com': CMAKE_PREFIX_PATH=/home/erica/mercedes-brain/install/serial:/home/erica/mercedes-brain/install/brain:/home/erica/mercedes-brain/install/teleop:/home/erica/mercedes-brain/install/serial_com:/home/erica/test_ws/install/brain:/home/erica/test_ws/install/teleop:/home/erica/test_ws/install/serial_com:/home/erica/test_ws/install/serial:/opt/ros/humble /usr/bin/cmake /home/erica/mercedes-brain/src/serial_com -DCMAKE_INSTALL_PREFIX=/home/erica/mercedes-brain/install/serial_com
[12.102s] DEBUG:colcon.colcon_core.event_handler.log_command:Invoked command in '/home/erica/mercedes-brain/build/teleop' returned '0': CMAKE_PREFIX_PATH=${CMAKE_PREFIX_PATH}:/opt/ros/humble /usr/bin/cmake /home/erica/mercedes-brain/src/teleop -DCMAKE_INSTALL_PREFIX=/home/erica/mercedes-brain/install/teleop
[12.115s] DEBUG:colcon.colcon_core.event_handler.log_command:Invoking command in '/home/erica/mercedes-brain/build/teleop': CMAKE_PREFIX_PATH=${CMAKE_PREFIX_PATH}:/opt/ros/humble /usr/bin/cmake --build /home/erica/mercedes-brain/build/teleop -- -j4 -l4
[17.593s] DEBUG:colcon.colcon_core.event_handler.log_command:Invoked command in '/home/erica/mercedes-brain/build/serial_com' returned '0': CMAKE_PREFIX_PATH=/home/erica/mercedes-brain/install/serial:/home/erica/mercedes-brain/install/brain:/home/erica/mercedes-brain/install/teleop:/home/erica/mercedes-brain/install/serial_com:/home/erica/test_ws/install/brain:/home/erica/test_ws/install/teleop:/home/erica/test_ws/install/serial_com:/home/erica/test_ws/install/serial:/opt/ros/humble /usr/bin/cmake /home/erica/mercedes-brain/src/serial_com -DCMAKE_INSTALL_PREFIX=/home/erica/mercedes-brain/install/serial_com
[17.595s] DEBUG:colcon.colcon_core.event_handler.log_command:Invoking command in '/home/erica/mercedes-brain/build/serial_com': CMAKE_PREFIX_PATH=/home/erica/mercedes-brain/install/serial:/home/erica/mercedes-brain/install/brain:/home/erica/mercedes-brain/install/teleop:/home/erica/mercedes-brain/install/serial_com:/home/erica/test_ws/install/brain:/home/erica/test_ws/install/teleop:/home/erica/test_ws/install/serial_com:/home/erica/test_ws/install/serial:/opt/ros/humble /usr/bin/cmake --build /home/erica/mercedes-brain/build/serial_com -- -j4 -l4
[56.203s] DEBUG:colcon.colcon_core.event_handler.log_command:Invoked command in '/home/erica/mercedes-brain/build/teleop' returned '0': CMAKE_PREFIX_PATH=${CMAKE_PREFIX_PATH}:/opt/ros/humble /usr/bin/cmake --build /home/erica/mercedes-brain/build/teleop -- -j4 -l4
[56.205s] DEBUG:colcon.colcon_core.event_handler.log_command:Invoking command in '/home/erica/mercedes-brain/build/teleop': CMAKE_PREFIX_PATH=${CMAKE_PREFIX_PATH}:/opt/ros/humble /usr/bin/cmake --install /home/erica/mercedes-brain/build/teleop
[56.311s] Level 1:colcon.colcon_core.environment:create_environment_scripts_only(teleop)
[56.312s] Level 1:colcon.colcon_core.environment:checking '/home/erica/mercedes-brain/install/teleop' for CMake module files
[56.315s] DEBUG:colcon.colcon_core.event_handler.log_command:Invoked command in '/home/erica/mercedes-brain/build/teleop' returned '0': CMAKE_PREFIX_PATH=${CMAKE_PREFIX_PATH}:/opt/ros/humble /usr/bin/cmake --install /home/erica/mercedes-brain/build/teleop
[56.318s] Level 1:colcon.colcon_core.environment:checking '/home/erica/mercedes-brain/install/teleop' for CMake config files
[56.319s] Level 1:colcon.colcon_core.shell:create_environment_hook('teleop', 'cmake_prefix_path')
[56.320s] INFO:colcon.colcon_core.shell:Creating environment hook '/home/erica/mercedes-brain/install/teleop/share/teleop/hook/cmake_prefix_path.ps1'
[56.323s] INFO:colcon.colcon_core.shell:Creating environment descriptor '/home/erica/mercedes-brain/install/teleop/share/teleop/hook/cmake_prefix_path.dsv'
[56.325s] INFO:colcon.colcon_core.shell:Creating environment hook '/home/erica/mercedes-brain/install/teleop/share/teleop/hook/cmake_prefix_path.sh'
[56.331s] Level 1:colcon.colcon_core.environment:checking '/home/erica/mercedes-brain/install/teleop/lib'
[56.332s] Level 1:colcon.colcon_core.environment:checking '/home/erica/mercedes-brain/install/teleop/bin'
[56.332s] Level 1:colcon.colcon_core.environment:checking '/home/erica/mercedes-brain/install/teleop/lib/pkgconfig/teleop.pc'
[56.333s] Level 1:colcon.colcon_core.environment:checking '/home/erica/mercedes-brain/install/teleop/lib/python3.10/site-packages'
[56.334s] Level 1:colcon.colcon_core.environment:checking '/home/erica/mercedes-brain/install/teleop/bin'
[56.336s] INFO:colcon.colcon_core.shell:Creating package script '/home/erica/mercedes-brain/install/teleop/share/teleop/package.ps1'
[56.340s] INFO:colcon.colcon_core.shell:Creating package descriptor '/home/erica/mercedes-brain/install/teleop/share/teleop/package.dsv'
[56.344s] INFO:colcon.colcon_core.shell:Creating package script '/home/erica/mercedes-brain/install/teleop/share/teleop/package.sh'
[56.347s] INFO:colcon.colcon_core.shell:Creating package script '/home/erica/mercedes-brain/install/teleop/share/teleop/package.bash'
[56.351s] INFO:colcon.colcon_core.shell:Creating package script '/home/erica/mercedes-brain/install/teleop/share/teleop/package.zsh'
[56.354s] Level 1:colcon.colcon_core.environment:create_file_with_runtime_dependencies(/home/erica/mercedes-brain/install/teleop/share/colcon-core/packages/teleop)
[56.360s] Level 1:colcon.colcon_core.environment:create_environment_scripts_only(teleop)
[56.362s] Level 1:colcon.colcon_core.environment:checking '/home/erica/mercedes-brain/install/teleop' for CMake module files
[56.366s] Level 1:colcon.colcon_core.environment:checking '/home/erica/mercedes-brain/install/teleop' for CMake config files
[56.376s] Level 1:colcon.colcon_core.shell:create_environment_hook('teleop', 'cmake_prefix_path')
[56.377s] INFO:colcon.colcon_core.shell:Creating environment hook '/home/erica/mercedes-brain/install/teleop/share/teleop/hook/cmake_prefix_path.ps1'
[56.381s] INFO:colcon.colcon_core.shell:Creating environment descriptor '/home/erica/mercedes-brain/install/teleop/share/teleop/hook/cmake_prefix_path.dsv'
[56.384s] INFO:colcon.colcon_core.shell:Creating environment hook '/home/erica/mercedes-brain/install/teleop/share/teleop/hook/cmake_prefix_path.sh'
[56.388s] Level 1:colcon.colcon_core.environment:checking '/home/erica/mercedes-brain/install/teleop/lib'
[56.389s] Level 1:colcon.colcon_core.environment:checking '/home/erica/mercedes-brain/install/teleop/bin'
[56.389s] Level 1:colcon.colcon_core.environment:checking '/home/erica/mercedes-brain/install/teleop/lib/pkgconfig/teleop.pc'
[56.390s] Level 1:colcon.colcon_core.environment:checking '/home/erica/mercedes-brain/install/teleop/lib/python3.10/site-packages'
[56.392s] Level 1:colcon.colcon_core.environment:checking '/home/erica/mercedes-brain/install/teleop/bin'
[56.393s] INFO:colcon.colcon_core.shell:Creating package script '/home/erica/mercedes-brain/install/teleop/share/teleop/package.ps1'
[56.397s] INFO:colcon.colcon_core.shell:Creating package descriptor '/home/erica/mercedes-brain/install/teleop/share/teleop/package.dsv'
[56.401s] INFO:colcon.colcon_core.shell:Creating package script '/home/erica/mercedes-brain/install/teleop/share/teleop/package.sh'
[56.405s] INFO:colcon.colcon_core.shell:Creating package script '/home/erica/mercedes-brain/install/teleop/share/teleop/package.bash'
[56.409s] INFO:colcon.colcon_core.shell:Creating package script '/home/erica/mercedes-brain/install/teleop/share/teleop/package.zsh'
[56.412s] Level 1:colcon.colcon_core.environment:create_file_with_runtime_dependencies(/home/erica/mercedes-brain/install/teleop/share/colcon-core/packages/teleop)
[65.360s] DEBUG:colcon.colcon_core.event_handler.log_command:Invoked command in '/home/erica/mercedes-brain/build/serial_com' returned '0': CMAKE_PREFIX_PATH=/home/erica/mercedes-brain/install/serial:/home/erica/mercedes-brain/install/brain:/home/erica/mercedes-brain/install/teleop:/home/erica/mercedes-brain/install/serial_com:/home/erica/test_ws/install/brain:/home/erica/test_ws/install/teleop:/home/erica/test_ws/install/serial_com:/home/erica/test_ws/install/serial:/opt/ros/humble /usr/bin/cmake --build /home/erica/mercedes-brain/build/serial_com -- -j4 -l4
[65.371s] DEBUG:colcon.colcon_core.event_handler.log_command:Invoking command in '/home/erica/mercedes-brain/build/serial_com': CMAKE_PREFIX_PATH=/home/erica/mercedes-brain/install/serial:/home/erica/mercedes-brain/install/brain:/home/erica/mercedes-brain/install/teleop:/home/erica/mercedes-brain/install/serial_com:/home/erica/test_ws/install/brain:/home/erica/test_ws/install/teleop:/home/erica/test_ws/install/serial_com:/home/erica/test_ws/install/serial:/opt/ros/humble /usr/bin/cmake --install /home/erica/mercedes-brain/build/serial_com
[65.449s] Level 1:colcon.colcon_core.environment:create_environment_scripts_only(serial_com)
[65.451s] Level 1:colcon.colcon_core.environment:checking '/home/erica/mercedes-brain/install/serial_com' for CMake module files
[65.452s] DEBUG:colcon.colcon_core.event_handler.log_command:Invoked command in '/home/erica/mercedes-brain/build/serial_com' returned '0': CMAKE_PREFIX_PATH=/home/erica/mercedes-brain/install/serial:/home/erica/mercedes-brain/install/brain:/home/erica/mercedes-brain/install/teleop:/home/erica/mercedes-brain/install/serial_com:/home/erica/test_ws/install/brain:/home/erica/test_ws/install/teleop:/home/erica/test_ws/install/serial_com:/home/erica/test_ws/install/serial:/opt/ros/humble /usr/bin/cmake --install /home/erica/mercedes-brain/build/serial_com
[65.455s] Level 1:colcon.colcon_core.environment:checking '/home/erica/mercedes-brain/install/serial_com' for CMake config files
[65.456s] Level 1:colcon.colcon_core.shell:create_environment_hook('serial_com', 'cmake_prefix_path')
[65.457s] INFO:colcon.colcon_core.shell:Creating environment hook '/home/erica/mercedes-brain/install/serial_com/share/serial_com/hook/cmake_prefix_path.ps1'
[65.459s] INFO:colcon.colcon_core.shell:Creating environment descriptor '/home/erica/mercedes-brain/install/serial_com/share/serial_com/hook/cmake_prefix_path.dsv'
[65.460s] INFO:colcon.colcon_core.shell:Creating environment hook '/home/erica/mercedes-brain/install/serial_com/share/serial_com/hook/cmake_prefix_path.sh'
[65.463s] Level 1:colcon.colcon_core.environment:checking '/home/erica/mercedes-brain/install/serial_com/lib'
[65.463s] Level 1:colcon.colcon_core.environment:checking '/home/erica/mercedes-brain/install/serial_com/bin'
[65.463s] Level 1:colcon.colcon_core.environment:checking '/home/erica/mercedes-brain/install/serial_com/lib/pkgconfig/serial_com.pc'
[65.464s] Level 1:colcon.colcon_core.environment:checking '/home/erica/mercedes-brain/install/serial_com/lib/python3.10/site-packages'
[65.465s] Level 1:colcon.colcon_core.environment:checking '/home/erica/mercedes-brain/install/serial_com/bin'
[65.466s] INFO:colcon.colcon_core.shell:Creating package script '/home/erica/mercedes-brain/install/serial_com/share/serial_com/package.ps1'
[65.468s] INFO:colcon.colcon_core.shell:Creating package descriptor '/home/erica/mercedes-brain/install/serial_com/share/serial_com/package.dsv'
[65.895s] INFO:colcon.colcon_core.shell:Creating package script '/home/erica/mercedes-brain/install/serial_com/share/serial_com/package.sh'
[65.898s] INFO:colcon.colcon_core.shell:Creating package script '/home/erica/mercedes-brain/install/serial_com/share/serial_com/package.bash'
[65.900s] INFO:colcon.colcon_core.shell:Creating package script '/home/erica/mercedes-brain/install/serial_com/share/serial_com/package.zsh'
[65.903s] Level 1:colcon.colcon_core.environment:create_file_with_runtime_dependencies(/home/erica/mercedes-brain/install/serial_com/share/colcon-core/packages/serial_com)
[65.907s] Level 1:colcon.colcon_core.environment:create_environment_scripts_only(serial_com)
[65.908s] Level 1:colcon.colcon_core.environment:checking '/home/erica/mercedes-brain/install/serial_com' for CMake module files
[65.911s] Level 1:colcon.colcon_core.environment:checking '/home/erica/mercedes-brain/install/serial_com' for CMake config files
[65.913s] Level 1:colcon.colcon_core.shell:create_environment_hook('serial_com', 'cmake_prefix_path')
[65.914s] INFO:colcon.colcon_core.shell:Creating environment hook '/home/erica/mercedes-brain/install/serial_com/share/serial_com/hook/cmake_prefix_path.ps1'
[65.916s] INFO:colcon.colcon_core.shell:Creating environment descriptor '/home/erica/mercedes-brain/install/serial_com/share/serial_com/hook/cmake_prefix_path.dsv'
[65.918s] INFO:colcon.colcon_core.shell:Creating environment hook '/home/erica/mercedes-brain/install/serial_com/share/serial_com/hook/cmake_prefix_path.sh'
[65.920s] Level 1:colcon.colcon_core.environment:checking '/home/erica/mercedes-brain/install/serial_com/lib'
[65.920s] Level 1:colcon.colcon_core.environment:checking '/home/erica/mercedes-brain/install/serial_com/bin'
[65.921s] Level 1:colcon.colcon_core.environment:checking '/home/erica/mercedes-brain/install/serial_com/lib/pkgconfig/serial_com.pc'
[65.922s] Level 1:colcon.colcon_core.environment:checking '/home/erica/mercedes-brain/install/serial_com/lib/python3.10/site-packages'
[65.922s] Level 1:colcon.colcon_core.environment:checking '/home/erica/mercedes-brain/install/serial_com/bin'
[65.924s] INFO:colcon.colcon_core.shell:Creating package script '/home/erica/mercedes-brain/install/serial_com/share/serial_com/package.ps1'
[65.926s] INFO:colcon.colcon_core.shell:Creating package descriptor '/home/erica/mercedes-brain/install/serial_com/share/serial_com/package.dsv'
[65.929s] INFO:colcon.colcon_core.shell:Creating package script '/home/erica/mercedes-brain/install/serial_com/share/serial_com/package.sh'
[65.931s] INFO:colcon.colcon_core.shell:Creating package script '/home/erica/mercedes-brain/install/serial_com/share/serial_com/package.bash'
[65.933s] INFO:colcon.colcon_core.shell:Creating package script '/home/erica/mercedes-brain/install/serial_com/share/serial_com/package.zsh'
[65.935s] Level 1:colcon.colcon_core.environment:create_file_with_runtime_dependencies(/home/erica/mercedes-brain/install/serial_com/share/colcon-core/packages/serial_com)
[65.936s] INFO:colcon.colcon_ros.task.ament_cmake.build:Building ROS package in '/home/erica/mercedes-brain/src/brain' with build type 'ament_cmake'
[65.936s] INFO:colcon.colcon_cmake.task.cmake.build:Building CMake package in '/home/erica/mercedes-brain/src/brain'
[65.938s] INFO:colcon.colcon_core.shell:Skip shell extension 'powershell' for command environment: Not usable outside of PowerShell
[65.938s] DEBUG:colcon.colcon_core.shell:Skip shell extension 'dsv' for command environment
[65.988s] DEBUG:colcon.colcon_core.event_handler.log_command:Invoking command in '/home/erica/mercedes-brain/build/brain': CMAKE_PREFIX_PATH=/home/erica/mercedes-brain/install/serial_com:/home/erica/mercedes-brain/install/teleop:/home/erica/mercedes-brain/install/serial:/home/erica/mercedes-brain/install/brain:/home/erica/test_ws/install/brain:/home/erica/test_ws/install/teleop:/home/erica/test_ws/install/serial_com:/home/erica/test_ws/install/serial:/opt/ros/humble /usr/bin/cmake /home/erica/mercedes-brain/src/brain -DCMAKE_INSTALL_PREFIX=/home/erica/mercedes-brain/install/brain
[71.007s] DEBUG:colcon.colcon_core.event_handler.log_command:Invoked command in '/home/erica/mercedes-brain/build/brain' returned '0': CMAKE_PREFIX_PATH=/home/erica/mercedes-brain/install/serial_com:/home/erica/mercedes-brain/install/teleop:/home/erica/mercedes-brain/install/serial:/home/erica/mercedes-brain/install/brain:/home/erica/test_ws/install/brain:/home/erica/test_ws/install/teleop:/home/erica/test_ws/install/serial_com:/home/erica/test_ws/install/serial:/opt/ros/humble /usr/bin/cmake /home/erica/mercedes-brain/src/brain -DCMAKE_INSTALL_PREFIX=/home/erica/mercedes-brain/install/brain
[71.016s] DEBUG:colcon.colcon_core.event_handler.log_command:Invoking command in '/home/erica/mercedes-brain/build/brain': CMAKE_PREFIX_PATH=/home/erica/mercedes-brain/install/serial_com:/home/erica/mercedes-brain/install/teleop:/home/erica/mercedes-brain/install/serial:/home/erica/mercedes-brain/install/brain:/home/erica/test_ws/install/brain:/home/erica/test_ws/install/teleop:/home/erica/test_ws/install/serial_com:/home/erica/test_ws/install/serial:/opt/ros/humble /usr/bin/cmake --build /home/erica/mercedes-brain/build/brain -- -j4 -l4
[71.167s] DEBUG:colcon.colcon_core.event_handler.log_command:Invoked command in '/home/erica/mercedes-brain/build/brain' returned '0': CMAKE_PREFIX_PATH=/home/erica/mercedes-brain/install/serial_com:/home/erica/mercedes-brain/install/teleop:/home/erica/mercedes-brain/install/serial:/home/erica/mercedes-brain/install/brain:/home/erica/test_ws/install/brain:/home/erica/test_ws/install/teleop:/home/erica/test_ws/install/serial_com:/home/erica/test_ws/install/serial:/opt/ros/humble /usr/bin/cmake --build /home/erica/mercedes-brain/build/brain -- -j4 -l4
[71.175s] DEBUG:colcon.colcon_core.event_handler.log_command:Invoking command in '/home/erica/mercedes-brain/build/brain': CMAKE_PREFIX_PATH=/home/erica/mercedes-brain/install/serial_com:/home/erica/mercedes-brain/install/teleop:/home/erica/mercedes-brain/install/serial:/home/erica/mercedes-brain/install/brain:/home/erica/test_ws/install/brain:/home/erica/test_ws/install/teleop:/home/erica/test_ws/install/serial_com:/home/erica/test_ws/install/serial:/opt/ros/humble /usr/bin/cmake --install /home/erica/mercedes-brain/build/brain
[71.236s] Level 1:colcon.colcon_core.environment:create_environment_scripts_only(brain)
[71.237s] Level 1:colcon.colcon_core.environment:checking '/home/erica/mercedes-brain/install/brain' for CMake module files
[71.239s] DEBUG:colcon.colcon_core.event_handler.log_command:Invoked command in '/home/erica/mercedes-brain/build/brain' returned '0': CMAKE_PREFIX_PATH=/home/erica/mercedes-brain/install/serial_com:/home/erica/mercedes-brain/install/teleop:/home/erica/mercedes-brain/install/serial:/home/erica/mercedes-brain/install/brain:/home/erica/test_ws/install/brain:/home/erica/test_ws/install/teleop:/home/erica/test_ws/install/serial_com:/home/erica/test_ws/install/serial:/opt/ros/humble /usr/bin/cmake --install /home/erica/mercedes-brain/build/brain
[71.241s] Level 1:colcon.colcon_core.environment:checking '/home/erica/mercedes-brain/install/brain' for CMake config files
[71.242s] Level 1:colcon.colcon_core.shell:create_environment_hook('brain', 'cmake_prefix_path')
[71.243s] INFO:colcon.colcon_core.shell:Creating environment hook '/home/erica/mercedes-brain/install/brain/share/brain/hook/cmake_prefix_path.ps1'
[71.246s] INFO:colcon.colcon_core.shell:Creating environment descriptor '/home/erica/mercedes-brain/install/brain/share/brain/hook/cmake_prefix_path.dsv'
[71.249s] INFO:colcon.colcon_core.shell:Creating environment hook '/home/erica/mercedes-brain/install/brain/share/brain/hook/cmake_prefix_path.sh'
[71.252s] Level 1:colcon.colcon_core.environment:checking '/home/erica/mercedes-brain/install/brain/bin'
[71.252s] Level 1:colcon.colcon_core.environment:checking '/home/erica/mercedes-brain/install/brain/lib/pkgconfig/brain.pc'
[71.253s] Level 1:colcon.colcon_core.environment:checking '/home/erica/mercedes-brain/install/brain/lib/python3.10/site-packages'
[71.255s] Level 1:colcon.colcon_core.environment:checking '/home/erica/mercedes-brain/install/brain/bin'
[71.256s] INFO:colcon.colcon_core.shell:Creating package script '/home/erica/mercedes-brain/install/brain/share/brain/package.ps1'
[71.259s] INFO:colcon.colcon_core.shell:Creating package descriptor '/home/erica/mercedes-brain/install/brain/share/brain/package.dsv'
[71.261s] INFO:colcon.colcon_core.shell:Creating package script '/home/erica/mercedes-brain/install/brain/share/brain/package.sh'
[71.264s] INFO:colcon.colcon_core.shell:Creating package script '/home/erica/mercedes-brain/install/brain/share/brain/package.bash'
[71.266s] INFO:colcon.colcon_core.shell:Creating package script '/home/erica/mercedes-brain/install/brain/share/brain/package.zsh'
[71.268s] Level 1:colcon.colcon_core.environment:create_file_with_runtime_dependencies(/home/erica/mercedes-brain/install/brain/share/colcon-core/packages/brain)
[71.272s] Level 1:colcon.colcon_core.environment:create_environment_scripts_only(brain)
[71.273s] Level 1:colcon.colcon_core.environment:checking '/home/erica/mercedes-brain/install/brain' for CMake module files
[71.277s] Level 1:colcon.colcon_core.environment:checking '/home/erica/mercedes-brain/install/brain' for CMake config files
[71.279s] Level 1:colcon.colcon_core.shell:create_environment_hook('brain', 'cmake_prefix_path')
[71.280s] INFO:colcon.colcon_core.shell:Creating environment hook '/home/erica/mercedes-brain/install/brain/share/brain/hook/cmake_prefix_path.ps1'
[71.283s] INFO:colcon.colcon_core.shell:Creating environment descriptor '/home/erica/mercedes-brain/install/brain/share/brain/hook/cmake_prefix_path.dsv'
[71.286s] INFO:colcon.colcon_core.shell:Creating environment hook '/home/erica/mercedes-brain/install/brain/share/brain/hook/cmake_prefix_path.sh'
[71.290s] Level 1:colcon.colcon_core.environment:checking '/home/erica/mercedes-brain/install/brain/bin'
[71.291s] Level 1:colcon.colcon_core.environment:checking '/home/erica/mercedes-brain/install/brain/lib/pkgconfig/brain.pc'
[71.292s] Level 1:colcon.colcon_core.environment:checking '/home/erica/mercedes-brain/install/brain/lib/python3.10/site-packages'
[71.293s] Level 1:colcon.colcon_core.environment:checking '/home/erica/mercedes-brain/install/brain/bin'
[71.295s] INFO:colcon.colcon_core.shell:Creating package script '/home/erica/mercedes-brain/install/brain/share/brain/package.ps1'
[71.299s] INFO:colcon.colcon_core.shell:Creating package descriptor '/home/erica/mercedes-brain/install/brain/share/brain/package.dsv'
[71.303s] INFO:colcon.colcon_core.shell:Creating package script '/home/erica/mercedes-brain/install/brain/share/brain/package.sh'
[71.308s] INFO:colcon.colcon_core.shell:Creating package script '/home/erica/mercedes-brain/install/brain/share/brain/package.bash'
[71.311s] INFO:colcon.colcon_core.shell:Creating package script '/home/erica/mercedes-brain/install/brain/share/brain/package.zsh'
[71.314s] Level 1:colcon.colcon_core.environment:create_file_with_runtime_dependencies(/home/erica/mercedes-brain/install/brain/share/colcon-core/packages/brain)
[71.316s] DEBUG:colcon.colcon_parallel_executor.executor.parallel:closing loop
[71.318s] DEBUG:colcon.colcon_parallel_executor.executor.parallel:loop closed
[71.319s] DEBUG:colcon.colcon_parallel_executor.executor.parallel:run_until_complete finished with '0'
[71.320s] DEBUG:colcon.colcon_core.event_reactor:joining thread
[71.352s] INFO:colcon.colcon_core.plugin_system:Skipping extension 'colcon_notification.desktop_notification.notify_send': Could not find 'notify-send'
[71.353s] INFO:colcon.colcon_core.plugin_system:Skipping extension 'colcon_notification.desktop_notification.terminal_notifier': Not used on non-Darwin systems
[71.353s] INFO:colcon.colcon_core.plugin_system:Skipping extension 'colcon_notification.desktop_notification.win32': Not used on non-Windows systems
[71.354s] INFO:colcon.colcon_notification.desktop_notification:Sending desktop notification using 'notify2'
[71.358s] DEBUG:colcon.colcon_notification.desktop_notification.notify2:Failed to initialize notify2: org.freedesktop.DBus.Error.ServiceUnknown: The name org.freedesktop.Notifications was not provided by any .service files
[71.358s] DEBUG:colcon.colcon_core.event_reactor:joined thread
[71.360s] INFO:colcon.colcon_core.shell:Creating prefix script '/home/erica/mercedes-brain/install/local_setup.ps1'
[71.365s] INFO:colcon.colcon_core.shell:Creating prefix util module '/home/erica/mercedes-brain/install/_local_setup_util_ps1.py'
[71.374s] INFO:colcon.colcon_core.shell:Creating prefix chain script '/home/erica/mercedes-brain/install/setup.ps1'
[71.393s] INFO:colcon.colcon_core.shell:Creating prefix script '/home/erica/mercedes-brain/install/local_setup.sh'
[71.396s] INFO:colcon.colcon_core.shell:Creating prefix util module '/home/erica/mercedes-brain/install/_local_setup_util_sh.py'
[71.399s] INFO:colcon.colcon_core.shell:Creating prefix chain script '/home/erica/mercedes-brain/install/setup.sh'
[71.406s] INFO:colcon.colcon_core.shell:Creating prefix script '/home/erica/mercedes-brain/install/local_setup.bash'
[71.408s] INFO:colcon.colcon_core.shell:Creating prefix chain script '/home/erica/mercedes-brain/install/setup.bash'
[71.414s] INFO:colcon.colcon_core.shell:Creating prefix script '/home/erica/mercedes-brain/install/local_setup.zsh'
[71.417s] INFO:colcon.colcon_core.shell:Creating prefix chain script '/home/erica/mercedes-brain/install/setup.zsh'
