[0.054s] Invoking command in '/home/erica/test_ws/build/serial_com': CMAKE_PREFIX_PATH=/home/erica/test_ws/install/serial:/home/erica/test_ws/install/serial_com:/opt/ros/humble /usr/bin/cmake --build /home/erica/test_ws/build/serial_com -- -j4 -l4
[0.313s] [35m[1mConsolidate compiler generated dependencies of target serial_com[0m
[0.452s] [100%] Built target serial_com
[0.490s] Invoked command in '/home/erica/test_ws/build/serial_com' returned '0': CMAKE_PREFIX_PATH=/home/erica/test_ws/install/serial:/home/erica/test_ws/install/serial_com:/opt/ros/humble /usr/bin/cmake --build /home/erica/test_ws/build/serial_com -- -j4 -l4
[0.501s] Invoking command in '/home/erica/test_ws/build/serial_com': CMAKE_PREFIX_PATH=/home/erica/test_ws/install/serial:/home/erica/test_ws/install/serial_com:/opt/ros/humble /usr/bin/cmake --install /home/erica/test_ws/build/serial_com
[0.529s] -- Install configuration: ""
[0.533s] -- Up-to-date: /home/erica/test_ws/install/serial_com/lib/serial_com/serial_com
[0.535s] -- Up-to-date: /home/erica/test_ws/install/serial_com/share/serial_com/launch
[0.537s] -- Up-to-date: /home/erica/test_ws/install/serial_com/share/serial_com/launch/launch.py
[0.537s] -- Up-to-date: /home/erica/test_ws/install/serial_com/share/serial_com/config
[0.539s] -- Up-to-date: /home/erica/test_ws/install/serial_com/share/serial_com/config/.gitkeep
[0.540s] -- Up-to-date: /home/erica/test_ws/install/serial_com/share/ament_index/resource_index/package_run_dependencies/serial_com
[0.540s] -- Up-to-date: /home/erica/test_ws/install/serial_com/share/ament_index/resource_index/parent_prefix_path/serial_com
[0.541s] -- Up-to-date: /home/erica/test_ws/install/serial_com/share/serial_com/environment/ament_prefix_path.sh
[0.543s] -- Up-to-date: /home/erica/test_ws/install/serial_com/share/serial_com/environment/ament_prefix_path.dsv
[0.544s] -- Up-to-date: /home/erica/test_ws/install/serial_com/share/serial_com/environment/path.sh
[0.544s] -- Up-to-date: /home/erica/test_ws/install/serial_com/share/serial_com/environment/path.dsv
[0.545s] -- Up-to-date: /home/erica/test_ws/install/serial_com/share/serial_com/local_setup.bash
[0.546s] -- Up-to-date: /home/erica/test_ws/install/serial_com/share/serial_com/local_setup.sh
[0.546s] -- Up-to-date: /home/erica/test_ws/install/serial_com/share/serial_com/local_setup.zsh
[0.546s] -- Up-to-date: /home/erica/test_ws/install/serial_com/share/serial_com/local_setup.dsv
[0.547s] -- Installing: /home/erica/test_ws/install/serial_com/share/serial_com/package.dsv
[0.548s] -- Up-to-date: /home/erica/test_ws/install/serial_com/share/ament_index/resource_index/packages/serial_com
[0.549s] -- Up-to-date: /home/erica/test_ws/install/serial_com/share/serial_com/cmake/serial_comConfig.cmake
[0.550s] -- Up-to-date: /home/erica/test_ws/install/serial_com/share/serial_com/cmake/serial_comConfig-version.cmake
[0.550s] -- Up-to-date: /home/erica/test_ws/install/serial_com/share/serial_com/package.xml
[0.557s] Invoked command in '/home/erica/test_ws/build/serial_com' returned '0': CMAKE_PREFIX_PATH=/home/erica/test_ws/install/serial:/home/erica/test_ws/install/serial_com:/opt/ros/humble /usr/bin/cmake --install /home/erica/test_ws/build/serial_com
