-- Found ament_cmake: 1.3.11 (/opt/ros/humble/share/ament_cmake/cmake)
-- Found rclcpp: 16.0.12 (/opt/ros/humble/share/rclcpp/cmake)
-- Found rosidl_generator_c: 3.1.6 (/opt/ros/humble/share/rosidl_generator_c/cmake)
-- Found rosidl_adapter: 3.1.6 (/opt/ros/humble/share/rosidl_adapter/cmake)
-- Found rosidl_generator_cpp: 3.1.6 (/opt/ros/humble/share/rosidl_generator_cpp/cmake)
-- Using all available rosidl_typesupport_c: rosidl_typesupport_fastrtps_c;rosidl_typesupport_introspection_c
-- Using all available rosidl_typesupport_cpp: rosidl_typesupport_fastrtps_cpp;rosidl_typesupport_introspection_cpp
-- Found rmw_implementation_cmake: 6.1.2 (/opt/ros/humble/share/rmw_implementation_cmake/cmake)
-- Found rmw_fastrtps_cpp: 6.2.7 (/opt/ros/humble/share/rmw_fastrtps_cpp/cmake)
-- Using RMW implementation 'rmw_fastrtps_cpp' as default
-- Found sensor_msgs: 4.8.0 (/opt/ros/humble/share/sensor_msgs/cmake)
-- Found ackermann_msgs: 2.0.2 (/opt/ros/humble/share/ackermann_msgs/cmake)
-- Found ament_lint_auto: 0.12.12 (/opt/ros/humble/share/ament_lint_auto/cmake)
-- Added test 'cppcheck' to perform static code analysis on C / C++ code
-- Configured cppcheck include dirs: 
-- Configured cppcheck exclude dirs and/or files: 
-- Added test 'flake8' to check Python code syntax and style conventions
-- Added test 'lint_cmake' to check CMake code style
-- Added test 'pep257' to check Python code against some of the docstring style conventions in PEP 257
-- Added test 'uncrustify' to check C / C++ code style
-- Configured uncrustify additional arguments: 
-- Added test 'xmllint' to check XML markup files
-- Configuring done
-- Generating done
-- Build files have been written to: /home/erica/test_ws/build/teleop
[ 50%] [32mBuilding CXX object CMakeFiles/joy_interpreter.dir/src/joy_interpreter.cpp.o[0m
[100%] [32m[1mLinking CXX executable joy_interpreter[0m
[100%] Built target joy_interpreter
-- Install configuration: ""
-- Installing: /home/erica/test_ws/install/teleop/lib/teleop/joy_interpreter
-- Set runtime path of "/home/erica/test_ws/install/teleop/lib/teleop/joy_interpreter" to ""
-- Installing: /home/erica/test_ws/install/teleop/share/teleop/launch
-- Installing: /home/erica/test_ws/install/teleop/share/teleop/launch/launch.py
-- Installing: /home/erica/test_ws/install/teleop/share/teleop/config
-- Installing: /home/erica/test_ws/install/teleop/share/teleop/config/.gitkeep
-- Installing: /home/erica/test_ws/install/teleop/share/ament_index/resource_index/package_run_dependencies/teleop
-- Installing: /home/erica/test_ws/install/teleop/share/ament_index/resource_index/parent_prefix_path/teleop
-- Installing: /home/erica/test_ws/install/teleop/share/teleop/environment/ament_prefix_path.sh
-- Installing: /home/erica/test_ws/install/teleop/share/teleop/environment/ament_prefix_path.dsv
-- Installing: /home/erica/test_ws/install/teleop/share/teleop/environment/path.sh
-- Installing: /home/erica/test_ws/install/teleop/share/teleop/environment/path.dsv
-- Installing: /home/erica/test_ws/install/teleop/share/teleop/local_setup.bash
-- Installing: /home/erica/test_ws/install/teleop/share/teleop/local_setup.sh
-- Installing: /home/erica/test_ws/install/teleop/share/teleop/local_setup.zsh
-- Installing: /home/erica/test_ws/install/teleop/share/teleop/local_setup.dsv
-- Installing: /home/erica/test_ws/install/teleop/share/teleop/package.dsv
-- Installing: /home/erica/test_ws/install/teleop/share/ament_index/resource_index/packages/teleop
-- Installing: /home/erica/test_ws/install/teleop/share/teleop/cmake/teleopConfig.cmake
-- Installing: /home/erica/test_ws/install/teleop/share/teleop/cmake/teleopConfig-version.cmake
-- Installing: /home/erica/test_ws/install/teleop/share/teleop/package.xml
