[0.079s] Invoking command in '/home/erica/test_ws/build/teleop': CMAKE_PREFIX_PATH=${CMAKE_PREFIX_PATH}:/opt/ros/humble /usr/bin/cmake /home/erica/test_ws/src/teleop -DCMAKE_INSTALL_PREFIX=/home/erica/test_ws/install/teleop
[0.404s] -- Found ament_cmake: 1.3.11 (/opt/ros/humble/share/ament_cmake/cmake)
[1.120s] -- Found rclcpp: 16.0.12 (/opt/ros/humble/share/rclcpp/cmake)
[1.355s] -- Found rosidl_generator_c: 3.1.6 (/opt/ros/humble/share/rosidl_generator_c/cmake)
[1.372s] -- Found rosidl_adapter: 3.1.6 (/opt/ros/humble/share/rosidl_adapter/cmake)
[1.414s] -- Found rosidl_generator_cpp: 3.1.6 (/opt/ros/humble/share/rosidl_generator_cpp/cmake)
[1.477s] -- Using all available rosidl_typesupport_c: rosidl_typesupport_fastrtps_c;rosidl_typesupport_introspection_c
[1.556s] -- Using all available rosidl_typesupport_cpp: rosidl_typesupport_fastrtps_cpp;rosidl_typesupport_introspection_cpp
[1.741s] -- Found rmw_implementation_cmake: 6.1.2 (/opt/ros/humble/share/rmw_implementation_cmake/cmake)
[1.752s] -- Found rmw_fastrtps_cpp: 6.2.7 (/opt/ros/humble/share/rmw_fastrtps_cpp/cmake)
[2.583s] -- Using RMW implementation 'rmw_fastrtps_cpp' as default
[2.845s] -- Found sensor_msgs: 4.8.0 (/opt/ros/humble/share/sensor_msgs/cmake)
[3.014s] -- Found ackermann_msgs: 2.0.2 (/opt/ros/humble/share/ackermann_msgs/cmake)
[3.101s] -- Found ament_lint_auto: 0.12.12 (/opt/ros/humble/share/ament_lint_auto/cmake)
[3.556s] -- Added test 'cppcheck' to perform static code analysis on C / C++ code
[3.556s] -- Configured cppcheck include dirs: 
[3.557s] -- Configured cppcheck exclude dirs and/or files: 
[3.560s] -- Added test 'flake8' to check Python code syntax and style conventions
[3.564s] -- Added test 'lint_cmake' to check CMake code style
[3.567s] -- Added test 'pep257' to check Python code against some of the docstring style conventions in PEP 257
[3.574s] -- Added test 'uncrustify' to check C / C++ code style
[3.574s] -- Configured uncrustify additional arguments: 
[3.578s] -- Added test 'xmllint' to check XML markup files
[3.586s] -- Configuring done
[3.644s] -- Generating done
[3.659s] -- Build files have been written to: /home/erica/test_ws/build/teleop
[3.685s] Invoked command in '/home/erica/test_ws/build/teleop' returned '0': CMAKE_PREFIX_PATH=${CMAKE_PREFIX_PATH}:/opt/ros/humble /usr/bin/cmake /home/erica/test_ws/src/teleop -DCMAKE_INSTALL_PREFIX=/home/erica/test_ws/install/teleop
[3.694s] Invoking command in '/home/erica/test_ws/build/teleop': CMAKE_PREFIX_PATH=${CMAKE_PREFIX_PATH}:/opt/ros/humble /usr/bin/cmake --build /home/erica/test_ws/build/teleop -- -j4 -l4
[3.894s] [ 50%] [32mBuilding CXX object CMakeFiles/joy_interpreter.dir/src/joy_interpreter.cpp.o[0m
[37.010s] [100%] [32m[1mLinking CXX executable joy_interpreter[0m
[39.028s] [100%] Built target joy_interpreter
[39.065s] Invoked command in '/home/erica/test_ws/build/teleop' returned '0': CMAKE_PREFIX_PATH=${CMAKE_PREFIX_PATH}:/opt/ros/humble /usr/bin/cmake --build /home/erica/test_ws/build/teleop -- -j4 -l4
[39.073s] Invoking command in '/home/erica/test_ws/build/teleop': CMAKE_PREFIX_PATH=${CMAKE_PREFIX_PATH}:/opt/ros/humble /usr/bin/cmake --install /home/erica/test_ws/build/teleop
[39.101s] -- Install configuration: ""
[39.102s] -- Installing: /home/erica/test_ws/install/teleop/lib/teleop/joy_interpreter
[39.129s] -- Set runtime path of "/home/erica/test_ws/install/teleop/lib/teleop/joy_interpreter" to ""
[39.130s] -- Installing: /home/erica/test_ws/install/teleop/share/teleop/launch
[39.130s] -- Installing: /home/erica/test_ws/install/teleop/share/teleop/launch/launch.py
[39.132s] -- Installing: /home/erica/test_ws/install/teleop/share/teleop/config
[39.132s] -- Installing: /home/erica/test_ws/install/teleop/share/teleop/config/.gitkeep
[39.133s] -- Installing: /home/erica/test_ws/install/teleop/share/ament_index/resource_index/package_run_dependencies/teleop
[39.135s] -- Installing: /home/erica/test_ws/install/teleop/share/ament_index/resource_index/parent_prefix_path/teleop
[39.136s] -- Installing: /home/erica/test_ws/install/teleop/share/teleop/environment/ament_prefix_path.sh
[39.137s] -- Installing: /home/erica/test_ws/install/teleop/share/teleop/environment/ament_prefix_path.dsv
[39.139s] -- Installing: /home/erica/test_ws/install/teleop/share/teleop/environment/path.sh
[39.140s] -- Installing: /home/erica/test_ws/install/teleop/share/teleop/environment/path.dsv
[39.141s] -- Installing: /home/erica/test_ws/install/teleop/share/teleop/local_setup.bash
[39.142s] -- Installing: /home/erica/test_ws/install/teleop/share/teleop/local_setup.sh
[39.143s] -- Installing: /home/erica/test_ws/install/teleop/share/teleop/local_setup.zsh
[39.144s] -- Installing: /home/erica/test_ws/install/teleop/share/teleop/local_setup.dsv
[39.145s] -- Installing: /home/erica/test_ws/install/teleop/share/teleop/package.dsv
[39.146s] -- Installing: /home/erica/test_ws/install/teleop/share/ament_index/resource_index/packages/teleop
[39.147s] -- Installing: /home/erica/test_ws/install/teleop/share/teleop/cmake/teleopConfig.cmake
[39.148s] -- Installing: /home/erica/test_ws/install/teleop/share/teleop/cmake/teleopConfig-version.cmake
[39.149s] -- Installing: /home/erica/test_ws/install/teleop/share/teleop/package.xml
[39.156s] Invoked command in '/home/erica/test_ws/build/teleop' returned '0': CMAKE_PREFIX_PATH=${CMAKE_PREFIX_PATH}:/opt/ros/humble /usr/bin/cmake --install /home/erica/test_ws/build/teleop
