[0.086s] Invoking command in '/home/erica/cat-brain/build/gpio': CMAKE_PREFIX_PATH=${CMAKE_PREFIX_PATH}:/opt/ros/humble /usr/bin/cmake /home/erica/cat-brain/src/gpio -DCMAKE_INSTALL_PREFIX=/home/erica/cat-brain/install/gpio
[0.601s] -- The C compiler identification is GNU 11.4.0
[1.405s] -- The CXX compiler identification is GNU 11.4.0
[1.450s] -- Detecting C compiler ABI info
[1.765s] -- Detecting C compiler ABI info - done
[1.790s] -- Check for working C compiler: /usr/bin/cc - skipped
[1.792s] -- Detecting C compile features
[1.794s] -- Detecting C compile features - done
[1.807s] -- Detecting CXX compiler ABI info
[2.159s] -- Detecting CXX compiler ABI info - done
[2.187s] -- Check for working CXX compiler: /usr/bin/c++ - skipped
[2.188s] -- Detecting CXX compile features
[2.189s] -- Detecting CXX compile features - done
[2.223s] -- Found ament_cmake: 1.3.11 (/opt/ros/humble/share/ament_cmake/cmake)
[2.943s] -- Found Python3: /usr/bin/python3 (found version "3.10.12") found components: Interpreter 
[3.609s] -- Found rclcpp: 16.0.12 (/opt/ros/humble/share/rclcpp/cmake)
[4.038s] -- Found rosidl_generator_c: 3.1.6 (/opt/ros/humble/share/rosidl_generator_c/cmake)
[4.094s] -- Found rosidl_adapter: 3.1.6 (/opt/ros/humble/share/rosidl_adapter/cmake)
[4.172s] -- Found rosidl_generator_cpp: 3.1.6 (/opt/ros/humble/share/rosidl_generator_cpp/cmake)
[4.272s] -- Using all available rosidl_typesupport_c: rosidl_typesupport_fastrtps_c;rosidl_typesupport_introspection_c
[4.404s] -- Using all available rosidl_typesupport_cpp: rosidl_typesupport_fastrtps_cpp;rosidl_typesupport_introspection_cpp
[4.784s] -- Found rmw_implementation_cmake: 6.1.2 (/opt/ros/humble/share/rmw_implementation_cmake/cmake)
[4.815s] -- Found rmw_fastrtps_cpp: 6.2.7 (/opt/ros/humble/share/rmw_fastrtps_cpp/cmake)
[5.410s] -- Found OpenSSL: /usr/lib/aarch64-linux-gnu/libcrypto.so (found version "3.0.2")  
[5.629s] -- Found FastRTPS: /opt/ros/humble/include  
[5.976s] -- Using RMW implementation 'rmw_fastrtps_cpp' as default
[6.076s] -- Looking for pthread.h
[6.401s] -- Looking for pthread.h - found
[6.404s] -- Performing Test CMAKE_HAVE_LIBC_PTHREAD
[6.721s] -- Performing Test CMAKE_HAVE_LIBC_PTHREAD - Success
[6.725s] -- Found Threads: TRUE  
[7.074s] -- Found sensor_msgs: 4.8.0 (/opt/ros/humble/share/sensor_msgs/cmake)
[7.264s] -- Found ackermann_msgs: 2.0.2 (/opt/ros/humble/share/ackermann_msgs/cmake)
[7.358s] -- Found ament_lint_auto: 0.12.12 (/opt/ros/humble/share/ament_lint_auto/cmake)
[7.826s] -- Added test 'cppcheck' to perform static code analysis on C / C++ code
[7.827s] -- Configured cppcheck include dirs: 
[7.827s] -- Configured cppcheck exclude dirs and/or files: 
[7.831s] -- Added test 'flake8' to check Python code syntax and style conventions
[7.835s] -- Added test 'lint_cmake' to check CMake code style
[7.839s] -- Added test 'pep257' to check Python code against some of the docstring style conventions in PEP 257
[7.847s] -- Added test 'uncrustify' to check C / C++ code style
[7.847s] -- Configured uncrustify additional arguments: 
[7.851s] -- Added test 'xmllint' to check XML markup files
[7.860s] -- Configuring done
[7.921s] -- Generating done
[7.937s] -- Build files have been written to: /home/erica/cat-brain/build/gpio
[7.972s] Invoked command in '/home/erica/cat-brain/build/gpio' returned '0': CMAKE_PREFIX_PATH=${CMAKE_PREFIX_PATH}:/opt/ros/humble /usr/bin/cmake /home/erica/cat-brain/src/gpio -DCMAKE_INSTALL_PREFIX=/home/erica/cat-brain/install/gpio
[7.982s] Invoking command in '/home/erica/cat-brain/build/gpio': CMAKE_PREFIX_PATH=${CMAKE_PREFIX_PATH}:/opt/ros/humble /usr/bin/cmake --build /home/erica/cat-brain/build/gpio -- -j4 -l4
[8.181s] [ 50%] [32mBuilding CXX object CMakeFiles/gpio_node.dir/src/gpio_node.cpp.o[0m
[18.372s] [01m[K/home/erica/cat-brain/src/gpio/src/gpio_node.cpp:31:2:[m[K [01;31m[Kerror: [m[Kexpected ‘[01m[K;[m[K’ after class definition
[18.372s]    31 | }
[18.372s]       |  [01;31m[K^[m[K
[18.373s]       |  [32m[K;[m[K
[18.375s] [01m[K/home/erica/cat-brain/src/gpio/src/gpio_node.cpp:[m[K In constructor ‘[01m[KGPIONode::GPIONode()[m[K’:
[18.376s] [01m[K/home/erica/cat-brain/src/gpio/src/gpio_node.cpp:20:85:[m[K [01;31m[Kerror: [m[K‘[01m[KSerialNode[m[K’ has not been declared
[18.377s]    20 |         timer_ = this->create_wall_timer(std::chrono::milliseconds(500), std::bind(&[01;31m[KSerialNode[m[K::timer_callback, this));
[18.377s]       |                                                                                     [01;31m[K^~~~~~~~~~[m[K
[19.896s] gmake[2]: *** [CMakeFiles/gpio_node.dir/build.make:76: CMakeFiles/gpio_node.dir/src/gpio_node.cpp.o] Error 1
[19.897s] gmake[1]: *** [CMakeFiles/Makefile2:137: CMakeFiles/gpio_node.dir/all] Error 2
[19.898s] gmake: *** [Makefile:146: all] Error 2
[19.905s] Invoked command in '/home/erica/cat-brain/build/gpio' returned '2': CMAKE_PREFIX_PATH=${CMAKE_PREFIX_PATH}:/opt/ros/humble /usr/bin/cmake --build /home/erica/cat-brain/build/gpio -- -j4 -l4
