[0.067s] Invoking command in '/home/erica/cat-brain/build/serial_com': CMAKE_PREFIX_PATH=/home/erica/cat-brain/install/serial:/home/erica/cat-brain/install/brain:/home/erica/cat-brain/install/teleop:/home/erica/cat-brain/install/serial_com:/opt/ros/humble /usr/bin/cmake --build /home/erica/cat-brain/build/serial_com -- -j4 -l4
[0.281s] [35m[1mConsolidate compiler generated dependencies of target serial_com[0m
[0.391s] [100%] Built target serial_com
[0.445s] Invoked command in '/home/erica/cat-brain/build/serial_com' returned '0': CMAKE_PREFIX_PATH=/home/erica/cat-brain/install/serial:/home/erica/cat-brain/install/brain:/home/erica/cat-brain/install/teleop:/home/erica/cat-brain/install/serial_com:/opt/ros/humble /usr/bin/cmake --build /home/erica/cat-brain/build/serial_com -- -j4 -l4
[0.457s] Invoking command in '/home/erica/cat-brain/build/serial_com': CMAKE_PREFIX_PATH=/home/erica/cat-brain/install/serial:/home/erica/cat-brain/install/brain:/home/erica/cat-brain/install/teleop:/home/erica/cat-brain/install/serial_com:/opt/ros/humble /usr/bin/cmake --install /home/erica/cat-brain/build/serial_com
[0.491s] -- Install configuration: ""
[0.493s] -- Up-to-date: /home/erica/cat-brain/install/serial_com/lib/serial_com/serial_com
[0.495s] -- Up-to-date: /home/erica/cat-brain/install/serial_com/share/serial_com/launch
[0.495s] -- Up-to-date: /home/erica/cat-brain/install/serial_com/share/serial_com/launch/launch.py
[0.496s] -- Up-to-date: /home/erica/cat-brain/install/serial_com/share/serial_com/config
[0.497s] -- Up-to-date: /home/erica/cat-brain/install/serial_com/share/serial_com/config/.gitkeep
[0.497s] -- Up-to-date: /home/erica/cat-brain/install/serial_com/share/ament_index/resource_index/package_run_dependencies/serial_com
[0.498s] -- Up-to-date: /home/erica/cat-brain/install/serial_com/share/ament_index/resource_index/parent_prefix_path/serial_com
[0.499s] -- Up-to-date: /home/erica/cat-brain/install/serial_com/share/serial_com/environment/ament_prefix_path.sh
[0.499s] -- Up-to-date: /home/erica/cat-brain/install/serial_com/share/serial_com/environment/ament_prefix_path.dsv
[0.500s] -- Up-to-date: /home/erica/cat-brain/install/serial_com/share/serial_com/environment/path.sh
[0.501s] -- Up-to-date: /home/erica/cat-brain/install/serial_com/share/serial_com/environment/path.dsv
[0.502s] -- Up-to-date: /home/erica/cat-brain/install/serial_com/share/serial_com/local_setup.bash
[0.502s] -- Up-to-date: /home/erica/cat-brain/install/serial_com/share/serial_com/local_setup.sh
[0.503s] -- Up-to-date: /home/erica/cat-brain/install/serial_com/share/serial_com/local_setup.zsh
[0.503s] -- Up-to-date: /home/erica/cat-brain/install/serial_com/share/serial_com/local_setup.dsv
[0.504s] -- Installing: /home/erica/cat-brain/install/serial_com/share/serial_com/package.dsv
[0.505s] -- Up-to-date: /home/erica/cat-brain/install/serial_com/share/ament_index/resource_index/packages/serial_com
[0.506s] -- Up-to-date: /home/erica/cat-brain/install/serial_com/share/serial_com/cmake/serial_comConfig.cmake
[0.507s] -- Up-to-date: /home/erica/cat-brain/install/serial_com/share/serial_com/cmake/serial_comConfig-version.cmake
[0.508s] -- Up-to-date: /home/erica/cat-brain/install/serial_com/share/serial_com/package.xml
[0.515s] Invoked command in '/home/erica/cat-brain/build/serial_com' returned '0': CMAKE_PREFIX_PATH=/home/erica/cat-brain/install/serial:/home/erica/cat-brain/install/brain:/home/erica/cat-brain/install/teleop:/home/erica/cat-brain/install/serial_com:/opt/ros/humble /usr/bin/cmake --install /home/erica/cat-brain/build/serial_com
