[0.080s] Invoking command in '/home/erica/cat-brain/build/teleop': CMAKE_PREFIX_PATH=${CMAKE_PREFIX_PATH}:/opt/ros/humble /usr/bin/cmake --build /home/erica/cat-brain/build/teleop -- -j4 -l4
[0.343s] [100%] Built target joy_interpreter
[0.425s] Invoked command in '/home/erica/cat-brain/build/teleop' returned '0': CMAKE_PREFIX_PATH=${CMAKE_PREFIX_PATH}:/opt/ros/humble /usr/bin/cmake --build /home/erica/cat-brain/build/teleop -- -j4 -l4
[0.430s] Invoking command in '/home/erica/cat-brain/build/teleop': CMAKE_PREFIX_PATH=${CMAKE_PREFIX_PATH}:/opt/ros/humble /usr/bin/cmake --install /home/erica/cat-brain/build/teleop
[0.433s] -- Install configuration: ""
[0.433s] -- Up-to-date: /home/erica/cat-brain/install/teleop/lib/teleop/joy_interpreter
[0.434s] -- Up-to-date: /home/erica/cat-brain/install/teleop/share/teleop/launch
[0.435s] -- Up-to-date: /home/erica/cat-brain/install/teleop/share/teleop/launch/launch.py
[0.436s] -- Up-to-date: /home/erica/cat-brain/install/teleop/share/teleop/config
[0.438s] -- Up-to-date: /home/erica/cat-brain/install/teleop/share/teleop/config/.gitkeep
[0.438s] -- Up-to-date: /home/erica/cat-brain/install/teleop/share/ament_index/resource_index/package_run_dependencies/teleop
[0.439s] -- Up-to-date: /home/erica/cat-brain/install/teleop/share/ament_index/resource_index/parent_prefix_path/teleop
[0.441s] -- Up-to-date: /home/erica/cat-brain/install/teleop/share/teleop/environment/ament_prefix_path.sh
[0.442s] -- Up-to-date: /home/erica/cat-brain/install/teleop/share/teleop/environment/ament_prefix_path.dsv
[0.443s] -- Up-to-date: /home/erica/cat-brain/install/teleop/share/teleop/environment/path.sh
[0.446s] -- Up-to-date: /home/erica/cat-brain/install/teleop/share/teleop/environment/path.dsv
[0.446s] -- Up-to-date: /home/erica/cat-brain/install/teleop/share/teleop/local_setup.bash
[0.447s] -- Up-to-date: /home/erica/cat-brain/install/teleop/share/teleop/local_setup.sh
[0.447s] -- Up-to-date: /home/erica/cat-brain/install/teleop/share/teleop/local_setup.zsh
[0.447s] -- Up-to-date: /home/erica/cat-brain/install/teleop/share/teleop/local_setup.dsv
[0.447s] -- Installing: /home/erica/cat-brain/install/teleop/share/teleop/package.dsv
[0.448s] -- Up-to-date: /home/erica/cat-brain/install/teleop/share/ament_index/resource_index/packages/teleop
[0.448s] -- Up-to-date: /home/erica/cat-brain/install/teleop/share/teleop/cmake/teleopConfig.cmake
[0.448s] -- Up-to-date: /home/erica/cat-brain/install/teleop/share/teleop/cmake/teleopConfig-version.cmake
[0.449s] -- Up-to-date: /home/erica/cat-brain/install/teleop/share/teleop/package.xml
[0.541s] Invoked command in '/home/erica/cat-brain/build/teleop' returned '0': CMAKE_PREFIX_PATH=${CMAKE_PREFIX_PATH}:/opt/ros/humble /usr/bin/cmake --install /home/erica/cat-brain/build/teleop
