[0.100s] Invoking command in '/home/erica/cat-brain/build/serial': CMAKE_PREFIX_PATH=${CMAKE_PREFIX_PATH}:/opt/ros/humble /usr/bin/cmake --build /home/erica/cat-brain/build/serial -- -j4 -l4
[0.609s] [100%] Built target serial
[0.654s] Invoked command in '/home/erica/cat-brain/build/serial' returned '0': CMAKE_PREFIX_PATH=${CMAKE_PREFIX_PATH}:/opt/ros/humble /usr/bin/cmake --build /home/erica/cat-brain/build/serial -- -j4 -l4
[0.697s] Invoking command in '/home/erica/cat-brain/build/serial': CMAKE_PREFIX_PATH=${CMAKE_PREFIX_PATH}:/opt/ros/humble /usr/bin/cmake --install /home/erica/cat-brain/build/serial
[0.729s] -- Install configuration: ""
[0.730s] -- Up-to-date: /home/erica/cat-brain/install/serial/share/serial/environment/library_path.sh
[0.730s] -- Up-to-date: /home/erica/cat-brain/install/serial/share/serial/environment/library_path.dsv
[0.731s] -- Up-to-date: /home/erica/cat-brain/install/serial/lib/libserial.a
[0.732s] -- Up-to-date: /home/erica/cat-brain/install/serial/include/serial/serial.h
[0.734s] -- Up-to-date: /home/erica/cat-brain/install/serial/include/serial/v8stdint.h
[0.735s] -- Up-to-date: /home/erica/cat-brain/install/serial/share/ament_index/resource_index/package_run_dependencies/serial
[0.736s] -- Up-to-date: /home/erica/cat-brain/install/serial/share/ament_index/resource_index/parent_prefix_path/serial
[0.737s] -- Up-to-date: /home/erica/cat-brain/install/serial/share/serial/environment/ament_prefix_path.sh
[0.738s] -- Up-to-date: /home/erica/cat-brain/install/serial/share/serial/environment/ament_prefix_path.dsv
[0.739s] -- Up-to-date: /home/erica/cat-brain/install/serial/share/serial/environment/path.sh
[0.740s] -- Up-to-date: /home/erica/cat-brain/install/serial/share/serial/environment/path.dsv
[0.742s] -- Up-to-date: /home/erica/cat-brain/install/serial/share/serial/local_setup.bash
[0.743s] -- Up-to-date: /home/erica/cat-brain/install/serial/share/serial/local_setup.sh
[0.743s] -- Up-to-date: /home/erica/cat-brain/install/serial/share/serial/local_setup.zsh
[0.744s] -- Up-to-date: /home/erica/cat-brain/install/serial/share/serial/local_setup.dsv
[0.745s] -- Installing: /home/erica/cat-brain/install/serial/share/serial/package.dsv
[0.745s] -- Up-to-date: /home/erica/cat-brain/install/serial/share/ament_index/resource_index/packages/serial
[0.746s] -- Up-to-date: /home/erica/cat-brain/install/serial/share/serial/cmake/ament_cmake_export_include_directories-extras.cmake
[0.751s] -- Up-to-date: /home/erica/cat-brain/install/serial/share/serial/cmake/ament_cmake_export_libraries-extras.cmake
[0.752s] -- Up-to-date: /home/erica/cat-brain/install/serial/share/serial/cmake/serialConfig.cmake
[0.753s] -- Up-to-date: /home/erica/cat-brain/install/serial/share/serial/cmake/serialConfig-version.cmake
[0.754s] -- Up-to-date: /home/erica/cat-brain/install/serial/share/serial/package.xml
[0.755s] Invoked command in '/home/erica/cat-brain/build/serial' returned '0': CMAKE_PREFIX_PATH=${CMAKE_PREFIX_PATH}:/opt/ros/humble /usr/bin/cmake --install /home/erica/cat-brain/build/serial
