[0.047s] Invoking command in '/home/erica/mercedes-brain/build/brain': CMAKE_PREFIX_PATH=/home/erica/mercedes-brain/install/serial_com:/home/erica/mercedes-brain/install/teleop:/home/erica/mercedes-brain/install/serial:/home/erica/mercedes-brain/install/brain:/home/erica/test_ws/install/brain:/home/erica/test_ws/install/teleop:/home/erica/test_ws/install/serial_com:/home/erica/test_ws/install/serial:/opt/ros/humble /usr/bin/cmake /home/erica/mercedes-brain/src/brain -DCMAKE_INSTALL_PREFIX=/home/erica/mercedes-brain/install/brain
[0.291s] -- The C compiler identification is GNU 11.4.0
[0.535s] -- The CXX compiler identification is GNU 11.4.0
[0.561s] -- Detecting C compiler ABI info
[1.950s] -- Detecting C compiler ABI info - done
[1.975s] -- Check for working C compiler: /usr/bin/cc - skipped
[1.976s] -- Detecting C compile features
[1.977s] -- Detecting C compile features - done
[1.989s] -- Detecting CXX compiler ABI info
[3.023s] -- Detecting CXX compiler ABI info - done
[3.050s] -- Check for working CXX compiler: /usr/bin/c++ - skipped
[3.051s] -- Detecting CXX compile features
[3.053s] -- Detecting CXX compile features - done
[3.080s] -- Found ament_cmake: 1.3.11 (/opt/ros/humble/share/ament_cmake/cmake)
[3.827s] -- Found Python3: /usr/bin/python3 (found version "3.10.12") found components: Interpreter 
[4.491s] -- Found ament_lint_auto: 0.12.12 (/opt/ros/humble/share/ament_lint_auto/cmake)
[4.990s] -- Added test 'flake8' to check Python code syntax and style conventions
[4.994s] -- Added test 'lint_cmake' to check CMake code style
[4.998s] -- Added test 'pep257' to check Python code against some of the docstring style conventions in PEP 257
[5.006s] -- Added test 'xmllint' to check XML markup files
[5.016s] -- Configuring done
[5.039s] -- Generating done
[5.048s] -- Build files have been written to: /home/erica/mercedes-brain/build/brain
[5.066s] Invoked command in '/home/erica/mercedes-brain/build/brain' returned '0': CMAKE_PREFIX_PATH=/home/erica/mercedes-brain/install/serial_com:/home/erica/mercedes-brain/install/teleop:/home/erica/mercedes-brain/install/serial:/home/erica/mercedes-brain/install/brain:/home/erica/test_ws/install/brain:/home/erica/test_ws/install/teleop:/home/erica/test_ws/install/serial_com:/home/erica/test_ws/install/serial:/opt/ros/humble /usr/bin/cmake /home/erica/mercedes-brain/src/brain -DCMAKE_INSTALL_PREFIX=/home/erica/mercedes-brain/install/brain
[5.074s] Invoking command in '/home/erica/mercedes-brain/build/brain': CMAKE_PREFIX_PATH=/home/erica/mercedes-brain/install/serial_com:/home/erica/mercedes-brain/install/teleop:/home/erica/mercedes-brain/install/serial:/home/erica/mercedes-brain/install/brain:/home/erica/test_ws/install/brain:/home/erica/test_ws/install/teleop:/home/erica/test_ws/install/serial_com:/home/erica/test_ws/install/serial:/opt/ros/humble /usr/bin/cmake --build /home/erica/mercedes-brain/build/brain -- -j4 -l4
[5.225s] Invoked command in '/home/erica/mercedes-brain/build/brain' returned '0': CMAKE_PREFIX_PATH=/home/erica/mercedes-brain/install/serial_com:/home/erica/mercedes-brain/install/teleop:/home/erica/mercedes-brain/install/serial:/home/erica/mercedes-brain/install/brain:/home/erica/test_ws/install/brain:/home/erica/test_ws/install/teleop:/home/erica/test_ws/install/serial_com:/home/erica/test_ws/install/serial:/opt/ros/humble /usr/bin/cmake --build /home/erica/mercedes-brain/build/brain -- -j4 -l4
[5.234s] Invoking command in '/home/erica/mercedes-brain/build/brain': CMAKE_PREFIX_PATH=/home/erica/mercedes-brain/install/serial_com:/home/erica/mercedes-brain/install/teleop:/home/erica/mercedes-brain/install/serial:/home/erica/mercedes-brain/install/brain:/home/erica/test_ws/install/brain:/home/erica/test_ws/install/teleop:/home/erica/test_ws/install/serial_com:/home/erica/test_ws/install/serial:/opt/ros/humble /usr/bin/cmake --install /home/erica/mercedes-brain/build/brain
[5.261s] -- Install configuration: ""
[5.262s] -- Installing: /home/erica/mercedes-brain/install/brain/share/brain/launch
[5.263s] -- Installing: /home/erica/mercedes-brain/install/brain/share/brain/launch/launch.py
[5.264s] -- Installing: /home/erica/mercedes-brain/install/brain/share/brain/config
[5.265s] -- Installing: /home/erica/mercedes-brain/install/brain/share/brain/config/.gitkeep
[5.267s] -- Installing: /home/erica/mercedes-brain/install/brain/share/ament_index/resource_index/package_run_dependencies/brain
[5.269s] -- Installing: /home/erica/mercedes-brain/install/brain/share/ament_index/resource_index/parent_prefix_path/brain
[5.271s] -- Installing: /home/erica/mercedes-brain/install/brain/share/brain/environment/ament_prefix_path.sh
[5.273s] -- Installing: /home/erica/mercedes-brain/install/brain/share/brain/environment/ament_prefix_path.dsv
[5.274s] -- Installing: /home/erica/mercedes-brain/install/brain/share/brain/environment/path.sh
[5.275s] -- Installing: /home/erica/mercedes-brain/install/brain/share/brain/environment/path.dsv
[5.277s] -- Installing: /home/erica/mercedes-brain/install/brain/share/brain/local_setup.bash
[5.278s] -- Installing: /home/erica/mercedes-brain/install/brain/share/brain/local_setup.sh
[5.280s] -- Installing: /home/erica/mercedes-brain/install/brain/share/brain/local_setup.zsh
[5.281s] -- Installing: /home/erica/mercedes-brain/install/brain/share/brain/local_setup.dsv
[5.282s] -- Installing: /home/erica/mercedes-brain/install/brain/share/brain/package.dsv
[5.284s] -- Installing: /home/erica/mercedes-brain/install/brain/share/ament_index/resource_index/packages/brain
[5.286s] -- Installing: /home/erica/mercedes-brain/install/brain/share/brain/cmake/brainConfig.cmake
[5.287s] -- Installing: /home/erica/mercedes-brain/install/brain/share/brain/cmake/brainConfig-version.cmake
[5.289s] -- Installing: /home/erica/mercedes-brain/install/brain/share/brain/package.xml
[5.298s] Invoked command in '/home/erica/mercedes-brain/build/brain' returned '0': CMAKE_PREFIX_PATH=/home/erica/mercedes-brain/install/serial_com:/home/erica/mercedes-brain/install/teleop:/home/erica/mercedes-brain/install/serial:/home/erica/mercedes-brain/install/brain:/home/erica/test_ws/install/brain:/home/erica/test_ws/install/teleop:/home/erica/test_ws/install/serial_com:/home/erica/test_ws/install/serial:/opt/ros/humble /usr/bin/cmake --install /home/erica/mercedes-brain/build/brain
