[0.050s] Invoking command in '/home/erica/test_ws/build/serial_com': AMENT_PREFIX_PATH=/home/erica/test_ws/install/serial:${AMENT_PREFIX_PATH} CMAKE_PREFIX_PATH=/home/erica/test_ws/install/serial:/opt/ros/humble LD_LIBRARY_PATH=/home/erica/test_ws/install/serial/lib:${LD_LIBRARY_PATH} /usr/bin/cmake /home/erica/test_ws/src/serial_com -DCMAKE_INSTALL_PREFIX=/home/erica/test_ws/install/serial_com
[0.102s] -- Found ament_cmake: 1.3.11 (/opt/ros/humble/share/ament_cmake/cmake)
[0.643s] -- Found rclcpp: 16.0.12 (/opt/ros/humble/share/rclcpp/cmake)
[0.798s] -- Found rosidl_generator_c: 3.1.6 (/opt/ros/humble/share/rosidl_generator_c/cmake)
[0.809s] -- Found rosidl_adapter: 3.1.6 (/opt/ros/humble/share/rosidl_adapter/cmake)
[0.832s] -- Found rosidl_generator_cpp: 3.1.6 (/opt/ros/humble/share/rosidl_generator_cpp/cmake)
[0.869s] -- Using all available rosidl_typesupport_c: rosidl_typesupport_fastrtps_c;rosidl_typesupport_introspection_c
[0.917s] -- Using all available rosidl_typesupport_cpp: rosidl_typesupport_fastrtps_cpp;rosidl_typesupport_introspection_cpp
[1.039s] -- Found rmw_implementation_cmake: 6.1.2 (/opt/ros/humble/share/rmw_implementation_cmake/cmake)
[1.045s] -- Found rmw_fastrtps_cpp: 6.2.7 (/opt/ros/humble/share/rmw_fastrtps_cpp/cmake)
[1.815s] -- Using RMW implementation 'rmw_fastrtps_cpp' as default
[1.997s] -- Found serial: 1.2.1 (/home/erica/test_ws/install/serial/share/serial/cmake)
[2.136s] [31mCMake Error at CMakeLists.txt:12 (find_package):
[2.136s]   By not providing "Findackermann_msgs.cmake" in CMAKE_MODULE_PATH this
[2.136s]   project has asked CMake to find a package configuration file provided by
[2.137s]   "ackermann_msgs", but CMake did not find one.
[2.137s] 
[2.138s]   Could not find a package configuration file provided by "ackermann_msgs"
[2.138s]   with any of the following names:
[2.138s] 
[2.139s]     ackermann_msgsConfig.cmake
[2.139s]     ackermann_msgs-config.cmake
[2.140s] 
[2.140s]   Add the installation prefix of "ackermann_msgs" to CMAKE_PREFIX_PATH or set
[2.141s]   "ackermann_msgs_DIR" to a directory containing one of the above files.  If
[2.142s]   "ackermann_msgs" provides a separate development package or SDK, be sure it
[2.143s]   has been installed.
[2.144s] 
[2.145s] [0m
[2.145s] -- Configuring incomplete, errors occurred!
[2.146s] See also "/home/erica/test_ws/build/serial_com/CMakeFiles/CMakeOutput.log".
[2.160s] Invoked command in '/home/erica/test_ws/build/serial_com' returned '1': AMENT_PREFIX_PATH=/home/erica/test_ws/install/serial:${AMENT_PREFIX_PATH} CMAKE_PREFIX_PATH=/home/erica/test_ws/install/serial:/opt/ros/humble LD_LIBRARY_PATH=/home/erica/test_ws/install/serial/lib:${LD_LIBRARY_PATH} /usr/bin/cmake /home/erica/test_ws/src/serial_com -DCMAKE_INSTALL_PREFIX=/home/erica/test_ws/install/serial_com
