[0.090s] Invoking command in '/home/erica/cat-brain/build/serial': CMAKE_PREFIX_PATH=${CMAKE_PREFIX_PATH}:/opt/ros/humble /usr/bin/cmake --build /home/erica/cat-brain/build/serial -- -j4 -l4
[0.327s] [100%] Built target serial
[0.369s] Invoked command in '/home/erica/cat-brain/build/serial' returned '0': CMAKE_PREFIX_PATH=${CMAKE_PREFIX_PATH}:/opt/ros/humble /usr/bin/cmake --build /home/erica/cat-brain/build/serial -- -j4 -l4
[0.410s] Invoking command in '/home/erica/cat-brain/build/serial': CMAKE_PREFIX_PATH=${CMAKE_PREFIX_PATH}:/opt/ros/humble /usr/bin/cmake --install /home/erica/cat-brain/build/serial
[0.456s] -- Install configuration: ""
[0.457s] -- Up-to-date: /home/erica/cat-brain/install/serial/share/serial/environment/library_path.sh
[0.458s] -- Up-to-date: /home/erica/cat-brain/install/serial/share/serial/environment/library_path.dsv
[0.462s] -- Up-to-date: /home/erica/cat-brain/install/serial/lib/libserial.a
[0.464s] -- Up-to-date: /home/erica/cat-brain/install/serial/include/serial/serial.h
[0.465s] -- Up-to-date: /home/erica/cat-brain/install/serial/include/serial/v8stdint.h
[0.465s] -- Up-to-date: /home/erica/cat-brain/install/serial/share/ament_index/resource_index/package_run_dependencies/serial
[0.466s] -- Up-to-date: /home/erica/cat-brain/install/serial/share/ament_index/resource_index/parent_prefix_path/serial
[0.467s] -- Up-to-date: /home/erica/cat-brain/install/serial/share/serial/environment/ament_prefix_path.sh
[0.474s] -- Up-to-date: /home/erica/cat-brain/install/serial/share/serial/environment/ament_prefix_path.dsv
[0.475s] -- Up-to-date: /home/erica/cat-brain/install/serial/share/serial/environment/path.sh
[0.475s] -- Up-to-date: /home/erica/cat-brain/install/serial/share/serial/environment/path.dsv
[0.476s] -- Up-to-date: /home/erica/cat-brain/install/serial/share/serial/local_setup.bash
[0.476s] -- Up-to-date: /home/erica/cat-brain/install/serial/share/serial/local_setup.sh
[0.477s] -- Up-to-date: /home/erica/cat-brain/install/serial/share/serial/local_setup.zsh
[0.477s] -- Up-to-date: /home/erica/cat-brain/install/serial/share/serial/local_setup.dsv
[0.478s] -- Installing: /home/erica/cat-brain/install/serial/share/serial/package.dsv
[0.478s] -- Up-to-date: /home/erica/cat-brain/install/serial/share/ament_index/resource_index/packages/serial
[0.478s] -- Up-to-date: /home/erica/cat-brain/install/serial/share/serial/cmake/ament_cmake_export_include_directories-extras.cmake
[0.479s] -- Up-to-date: /home/erica/cat-brain/install/serial/share/serial/cmake/ament_cmake_export_libraries-extras.cmake
[0.479s] -- Up-to-date: /home/erica/cat-brain/install/serial/share/serial/cmake/serialConfig.cmake
[0.480s] -- Up-to-date: /home/erica/cat-brain/install/serial/share/serial/cmake/serialConfig-version.cmake
[0.480s] -- Up-to-date: /home/erica/cat-brain/install/serial/share/serial/package.xml
[0.502s] Invoked command in '/home/erica/cat-brain/build/serial' returned '0': CMAKE_PREFIX_PATH=${CMAKE_PREFIX_PATH}:/opt/ros/humble /usr/bin/cmake --install /home/erica/cat-brain/build/serial
