[0.059s] Invoking command in '/home/erica/mercedes-brain/build/serial': CMAKE_PREFIX_PATH=${CMAKE_PREFIX_PATH}:/opt/ros/humble /usr/bin/cmake /home/erica/mercedes-brain/src/serial-ros2 -DCMAKE_INSTALL_PREFIX=/home/erica/mercedes-brain/install/serial
[0.878s] -- The C compiler identification is GNU 11.4.0
[1.626s] -- The CXX compiler identification is GNU 11.4.0
[1.675s] -- Detecting C compiler ABI info
[2.044s] -- Detecting C compiler ABI info - done
[2.071s] -- Check for working C compiler: /usr/bin/cc - skipped
[2.074s] -- Detecting C compile features
[2.077s] -- Detecting C compile features - done
[2.093s] -- Detecting CXX compiler ABI info
[2.499s] -- Detecting CXX compiler ABI info - done
[2.528s] -- Check for working CXX compiler: /usr/bin/c++ - skipped
[2.529s] -- Detecting CXX compile features
[2.531s] -- Detecting CXX compile features - done
[2.571s] -- Found ament_cmake: 1.3.11 (/opt/ros/humble/share/ament_cmake/cmake)
[3.488s] -- Found Python3: /usr/bin/python3 (found version "3.10.12") found components: Interpreter 
[4.535s] -- Configuring done
[4.563s] -- Generating done
[4.577s] -- Build files have been written to: /home/erica/mercedes-brain/build/serial
[4.592s] Invoked command in '/home/erica/mercedes-brain/build/serial' returned '0': CMAKE_PREFIX_PATH=${CMAKE_PREFIX_PATH}:/opt/ros/humble /usr/bin/cmake /home/erica/mercedes-brain/src/serial-ros2 -DCMAKE_INSTALL_PREFIX=/home/erica/mercedes-brain/install/serial
[4.605s] Invoking command in '/home/erica/mercedes-brain/build/serial': CMAKE_PREFIX_PATH=${CMAKE_PREFIX_PATH}:/opt/ros/humble /usr/bin/cmake --build /home/erica/mercedes-brain/build/serial -- -j4 -l4
[4.812s] [ 25%] [32mBuilding CXX object CMakeFiles/serial.dir/src/impl/unix.cc.o[0m
[4.823s] [ 50%] [32mBuilding CXX object CMakeFiles/serial.dir/src/serial.cc.o[0m
[4.832s] [ 75%] [32mBuilding CXX object CMakeFiles/serial.dir/src/impl/list_ports/list_ports_linux.cc.o[0m
[8.163s] [100%] [32m[1mLinking CXX static library libserial.a[0m
[8.342s] [100%] Built target serial
[8.390s] Invoked command in '/home/erica/mercedes-brain/build/serial' returned '0': CMAKE_PREFIX_PATH=${CMAKE_PREFIX_PATH}:/opt/ros/humble /usr/bin/cmake --build /home/erica/mercedes-brain/build/serial -- -j4 -l4
[8.429s] Invoking command in '/home/erica/mercedes-brain/build/serial': CMAKE_PREFIX_PATH=${CMAKE_PREFIX_PATH}:/opt/ros/humble /usr/bin/cmake --install /home/erica/mercedes-brain/build/serial
[8.458s] -- Install configuration: ""
[8.459s] -- Installing: /home/erica/mercedes-brain/install/serial/share/serial/environment/library_path.sh
[8.463s] -- Installing: /home/erica/mercedes-brain/install/serial/share/serial/environment/library_path.dsv
[8.469s] -- Installing: /home/erica/mercedes-brain/install/serial/lib/libserial.a
[8.470s] -- Installing: /home/erica/mercedes-brain/install/serial/include/serial/serial.h
[8.471s] -- Installing: /home/erica/mercedes-brain/install/serial/include/serial/v8stdint.h
[8.473s] -- Installing: /home/erica/mercedes-brain/install/serial/share/ament_index/resource_index/package_run_dependencies/serial
[8.475s] -- Installing: /home/erica/mercedes-brain/install/serial/share/ament_index/resource_index/parent_prefix_path/serial
[8.476s] -- Installing: /home/erica/mercedes-brain/install/serial/share/serial/environment/ament_prefix_path.sh
[8.478s] -- Installing: /home/erica/mercedes-brain/install/serial/share/serial/environment/ament_prefix_path.dsv
[8.479s] -- Installing: /home/erica/mercedes-brain/install/serial/share/serial/environment/path.sh
[8.482s] -- Installing: /home/erica/mercedes-brain/install/serial/share/serial/environment/path.dsv
[8.485s] -- Installing: /home/erica/mercedes-brain/install/serial/share/serial/local_setup.bash
[8.486s] -- Installing: /home/erica/mercedes-brain/install/serial/share/serial/local_setup.sh
[8.486s] -- Installing: /home/erica/mercedes-brain/install/serial/share/serial/local_setup.zsh
[8.487s] -- Installing: /home/erica/mercedes-brain/install/serial/share/serial/local_setup.dsv
[8.489s] -- Installing: /home/erica/mercedes-brain/install/serial/share/serial/package.dsv
[8.491s] -- Installing: /home/erica/mercedes-brain/install/serial/share/ament_index/resource_index/packages/serial
[8.492s] -- Installing: /home/erica/mercedes-brain/install/serial/share/serial/cmake/ament_cmake_export_include_directories-extras.cmake
[8.494s] -- Installing: /home/erica/mercedes-brain/install/serial/share/serial/cmake/ament_cmake_export_libraries-extras.cmake
[8.496s] -- Installing: /home/erica/mercedes-brain/install/serial/share/serial/cmake/serialConfig.cmake
[8.497s] -- Installing: /home/erica/mercedes-brain/install/serial/share/serial/cmake/serialConfig-version.cmake
[8.498s] -- Installing: /home/erica/mercedes-brain/install/serial/share/serial/package.xml
[8.507s] Invoked command in '/home/erica/mercedes-brain/build/serial' returned '0': CMAKE_PREFIX_PATH=${CMAKE_PREFIX_PATH}:/opt/ros/humble /usr/bin/cmake --install /home/erica/mercedes-brain/build/serial
