[0.053s] Invoking command in '/home/erica/test_ws/build/teleop': CMAKE_PREFIX_PATH=/opt/ros/humble /usr/bin/cmake /home/erica/test_ws/src/teleop -DCMAKE_INSTALL_PREFIX=/home/erica/test_ws/install/teleop
[1.190s] -- The C compiler identification is GNU 11.4.0
[1.925s] -- The CXX compiler identification is GNU 11.4.0
[1.970s] -- Detecting C compiler ABI info
[2.338s] -- Detecting C compiler ABI info - done
[2.364s] -- Check for working C compiler: /usr/bin/cc - skipped
[2.366s] -- Detecting C compile features
[2.369s] -- Detecting C compile features - done
[2.386s] -- Detecting CXX compiler ABI info
[2.748s] -- Detecting CXX compiler ABI info - done
[2.776s] -- Check for working CXX compiler: /usr/bin/c++ - skipped
[2.777s] -- Detecting CXX compile features
[2.778s] -- Detecting CXX compile features - done
[2.818s] -- Found ament_cmake: 1.3.11 (/opt/ros/humble/share/ament_cmake/cmake)
[3.659s] -- Found Python3: /usr/bin/python3 (found version "3.10.12") found components: Interpreter 
[4.316s] -- Found rclcpp: 16.0.12 (/opt/ros/humble/share/rclcpp/cmake)
[4.710s] -- Found rosidl_generator_c: 3.1.6 (/opt/ros/humble/share/rosidl_generator_c/cmake)
[4.760s] -- Found rosidl_adapter: 3.1.6 (/opt/ros/humble/share/rosidl_adapter/cmake)
[4.832s] -- Found rosidl_generator_cpp: 3.1.6 (/opt/ros/humble/share/rosidl_generator_cpp/cmake)
[4.931s] -- Using all available rosidl_typesupport_c: rosidl_typesupport_fastrtps_c;rosidl_typesupport_introspection_c
[5.056s] -- Using all available rosidl_typesupport_cpp: rosidl_typesupport_fastrtps_cpp;rosidl_typesupport_introspection_cpp
[5.409s] -- Found rmw_implementation_cmake: 6.1.2 (/opt/ros/humble/share/rmw_implementation_cmake/cmake)
[5.436s] -- Found rmw_fastrtps_cpp: 6.2.7 (/opt/ros/humble/share/rmw_fastrtps_cpp/cmake)
[6.011s] -- Found OpenSSL: /usr/lib/aarch64-linux-gnu/libcrypto.so (found version "3.0.2")  
[6.348s] -- Found FastRTPS: /opt/ros/humble/include  
[6.690s] -- Using RMW implementation 'rmw_fastrtps_cpp' as default
[6.773s] -- Looking for pthread.h
[7.144s] -- Looking for pthread.h - found
[7.145s] -- Performing Test CMAKE_HAVE_LIBC_PTHREAD
[7.475s] -- Performing Test CMAKE_HAVE_LIBC_PTHREAD - Success
[7.480s] -- Found Threads: TRUE  
[7.823s] -- Found sensor_msgs: 4.8.0 (/opt/ros/humble/share/sensor_msgs/cmake)
[8.136s] [31mCMake Error at CMakeLists.txt:12 (find_package):
[8.136s]   By not providing "Findackermann_msgs.cmake" in CMAKE_MODULE_PATH this
[8.136s]   project has asked CMake to find a package configuration file provided by
[8.137s]   "ackermann_msgs", but CMake did not find one.
[8.137s] 
[8.138s]   Could not find a package configuration file provided by "ackermann_msgs"
[8.138s]   with any of the following names:
[8.138s] 
[8.139s]     ackermann_msgsConfig.cmake
[8.140s]     ackermann_msgs-config.cmake
[8.140s] 
[8.140s]   Add the installation prefix of "ackermann_msgs" to CMAKE_PREFIX_PATH or set
[8.141s]   "ackermann_msgs_DIR" to a directory containing one of the above files.  If
[8.141s]   "ackermann_msgs" provides a separate development package or SDK, be sure it
[8.142s]   has been installed.
[8.143s] 
[8.144s] [0m
[8.144s] -- Configuring incomplete, errors occurred!
[8.145s] See also "/home/erica/test_ws/build/teleop/CMakeFiles/CMakeOutput.log".
