[0.047s] Invoking command in '/home/erica/cat-brain/build/gpio': CMAKE_PREFIX_PATH=${CMAKE_PREFIX_PATH}:/opt/ros/humble /usr/bin/cmake --build /home/erica/cat-brain/build/gpio -- -j4 -l4
[0.226s] [35m[1mConsolidate compiler generated dependencies of target gpio_node[0m
[0.317s] [ 50%] [32mBuilding CXX object CMakeFiles/gpio_node.dir/src/gpio_node.cpp.o[0m
[31.292s] [100%] [32m[1mLinking CXX executable gpio_node[0m
[33.161s] [100%] Built target gpio_node
[33.201s] Invoked command in '/home/erica/cat-brain/build/gpio' returned '0': CMAKE_PREFIX_PATH=${CMAKE_PREFIX_PATH}:/opt/ros/humble /usr/bin/cmake --build /home/erica/cat-brain/build/gpio -- -j4 -l4
[33.240s] Invoking command in '/home/erica/cat-brain/build/gpio': CMAKE_PREFIX_PATH=${CMAKE_PREFIX_PATH}:/opt/ros/humble /usr/bin/cmake --install /home/erica/cat-brain/build/gpio
[33.267s] -- Install configuration: ""
[33.268s] -- Installing: /home/erica/cat-brain/install/gpio/lib/gpio/gpio_node
[33.294s] -- Set runtime path of "/home/erica/cat-brain/install/gpio/lib/gpio/gpio_node" to ""
[33.295s] -- Up-to-date: /home/erica/cat-brain/install/gpio/share/gpio/launch
[33.295s] -- Up-to-date: /home/erica/cat-brain/install/gpio/share/gpio/launch/launch.py
[33.296s] -- Up-to-date: /home/erica/cat-brain/install/gpio/share/gpio/config
[33.296s] -- Up-to-date: /home/erica/cat-brain/install/gpio/share/gpio/config/.gitkeep
[33.297s] -- Up-to-date: /home/erica/cat-brain/install/gpio/share/ament_index/resource_index/package_run_dependencies/gpio
[33.298s] -- Up-to-date: /home/erica/cat-brain/install/gpio/share/ament_index/resource_index/parent_prefix_path/gpio
[33.299s] -- Up-to-date: /home/erica/cat-brain/install/gpio/share/gpio/environment/ament_prefix_path.sh
[33.299s] -- Up-to-date: /home/erica/cat-brain/install/gpio/share/gpio/environment/ament_prefix_path.dsv
[33.299s] -- Up-to-date: /home/erica/cat-brain/install/gpio/share/gpio/environment/path.sh
[33.300s] -- Up-to-date: /home/erica/cat-brain/install/gpio/share/gpio/environment/path.dsv
[33.300s] -- Up-to-date: /home/erica/cat-brain/install/gpio/share/gpio/local_setup.bash
[33.301s] -- Up-to-date: /home/erica/cat-brain/install/gpio/share/gpio/local_setup.sh
[33.301s] -- Up-to-date: /home/erica/cat-brain/install/gpio/share/gpio/local_setup.zsh
[33.301s] -- Up-to-date: /home/erica/cat-brain/install/gpio/share/gpio/local_setup.dsv
[33.302s] -- Installing: /home/erica/cat-brain/install/gpio/share/gpio/package.dsv
[33.303s] -- Up-to-date: /home/erica/cat-brain/install/gpio/share/ament_index/resource_index/packages/gpio
[33.303s] -- Up-to-date: /home/erica/cat-brain/install/gpio/share/gpio/cmake/gpioConfig.cmake
[33.303s] -- Up-to-date: /home/erica/cat-brain/install/gpio/share/gpio/cmake/gpioConfig-version.cmake
[33.304s] -- Up-to-date: /home/erica/cat-brain/install/gpio/share/gpio/package.xml
[33.307s] Invoked command in '/home/erica/cat-brain/build/gpio' returned '0': CMAKE_PREFIX_PATH=${CMAKE_PREFIX_PATH}:/opt/ros/humble /usr/bin/cmake --install /home/erica/cat-brain/build/gpio
