[0.086s] Invoking command in '/home/erica/cat-brain/build/serial': CMAKE_PREFIX_PATH=${CMAKE_PREFIX_PATH}:/opt/ros/humble /usr/bin/cmake --build /home/erica/cat-brain/build/serial -- -j4 -l4
[0.306s] [100%] Built target serial
[0.349s] Invoked command in '/home/erica/cat-brain/build/serial' returned '0': CMAKE_PREFIX_PATH=${CMAKE_PREFIX_PATH}:/opt/ros/humble /usr/bin/cmake --build /home/erica/cat-brain/build/serial -- -j4 -l4
[0.388s] Invoking command in '/home/erica/cat-brain/build/serial': CMAKE_PREFIX_PATH=${CMAKE_PREFIX_PATH}:/opt/ros/humble /usr/bin/cmake --install /home/erica/cat-brain/build/serial
[0.417s] -- Install configuration: ""
[0.418s] -- Up-to-date: /home/erica/cat-brain/install/serial/share/serial/environment/library_path.sh
[0.419s] -- Up-to-date: /home/erica/cat-brain/install/serial/share/serial/environment/library_path.dsv
[0.420s] -- Up-to-date: /home/erica/cat-brain/install/serial/lib/libserial.a
[0.434s] -- Up-to-date: /home/erica/cat-brain/install/serial/include/serial/serial.h
[0.435s] -- Up-to-date: /home/erica/cat-brain/install/serial/include/serial/v8stdint.h
[0.435s] -- Up-to-date: /home/erica/cat-brain/install/serial/share/ament_index/resource_index/package_run_dependencies/serial
[0.436s] -- Up-to-date: /home/erica/cat-brain/install/serial/share/ament_index/resource_index/parent_prefix_path/serial
[0.439s] -- Up-to-date: /home/erica/cat-brain/install/serial/share/serial/environment/ament_prefix_path.sh
[0.440s] -- Up-to-date: /home/erica/cat-brain/install/serial/share/serial/environment/ament_prefix_path.dsv
[0.440s] -- Up-to-date: /home/erica/cat-brain/install/serial/share/serial/environment/path.sh
[0.441s] -- Up-to-date: /home/erica/cat-brain/install/serial/share/serial/environment/path.dsv
[0.441s] -- Up-to-date: /home/erica/cat-brain/install/serial/share/serial/local_setup.bash
[0.442s] -- Up-to-date: /home/erica/cat-brain/install/serial/share/serial/local_setup.sh
[0.447s] -- Up-to-date: /home/erica/cat-brain/install/serial/share/serial/local_setup.zsh
[0.448s] -- Up-to-date: /home/erica/cat-brain/install/serial/share/serial/local_setup.dsv
[0.449s] -- Installing: /home/erica/cat-brain/install/serial/share/serial/package.dsv
[0.457s] -- Up-to-date: /home/erica/cat-brain/install/serial/share/ament_index/resource_index/packages/serial
[0.460s] -- Up-to-date: /home/erica/cat-brain/install/serial/share/serial/cmake/ament_cmake_export_include_directories-extras.cmake
[0.465s] -- Up-to-date: /home/erica/cat-brain/install/serial/share/serial/cmake/ament_cmake_export_libraries-extras.cmake
[0.467s] -- Up-to-date: /home/erica/cat-brain/install/serial/share/serial/cmake/serialConfig.cmake
[0.468s] -- Up-to-date: /home/erica/cat-brain/install/serial/share/serial/cmake/serialConfig-version.cmake
[0.469s] -- Up-to-date: /home/erica/cat-brain/install/serial/share/serial/package.xml
[0.474s] Invoked command in '/home/erica/cat-brain/build/serial' returned '0': CMAKE_PREFIX_PATH=${CMAKE_PREFIX_PATH}:/opt/ros/humble /usr/bin/cmake --install /home/erica/cat-brain/build/serial
