[0.419s] DEBUG:colcon:Command line arguments: ['/usr/bin/colcon', 'build', '--packages-select', 'serial_com']
[0.419s] DEBUG:colcon:Parsed command line arguments: Namespace(log_base=None, log_level=None, verb_name='build', build_base='build', install_base='install', merge_install=False, symlink_install=False, test_result_base=None, continue_on_error=False, executor='parallel', parallel_workers=4, event_handlers=None, ignore_user_meta=False, metas=['./colcon.meta'], base_paths=['.'], packages_ignore=None, packages_ignore_regex=None, paths=None, packages_up_to=None, packages_up_to_regex=None, packages_above=None, packages_above_and_dependencies=None, packages_above_depth=None, packages_select_by_dep=None, packages_skip_by_dep=None, packages_skip_up_to=None, packages_select_build_failed=False, packages_skip_build_finished=False, packages_select_test_failures=False, packages_skip_test_passed=False, packages_select=['serial_com'], packages_skip=None, packages_select_regex=None, packages_skip_regex=None, packages_start=None, packages_end=None, allow_overriding=[], cmake_args=None, cmake_target=None, cmake_target_skip_unavailable=False, cmake_clean_cache=False, cmake_clean_first=False, cmake_force_configure=False, ament_cmake_args=None, catkin_cmake_args=None, catkin_skip_building_tests=False, verb_parser=<colcon_defaults.argument_parser.defaults.DefaultArgumentsDecorator object at 0xffff8f983010>, verb_extension=<colcon_core.verb.build.BuildVerb object at 0xffff8fabc4c0>, main=<bound method BuildVerb.main of <colcon_core.verb.build.BuildVerb object at 0xffff8fabc4c0>>)
[1.175s] Level 1:colcon.colcon_core.package_discovery:discover_packages(colcon_meta) check parameters
[1.176s] Level 1:colcon.colcon_core.package_discovery:discover_packages(recursive) check parameters
[1.176s] Level 1:colcon.colcon_core.package_discovery:discover_packages(ignore) check parameters
[1.176s] Level 1:colcon.colcon_core.package_discovery:discover_packages(path) check parameters
[1.176s] Level 1:colcon.colcon_core.package_discovery:discover_packages(colcon_meta) discover
[1.177s] Level 1:colcon.colcon_core.package_discovery:discover_packages(recursive) discover
[1.177s] INFO:colcon.colcon_core.package_discovery:Crawling recursively for packages in '/home/erica/test_ws'
[1.177s] Level 1:colcon.colcon_core.package_identification:_identify(.) by extensions ['ignore', 'ignore_ament_install']
[1.178s] Level 1:colcon.colcon_core.package_identification:_identify(.) by extension 'ignore'
[1.178s] Level 1:colcon.colcon_core.package_identification:_identify(.) by extension 'ignore_ament_install'
[1.178s] Level 1:colcon.colcon_core.package_identification:_identify(.) by extensions ['colcon_pkg']
[1.178s] Level 1:colcon.colcon_core.package_identification:_identify(.) by extension 'colcon_pkg'
[1.178s] Level 1:colcon.colcon_core.package_identification:_identify(.) by extensions ['colcon_meta']
[1.178s] Level 1:colcon.colcon_core.package_identification:_identify(.) by extension 'colcon_meta'
[1.179s] Level 1:colcon.colcon_core.package_identification:_identify(.) by extensions ['ros']
[1.179s] Level 1:colcon.colcon_core.package_identification:_identify(.) by extension 'ros'
[1.225s] Level 1:colcon.colcon_core.package_identification:_identify(.) by extensions ['cmake', 'python']
[1.225s] Level 1:colcon.colcon_core.package_identification:_identify(.) by extension 'cmake'
[1.225s] Level 1:colcon.colcon_core.package_identification:_identify(.) by extension 'python'
[1.226s] Level 1:colcon.colcon_core.package_identification:_identify(.) by extensions ['python_setup_py']
[1.226s] Level 1:colcon.colcon_core.package_identification:_identify(.) by extension 'python_setup_py'
[1.226s] Level 1:colcon.colcon_core.package_identification:_identify(build) by extensions ['ignore', 'ignore_ament_install']
[1.227s] Level 1:colcon.colcon_core.package_identification:_identify(build) by extension 'ignore'
[1.227s] Level 1:colcon.colcon_core.package_identification:_identify(build) ignored
[1.228s] Level 1:colcon.colcon_core.package_identification:_identify(install) by extensions ['ignore', 'ignore_ament_install']
[1.228s] Level 1:colcon.colcon_core.package_identification:_identify(install) by extension 'ignore'
[1.228s] Level 1:colcon.colcon_core.package_identification:_identify(install) ignored
[1.229s] Level 1:colcon.colcon_core.package_identification:_identify(log) by extensions ['ignore', 'ignore_ament_install']
[1.229s] Level 1:colcon.colcon_core.package_identification:_identify(log) by extension 'ignore'
[1.229s] Level 1:colcon.colcon_core.package_identification:_identify(log) ignored
[1.230s] Level 1:colcon.colcon_core.package_identification:_identify(src) by extensions ['ignore', 'ignore_ament_install']
[1.230s] Level 1:colcon.colcon_core.package_identification:_identify(src) by extension 'ignore'
[1.230s] Level 1:colcon.colcon_core.package_identification:_identify(src) by extension 'ignore_ament_install'
[1.231s] Level 1:colcon.colcon_core.package_identification:_identify(src) by extensions ['colcon_pkg']
[1.231s] Level 1:colcon.colcon_core.package_identification:_identify(src) by extension 'colcon_pkg'
[1.231s] Level 1:colcon.colcon_core.package_identification:_identify(src) by extensions ['colcon_meta']
[1.231s] Level 1:colcon.colcon_core.package_identification:_identify(src) by extension 'colcon_meta'
[1.231s] Level 1:colcon.colcon_core.package_identification:_identify(src) by extensions ['ros']
[1.231s] Level 1:colcon.colcon_core.package_identification:_identify(src) by extension 'ros'
[1.232s] Level 1:colcon.colcon_core.package_identification:_identify(src) by extensions ['cmake', 'python']
[1.232s] Level 1:colcon.colcon_core.package_identification:_identify(src) by extension 'cmake'
[1.232s] Level 1:colcon.colcon_core.package_identification:_identify(src) by extension 'python'
[1.232s] Level 1:colcon.colcon_core.package_identification:_identify(src) by extensions ['python_setup_py']
[1.232s] Level 1:colcon.colcon_core.package_identification:_identify(src) by extension 'python_setup_py'
[1.233s] Level 1:colcon.colcon_core.package_identification:_identify(src/serial-ros2) by extensions ['ignore', 'ignore_ament_install']
[1.233s] Level 1:colcon.colcon_core.package_identification:_identify(src/serial-ros2) by extension 'ignore'
[1.233s] Level 1:colcon.colcon_core.package_identification:_identify(src/serial-ros2) by extension 'ignore_ament_install'
[1.234s] Level 1:colcon.colcon_core.package_identification:_identify(src/serial-ros2) by extensions ['colcon_pkg']
[1.234s] Level 1:colcon.colcon_core.package_identification:_identify(src/serial-ros2) by extension 'colcon_pkg'
[1.234s] Level 1:colcon.colcon_core.package_identification:_identify(src/serial-ros2) by extensions ['colcon_meta']
[1.234s] Level 1:colcon.colcon_core.package_identification:_identify(src/serial-ros2) by extension 'colcon_meta'
[1.234s] Level 1:colcon.colcon_core.package_identification:_identify(src/serial-ros2) by extensions ['ros']
[1.234s] Level 1:colcon.colcon_core.package_identification:_identify(src/serial-ros2) by extension 'ros'
[1.243s] DEBUG:colcon.colcon_core.package_identification:Package 'src/serial-ros2' with type 'ros.ament_cmake' and name 'serial'
[1.243s] Level 1:colcon.colcon_core.package_identification:_identify(src/serial_com) by extensions ['ignore', 'ignore_ament_install']
[1.244s] Level 1:colcon.colcon_core.package_identification:_identify(src/serial_com) by extension 'ignore'
[1.244s] Level 1:colcon.colcon_core.package_identification:_identify(src/serial_com) by extension 'ignore_ament_install'
[1.244s] Level 1:colcon.colcon_core.package_identification:_identify(src/serial_com) by extensions ['colcon_pkg']
[1.244s] Level 1:colcon.colcon_core.package_identification:_identify(src/serial_com) by extension 'colcon_pkg'
[1.245s] Level 1:colcon.colcon_core.package_identification:_identify(src/serial_com) by extensions ['colcon_meta']
[1.245s] Level 1:colcon.colcon_core.package_identification:_identify(src/serial_com) by extension 'colcon_meta'
[1.245s] Level 1:colcon.colcon_core.package_identification:_identify(src/serial_com) by extensions ['ros']
[1.245s] Level 1:colcon.colcon_core.package_identification:_identify(src/serial_com) by extension 'ros'
[1.249s] DEBUG:colcon.colcon_core.package_identification:Package 'src/serial_com' with type 'ros.ament_cmake' and name 'serial_com'
[1.249s] Level 1:colcon.colcon_core.package_identification:_identify(src/teleop) by extensions ['ignore', 'ignore_ament_install']
[1.250s] Level 1:colcon.colcon_core.package_identification:_identify(src/teleop) by extension 'ignore'
[1.250s] Level 1:colcon.colcon_core.package_identification:_identify(src/teleop) by extension 'ignore_ament_install'
[1.250s] Level 1:colcon.colcon_core.package_identification:_identify(src/teleop) by extensions ['colcon_pkg']
[1.250s] Level 1:colcon.colcon_core.package_identification:_identify(src/teleop) by extension 'colcon_pkg'
[1.250s] Level 1:colcon.colcon_core.package_identification:_identify(src/teleop) by extensions ['colcon_meta']
[1.251s] Level 1:colcon.colcon_core.package_identification:_identify(src/teleop) by extension 'colcon_meta'
[1.251s] Level 1:colcon.colcon_core.package_identification:_identify(src/teleop) by extensions ['ros']
[1.251s] Level 1:colcon.colcon_core.package_identification:_identify(src/teleop) by extension 'ros'
[1.254s] DEBUG:colcon.colcon_core.package_identification:Package 'src/teleop' with type 'ros.ament_cmake' and name 'teleop'
[1.254s] Level 1:colcon.colcon_core.package_discovery:discover_packages(recursive) using defaults
[1.254s] Level 1:colcon.colcon_core.package_discovery:discover_packages(ignore) discover
[1.255s] Level 1:colcon.colcon_core.package_discovery:discover_packages(ignore) using defaults
[1.255s] Level 1:colcon.colcon_core.package_discovery:discover_packages(path) discover
[1.255s] Level 1:colcon.colcon_core.package_discovery:discover_packages(path) using defaults
[1.328s] INFO:colcon.colcon_core.package_selection:Skipping not selected package 'serial' in 'src/serial-ros2'
[1.329s] INFO:colcon.colcon_core.package_selection:Skipping not selected package 'teleop' in 'src/teleop'
[1.330s] Level 1:colcon.colcon_core.package_discovery:discover_packages(prefix_path) check parameters
[1.330s] Level 1:colcon.colcon_core.package_discovery:discover_packages(prefix_path) discover
[1.338s] DEBUG:colcon.colcon_installed_package_information.package_discovery:Found 3 installed packages in /home/erica/test_ws/install
[1.347s] DEBUG:colcon.colcon_installed_package_information.package_discovery:Found 272 installed packages in /opt/ros/humble
[1.357s] Level 1:colcon.colcon_core.package_discovery:discover_packages(prefix_path) using defaults
[1.554s] Level 5:colcon.colcon_core.verb:set package 'serial_com' build argument 'cmake_args' from command line to 'None'
[1.555s] Level 5:colcon.colcon_core.verb:set package 'serial_com' build argument 'cmake_target' from command line to 'None'
[1.555s] Level 5:colcon.colcon_core.verb:set package 'serial_com' build argument 'cmake_target_skip_unavailable' from command line to 'False'
[1.555s] Level 5:colcon.colcon_core.verb:set package 'serial_com' build argument 'cmake_clean_cache' from command line to 'False'
[1.555s] Level 5:colcon.colcon_core.verb:set package 'serial_com' build argument 'cmake_clean_first' from command line to 'False'
[1.555s] Level 5:colcon.colcon_core.verb:set package 'serial_com' build argument 'cmake_force_configure' from command line to 'False'
[1.555s] Level 5:colcon.colcon_core.verb:set package 'serial_com' build argument 'ament_cmake_args' from command line to 'None'
[1.555s] Level 5:colcon.colcon_core.verb:set package 'serial_com' build argument 'catkin_cmake_args' from command line to 'None'
[1.556s] Level 5:colcon.colcon_core.verb:set package 'serial_com' build argument 'catkin_skip_building_tests' from command line to 'False'
[1.556s] DEBUG:colcon.colcon_core.verb:Building package 'serial_com' with the following arguments: {'ament_cmake_args': None, 'build_base': '/home/erica/test_ws/build/serial_com', 'catkin_cmake_args': None, 'catkin_skip_building_tests': False, 'cmake_args': None, 'cmake_clean_cache': False, 'cmake_clean_first': False, 'cmake_force_configure': False, 'cmake_target': None, 'cmake_target_skip_unavailable': False, 'install_base': '/home/erica/test_ws/install/serial_com', 'merge_install': False, 'path': '/home/erica/test_ws/src/serial_com', 'symlink_install': False, 'test_result_base': None}
[1.556s] INFO:colcon.colcon_core.executor:Executing jobs using 'parallel' executor
[1.560s] DEBUG:colcon.colcon_parallel_executor.executor.parallel:run_until_complete
[1.561s] INFO:colcon.colcon_ros.task.ament_cmake.build:Building ROS package in '/home/erica/test_ws/src/serial_com' with build type 'ament_cmake'
[1.561s] INFO:colcon.colcon_cmake.task.cmake.build:Building CMake package in '/home/erica/test_ws/src/serial_com'
[1.569s] INFO:colcon.colcon_core.plugin_system:Skipping extension 'colcon_core.shell.bat': Not used on non-Windows systems
[1.570s] INFO:colcon.colcon_core.shell:Skip shell extension 'powershell' for command environment: Not usable outside of PowerShell
[1.571s] DEBUG:colcon.colcon_core.shell:Skip shell extension 'dsv' for command environment
[1.618s] DEBUG:colcon.colcon_core.event_handler.log_command:Invoking command in '/home/erica/test_ws/build/serial_com': AMENT_PREFIX_PATH=/home/erica/test_ws/install/serial:${AMENT_PREFIX_PATH} CMAKE_PREFIX_PATH=/home/erica/test_ws/install/serial:/opt/ros/humble LD_LIBRARY_PATH=/home/erica/test_ws/install/serial/lib:${LD_LIBRARY_PATH} /usr/bin/cmake /home/erica/test_ws/src/serial_com -DCMAKE_INSTALL_PREFIX=/home/erica/test_ws/install/serial_com
[4.212s] DEBUG:colcon.colcon_core.event_handler.log_command:Invoked command in '/home/erica/test_ws/build/serial_com' returned '0': AMENT_PREFIX_PATH=/home/erica/test_ws/install/serial:${AMENT_PREFIX_PATH} CMAKE_PREFIX_PATH=/home/erica/test_ws/install/serial:/opt/ros/humble LD_LIBRARY_PATH=/home/erica/test_ws/install/serial/lib:${LD_LIBRARY_PATH} /usr/bin/cmake /home/erica/test_ws/src/serial_com -DCMAKE_INSTALL_PREFIX=/home/erica/test_ws/install/serial_com
[4.223s] DEBUG:colcon.colcon_core.event_handler.log_command:Invoking command in '/home/erica/test_ws/build/serial_com': AMENT_PREFIX_PATH=/home/erica/test_ws/install/serial:${AMENT_PREFIX_PATH} CMAKE_PREFIX_PATH=/home/erica/test_ws/install/serial:/opt/ros/humble LD_LIBRARY_PATH=/home/erica/test_ws/install/serial/lib:${LD_LIBRARY_PATH} /usr/bin/cmake --build /home/erica/test_ws/build/serial_com -- -j4 -l4
[22.813s] DEBUG:colcon.colcon_core.event_handler.log_command:Invoked command in '/home/erica/test_ws/build/serial_com' returned '2': AMENT_PREFIX_PATH=/home/erica/test_ws/install/serial:${AMENT_PREFIX_PATH} CMAKE_PREFIX_PATH=/home/erica/test_ws/install/serial:/opt/ros/humble LD_LIBRARY_PATH=/home/erica/test_ws/install/serial/lib:${LD_LIBRARY_PATH} /usr/bin/cmake --build /home/erica/test_ws/build/serial_com -- -j4 -l4
[22.814s] Level 1:colcon.colcon_core.environment:create_environment_scripts_only(serial_com)
[22.827s] Level 1:colcon.colcon_core.environment:checking '/home/erica/test_ws/install/serial_com' for CMake module files
[22.829s] Level 1:colcon.colcon_core.environment:checking '/home/erica/test_ws/install/serial_com' for CMake config files
[22.831s] Level 1:colcon.colcon_core.environment:checking '/home/erica/test_ws/install/serial_com/bin'
[22.831s] Level 1:colcon.colcon_core.environment:checking '/home/erica/test_ws/install/serial_com/lib/pkgconfig/serial_com.pc'
[22.832s] Level 1:colcon.colcon_core.environment:checking '/home/erica/test_ws/install/serial_com/lib/python3.10/site-packages'
[22.833s] Level 1:colcon.colcon_core.environment:checking '/home/erica/test_ws/install/serial_com/bin'
[22.834s] INFO:colcon.colcon_core.shell:Creating package script '/home/erica/test_ws/install/serial_com/share/serial_com/package.ps1'
[22.837s] INFO:colcon.colcon_core.shell:Creating package descriptor '/home/erica/test_ws/install/serial_com/share/serial_com/package.dsv'
[22.840s] INFO:colcon.colcon_core.shell:Creating package script '/home/erica/test_ws/install/serial_com/share/serial_com/package.sh'
[22.843s] INFO:colcon.colcon_core.shell:Creating package script '/home/erica/test_ws/install/serial_com/share/serial_com/package.bash'
[22.847s] INFO:colcon.colcon_core.shell:Creating package script '/home/erica/test_ws/install/serial_com/share/serial_com/package.zsh'
[22.850s] Level 1:colcon.colcon_core.environment:create_file_with_runtime_dependencies(/home/erica/test_ws/install/serial_com/share/colcon-core/packages/serial_com)
[22.862s] DEBUG:colcon.colcon_parallel_executor.executor.parallel:closing loop
[22.862s] DEBUG:colcon.colcon_parallel_executor.executor.parallel:loop closed
[22.863s] DEBUG:colcon.colcon_parallel_executor.executor.parallel:run_until_complete finished with '2'
[22.863s] DEBUG:colcon.colcon_core.event_reactor:joining thread
[22.886s] INFO:colcon.colcon_core.plugin_system:Skipping extension 'colcon_notification.desktop_notification.notify_send': Could not find 'notify-send'
[22.886s] INFO:colcon.colcon_core.plugin_system:Skipping extension 'colcon_notification.desktop_notification.terminal_notifier': Not used on non-Darwin systems
[22.887s] INFO:colcon.colcon_core.plugin_system:Skipping extension 'colcon_notification.desktop_notification.win32': Not used on non-Windows systems
[22.887s] INFO:colcon.colcon_notification.desktop_notification:Sending desktop notification using 'notify2'
[22.890s] DEBUG:colcon.colcon_notification.desktop_notification.notify2:Failed to initialize notify2: org.freedesktop.DBus.Error.ServiceUnknown: The name org.freedesktop.Notifications was not provided by any .service files
[22.890s] DEBUG:colcon.colcon_core.event_reactor:joined thread
[22.891s] INFO:colcon.colcon_core.shell:Creating prefix script '/home/erica/test_ws/install/local_setup.ps1'
[22.895s] INFO:colcon.colcon_core.shell:Creating prefix util module '/home/erica/test_ws/install/_local_setup_util_ps1.py'
[22.902s] INFO:colcon.colcon_core.shell:Creating prefix chain script '/home/erica/test_ws/install/setup.ps1'
[22.908s] INFO:colcon.colcon_core.shell:Creating prefix script '/home/erica/test_ws/install/local_setup.sh'
[22.910s] INFO:colcon.colcon_core.shell:Creating prefix util module '/home/erica/test_ws/install/_local_setup_util_sh.py'
[22.913s] INFO:colcon.colcon_core.shell:Creating prefix chain script '/home/erica/test_ws/install/setup.sh'
[22.917s] INFO:colcon.colcon_core.shell:Creating prefix script '/home/erica/test_ws/install/local_setup.bash'
[22.920s] INFO:colcon.colcon_core.shell:Creating prefix chain script '/home/erica/test_ws/install/setup.bash'
[22.924s] INFO:colcon.colcon_core.shell:Creating prefix script '/home/erica/test_ws/install/local_setup.zsh'
[22.926s] INFO:colcon.colcon_core.shell:Creating prefix chain script '/home/erica/test_ws/install/setup.zsh'
