[35m[1mConsolidate compiler generated dependencies of target serial_com[0m
[ 50%] [32mBuilding CXX object CMakeFiles/serial_com.dir/src/serial_com.cpp.o[0m
[100%] [32m[1mLinking CXX executable serial_com[0m
[100%] Built target serial_com
-- Install configuration: ""
-- Installing: /home/erica/test_ws/install/serial_com/lib/serial_com/serial_com
-- Set runtime path of "/home/erica/test_ws/install/serial_com/lib/serial_com/serial_com" to ""
-- Installing: /home/erica/test_ws/install/serial_com/share/serial_com/launch
-- Installing: /home/erica/test_ws/install/serial_com/share/serial_com/launch/launch.py
-- Installing: /home/erica/test_ws/install/serial_com/share/serial_com/config
-- Installing: /home/erica/test_ws/install/serial_com/share/serial_com/config/.gitkeep
-- Installing: /home/erica/test_ws/install/serial_com/share/ament_index/resource_index/package_run_dependencies/serial_com
-- Installing: /home/erica/test_ws/install/serial_com/share/ament_index/resource_index/parent_prefix_path/serial_com
-- Installing: /home/erica/test_ws/install/serial_com/share/serial_com/environment/ament_prefix_path.sh
-- Installing: /home/erica/test_ws/install/serial_com/share/serial_com/environment/ament_prefix_path.dsv
-- Installing: /home/erica/test_ws/install/serial_com/share/serial_com/environment/path.sh
-- Installing: /home/erica/test_ws/install/serial_com/share/serial_com/environment/path.dsv
-- Installing: /home/erica/test_ws/install/serial_com/share/serial_com/local_setup.bash
-- Installing: /home/erica/test_ws/install/serial_com/share/serial_com/local_setup.sh
-- Installing: /home/erica/test_ws/install/serial_com/share/serial_com/local_setup.zsh
-- Installing: /home/erica/test_ws/install/serial_com/share/serial_com/local_setup.dsv
-- Installing: /home/erica/test_ws/install/serial_com/share/serial_com/package.dsv
-- Installing: /home/erica/test_ws/install/serial_com/share/ament_index/resource_index/packages/serial_com
-- Installing: /home/erica/test_ws/install/serial_com/share/serial_com/cmake/serial_comConfig.cmake
-- Installing: /home/erica/test_ws/install/serial_com/share/serial_com/cmake/serial_comConfig-version.cmake
-- Installing: /home/erica/test_ws/install/serial_com/share/serial_com/package.xml
