[0.053s] Invoking command in '/home/erica/test_ws/build/serial_com': AMENT_PREFIX_PATH=/home/erica/test_ws/install/serial:${AMENT_PREFIX_PATH} CMAKE_PREFIX_PATH=/home/erica/test_ws/install/serial:/opt/ros/humble LD_LIBRARY_PATH=/home/erica/test_ws/install/serial/lib:${LD_LIBRARY_PATH} /usr/bin/cmake --build /home/erica/test_ws/build/serial_com -- -j4 -l4
[0.221s] [35m[1mConsolidate compiler generated dependencies of target serial_com[0m
[0.311s] [ 50%] [32mBuilding CXX object CMakeFiles/serial_com.dir/src/serial_com.cpp.o[0m
[32.438s] [100%] [32m[1mLinking CXX executable serial_com[0m
[34.420s] [100%] Built target serial_com
[34.458s] Invoked command in '/home/erica/test_ws/build/serial_com' returned '0': AMENT_PREFIX_PATH=/home/erica/test_ws/install/serial:${AMENT_PREFIX_PATH} CMAKE_PREFIX_PATH=/home/erica/test_ws/install/serial:/opt/ros/humble LD_LIBRARY_PATH=/home/erica/test_ws/install/serial/lib:${LD_LIBRARY_PATH} /usr/bin/cmake --build /home/erica/test_ws/build/serial_com -- -j4 -l4
[34.497s] Invoking command in '/home/erica/test_ws/build/serial_com': AMENT_PREFIX_PATH=/home/erica/test_ws/install/serial:${AMENT_PREFIX_PATH} CMAKE_PREFIX_PATH=/home/erica/test_ws/install/serial:/opt/ros/humble LD_LIBRARY_PATH=/home/erica/test_ws/install/serial/lib:${LD_LIBRARY_PATH} /usr/bin/cmake --install /home/erica/test_ws/build/serial_com
[34.526s] -- Install configuration: ""
[34.527s] -- Installing: /home/erica/test_ws/install/serial_com/lib/serial_com/serial_com
[34.555s] -- Set runtime path of "/home/erica/test_ws/install/serial_com/lib/serial_com/serial_com" to ""
[34.556s] -- Installing: /home/erica/test_ws/install/serial_com/share/serial_com/launch
[34.556s] -- Installing: /home/erica/test_ws/install/serial_com/share/serial_com/launch/launch.py
[34.557s] -- Installing: /home/erica/test_ws/install/serial_com/share/serial_com/config
[34.558s] -- Installing: /home/erica/test_ws/install/serial_com/share/serial_com/config/.gitkeep
[34.559s] -- Installing: /home/erica/test_ws/install/serial_com/share/ament_index/resource_index/package_run_dependencies/serial_com
[34.561s] -- Installing: /home/erica/test_ws/install/serial_com/share/ament_index/resource_index/parent_prefix_path/serial_com
[34.562s] -- Installing: /home/erica/test_ws/install/serial_com/share/serial_com/environment/ament_prefix_path.sh
[34.563s] -- Installing: /home/erica/test_ws/install/serial_com/share/serial_com/environment/ament_prefix_path.dsv
[34.564s] -- Installing: /home/erica/test_ws/install/serial_com/share/serial_com/environment/path.sh
[34.565s] -- Installing: /home/erica/test_ws/install/serial_com/share/serial_com/environment/path.dsv
[34.566s] -- Installing: /home/erica/test_ws/install/serial_com/share/serial_com/local_setup.bash
[34.567s] -- Installing: /home/erica/test_ws/install/serial_com/share/serial_com/local_setup.sh
[34.569s] -- Installing: /home/erica/test_ws/install/serial_com/share/serial_com/local_setup.zsh
[34.570s] -- Installing: /home/erica/test_ws/install/serial_com/share/serial_com/local_setup.dsv
[34.571s] -- Installing: /home/erica/test_ws/install/serial_com/share/serial_com/package.dsv
[34.572s] -- Installing: /home/erica/test_ws/install/serial_com/share/ament_index/resource_index/packages/serial_com
[34.574s] -- Installing: /home/erica/test_ws/install/serial_com/share/serial_com/cmake/serial_comConfig.cmake
[34.575s] -- Installing: /home/erica/test_ws/install/serial_com/share/serial_com/cmake/serial_comConfig-version.cmake
[34.576s] -- Installing: /home/erica/test_ws/install/serial_com/share/serial_com/package.xml
[34.582s] Invoked command in '/home/erica/test_ws/build/serial_com' returned '0': AMENT_PREFIX_PATH=/home/erica/test_ws/install/serial:${AMENT_PREFIX_PATH} CMAKE_PREFIX_PATH=/home/erica/test_ws/install/serial:/opt/ros/humble LD_LIBRARY_PATH=/home/erica/test_ws/install/serial/lib:${LD_LIBRARY_PATH} /usr/bin/cmake --install /home/erica/test_ws/build/serial_com
