[0.057s] Invoking command in '/home/erica/mercedes-brain/build/teleop': CMAKE_PREFIX_PATH=${CMAKE_PREFIX_PATH}:/opt/ros/humble /usr/bin/cmake --build /home/erica/mercedes-brain/build/teleop -- -j4 -l4
[0.326s] [35m[1mConsolidate compiler generated dependencies of target joy_interpreter[0m
[0.423s] [100%] Built target joy_interpreter
[0.464s] Invoked command in '/home/erica/mercedes-brain/build/teleop' returned '0': CMAKE_PREFIX_PATH=${CMAKE_PREFIX_PATH}:/opt/ros/humble /usr/bin/cmake --build /home/erica/mercedes-brain/build/teleop -- -j4 -l4
[0.507s] Invoking command in '/home/erica/mercedes-brain/build/teleop': CMAKE_PREFIX_PATH=${CMAKE_PREFIX_PATH}:/opt/ros/humble /usr/bin/cmake --install /home/erica/mercedes-brain/build/teleop
[0.535s] -- Install configuration: ""
[0.536s] -- Up-to-date: /home/erica/mercedes-brain/install/teleop/lib/teleop/joy_interpreter
[0.537s] -- Up-to-date: /home/erica/mercedes-brain/install/teleop/share/teleop/launch
[0.538s] -- Up-to-date: /home/erica/mercedes-brain/install/teleop/share/teleop/launch/launch.py
[0.539s] -- Up-to-date: /home/erica/mercedes-brain/install/teleop/share/teleop/config
[0.539s] -- Up-to-date: /home/erica/mercedes-brain/install/teleop/share/teleop/config/.gitkeep
[0.539s] -- Up-to-date: /home/erica/mercedes-brain/install/teleop/share/ament_index/resource_index/package_run_dependencies/teleop
[0.540s] -- Up-to-date: /home/erica/mercedes-brain/install/teleop/share/ament_index/resource_index/parent_prefix_path/teleop
[0.540s] -- Up-to-date: /home/erica/mercedes-brain/install/teleop/share/teleop/environment/ament_prefix_path.sh
[0.541s] -- Up-to-date: /home/erica/mercedes-brain/install/teleop/share/teleop/environment/ament_prefix_path.dsv
[0.541s] -- Up-to-date: /home/erica/mercedes-brain/install/teleop/share/teleop/environment/path.sh
[0.542s] -- Up-to-date: /home/erica/mercedes-brain/install/teleop/share/teleop/environment/path.dsv
[0.542s] -- Up-to-date: /home/erica/mercedes-brain/install/teleop/share/teleop/local_setup.bash
[0.543s] -- Up-to-date: /home/erica/mercedes-brain/install/teleop/share/teleop/local_setup.sh
[0.543s] -- Up-to-date: /home/erica/mercedes-brain/install/teleop/share/teleop/local_setup.zsh
[0.543s] -- Up-to-date: /home/erica/mercedes-brain/install/teleop/share/teleop/local_setup.dsv
[0.544s] -- Installing: /home/erica/mercedes-brain/install/teleop/share/teleop/package.dsv
[0.544s] -- Up-to-date: /home/erica/mercedes-brain/install/teleop/share/ament_index/resource_index/packages/teleop
[0.545s] -- Up-to-date: /home/erica/mercedes-brain/install/teleop/share/teleop/cmake/teleopConfig.cmake
[0.545s] -- Up-to-date: /home/erica/mercedes-brain/install/teleop/share/teleop/cmake/teleopConfig-version.cmake
[0.546s] -- Up-to-date: /home/erica/mercedes-brain/install/teleop/share/teleop/package.xml
[0.551s] Invoked command in '/home/erica/mercedes-brain/build/teleop' returned '0': CMAKE_PREFIX_PATH=${CMAKE_PREFIX_PATH}:/opt/ros/humble /usr/bin/cmake --install /home/erica/mercedes-brain/build/teleop
