[0.048s] Invoking command in '/home/erica/cat-brain/build/serial_com': CMAKE_PREFIX_PATH=/home/erica/cat-brain/install/serial:/home/erica/cat-brain/install/brain:/home/erica/cat-brain/install/teleop:/home/erica/cat-brain/install/serial_com:/opt/ros/humble /usr/bin/cmake /home/erica/cat-brain/src/serial_com -DCMAKE_INSTALL_PREFIX=/home/erica/cat-brain/install/serial_com
[0.299s] -- The C compiler identification is GNU 11.4.0
[0.568s] -- The CXX compiler identification is GNU 11.4.0
[0.597s] -- Detecting C compiler ABI info
[0.912s] -- Detecting C compiler ABI info - done
[0.938s] -- Check for working C compiler: /usr/bin/cc - skipped
[0.939s] -- Detecting C compile features
[0.940s] -- Detecting C compile features - done
[0.954s] -- Detecting CXX compiler ABI info
[1.313s] -- Detecting CXX compiler ABI info - done
[1.341s] -- Check for working CXX compiler: /usr/bin/c++ - skipped
[1.343s] -- Detecting CXX compile features
[1.344s] -- Detecting CXX compile features - done
[1.371s] -- Found ament_cmake: 1.3.11 (/opt/ros/humble/share/ament_cmake/cmake)
[2.144s] -- Found Python3: /usr/bin/python3 (found version "3.10.12") found components: Interpreter 
[2.697s] -- Found rclcpp: 16.0.12 (/opt/ros/humble/share/rclcpp/cmake)
[3.026s] -- Found rosidl_generator_c: 3.1.6 (/opt/ros/humble/share/rosidl_generator_c/cmake)
[3.071s] -- Found rosidl_adapter: 3.1.6 (/opt/ros/humble/share/rosidl_adapter/cmake)
[3.129s] -- Found rosidl_generator_cpp: 3.1.6 (/opt/ros/humble/share/rosidl_generator_cpp/cmake)
[3.205s] -- Using all available rosidl_typesupport_c: rosidl_typesupport_fastrtps_c;rosidl_typesupport_introspection_c
[3.310s] -- Using all available rosidl_typesupport_cpp: rosidl_typesupport_fastrtps_cpp;rosidl_typesupport_introspection_cpp
[3.599s] -- Found rmw_implementation_cmake: 6.1.2 (/opt/ros/humble/share/rmw_implementation_cmake/cmake)
[3.621s] -- Found rmw_fastrtps_cpp: 6.2.7 (/opt/ros/humble/share/rmw_fastrtps_cpp/cmake)
[4.117s] -- Found OpenSSL: /usr/lib/aarch64-linux-gnu/libcrypto.so (found version "3.0.2")  
[4.326s] -- Found FastRTPS: /opt/ros/humble/include  
[4.684s] -- Using RMW implementation 'rmw_fastrtps_cpp' as default
[4.761s] -- Looking for pthread.h
[5.098s] -- Looking for pthread.h - found
[5.100s] -- Performing Test CMAKE_HAVE_LIBC_PTHREAD
[5.457s] -- Performing Test CMAKE_HAVE_LIBC_PTHREAD - Success
[5.463s] -- Found Threads: TRUE  
[5.719s] -- Found serial: 1.2.1 (/home/erica/cat-brain/install/serial/share/serial/cmake)
[5.744s] -- Found ackermann_msgs: 2.0.2 (/opt/ros/humble/share/ackermann_msgs/cmake)
[5.841s] -- Found ament_lint_auto: 0.12.12 (/opt/ros/humble/share/ament_lint_auto/cmake)
[6.327s] -- Added test 'cppcheck' to perform static code analysis on C / C++ code
[6.328s] -- Configured cppcheck include dirs: 
[6.328s] -- Configured cppcheck exclude dirs and/or files: 
[6.331s] -- Added test 'flake8' to check Python code syntax and style conventions
[6.335s] -- Added test 'lint_cmake' to check CMake code style
[6.339s] -- Added test 'pep257' to check Python code against some of the docstring style conventions in PEP 257
[6.347s] -- Added test 'uncrustify' to check C / C++ code style
[6.347s] -- Configured uncrustify additional arguments: 
[6.350s] -- Added test 'xmllint' to check XML markup files
[6.358s] -- Configuring done
[6.417s] -- Generating done
[6.434s] -- Build files have been written to: /home/erica/cat-brain/build/serial_com
[6.471s] Invoked command in '/home/erica/cat-brain/build/serial_com' returned '0': CMAKE_PREFIX_PATH=/home/erica/cat-brain/install/serial:/home/erica/cat-brain/install/brain:/home/erica/cat-brain/install/teleop:/home/erica/cat-brain/install/serial_com:/opt/ros/humble /usr/bin/cmake /home/erica/cat-brain/src/serial_com -DCMAKE_INSTALL_PREFIX=/home/erica/cat-brain/install/serial_com
[6.478s] Invoking command in '/home/erica/cat-brain/build/serial_com': CMAKE_PREFIX_PATH=/home/erica/cat-brain/install/serial:/home/erica/cat-brain/install/brain:/home/erica/cat-brain/install/teleop:/home/erica/cat-brain/install/serial_com:/opt/ros/humble /usr/bin/cmake --build /home/erica/cat-brain/build/serial_com -- -j4 -l4
[6.691s] [ 50%] [32mBuilding CXX object CMakeFiles/serial_com.dir/src/serial_com.cpp.o[0m
[43.961s] [100%] [32m[1mLinking CXX executable serial_com[0m
[46.204s] [100%] Built target serial_com
[46.245s] Invoked command in '/home/erica/cat-brain/build/serial_com' returned '0': CMAKE_PREFIX_PATH=/home/erica/cat-brain/install/serial:/home/erica/cat-brain/install/brain:/home/erica/cat-brain/install/teleop:/home/erica/cat-brain/install/serial_com:/opt/ros/humble /usr/bin/cmake --build /home/erica/cat-brain/build/serial_com -- -j4 -l4
[46.255s] Invoking command in '/home/erica/cat-brain/build/serial_com': CMAKE_PREFIX_PATH=/home/erica/cat-brain/install/serial:/home/erica/cat-brain/install/brain:/home/erica/cat-brain/install/teleop:/home/erica/cat-brain/install/serial_com:/opt/ros/humble /usr/bin/cmake --install /home/erica/cat-brain/build/serial_com
[46.282s] -- Install configuration: ""
[46.283s] -- Installing: /home/erica/cat-brain/install/serial_com/lib/serial_com/serial_com
[46.313s] -- Set runtime path of "/home/erica/cat-brain/install/serial_com/lib/serial_com/serial_com" to ""
[46.314s] -- Installing: /home/erica/cat-brain/install/serial_com/share/serial_com/launch
[46.315s] -- Installing: /home/erica/cat-brain/install/serial_com/share/serial_com/launch/launch.py
[46.315s] -- Installing: /home/erica/cat-brain/install/serial_com/share/serial_com/config
[46.316s] -- Installing: /home/erica/cat-brain/install/serial_com/share/serial_com/config/.gitkeep
[46.318s] -- Installing: /home/erica/cat-brain/install/serial_com/share/ament_index/resource_index/package_run_dependencies/serial_com
[46.320s] -- Installing: /home/erica/cat-brain/install/serial_com/share/ament_index/resource_index/parent_prefix_path/serial_com
[46.322s] -- Installing: /home/erica/cat-brain/install/serial_com/share/serial_com/environment/ament_prefix_path.sh
[46.324s] -- Installing: /home/erica/cat-brain/install/serial_com/share/serial_com/environment/ament_prefix_path.dsv
[46.325s] -- Installing: /home/erica/cat-brain/install/serial_com/share/serial_com/environment/path.sh
[46.326s] -- Installing: /home/erica/cat-brain/install/serial_com/share/serial_com/environment/path.dsv
[46.327s] -- Installing: /home/erica/cat-brain/install/serial_com/share/serial_com/local_setup.bash
[46.329s] -- Installing: /home/erica/cat-brain/install/serial_com/share/serial_com/local_setup.sh
[46.330s] -- Installing: /home/erica/cat-brain/install/serial_com/share/serial_com/local_setup.zsh
[46.333s] -- Installing: /home/erica/cat-brain/install/serial_com/share/serial_com/local_setup.dsv
[46.333s] -- Installing: /home/erica/cat-brain/install/serial_com/share/serial_com/package.dsv
[46.335s] -- Installing: /home/erica/cat-brain/install/serial_com/share/ament_index/resource_index/packages/serial_com
[46.337s] -- Installing: /home/erica/cat-brain/install/serial_com/share/serial_com/cmake/serial_comConfig.cmake
[46.339s] -- Installing: /home/erica/cat-brain/install/serial_com/share/serial_com/cmake/serial_comConfig-version.cmake
[46.341s] -- Installing: /home/erica/cat-brain/install/serial_com/share/serial_com/package.xml
[46.357s] Invoked command in '/home/erica/cat-brain/build/serial_com' returned '0': CMAKE_PREFIX_PATH=/home/erica/cat-brain/install/serial:/home/erica/cat-brain/install/brain:/home/erica/cat-brain/install/teleop:/home/erica/cat-brain/install/serial_com:/opt/ros/humble /usr/bin/cmake --install /home/erica/cat-brain/build/serial_com
