[ 25%] [32mBuilding CXX object CMakeFiles/serial.dir/src/serial.cc.o[0m
[ 50%] [32mBuilding CXX object CMakeFiles/serial.dir/src/impl/unix.cc.o[0m
[ 75%] [32mBuilding CXX object CMakeFiles/serial.dir/src/impl/list_ports/list_ports_linux.cc.o[0m
[100%] [32m[1mLinking CXX static library libserial.a[0m
[100%] Built target serial
-- Install configuration: ""
-- Installing: /home/erica/test_ws/install/serial/share/serial/environment/library_path.sh
-- Installing: /home/erica/test_ws/install/serial/share/serial/environment/library_path.dsv
-- Installing: /home/erica/test_ws/install/serial/lib/libserial.a
-- Installing: /home/erica/test_ws/install/serial/include/serial/serial.h
-- Installing: /home/erica/test_ws/install/serial/include/serial/v8stdint.h
-- Installing: /home/erica/test_ws/install/serial/share/ament_index/resource_index/package_run_dependencies/serial
-- Installing: /home/erica/test_ws/install/serial/share/ament_index/resource_index/parent_prefix_path/serial
-- Installing: /home/erica/test_ws/install/serial/share/serial/environment/ament_prefix_path.sh
-- Installing: /home/erica/test_ws/install/serial/share/serial/environment/ament_prefix_path.dsv
-- Installing: /home/erica/test_ws/install/serial/share/serial/environment/path.sh
-- Installing: /home/erica/test_ws/install/serial/share/serial/environment/path.dsv
-- Installing: /home/erica/test_ws/install/serial/share/serial/local_setup.bash
-- Installing: /home/erica/test_ws/install/serial/share/serial/local_setup.sh
-- Installing: /home/erica/test_ws/install/serial/share/serial/local_setup.zsh
-- Installing: /home/erica/test_ws/install/serial/share/serial/local_setup.dsv
-- Installing: /home/erica/test_ws/install/serial/share/serial/package.dsv
-- Installing: /home/erica/test_ws/install/serial/share/ament_index/resource_index/packages/serial
-- Installing: /home/erica/test_ws/install/serial/share/serial/cmake/ament_cmake_export_include_directories-extras.cmake
-- Installing: /home/erica/test_ws/install/serial/share/serial/cmake/ament_cmake_export_libraries-extras.cmake
-- Installing: /home/erica/test_ws/install/serial/share/serial/cmake/serialConfig.cmake
-- Installing: /home/erica/test_ws/install/serial/share/serial/cmake/serialConfig-version.cmake
-- Installing: /home/erica/test_ws/install/serial/share/serial/package.xml
