[0.050s] Invoking command in '/home/erica/test_ws/build/serial': CMAKE_PREFIX_PATH=/opt/ros/humble /usr/bin/cmake --build /home/erica/test_ws/build/serial -- -j4 -l4
[0.229s] [ 25%] [32mBuilding CXX object CMakeFiles/serial.dir/src/serial.cc.o[0m
[0.232s] [ 50%] [32mBuilding CXX object CMakeFiles/serial.dir/src/impl/unix.cc.o[0m
[0.234s] [ 75%] [32mBuilding CXX object CMakeFiles/serial.dir/src/impl/list_ports/list_ports_linux.cc.o[0m
[3.051s] [100%] [32m[1mLinking CXX static library libserial.a[0m
[3.212s] [100%] Built target serial
[3.249s] Invoked command in '/home/erica/test_ws/build/serial' returned '0': CMAKE_PREFIX_PATH=/opt/ros/humble /usr/bin/cmake --build /home/erica/test_ws/build/serial -- -j4 -l4
[3.288s] Invoking command in '/home/erica/test_ws/build/serial': CMAKE_PREFIX_PATH=/opt/ros/humble /usr/bin/cmake --install /home/erica/test_ws/build/serial
[3.315s] -- Install configuration: ""
[3.315s] -- Installing: /home/erica/test_ws/install/serial/share/serial/environment/library_path.sh
[3.317s] -- Installing: /home/erica/test_ws/install/serial/share/serial/environment/library_path.dsv
[3.318s] -- Installing: /home/erica/test_ws/install/serial/lib/libserial.a
[3.323s] -- Installing: /home/erica/test_ws/install/serial/include/serial/serial.h
[3.324s] -- Installing: /home/erica/test_ws/install/serial/include/serial/v8stdint.h
[3.325s] -- Installing: /home/erica/test_ws/install/serial/share/ament_index/resource_index/package_run_dependencies/serial
[3.327s] -- Installing: /home/erica/test_ws/install/serial/share/ament_index/resource_index/parent_prefix_path/serial
[3.328s] -- Installing: /home/erica/test_ws/install/serial/share/serial/environment/ament_prefix_path.sh
[3.329s] -- Installing: /home/erica/test_ws/install/serial/share/serial/environment/ament_prefix_path.dsv
[3.330s] -- Installing: /home/erica/test_ws/install/serial/share/serial/environment/path.sh
[3.331s] -- Installing: /home/erica/test_ws/install/serial/share/serial/environment/path.dsv
[3.332s] -- Installing: /home/erica/test_ws/install/serial/share/serial/local_setup.bash
[3.333s] -- Installing: /home/erica/test_ws/install/serial/share/serial/local_setup.sh
[3.334s] -- Installing: /home/erica/test_ws/install/serial/share/serial/local_setup.zsh
[3.336s] -- Installing: /home/erica/test_ws/install/serial/share/serial/local_setup.dsv
[3.336s] -- Installing: /home/erica/test_ws/install/serial/share/serial/package.dsv
[3.338s] -- Installing: /home/erica/test_ws/install/serial/share/ament_index/resource_index/packages/serial
[3.339s] -- Installing: /home/erica/test_ws/install/serial/share/serial/cmake/ament_cmake_export_include_directories-extras.cmake
[3.340s] -- Installing: /home/erica/test_ws/install/serial/share/serial/cmake/ament_cmake_export_libraries-extras.cmake
[3.342s] -- Installing: /home/erica/test_ws/install/serial/share/serial/cmake/serialConfig.cmake
[3.342s] -- Installing: /home/erica/test_ws/install/serial/share/serial/cmake/serialConfig-version.cmake
[3.344s] -- Installing: /home/erica/test_ws/install/serial/share/serial/package.xml
[3.350s] Invoked command in '/home/erica/test_ws/build/serial' returned '0': CMAKE_PREFIX_PATH=/opt/ros/humble /usr/bin/cmake --install /home/erica/test_ws/build/serial
