[0.419s] DEBUG:colcon:Command line arguments: ['/usr/bin/colcon', 'build']
[0.420s] DEBUG:colcon:Parsed command line arguments: Namespace(log_base=None, log_level=None, verb_name='build', build_base='build', install_base='install', merge_install=False, symlink_install=False, test_result_base=None, continue_on_error=False, executor='parallel', parallel_workers=4, event_handlers=None, ignore_user_meta=False, metas=['./colcon.meta'], base_paths=['.'], packages_ignore=None, packages_ignore_regex=None, paths=None, packages_up_to=None, packages_up_to_regex=None, packages_above=None, packages_above_and_dependencies=None, packages_above_depth=None, packages_select_by_dep=None, packages_skip_by_dep=None, packages_skip_up_to=None, packages_select_build_failed=False, packages_skip_build_finished=False, packages_select_test_failures=False, packages_skip_test_passed=False, packages_select=None, packages_skip=None, packages_select_regex=None, packages_skip_regex=None, packages_start=None, packages_end=None, allow_overriding=[], cmake_args=None, cmake_target=None, cmake_target_skip_unavailable=False, cmake_clean_cache=False, cmake_clean_first=False, cmake_force_configure=False, ament_cmake_args=None, catkin_cmake_args=None, catkin_skip_building_tests=False, verb_parser=<colcon_defaults.argument_parser.defaults.DefaultArgumentsDecorator object at 0xffffb2652fe0>, verb_extension=<colcon_core.verb.build.BuildVerb object at 0xffffb278c490>, main=<bound method BuildVerb.main of <colcon_core.verb.build.BuildVerb object at 0xffffb278c490>>)
[1.178s] Level 1:colcon.colcon_core.package_discovery:discover_packages(colcon_meta) check parameters
[1.179s] Level 1:colcon.colcon_core.package_discovery:discover_packages(recursive) check parameters
[1.179s] Level 1:colcon.colcon_core.package_discovery:discover_packages(ignore) check parameters
[1.179s] Level 1:colcon.colcon_core.package_discovery:discover_packages(path) check parameters
[1.179s] Level 1:colcon.colcon_core.package_discovery:discover_packages(colcon_meta) discover
[1.180s] Level 1:colcon.colcon_core.package_discovery:discover_packages(recursive) discover
[1.180s] INFO:colcon.colcon_core.package_discovery:Crawling recursively for packages in '/home/erica/cat-brain'
[1.180s] Level 1:colcon.colcon_core.package_identification:_identify(.) by extensions ['ignore', 'ignore_ament_install']
[1.181s] Level 1:colcon.colcon_core.package_identification:_identify(.) by extension 'ignore'
[1.181s] Level 1:colcon.colcon_core.package_identification:_identify(.) by extension 'ignore_ament_install'
[1.182s] Level 1:colcon.colcon_core.package_identification:_identify(.) by extensions ['colcon_pkg']
[1.182s] Level 1:colcon.colcon_core.package_identification:_identify(.) by extension 'colcon_pkg'
[1.182s] Level 1:colcon.colcon_core.package_identification:_identify(.) by extensions ['colcon_meta']
[1.183s] Level 1:colcon.colcon_core.package_identification:_identify(.) by extension 'colcon_meta'
[1.183s] Level 1:colcon.colcon_core.package_identification:_identify(.) by extensions ['ros']
[1.183s] Level 1:colcon.colcon_core.package_identification:_identify(.) by extension 'ros'
[1.232s] Level 1:colcon.colcon_core.package_identification:_identify(.) by extensions ['cmake', 'python']
[1.233s] Level 1:colcon.colcon_core.package_identification:_identify(.) by extension 'cmake'
[1.233s] Level 1:colcon.colcon_core.package_identification:_identify(.) by extension 'python'
[1.233s] Level 1:colcon.colcon_core.package_identification:_identify(.) by extensions ['python_setup_py']
[1.233s] Level 1:colcon.colcon_core.package_identification:_identify(.) by extension 'python_setup_py'
[1.234s] Level 1:colcon.colcon_core.package_identification:_identify(build) by extensions ['ignore', 'ignore_ament_install']
[1.234s] Level 1:colcon.colcon_core.package_identification:_identify(build) by extension 'ignore'
[1.234s] Level 1:colcon.colcon_core.package_identification:_identify(build) ignored
[1.235s] Level 1:colcon.colcon_core.package_identification:_identify(install) by extensions ['ignore', 'ignore_ament_install']
[1.235s] Level 1:colcon.colcon_core.package_identification:_identify(install) by extension 'ignore'
[1.236s] Level 1:colcon.colcon_core.package_identification:_identify(install) ignored
[1.236s] Level 1:colcon.colcon_core.package_identification:_identify(log) by extensions ['ignore', 'ignore_ament_install']
[1.236s] Level 1:colcon.colcon_core.package_identification:_identify(log) by extension 'ignore'
[1.237s] Level 1:colcon.colcon_core.package_identification:_identify(log) ignored
[1.237s] Level 1:colcon.colcon_core.package_identification:_identify(src) by extensions ['ignore', 'ignore_ament_install']
[1.237s] Level 1:colcon.colcon_core.package_identification:_identify(src) by extension 'ignore'
[1.238s] Level 1:colcon.colcon_core.package_identification:_identify(src) by extension 'ignore_ament_install'
[1.238s] Level 1:colcon.colcon_core.package_identification:_identify(src) by extensions ['colcon_pkg']
[1.238s] Level 1:colcon.colcon_core.package_identification:_identify(src) by extension 'colcon_pkg'
[1.238s] Level 1:colcon.colcon_core.package_identification:_identify(src) by extensions ['colcon_meta']
[1.238s] Level 1:colcon.colcon_core.package_identification:_identify(src) by extension 'colcon_meta'
[1.238s] Level 1:colcon.colcon_core.package_identification:_identify(src) by extensions ['ros']
[1.238s] Level 1:colcon.colcon_core.package_identification:_identify(src) by extension 'ros'
[1.239s] Level 1:colcon.colcon_core.package_identification:_identify(src) by extensions ['cmake', 'python']
[1.239s] Level 1:colcon.colcon_core.package_identification:_identify(src) by extension 'cmake'
[1.239s] Level 1:colcon.colcon_core.package_identification:_identify(src) by extension 'python'
[1.239s] Level 1:colcon.colcon_core.package_identification:_identify(src) by extensions ['python_setup_py']
[1.239s] Level 1:colcon.colcon_core.package_identification:_identify(src) by extension 'python_setup_py'
[1.240s] Level 1:colcon.colcon_core.package_identification:_identify(src/brain) by extensions ['ignore', 'ignore_ament_install']
[1.240s] Level 1:colcon.colcon_core.package_identification:_identify(src/brain) by extension 'ignore'
[1.241s] Level 1:colcon.colcon_core.package_identification:_identify(src/brain) by extension 'ignore_ament_install'
[1.241s] Level 1:colcon.colcon_core.package_identification:_identify(src/brain) by extensions ['colcon_pkg']
[1.241s] Level 1:colcon.colcon_core.package_identification:_identify(src/brain) by extension 'colcon_pkg'
[1.241s] Level 1:colcon.colcon_core.package_identification:_identify(src/brain) by extensions ['colcon_meta']
[1.241s] Level 1:colcon.colcon_core.package_identification:_identify(src/brain) by extension 'colcon_meta'
[1.241s] Level 1:colcon.colcon_core.package_identification:_identify(src/brain) by extensions ['ros']
[1.242s] Level 1:colcon.colcon_core.package_identification:_identify(src/brain) by extension 'ros'
[1.250s] DEBUG:colcon.colcon_core.package_identification:Package 'src/brain' with type 'ros.ament_cmake' and name 'brain'
[1.251s] Level 1:colcon.colcon_core.package_identification:_identify(src/serial-ros2) by extensions ['ignore', 'ignore_ament_install']
[1.252s] Level 1:colcon.colcon_core.package_identification:_identify(src/serial-ros2) by extension 'ignore'
[1.252s] Level 1:colcon.colcon_core.package_identification:_identify(src/serial-ros2) by extension 'ignore_ament_install'
[1.252s] Level 1:colcon.colcon_core.package_identification:_identify(src/serial-ros2) by extensions ['colcon_pkg']
[1.252s] Level 1:colcon.colcon_core.package_identification:_identify(src/serial-ros2) by extension 'colcon_pkg'
[1.252s] Level 1:colcon.colcon_core.package_identification:_identify(src/serial-ros2) by extensions ['colcon_meta']
[1.253s] Level 1:colcon.colcon_core.package_identification:_identify(src/serial-ros2) by extension 'colcon_meta'
[1.253s] Level 1:colcon.colcon_core.package_identification:_identify(src/serial-ros2) by extensions ['ros']
[1.253s] Level 1:colcon.colcon_core.package_identification:_identify(src/serial-ros2) by extension 'ros'
[1.256s] DEBUG:colcon.colcon_core.package_identification:Package 'src/serial-ros2' with type 'ros.ament_cmake' and name 'serial'
[1.257s] Level 1:colcon.colcon_core.package_identification:_identify(src/serial_com) by extensions ['ignore', 'ignore_ament_install']
[1.257s] Level 1:colcon.colcon_core.package_identification:_identify(src/serial_com) by extension 'ignore'
[1.257s] Level 1:colcon.colcon_core.package_identification:_identify(src/serial_com) by extension 'ignore_ament_install'
[1.258s] Level 1:colcon.colcon_core.package_identification:_identify(src/serial_com) by extensions ['colcon_pkg']
[1.258s] Level 1:colcon.colcon_core.package_identification:_identify(src/serial_com) by extension 'colcon_pkg'
[1.258s] Level 1:colcon.colcon_core.package_identification:_identify(src/serial_com) by extensions ['colcon_meta']
[1.258s] Level 1:colcon.colcon_core.package_identification:_identify(src/serial_com) by extension 'colcon_meta'
[1.258s] Level 1:colcon.colcon_core.package_identification:_identify(src/serial_com) by extensions ['ros']
[1.259s] Level 1:colcon.colcon_core.package_identification:_identify(src/serial_com) by extension 'ros'
[1.262s] DEBUG:colcon.colcon_core.package_identification:Package 'src/serial_com' with type 'ros.ament_cmake' and name 'serial_com'
[1.262s] Level 1:colcon.colcon_core.package_identification:_identify(src/teleop) by extensions ['ignore', 'ignore_ament_install']
[1.263s] Level 1:colcon.colcon_core.package_identification:_identify(src/teleop) by extension 'ignore'
[1.263s] Level 1:colcon.colcon_core.package_identification:_identify(src/teleop) by extension 'ignore_ament_install'
[1.263s] Level 1:colcon.colcon_core.package_identification:_identify(src/teleop) by extensions ['colcon_pkg']
[1.263s] Level 1:colcon.colcon_core.package_identification:_identify(src/teleop) by extension 'colcon_pkg'
[1.264s] Level 1:colcon.colcon_core.package_identification:_identify(src/teleop) by extensions ['colcon_meta']
[1.264s] Level 1:colcon.colcon_core.package_identification:_identify(src/teleop) by extension 'colcon_meta'
[1.264s] Level 1:colcon.colcon_core.package_identification:_identify(src/teleop) by extensions ['ros']
[1.264s] Level 1:colcon.colcon_core.package_identification:_identify(src/teleop) by extension 'ros'
[1.267s] DEBUG:colcon.colcon_core.package_identification:Package 'src/teleop' with type 'ros.ament_cmake' and name 'teleop'
[1.267s] Level 1:colcon.colcon_core.package_discovery:discover_packages(recursive) using defaults
[1.268s] Level 1:colcon.colcon_core.package_discovery:discover_packages(ignore) discover
[1.268s] Level 1:colcon.colcon_core.package_discovery:discover_packages(ignore) using defaults
[1.268s] Level 1:colcon.colcon_core.package_discovery:discover_packages(path) discover
[1.268s] Level 1:colcon.colcon_core.package_discovery:discover_packages(path) using defaults
[1.344s] Level 1:colcon.colcon_core.package_discovery:discover_packages(prefix_path) check parameters
[1.345s] Level 1:colcon.colcon_core.package_discovery:discover_packages(prefix_path) discover
[1.349s] WARNING:colcon.colcon_ros.prefix_path.ament:The path '/home/erica/cat-brain/install/brain' in the environment variable AMENT_PREFIX_PATH doesn't exist
[1.349s] WARNING:colcon.colcon_ros.prefix_path.ament:The path '/home/erica/cat-brain/install/teleop' in the environment variable AMENT_PREFIX_PATH doesn't exist
[1.350s] WARNING:colcon.colcon_ros.prefix_path.ament:The path '/home/erica/cat-brain/install/serial_com' in the environment variable AMENT_PREFIX_PATH doesn't exist
[1.351s] WARNING:colcon.colcon_ros.prefix_path.catkin:The path '/home/erica/cat-brain/install/brain' in the environment variable CMAKE_PREFIX_PATH doesn't exist
[1.351s] WARNING:colcon.colcon_ros.prefix_path.catkin:The path '/home/erica/cat-brain/install/teleop' in the environment variable CMAKE_PREFIX_PATH doesn't exist
[1.351s] WARNING:colcon.colcon_ros.prefix_path.catkin:The path '/home/erica/cat-brain/install/serial_com' in the environment variable CMAKE_PREFIX_PATH doesn't exist
[1.355s] DEBUG:colcon.colcon_installed_package_information.package_discovery:Found 1 installed packages in /home/erica/cat-brain/install
[1.364s] DEBUG:colcon.colcon_installed_package_information.package_discovery:Found 272 installed packages in /opt/ros/humble
[1.374s] Level 1:colcon.colcon_core.package_discovery:discover_packages(prefix_path) using defaults
[1.575s] Level 5:colcon.colcon_core.verb:set package 'serial' build argument 'cmake_args' from command line to 'None'
[1.575s] Level 5:colcon.colcon_core.verb:set package 'serial' build argument 'cmake_target' from command line to 'None'
[1.575s] Level 5:colcon.colcon_core.verb:set package 'serial' build argument 'cmake_target_skip_unavailable' from command line to 'False'
[1.575s] Level 5:colcon.colcon_core.verb:set package 'serial' build argument 'cmake_clean_cache' from command line to 'False'
[1.575s] Level 5:colcon.colcon_core.verb:set package 'serial' build argument 'cmake_clean_first' from command line to 'False'
[1.576s] Level 5:colcon.colcon_core.verb:set package 'serial' build argument 'cmake_force_configure' from command line to 'False'
[1.576s] Level 5:colcon.colcon_core.verb:set package 'serial' build argument 'ament_cmake_args' from command line to 'None'
[1.576s] Level 5:colcon.colcon_core.verb:set package 'serial' build argument 'catkin_cmake_args' from command line to 'None'
[1.576s] Level 5:colcon.colcon_core.verb:set package 'serial' build argument 'catkin_skip_building_tests' from command line to 'False'
[1.576s] DEBUG:colcon.colcon_core.verb:Building package 'serial' with the following arguments: {'ament_cmake_args': None, 'build_base': '/home/erica/cat-brain/build/serial', 'catkin_cmake_args': None, 'catkin_skip_building_tests': False, 'cmake_args': None, 'cmake_clean_cache': False, 'cmake_clean_first': False, 'cmake_force_configure': False, 'cmake_target': None, 'cmake_target_skip_unavailable': False, 'install_base': '/home/erica/cat-brain/install/serial', 'merge_install': False, 'path': '/home/erica/cat-brain/src/serial-ros2', 'symlink_install': False, 'test_result_base': None}
[1.578s] Level 5:colcon.colcon_core.verb:set package 'teleop' build argument 'cmake_args' from command line to 'None'
[1.578s] Level 5:colcon.colcon_core.verb:set package 'teleop' build argument 'cmake_target' from command line to 'None'
[1.578s] Level 5:colcon.colcon_core.verb:set package 'teleop' build argument 'cmake_target_skip_unavailable' from command line to 'False'
[1.578s] Level 5:colcon.colcon_core.verb:set package 'teleop' build argument 'cmake_clean_cache' from command line to 'False'
[1.578s] Level 5:colcon.colcon_core.verb:set package 'teleop' build argument 'cmake_clean_first' from command line to 'False'
[1.578s] Level 5:colcon.colcon_core.verb:set package 'teleop' build argument 'cmake_force_configure' from command line to 'False'
[1.578s] Level 5:colcon.colcon_core.verb:set package 'teleop' build argument 'ament_cmake_args' from command line to 'None'
[1.578s] Level 5:colcon.colcon_core.verb:set package 'teleop' build argument 'catkin_cmake_args' from command line to 'None'
[1.579s] Level 5:colcon.colcon_core.verb:set package 'teleop' build argument 'catkin_skip_building_tests' from command line to 'False'
[1.579s] DEBUG:colcon.colcon_core.verb:Building package 'teleop' with the following arguments: {'ament_cmake_args': None, 'build_base': '/home/erica/cat-brain/build/teleop', 'catkin_cmake_args': None, 'catkin_skip_building_tests': False, 'cmake_args': None, 'cmake_clean_cache': False, 'cmake_clean_first': False, 'cmake_force_configure': False, 'cmake_target': None, 'cmake_target_skip_unavailable': False, 'install_base': '/home/erica/cat-brain/install/teleop', 'merge_install': False, 'path': '/home/erica/cat-brain/src/teleop', 'symlink_install': False, 'test_result_base': None}
[1.580s] Level 5:colcon.colcon_core.verb:set package 'serial_com' build argument 'cmake_args' from command line to 'None'
[1.580s] Level 5:colcon.colcon_core.verb:set package 'serial_com' build argument 'cmake_target' from command line to 'None'
[1.580s] Level 5:colcon.colcon_core.verb:set package 'serial_com' build argument 'cmake_target_skip_unavailable' from command line to 'False'
[1.581s] Level 5:colcon.colcon_core.verb:set package 'serial_com' build argument 'cmake_clean_cache' from command line to 'False'
[1.581s] Level 5:colcon.colcon_core.verb:set package 'serial_com' build argument 'cmake_clean_first' from command line to 'False'
[1.581s] Level 5:colcon.colcon_core.verb:set package 'serial_com' build argument 'cmake_force_configure' from command line to 'False'
[1.581s] Level 5:colcon.colcon_core.verb:set package 'serial_com' build argument 'ament_cmake_args' from command line to 'None'
[1.581s] Level 5:colcon.colcon_core.verb:set package 'serial_com' build argument 'catkin_cmake_args' from command line to 'None'
[1.581s] Level 5:colcon.colcon_core.verb:set package 'serial_com' build argument 'catkin_skip_building_tests' from command line to 'False'
[1.581s] DEBUG:colcon.colcon_core.verb:Building package 'serial_com' with the following arguments: {'ament_cmake_args': None, 'build_base': '/home/erica/cat-brain/build/serial_com', 'catkin_cmake_args': None, 'catkin_skip_building_tests': False, 'cmake_args': None, 'cmake_clean_cache': False, 'cmake_clean_first': False, 'cmake_force_configure': False, 'cmake_target': None, 'cmake_target_skip_unavailable': False, 'install_base': '/home/erica/cat-brain/install/serial_com', 'merge_install': False, 'path': '/home/erica/cat-brain/src/serial_com', 'symlink_install': False, 'test_result_base': None}
[1.583s] Level 5:colcon.colcon_core.verb:set package 'brain' build argument 'cmake_args' from command line to 'None'
[1.583s] Level 5:colcon.colcon_core.verb:set package 'brain' build argument 'cmake_target' from command line to 'None'
[1.583s] Level 5:colcon.colcon_core.verb:set package 'brain' build argument 'cmake_target_skip_unavailable' from command line to 'False'
[1.583s] Level 5:colcon.colcon_core.verb:set package 'brain' build argument 'cmake_clean_cache' from command line to 'False'
[1.583s] Level 5:colcon.colcon_core.verb:set package 'brain' build argument 'cmake_clean_first' from command line to 'False'
[1.583s] Level 5:colcon.colcon_core.verb:set package 'brain' build argument 'cmake_force_configure' from command line to 'False'
[1.583s] Level 5:colcon.colcon_core.verb:set package 'brain' build argument 'ament_cmake_args' from command line to 'None'
[1.584s] Level 5:colcon.colcon_core.verb:set package 'brain' build argument 'catkin_cmake_args' from command line to 'None'
[1.584s] Level 5:colcon.colcon_core.verb:set package 'brain' build argument 'catkin_skip_building_tests' from command line to 'False'
[1.584s] DEBUG:colcon.colcon_core.verb:Building package 'brain' with the following arguments: {'ament_cmake_args': None, 'build_base': '/home/erica/cat-brain/build/brain', 'catkin_cmake_args': None, 'catkin_skip_building_tests': False, 'cmake_args': None, 'cmake_clean_cache': False, 'cmake_clean_first': False, 'cmake_force_configure': False, 'cmake_target': None, 'cmake_target_skip_unavailable': False, 'install_base': '/home/erica/cat-brain/install/brain', 'merge_install': False, 'path': '/home/erica/cat-brain/src/brain', 'symlink_install': False, 'test_result_base': None}
[1.584s] INFO:colcon.colcon_core.executor:Executing jobs using 'parallel' executor
[1.588s] DEBUG:colcon.colcon_parallel_executor.executor.parallel:run_until_complete
[1.589s] INFO:colcon.colcon_ros.task.ament_cmake.build:Building ROS package in '/home/erica/cat-brain/src/serial-ros2' with build type 'ament_cmake'
[1.589s] INFO:colcon.colcon_cmake.task.cmake.build:Building CMake package in '/home/erica/cat-brain/src/serial-ros2'
[1.598s] INFO:colcon.colcon_core.plugin_system:Skipping extension 'colcon_core.shell.bat': Not used on non-Windows systems
[1.599s] INFO:colcon.colcon_core.shell:Skip shell extension 'powershell' for command environment: Not usable outside of PowerShell
[1.599s] DEBUG:colcon.colcon_core.shell:Skip shell extension 'dsv' for command environment
[1.617s] INFO:colcon.colcon_ros.task.ament_cmake.build:Building ROS package in '/home/erica/cat-brain/src/teleop' with build type 'ament_cmake'
[1.617s] INFO:colcon.colcon_cmake.task.cmake.build:Building CMake package in '/home/erica/cat-brain/src/teleop'
[1.619s] INFO:colcon.colcon_core.shell:Skip shell extension 'powershell' for command environment: Not usable outside of PowerShell
[1.619s] DEBUG:colcon.colcon_core.shell:Skip shell extension 'dsv' for command environment
[1.656s] DEBUG:colcon.colcon_core.event_handler.log_command:Invoking command in '/home/erica/cat-brain/build/serial': CMAKE_PREFIX_PATH=${CMAKE_PREFIX_PATH}:/opt/ros/humble /usr/bin/cmake --build /home/erica/cat-brain/build/serial -- -j4 -l4
[1.674s] DEBUG:colcon.colcon_core.event_handler.log_command:Invoking command in '/home/erica/cat-brain/build/teleop': CMAKE_PREFIX_PATH=${CMAKE_PREFIX_PATH}:/opt/ros/humble /usr/bin/cmake /home/erica/cat-brain/src/teleop -DCMAKE_INSTALL_PREFIX=/home/erica/cat-brain/install/teleop
[1.924s] DEBUG:colcon.colcon_core.event_handler.log_command:Invoked command in '/home/erica/cat-brain/build/serial' returned '0': CMAKE_PREFIX_PATH=${CMAKE_PREFIX_PATH}:/opt/ros/humble /usr/bin/cmake --build /home/erica/cat-brain/build/serial -- -j4 -l4
[1.964s] DEBUG:colcon.colcon_core.event_handler.log_command:Invoking command in '/home/erica/cat-brain/build/serial': CMAKE_PREFIX_PATH=${CMAKE_PREFIX_PATH}:/opt/ros/humble /usr/bin/cmake --install /home/erica/cat-brain/build/serial
[2.006s] Level 1:colcon.colcon_core.environment:create_environment_scripts_only(serial)
[2.017s] DEBUG:colcon.colcon_core.event_handler.log_command:Invoked command in '/home/erica/cat-brain/build/serial' returned '0': CMAKE_PREFIX_PATH=${CMAKE_PREFIX_PATH}:/opt/ros/humble /usr/bin/cmake --install /home/erica/cat-brain/build/serial
[2.027s] Level 1:colcon.colcon_core.environment:checking '/home/erica/cat-brain/install/serial' for CMake module files
[2.030s] Level 1:colcon.colcon_core.environment:checking '/home/erica/cat-brain/install/serial' for CMake config files
[2.032s] Level 1:colcon.colcon_core.shell:create_environment_hook('serial', 'cmake_prefix_path')
[2.033s] INFO:colcon.colcon_core.shell:Creating environment hook '/home/erica/cat-brain/install/serial/share/serial/hook/cmake_prefix_path.ps1'
[2.037s] INFO:colcon.colcon_core.shell:Creating environment descriptor '/home/erica/cat-brain/install/serial/share/serial/hook/cmake_prefix_path.dsv'
[2.041s] INFO:colcon.colcon_core.shell:Creating environment hook '/home/erica/cat-brain/install/serial/share/serial/hook/cmake_prefix_path.sh'
[2.046s] Level 1:colcon.colcon_core.environment:checking '/home/erica/cat-brain/install/serial/lib'
[2.047s] Level 1:colcon.colcon_core.environment:checking '/home/erica/cat-brain/install/serial/bin'
[2.048s] Level 1:colcon.colcon_core.environment:checking '/home/erica/cat-brain/install/serial/lib/pkgconfig/serial.pc'
[2.049s] Level 1:colcon.colcon_core.environment:checking '/home/erica/cat-brain/install/serial/lib/python3.10/site-packages'
[2.050s] Level 1:colcon.colcon_core.environment:checking '/home/erica/cat-brain/install/serial/bin'
[2.051s] INFO:colcon.colcon_core.shell:Creating package script '/home/erica/cat-brain/install/serial/share/serial/package.ps1'
[2.054s] INFO:colcon.colcon_core.shell:Creating package descriptor '/home/erica/cat-brain/install/serial/share/serial/package.dsv'
[2.058s] INFO:colcon.colcon_core.shell:Creating package script '/home/erica/cat-brain/install/serial/share/serial/package.sh'
[2.061s] INFO:colcon.colcon_core.shell:Creating package script '/home/erica/cat-brain/install/serial/share/serial/package.bash'
[2.065s] INFO:colcon.colcon_core.shell:Creating package script '/home/erica/cat-brain/install/serial/share/serial/package.zsh'
[2.069s] Level 1:colcon.colcon_core.environment:create_file_with_runtime_dependencies(/home/erica/cat-brain/install/serial/share/colcon-core/packages/serial)
[2.072s] Level 1:colcon.colcon_core.environment:create_environment_scripts_only(serial)
[2.073s] Level 1:colcon.colcon_core.environment:checking '/home/erica/cat-brain/install/serial' for CMake module files
[2.076s] Level 1:colcon.colcon_core.environment:checking '/home/erica/cat-brain/install/serial' for CMake config files
[2.078s] Level 1:colcon.colcon_core.shell:create_environment_hook('serial', 'cmake_prefix_path')
[2.079s] INFO:colcon.colcon_core.shell:Creating environment hook '/home/erica/cat-brain/install/serial/share/serial/hook/cmake_prefix_path.ps1'
[2.082s] INFO:colcon.colcon_core.shell:Creating environment descriptor '/home/erica/cat-brain/install/serial/share/serial/hook/cmake_prefix_path.dsv'
[2.084s] INFO:colcon.colcon_core.shell:Creating environment hook '/home/erica/cat-brain/install/serial/share/serial/hook/cmake_prefix_path.sh'
[2.087s] Level 1:colcon.colcon_core.environment:checking '/home/erica/cat-brain/install/serial/lib'
[2.088s] Level 1:colcon.colcon_core.environment:checking '/home/erica/cat-brain/install/serial/bin'
[2.089s] Level 1:colcon.colcon_core.environment:checking '/home/erica/cat-brain/install/serial/lib/pkgconfig/serial.pc'
[2.090s] Level 1:colcon.colcon_core.environment:checking '/home/erica/cat-brain/install/serial/lib/python3.10/site-packages'
[2.092s] Level 1:colcon.colcon_core.environment:checking '/home/erica/cat-brain/install/serial/bin'
[2.093s] INFO:colcon.colcon_core.shell:Creating package script '/home/erica/cat-brain/install/serial/share/serial/package.ps1'
[2.096s] INFO:colcon.colcon_core.shell:Creating package descriptor '/home/erica/cat-brain/install/serial/share/serial/package.dsv'
[2.099s] INFO:colcon.colcon_core.shell:Creating package script '/home/erica/cat-brain/install/serial/share/serial/package.sh'
[2.102s] INFO:colcon.colcon_core.shell:Creating package script '/home/erica/cat-brain/install/serial/share/serial/package.bash'
[2.105s] INFO:colcon.colcon_core.shell:Creating package script '/home/erica/cat-brain/install/serial/share/serial/package.zsh'
[2.107s] Level 1:colcon.colcon_core.environment:create_file_with_runtime_dependencies(/home/erica/cat-brain/install/serial/share/colcon-core/packages/serial)
[2.108s] INFO:colcon.colcon_ros.task.ament_cmake.build:Building ROS package in '/home/erica/cat-brain/src/serial_com' with build type 'ament_cmake'
[2.109s] INFO:colcon.colcon_cmake.task.cmake.build:Building CMake package in '/home/erica/cat-brain/src/serial_com'
[2.111s] INFO:colcon.colcon_core.shell:Skip shell extension 'powershell' for command environment: Not usable outside of PowerShell
[2.111s] DEBUG:colcon.colcon_core.shell:Skip shell extension 'dsv' for command environment
[2.164s] DEBUG:colcon.colcon_core.event_handler.log_command:Invoking command in '/home/erica/cat-brain/build/serial_com': CMAKE_PREFIX_PATH=/home/erica/cat-brain/install/serial:/home/erica/cat-brain/install/brain:/home/erica/cat-brain/install/teleop:/home/erica/cat-brain/install/serial_com:/opt/ros/humble /usr/bin/cmake /home/erica/cat-brain/src/serial_com -DCMAKE_INSTALL_PREFIX=/home/erica/cat-brain/install/serial_com
[8.588s] DEBUG:colcon.colcon_core.event_handler.log_command:Invoked command in '/home/erica/cat-brain/build/serial_com' returned '0': CMAKE_PREFIX_PATH=/home/erica/cat-brain/install/serial:/home/erica/cat-brain/install/brain:/home/erica/cat-brain/install/teleop:/home/erica/cat-brain/install/serial_com:/opt/ros/humble /usr/bin/cmake /home/erica/cat-brain/src/serial_com -DCMAKE_INSTALL_PREFIX=/home/erica/cat-brain/install/serial_com
[8.595s] DEBUG:colcon.colcon_core.event_handler.log_command:Invoking command in '/home/erica/cat-brain/build/serial_com': CMAKE_PREFIX_PATH=/home/erica/cat-brain/install/serial:/home/erica/cat-brain/install/brain:/home/erica/cat-brain/install/teleop:/home/erica/cat-brain/install/serial_com:/opt/ros/humble /usr/bin/cmake --build /home/erica/cat-brain/build/serial_com -- -j4 -l4
[8.694s] DEBUG:colcon.colcon_core.event_handler.log_command:Invoked command in '/home/erica/cat-brain/build/teleop' returned '0': CMAKE_PREFIX_PATH=${CMAKE_PREFIX_PATH}:/opt/ros/humble /usr/bin/cmake /home/erica/cat-brain/src/teleop -DCMAKE_INSTALL_PREFIX=/home/erica/cat-brain/install/teleop
[8.703s] DEBUG:colcon.colcon_core.event_handler.log_command:Invoking command in '/home/erica/cat-brain/build/teleop': CMAKE_PREFIX_PATH=${CMAKE_PREFIX_PATH}:/opt/ros/humble /usr/bin/cmake --build /home/erica/cat-brain/build/teleop -- -j4 -l4
[48.361s] DEBUG:colcon.colcon_core.event_handler.log_command:Invoked command in '/home/erica/cat-brain/build/serial_com' returned '0': CMAKE_PREFIX_PATH=/home/erica/cat-brain/install/serial:/home/erica/cat-brain/install/brain:/home/erica/cat-brain/install/teleop:/home/erica/cat-brain/install/serial_com:/opt/ros/humble /usr/bin/cmake --build /home/erica/cat-brain/build/serial_com -- -j4 -l4
[48.373s] DEBUG:colcon.colcon_core.event_handler.log_command:Invoking command in '/home/erica/cat-brain/build/serial_com': CMAKE_PREFIX_PATH=/home/erica/cat-brain/install/serial:/home/erica/cat-brain/install/brain:/home/erica/cat-brain/install/teleop:/home/erica/cat-brain/install/serial_com:/opt/ros/humble /usr/bin/cmake --install /home/erica/cat-brain/build/serial_com
[48.459s] DEBUG:colcon.colcon_core.event_handler.log_command:Invoked command in '/home/erica/cat-brain/build/teleop' returned '0': CMAKE_PREFIX_PATH=${CMAKE_PREFIX_PATH}:/opt/ros/humble /usr/bin/cmake --build /home/erica/cat-brain/build/teleop -- -j4 -l4
[48.466s] DEBUG:colcon.colcon_core.event_handler.log_command:Invoking command in '/home/erica/cat-brain/build/teleop': CMAKE_PREFIX_PATH=${CMAKE_PREFIX_PATH}:/opt/ros/humble /usr/bin/cmake --install /home/erica/cat-brain/build/teleop
[48.469s] Level 1:colcon.colcon_core.environment:create_environment_scripts_only(serial_com)
[48.471s] Level 1:colcon.colcon_core.environment:checking '/home/erica/cat-brain/install/serial_com' for CMake module files
[48.473s] DEBUG:colcon.colcon_core.event_handler.log_command:Invoked command in '/home/erica/cat-brain/build/serial_com' returned '0': CMAKE_PREFIX_PATH=/home/erica/cat-brain/install/serial:/home/erica/cat-brain/install/brain:/home/erica/cat-brain/install/teleop:/home/erica/cat-brain/install/serial_com:/opt/ros/humble /usr/bin/cmake --install /home/erica/cat-brain/build/serial_com
[48.476s] Level 1:colcon.colcon_core.environment:checking '/home/erica/cat-brain/install/serial_com' for CMake config files
[48.478s] Level 1:colcon.colcon_core.shell:create_environment_hook('serial_com', 'cmake_prefix_path')
[48.479s] INFO:colcon.colcon_core.shell:Creating environment hook '/home/erica/cat-brain/install/serial_com/share/serial_com/hook/cmake_prefix_path.ps1'
[48.482s] INFO:colcon.colcon_core.shell:Creating environment descriptor '/home/erica/cat-brain/install/serial_com/share/serial_com/hook/cmake_prefix_path.dsv'
[48.484s] INFO:colcon.colcon_core.shell:Creating environment hook '/home/erica/cat-brain/install/serial_com/share/serial_com/hook/cmake_prefix_path.sh'
[48.487s] Level 1:colcon.colcon_core.environment:checking '/home/erica/cat-brain/install/serial_com/lib'
[48.488s] Level 1:colcon.colcon_core.environment:checking '/home/erica/cat-brain/install/serial_com/bin'
[48.488s] Level 1:colcon.colcon_core.environment:checking '/home/erica/cat-brain/install/serial_com/lib/pkgconfig/serial_com.pc'
[48.490s] Level 1:colcon.colcon_core.environment:checking '/home/erica/cat-brain/install/serial_com/lib/python3.10/site-packages'
[48.491s] Level 1:colcon.colcon_core.environment:checking '/home/erica/cat-brain/install/serial_com/bin'
[48.492s] INFO:colcon.colcon_core.shell:Creating package script '/home/erica/cat-brain/install/serial_com/share/serial_com/package.ps1'
[48.494s] INFO:colcon.colcon_core.shell:Creating package descriptor '/home/erica/cat-brain/install/serial_com/share/serial_com/package.dsv'
[48.498s] INFO:colcon.colcon_core.shell:Creating package script '/home/erica/cat-brain/install/serial_com/share/serial_com/package.sh'
[48.500s] INFO:colcon.colcon_core.shell:Creating package script '/home/erica/cat-brain/install/serial_com/share/serial_com/package.bash'
[48.502s] INFO:colcon.colcon_core.shell:Creating package script '/home/erica/cat-brain/install/serial_com/share/serial_com/package.zsh'
[48.504s] Level 1:colcon.colcon_core.environment:create_file_with_runtime_dependencies(/home/erica/cat-brain/install/serial_com/share/colcon-core/packages/serial_com)
[48.507s] Level 1:colcon.colcon_core.environment:create_environment_scripts_only(serial_com)
[48.508s] Level 1:colcon.colcon_core.environment:checking '/home/erica/cat-brain/install/serial_com' for CMake module files
[48.511s] Level 1:colcon.colcon_core.environment:checking '/home/erica/cat-brain/install/serial_com' for CMake config files
[48.513s] Level 1:colcon.colcon_core.shell:create_environment_hook('serial_com', 'cmake_prefix_path')
[48.514s] INFO:colcon.colcon_core.shell:Creating environment hook '/home/erica/cat-brain/install/serial_com/share/serial_com/hook/cmake_prefix_path.ps1'
[48.516s] INFO:colcon.colcon_core.shell:Creating environment descriptor '/home/erica/cat-brain/install/serial_com/share/serial_com/hook/cmake_prefix_path.dsv'
[48.518s] INFO:colcon.colcon_core.shell:Creating environment hook '/home/erica/cat-brain/install/serial_com/share/serial_com/hook/cmake_prefix_path.sh'
[48.522s] Level 1:colcon.colcon_core.environment:checking '/home/erica/cat-brain/install/serial_com/lib'
[48.523s] Level 1:colcon.colcon_core.environment:checking '/home/erica/cat-brain/install/serial_com/bin'
[48.523s] Level 1:colcon.colcon_core.environment:checking '/home/erica/cat-brain/install/serial_com/lib/pkgconfig/serial_com.pc'
[48.524s] Level 1:colcon.colcon_core.environment:checking '/home/erica/cat-brain/install/serial_com/lib/python3.10/site-packages'
[48.525s] Level 1:colcon.colcon_core.environment:checking '/home/erica/cat-brain/install/serial_com/bin'
[48.527s] INFO:colcon.colcon_core.shell:Creating package script '/home/erica/cat-brain/install/serial_com/share/serial_com/package.ps1'
[48.533s] INFO:colcon.colcon_core.shell:Creating package descriptor '/home/erica/cat-brain/install/serial_com/share/serial_com/package.dsv'
[48.539s] INFO:colcon.colcon_core.shell:Creating package script '/home/erica/cat-brain/install/serial_com/share/serial_com/package.sh'
[48.543s] INFO:colcon.colcon_core.shell:Creating package script '/home/erica/cat-brain/install/serial_com/share/serial_com/package.bash'
[48.548s] INFO:colcon.colcon_core.shell:Creating package script '/home/erica/cat-brain/install/serial_com/share/serial_com/package.zsh'
[48.552s] Level 1:colcon.colcon_core.environment:create_file_with_runtime_dependencies(/home/erica/cat-brain/install/serial_com/share/colcon-core/packages/serial_com)
[48.556s] Level 1:colcon.colcon_core.environment:create_environment_scripts_only(teleop)
[48.557s] Level 1:colcon.colcon_core.environment:checking '/home/erica/cat-brain/install/teleop' for CMake module files
[48.560s] DEBUG:colcon.colcon_core.event_handler.log_command:Invoked command in '/home/erica/cat-brain/build/teleop' returned '0': CMAKE_PREFIX_PATH=${CMAKE_PREFIX_PATH}:/opt/ros/humble /usr/bin/cmake --install /home/erica/cat-brain/build/teleop
[48.562s] Level 1:colcon.colcon_core.environment:checking '/home/erica/cat-brain/install/teleop' for CMake config files
[48.563s] Level 1:colcon.colcon_core.shell:create_environment_hook('teleop', 'cmake_prefix_path')
[48.564s] INFO:colcon.colcon_core.shell:Creating environment hook '/home/erica/cat-brain/install/teleop/share/teleop/hook/cmake_prefix_path.ps1'
[48.566s] INFO:colcon.colcon_core.shell:Creating environment descriptor '/home/erica/cat-brain/install/teleop/share/teleop/hook/cmake_prefix_path.dsv'
[48.568s] INFO:colcon.colcon_core.shell:Creating environment hook '/home/erica/cat-brain/install/teleop/share/teleop/hook/cmake_prefix_path.sh'
[48.571s] Level 1:colcon.colcon_core.environment:checking '/home/erica/cat-brain/install/teleop/lib'
[48.572s] Level 1:colcon.colcon_core.environment:checking '/home/erica/cat-brain/install/teleop/bin'
[48.572s] Level 1:colcon.colcon_core.environment:checking '/home/erica/cat-brain/install/teleop/lib/pkgconfig/teleop.pc'
[48.573s] Level 1:colcon.colcon_core.environment:checking '/home/erica/cat-brain/install/teleop/lib/python3.10/site-packages'
[48.574s] Level 1:colcon.colcon_core.environment:checking '/home/erica/cat-brain/install/teleop/bin'
[48.576s] INFO:colcon.colcon_core.shell:Creating package script '/home/erica/cat-brain/install/teleop/share/teleop/package.ps1'
[48.578s] INFO:colcon.colcon_core.shell:Creating package descriptor '/home/erica/cat-brain/install/teleop/share/teleop/package.dsv'
[48.580s] INFO:colcon.colcon_core.shell:Creating package script '/home/erica/cat-brain/install/teleop/share/teleop/package.sh'
[48.582s] INFO:colcon.colcon_core.shell:Creating package script '/home/erica/cat-brain/install/teleop/share/teleop/package.bash'
[48.584s] INFO:colcon.colcon_core.shell:Creating package script '/home/erica/cat-brain/install/teleop/share/teleop/package.zsh'
[48.585s] Level 1:colcon.colcon_core.environment:create_file_with_runtime_dependencies(/home/erica/cat-brain/install/teleop/share/colcon-core/packages/teleop)
[48.588s] Level 1:colcon.colcon_core.environment:create_environment_scripts_only(teleop)
[48.588s] Level 1:colcon.colcon_core.environment:checking '/home/erica/cat-brain/install/teleop' for CMake module files
[48.591s] Level 1:colcon.colcon_core.environment:checking '/home/erica/cat-brain/install/teleop' for CMake config files
[48.593s] Level 1:colcon.colcon_core.shell:create_environment_hook('teleop', 'cmake_prefix_path')
[48.594s] INFO:colcon.colcon_core.shell:Creating environment hook '/home/erica/cat-brain/install/teleop/share/teleop/hook/cmake_prefix_path.ps1'
[48.596s] INFO:colcon.colcon_core.shell:Creating environment descriptor '/home/erica/cat-brain/install/teleop/share/teleop/hook/cmake_prefix_path.dsv'
[48.598s] INFO:colcon.colcon_core.shell:Creating environment hook '/home/erica/cat-brain/install/teleop/share/teleop/hook/cmake_prefix_path.sh'
[48.601s] Level 1:colcon.colcon_core.environment:checking '/home/erica/cat-brain/install/teleop/lib'
[48.602s] Level 1:colcon.colcon_core.environment:checking '/home/erica/cat-brain/install/teleop/bin'
[48.602s] Level 1:colcon.colcon_core.environment:checking '/home/erica/cat-brain/install/teleop/lib/pkgconfig/teleop.pc'
[48.604s] Level 1:colcon.colcon_core.environment:checking '/home/erica/cat-brain/install/teleop/lib/python3.10/site-packages'
[48.605s] Level 1:colcon.colcon_core.environment:checking '/home/erica/cat-brain/install/teleop/bin'
[48.607s] INFO:colcon.colcon_core.shell:Creating package script '/home/erica/cat-brain/install/teleop/share/teleop/package.ps1'
[48.609s] INFO:colcon.colcon_core.shell:Creating package descriptor '/home/erica/cat-brain/install/teleop/share/teleop/package.dsv'
[48.613s] INFO:colcon.colcon_core.shell:Creating package script '/home/erica/cat-brain/install/teleop/share/teleop/package.sh'
[48.615s] INFO:colcon.colcon_core.shell:Creating package script '/home/erica/cat-brain/install/teleop/share/teleop/package.bash'
[48.618s] INFO:colcon.colcon_core.shell:Creating package script '/home/erica/cat-brain/install/teleop/share/teleop/package.zsh'
[48.620s] Level 1:colcon.colcon_core.environment:create_file_with_runtime_dependencies(/home/erica/cat-brain/install/teleop/share/colcon-core/packages/teleop)
[48.621s] INFO:colcon.colcon_ros.task.ament_cmake.build:Building ROS package in '/home/erica/cat-brain/src/brain' with build type 'ament_cmake'
[48.622s] INFO:colcon.colcon_cmake.task.cmake.build:Building CMake package in '/home/erica/cat-brain/src/brain'
[48.623s] INFO:colcon.colcon_core.shell:Skip shell extension 'powershell' for command environment: Not usable outside of PowerShell
[48.624s] DEBUG:colcon.colcon_core.shell:Skip shell extension 'dsv' for command environment
[48.681s] DEBUG:colcon.colcon_core.event_handler.log_command:Invoking command in '/home/erica/cat-brain/build/brain': CMAKE_PREFIX_PATH=/home/erica/cat-brain/install/serial_com:/home/erica/cat-brain/install/teleop:/home/erica/cat-brain/install/serial:/home/erica/cat-brain/install/brain:/opt/ros/humble /usr/bin/cmake /home/erica/cat-brain/src/brain -DCMAKE_INSTALL_PREFIX=/home/erica/cat-brain/install/brain
[51.699s] DEBUG:colcon.colcon_core.event_handler.log_command:Invoked command in '/home/erica/cat-brain/build/brain' returned '0': CMAKE_PREFIX_PATH=/home/erica/cat-brain/install/serial_com:/home/erica/cat-brain/install/teleop:/home/erica/cat-brain/install/serial:/home/erica/cat-brain/install/brain:/opt/ros/humble /usr/bin/cmake /home/erica/cat-brain/src/brain -DCMAKE_INSTALL_PREFIX=/home/erica/cat-brain/install/brain
[51.709s] DEBUG:colcon.colcon_core.event_handler.log_command:Invoking command in '/home/erica/cat-brain/build/brain': CMAKE_PREFIX_PATH=/home/erica/cat-brain/install/serial_com:/home/erica/cat-brain/install/teleop:/home/erica/cat-brain/install/serial:/home/erica/cat-brain/install/brain:/opt/ros/humble /usr/bin/cmake --build /home/erica/cat-brain/build/brain -- -j4 -l4
[51.849s] DEBUG:colcon.colcon_core.event_handler.log_command:Invoked command in '/home/erica/cat-brain/build/brain' returned '0': CMAKE_PREFIX_PATH=/home/erica/cat-brain/install/serial_com:/home/erica/cat-brain/install/teleop:/home/erica/cat-brain/install/serial:/home/erica/cat-brain/install/brain:/opt/ros/humble /usr/bin/cmake --build /home/erica/cat-brain/build/brain -- -j4 -l4
[51.860s] DEBUG:colcon.colcon_core.event_handler.log_command:Invoking command in '/home/erica/cat-brain/build/brain': CMAKE_PREFIX_PATH=/home/erica/cat-brain/install/serial_com:/home/erica/cat-brain/install/teleop:/home/erica/cat-brain/install/serial:/home/erica/cat-brain/install/brain:/opt/ros/humble /usr/bin/cmake --install /home/erica/cat-brain/build/brain
[51.910s] Level 1:colcon.colcon_core.environment:create_environment_scripts_only(brain)
[51.912s] Level 1:colcon.colcon_core.environment:checking '/home/erica/cat-brain/install/brain' for CMake module files
[51.913s] DEBUG:colcon.colcon_core.event_handler.log_command:Invoked command in '/home/erica/cat-brain/build/brain' returned '0': CMAKE_PREFIX_PATH=/home/erica/cat-brain/install/serial_com:/home/erica/cat-brain/install/teleop:/home/erica/cat-brain/install/serial:/home/erica/cat-brain/install/brain:/opt/ros/humble /usr/bin/cmake --install /home/erica/cat-brain/build/brain
[51.915s] Level 1:colcon.colcon_core.environment:checking '/home/erica/cat-brain/install/brain' for CMake config files
[51.916s] Level 1:colcon.colcon_core.shell:create_environment_hook('brain', 'cmake_prefix_path')
[51.917s] INFO:colcon.colcon_core.shell:Creating environment hook '/home/erica/cat-brain/install/brain/share/brain/hook/cmake_prefix_path.ps1'
[51.919s] INFO:colcon.colcon_core.shell:Creating environment descriptor '/home/erica/cat-brain/install/brain/share/brain/hook/cmake_prefix_path.dsv'
[51.921s] INFO:colcon.colcon_core.shell:Creating environment hook '/home/erica/cat-brain/install/brain/share/brain/hook/cmake_prefix_path.sh'
[51.923s] Level 1:colcon.colcon_core.environment:checking '/home/erica/cat-brain/install/brain/bin'
[51.924s] Level 1:colcon.colcon_core.environment:checking '/home/erica/cat-brain/install/brain/lib/pkgconfig/brain.pc'
[51.925s] Level 1:colcon.colcon_core.environment:checking '/home/erica/cat-brain/install/brain/lib/python3.10/site-packages'
[51.926s] Level 1:colcon.colcon_core.environment:checking '/home/erica/cat-brain/install/brain/bin'
[51.927s] INFO:colcon.colcon_core.shell:Creating package script '/home/erica/cat-brain/install/brain/share/brain/package.ps1'
[51.929s] INFO:colcon.colcon_core.shell:Creating package descriptor '/home/erica/cat-brain/install/brain/share/brain/package.dsv'
[51.931s] INFO:colcon.colcon_core.shell:Creating package script '/home/erica/cat-brain/install/brain/share/brain/package.sh'
[51.933s] INFO:colcon.colcon_core.shell:Creating package script '/home/erica/cat-brain/install/brain/share/brain/package.bash'
[51.934s] INFO:colcon.colcon_core.shell:Creating package script '/home/erica/cat-brain/install/brain/share/brain/package.zsh'
[51.936s] Level 1:colcon.colcon_core.environment:create_file_with_runtime_dependencies(/home/erica/cat-brain/install/brain/share/colcon-core/packages/brain)
[51.938s] Level 1:colcon.colcon_core.environment:create_environment_scripts_only(brain)
[51.939s] Level 1:colcon.colcon_core.environment:checking '/home/erica/cat-brain/install/brain' for CMake module files
[51.942s] Level 1:colcon.colcon_core.environment:checking '/home/erica/cat-brain/install/brain' for CMake config files
[51.943s] Level 1:colcon.colcon_core.shell:create_environment_hook('brain', 'cmake_prefix_path')
[51.944s] INFO:colcon.colcon_core.shell:Creating environment hook '/home/erica/cat-brain/install/brain/share/brain/hook/cmake_prefix_path.ps1'
[51.946s] INFO:colcon.colcon_core.shell:Creating environment descriptor '/home/erica/cat-brain/install/brain/share/brain/hook/cmake_prefix_path.dsv'
[51.947s] INFO:colcon.colcon_core.shell:Creating environment hook '/home/erica/cat-brain/install/brain/share/brain/hook/cmake_prefix_path.sh'
[51.950s] Level 1:colcon.colcon_core.environment:checking '/home/erica/cat-brain/install/brain/bin'
[51.950s] Level 1:colcon.colcon_core.environment:checking '/home/erica/cat-brain/install/brain/lib/pkgconfig/brain.pc'
[51.951s] Level 1:colcon.colcon_core.environment:checking '/home/erica/cat-brain/install/brain/lib/python3.10/site-packages'
[51.952s] Level 1:colcon.colcon_core.environment:checking '/home/erica/cat-brain/install/brain/bin'
[51.953s] INFO:colcon.colcon_core.shell:Creating package script '/home/erica/cat-brain/install/brain/share/brain/package.ps1'
[51.956s] INFO:colcon.colcon_core.shell:Creating package descriptor '/home/erica/cat-brain/install/brain/share/brain/package.dsv'
[51.958s] INFO:colcon.colcon_core.shell:Creating package script '/home/erica/cat-brain/install/brain/share/brain/package.sh'
[51.960s] INFO:colcon.colcon_core.shell:Creating package script '/home/erica/cat-brain/install/brain/share/brain/package.bash'
[51.962s] INFO:colcon.colcon_core.shell:Creating package script '/home/erica/cat-brain/install/brain/share/brain/package.zsh'
[51.964s] Level 1:colcon.colcon_core.environment:create_file_with_runtime_dependencies(/home/erica/cat-brain/install/brain/share/colcon-core/packages/brain)
[51.965s] DEBUG:colcon.colcon_parallel_executor.executor.parallel:closing loop
[51.967s] DEBUG:colcon.colcon_parallel_executor.executor.parallel:loop closed
[51.967s] DEBUG:colcon.colcon_parallel_executor.executor.parallel:run_until_complete finished with '0'
[51.968s] DEBUG:colcon.colcon_core.event_reactor:joining thread
[51.989s] INFO:colcon.colcon_core.plugin_system:Skipping extension 'colcon_notification.desktop_notification.notify_send': Could not find 'notify-send'
[51.990s] INFO:colcon.colcon_core.plugin_system:Skipping extension 'colcon_notification.desktop_notification.terminal_notifier': Not used on non-Darwin systems
[51.990s] INFO:colcon.colcon_core.plugin_system:Skipping extension 'colcon_notification.desktop_notification.win32': Not used on non-Windows systems
[51.990s] INFO:colcon.colcon_notification.desktop_notification:Sending desktop notification using 'notify2'
[51.993s] DEBUG:colcon.colcon_notification.desktop_notification.notify2:Failed to initialize notify2: org.freedesktop.DBus.Error.ServiceUnknown: The name org.freedesktop.Notifications was not provided by any .service files
[51.993s] DEBUG:colcon.colcon_core.event_reactor:joined thread
[51.994s] INFO:colcon.colcon_core.shell:Creating prefix script '/home/erica/cat-brain/install/local_setup.ps1'
[51.999s] INFO:colcon.colcon_core.shell:Creating prefix util module '/home/erica/cat-brain/install/_local_setup_util_ps1.py'
[52.005s] INFO:colcon.colcon_core.shell:Creating prefix chain script '/home/erica/cat-brain/install/setup.ps1'
[52.010s] INFO:colcon.colcon_core.shell:Creating prefix script '/home/erica/cat-brain/install/local_setup.sh'
[52.013s] INFO:colcon.colcon_core.shell:Creating prefix util module '/home/erica/cat-brain/install/_local_setup_util_sh.py'
[52.015s] INFO:colcon.colcon_core.shell:Creating prefix chain script '/home/erica/cat-brain/install/setup.sh'
[52.021s] INFO:colcon.colcon_core.shell:Creating prefix script '/home/erica/cat-brain/install/local_setup.bash'
[52.023s] INFO:colcon.colcon_core.shell:Creating prefix chain script '/home/erica/cat-brain/install/setup.bash'
[52.028s] INFO:colcon.colcon_core.shell:Creating prefix script '/home/erica/cat-brain/install/local_setup.zsh'
[52.031s] INFO:colcon.colcon_core.shell:Creating prefix chain script '/home/erica/cat-brain/install/setup.zsh'
