[0.078s] Invoking command in '/home/erica/test_ws/build/serial_com': CMAKE_PREFIX_PATH=/opt/ros/humble /usr/bin/cmake /home/erica/test_ws/src/serial_com -DCMAKE_INSTALL_PREFIX=/home/erica/test_ws/install/serial_com
[1.233s] -- The C compiler identification is GNU 11.4.0
[1.967s] -- The CXX compiler identification is GNU 11.4.0
[2.011s] -- Detecting C compiler ABI info
[2.381s] -- Detecting C compiler ABI info - done
[2.406s] -- Check for working C compiler: /usr/bin/cc - skipped
[2.408s] -- Detecting C compile features
[2.411s] -- Detecting C compile features - done
[2.427s] -- Detecting CXX compiler ABI info
[2.789s] -- Detecting CXX compiler ABI info - done
[2.817s] -- Check for working CXX compiler: /usr/bin/c++ - skipped
[2.818s] -- Detecting CXX compile features
[2.820s] -- Detecting CXX compile features - done
[2.860s] -- Found ament_cmake: 1.3.11 (/opt/ros/humble/share/ament_cmake/cmake)
[3.702s] -- Found Python3: /usr/bin/python3 (found version "3.10.12") found components: Interpreter 
[4.358s] -- Found rclcpp: 16.0.12 (/opt/ros/humble/share/rclcpp/cmake)
[4.751s] -- Found rosidl_generator_c: 3.1.6 (/opt/ros/humble/share/rosidl_generator_c/cmake)
[4.801s] -- Found rosidl_adapter: 3.1.6 (/opt/ros/humble/share/rosidl_adapter/cmake)
[4.874s] -- Found rosidl_generator_cpp: 3.1.6 (/opt/ros/humble/share/rosidl_generator_cpp/cmake)
[4.973s] -- Using all available rosidl_typesupport_c: rosidl_typesupport_fastrtps_c;rosidl_typesupport_introspection_c
[5.097s] -- Using all available rosidl_typesupport_cpp: rosidl_typesupport_fastrtps_cpp;rosidl_typesupport_introspection_cpp
[5.450s] -- Found rmw_implementation_cmake: 6.1.2 (/opt/ros/humble/share/rmw_implementation_cmake/cmake)
[5.477s] -- Found rmw_fastrtps_cpp: 6.2.7 (/opt/ros/humble/share/rmw_fastrtps_cpp/cmake)
[6.052s] -- Found OpenSSL: /usr/lib/aarch64-linux-gnu/libcrypto.so (found version "3.0.2")  
[6.390s] -- Found FastRTPS: /opt/ros/humble/include  
[6.733s] -- Using RMW implementation 'rmw_fastrtps_cpp' as default
[6.816s] -- Looking for pthread.h
[7.185s] -- Looking for pthread.h - found
[7.188s] -- Performing Test CMAKE_HAVE_LIBC_PTHREAD
[7.517s] -- Performing Test CMAKE_HAVE_LIBC_PTHREAD - Success
[7.521s] -- Found Threads: TRUE  
[7.981s] [31mCMake Error at CMakeLists.txt:11 (find_package):
[7.982s]   By not providing "Findserial.cmake" in CMAKE_MODULE_PATH this project has
[7.982s]   asked CMake to find a package configuration file provided by "serial", but
[7.983s]   CMake did not find one.
[7.983s] 
[7.984s]   Could not find a package configuration file provided by "serial" with any
[7.985s]   of the following names:
[7.985s] 
[7.986s]     serialConfig.cmake
[7.987s]     serial-config.cmake
[7.989s] 
[7.989s]   Add the installation prefix of "serial" to CMAKE_PREFIX_PATH or set
[7.990s]   "serial_DIR" to a directory containing one of the above files.  If "serial"
[7.991s]   provides a separate development package or SDK, be sure it has been
[7.992s]   installed.
[7.993s] 
[7.994s] [0m
[7.995s] -- Configuring incomplete, errors occurred!
[7.996s] See also "/home/erica/test_ws/build/serial_com/CMakeFiles/CMakeOutput.log".
[8.019s] Invoked command in '/home/erica/test_ws/build/serial_com' returned '1': CMAKE_PREFIX_PATH=/opt/ros/humble /usr/bin/cmake /home/erica/test_ws/src/serial_com -DCMAKE_INSTALL_PREFIX=/home/erica/test_ws/install/serial_com
