[0.064s] Invoking command in '/home/erica/mercedes-brain/build/serial_com': CMAKE_PREFIX_PATH=/home/erica/mercedes-brain/install/serial:/home/erica/mercedes-brain/install/brain:/home/erica/mercedes-brain/install/teleop:/home/erica/mercedes-brain/install/serial_com:/opt/ros/humble /usr/bin/cmake --build /home/erica/mercedes-brain/build/serial_com -- -j4 -l4
[0.239s] [35m[1mConsolidate compiler generated dependencies of target serial_com[0m
[0.332s] [ 50%] [32mBuilding CXX object CMakeFiles/serial_com.dir/src/serial_com.cpp.o[0m
[32.927s] [100%] [32m[1mLinking CXX executable serial_com[0m
[34.763s] [100%] Built target serial_com
[34.803s] Invoked command in '/home/erica/mercedes-brain/build/serial_com' returned '0': CMAKE_PREFIX_PATH=/home/erica/mercedes-brain/install/serial:/home/erica/mercedes-brain/install/brain:/home/erica/mercedes-brain/install/teleop:/home/erica/mercedes-brain/install/serial_com:/opt/ros/humble /usr/bin/cmake --build /home/erica/mercedes-brain/build/serial_com -- -j4 -l4
[34.845s] Invoking command in '/home/erica/mercedes-brain/build/serial_com': CMAKE_PREFIX_PATH=/home/erica/mercedes-brain/install/serial:/home/erica/mercedes-brain/install/brain:/home/erica/mercedes-brain/install/teleop:/home/erica/mercedes-brain/install/serial_com:/opt/ros/humble /usr/bin/cmake --install /home/erica/mercedes-brain/build/serial_com
[34.873s] -- Install configuration: ""
[34.874s] -- Installing: /home/erica/mercedes-brain/install/serial_com/lib/serial_com/serial_com
[34.904s] -- Set runtime path of "/home/erica/mercedes-brain/install/serial_com/lib/serial_com/serial_com" to ""
[34.905s] -- Up-to-date: /home/erica/mercedes-brain/install/serial_com/share/serial_com/launch
[34.905s] -- Up-to-date: /home/erica/mercedes-brain/install/serial_com/share/serial_com/launch/launch.py
[34.906s] -- Up-to-date: /home/erica/mercedes-brain/install/serial_com/share/serial_com/config
[34.906s] -- Up-to-date: /home/erica/mercedes-brain/install/serial_com/share/serial_com/config/.gitkeep
[34.907s] -- Up-to-date: /home/erica/mercedes-brain/install/serial_com/share/ament_index/resource_index/package_run_dependencies/serial_com
[34.907s] -- Up-to-date: /home/erica/mercedes-brain/install/serial_com/share/ament_index/resource_index/parent_prefix_path/serial_com
[34.908s] -- Up-to-date: /home/erica/mercedes-brain/install/serial_com/share/serial_com/environment/ament_prefix_path.sh
[34.908s] -- Up-to-date: /home/erica/mercedes-brain/install/serial_com/share/serial_com/environment/ament_prefix_path.dsv
[34.909s] -- Up-to-date: /home/erica/mercedes-brain/install/serial_com/share/serial_com/environment/path.sh
[34.910s] -- Up-to-date: /home/erica/mercedes-brain/install/serial_com/share/serial_com/environment/path.dsv
[34.910s] -- Up-to-date: /home/erica/mercedes-brain/install/serial_com/share/serial_com/local_setup.bash
[34.910s] -- Up-to-date: /home/erica/mercedes-brain/install/serial_com/share/serial_com/local_setup.sh
[34.911s] -- Up-to-date: /home/erica/mercedes-brain/install/serial_com/share/serial_com/local_setup.zsh
[34.911s] -- Up-to-date: /home/erica/mercedes-brain/install/serial_com/share/serial_com/local_setup.dsv
[34.912s] -- Installing: /home/erica/mercedes-brain/install/serial_com/share/serial_com/package.dsv
[34.912s] -- Up-to-date: /home/erica/mercedes-brain/install/serial_com/share/ament_index/resource_index/packages/serial_com
[34.913s] -- Up-to-date: /home/erica/mercedes-brain/install/serial_com/share/serial_com/cmake/serial_comConfig.cmake
[34.913s] -- Up-to-date: /home/erica/mercedes-brain/install/serial_com/share/serial_com/cmake/serial_comConfig-version.cmake
[34.914s] -- Up-to-date: /home/erica/mercedes-brain/install/serial_com/share/serial_com/package.xml
[34.918s] Invoked command in '/home/erica/mercedes-brain/build/serial_com' returned '0': CMAKE_PREFIX_PATH=/home/erica/mercedes-brain/install/serial:/home/erica/mercedes-brain/install/brain:/home/erica/mercedes-brain/install/teleop:/home/erica/mercedes-brain/install/serial_com:/opt/ros/humble /usr/bin/cmake --install /home/erica/mercedes-brain/build/serial_com
