[0.097s] Invoking command in '/home/erica/cat-brain/build/serial_com': CMAKE_PREFIX_PATH=/home/erica/cat-brain/install/serial:/home/erica/cat-brain/install/brain:/home/erica/cat-brain/install/teleop:/home/erica/cat-brain/install/serial_com:/opt/ros/humble /usr/bin/cmake --build /home/erica/cat-brain/build/serial_com -- -j4 -l4
[0.317s] [100%] Built target serial_com
[0.355s] Invoked command in '/home/erica/cat-brain/build/serial_com' returned '0': CMAKE_PREFIX_PATH=/home/erica/cat-brain/install/serial:/home/erica/cat-brain/install/brain:/home/erica/cat-brain/install/teleop:/home/erica/cat-brain/install/serial_com:/opt/ros/humble /usr/bin/cmake --build /home/erica/cat-brain/build/serial_com -- -j4 -l4
[0.364s] Invoking command in '/home/erica/cat-brain/build/serial_com': CMAKE_PREFIX_PATH=/home/erica/cat-brain/install/serial:/home/erica/cat-brain/install/brain:/home/erica/cat-brain/install/teleop:/home/erica/cat-brain/install/serial_com:/opt/ros/humble /usr/bin/cmake --install /home/erica/cat-brain/build/serial_com
[0.389s] -- Install configuration: ""
[0.390s] -- Up-to-date: /home/erica/cat-brain/install/serial_com/lib/serial_com/serial_com
[0.392s] -- Up-to-date: /home/erica/cat-brain/install/serial_com/share/serial_com/launch
[0.393s] -- Up-to-date: /home/erica/cat-brain/install/serial_com/share/serial_com/launch/launch.py
[0.394s] -- Up-to-date: /home/erica/cat-brain/install/serial_com/share/serial_com/config
[0.395s] -- Up-to-date: /home/erica/cat-brain/install/serial_com/share/serial_com/config/.gitkeep
[0.396s] -- Up-to-date: /home/erica/cat-brain/install/serial_com/share/ament_index/resource_index/package_run_dependencies/serial_com
[0.397s] -- Up-to-date: /home/erica/cat-brain/install/serial_com/share/ament_index/resource_index/parent_prefix_path/serial_com
[0.397s] -- Up-to-date: /home/erica/cat-brain/install/serial_com/share/serial_com/environment/ament_prefix_path.sh
[0.398s] -- Up-to-date: /home/erica/cat-brain/install/serial_com/share/serial_com/environment/ament_prefix_path.dsv
[0.399s] -- Up-to-date: /home/erica/cat-brain/install/serial_com/share/serial_com/environment/path.sh
[0.399s] -- Up-to-date: /home/erica/cat-brain/install/serial_com/share/serial_com/environment/path.dsv
[0.400s] -- Up-to-date: /home/erica/cat-brain/install/serial_com/share/serial_com/local_setup.bash
[0.401s] -- Up-to-date: /home/erica/cat-brain/install/serial_com/share/serial_com/local_setup.sh
[0.401s] -- Up-to-date: /home/erica/cat-brain/install/serial_com/share/serial_com/local_setup.zsh
[0.402s] -- Up-to-date: /home/erica/cat-brain/install/serial_com/share/serial_com/local_setup.dsv
[0.413s] -- Installing: /home/erica/cat-brain/install/serial_com/share/serial_com/package.dsv
[0.414s] -- Up-to-date: /home/erica/cat-brain/install/serial_com/share/ament_index/resource_index/packages/serial_com
[0.415s] -- Up-to-date: /home/erica/cat-brain/install/serial_com/share/serial_com/cmake/serial_comConfig.cmake
[0.416s] -- Up-to-date: /home/erica/cat-brain/install/serial_com/share/serial_com/cmake/serial_comConfig-version.cmake
[0.416s] -- Up-to-date: /home/erica/cat-brain/install/serial_com/share/serial_com/package.xml
[0.417s] Invoked command in '/home/erica/cat-brain/build/serial_com' returned '0': CMAKE_PREFIX_PATH=/home/erica/cat-brain/install/serial:/home/erica/cat-brain/install/brain:/home/erica/cat-brain/install/teleop:/home/erica/cat-brain/install/serial_com:/opt/ros/humble /usr/bin/cmake --install /home/erica/cat-brain/build/serial_com
