[0.065s] Invoking command in '/home/erica/cat-brain/build/serial': CMAKE_PREFIX_PATH=${CMAKE_PREFIX_PATH}:/opt/ros/humble /usr/bin/cmake --build /home/erica/cat-brain/build/serial -- -j4 -l4
[0.213s] [35m[1mConsolidate compiler generated dependencies of target serial[0m
[0.291s] [100%] Built target serial
[0.333s] Invoked command in '/home/erica/cat-brain/build/serial' returned '0': CMAKE_PREFIX_PATH=${CMAKE_PREFIX_PATH}:/opt/ros/humble /usr/bin/cmake --build /home/erica/cat-brain/build/serial -- -j4 -l4
[0.372s] Invoking command in '/home/erica/cat-brain/build/serial': CMAKE_PREFIX_PATH=${CMAKE_PREFIX_PATH}:/opt/ros/humble /usr/bin/cmake --install /home/erica/cat-brain/build/serial
[0.398s] -- Install configuration: ""
[0.401s] -- Up-to-date: /home/erica/cat-brain/install/serial/share/serial/environment/library_path.sh
[0.402s] -- Up-to-date: /home/erica/cat-brain/install/serial/share/serial/environment/library_path.dsv
[0.403s] -- Up-to-date: /home/erica/cat-brain/install/serial/lib/libserial.a
[0.403s] -- Up-to-date: /home/erica/cat-brain/install/serial/include/serial/serial.h
[0.405s] -- Up-to-date: /home/erica/cat-brain/install/serial/include/serial/v8stdint.h
[0.405s] -- Up-to-date: /home/erica/cat-brain/install/serial/share/ament_index/resource_index/package_run_dependencies/serial
[0.406s] -- Up-to-date: /home/erica/cat-brain/install/serial/share/ament_index/resource_index/parent_prefix_path/serial
[0.407s] -- Up-to-date: /home/erica/cat-brain/install/serial/share/serial/environment/ament_prefix_path.sh
[0.408s] -- Up-to-date: /home/erica/cat-brain/install/serial/share/serial/environment/ament_prefix_path.dsv
[0.409s] -- Up-to-date: /home/erica/cat-brain/install/serial/share/serial/environment/path.sh
[0.410s] -- Up-to-date: /home/erica/cat-brain/install/serial/share/serial/environment/path.dsv
[0.411s] -- Up-to-date: /home/erica/cat-brain/install/serial/share/serial/local_setup.bash
[0.411s] -- Up-to-date: /home/erica/cat-brain/install/serial/share/serial/local_setup.sh
[0.412s] -- Up-to-date: /home/erica/cat-brain/install/serial/share/serial/local_setup.zsh
[0.414s] -- Up-to-date: /home/erica/cat-brain/install/serial/share/serial/local_setup.dsv
[0.416s] -- Installing: /home/erica/cat-brain/install/serial/share/serial/package.dsv
[0.417s] -- Up-to-date: /home/erica/cat-brain/install/serial/share/ament_index/resource_index/packages/serial
[0.418s] -- Up-to-date: /home/erica/cat-brain/install/serial/share/serial/cmake/ament_cmake_export_include_directories-extras.cmake
[0.421s] -- Up-to-date: /home/erica/cat-brain/install/serial/share/serial/cmake/ament_cmake_export_libraries-extras.cmake
[0.422s] -- Up-to-date: /home/erica/cat-brain/install/serial/share/serial/cmake/serialConfig.cmake
[0.424s] -- Up-to-date: /home/erica/cat-brain/install/serial/share/serial/cmake/serialConfig-version.cmake
[0.425s] -- Up-to-date: /home/erica/cat-brain/install/serial/share/serial/package.xml
[0.426s] Invoked command in '/home/erica/cat-brain/build/serial' returned '0': CMAKE_PREFIX_PATH=${CMAKE_PREFIX_PATH}:/opt/ros/humble /usr/bin/cmake --install /home/erica/cat-brain/build/serial
