[0.420s] DEBUG:colcon:Command line arguments: ['/usr/bin/colcon', 'build', '--packages-select', 'gpio']
[0.420s] DEBUG:colcon:Parsed command line arguments: Namespace(log_base=None, log_level=None, verb_name='build', build_base='build', install_base='install', merge_install=False, symlink_install=False, test_result_base=None, continue_on_error=False, executor='parallel', parallel_workers=4, event_handlers=None, ignore_user_meta=False, metas=['./colcon.meta'], base_paths=['.'], packages_ignore=None, packages_ignore_regex=None, paths=None, packages_up_to=None, packages_up_to_regex=None, packages_above=None, packages_above_and_dependencies=None, packages_above_depth=None, packages_select_by_dep=None, packages_skip_by_dep=None, packages_skip_up_to=None, packages_select_build_failed=False, packages_skip_build_finished=False, packages_select_test_failures=False, packages_skip_test_passed=False, packages_select=['gpio'], packages_skip=None, packages_select_regex=None, packages_skip_regex=None, packages_start=None, packages_end=None, allow_overriding=[], cmake_args=None, cmake_target=None, cmake_target_skip_unavailable=False, cmake_clean_cache=False, cmake_clean_first=False, cmake_force_configure=False, ament_cmake_args=None, catkin_cmake_args=None, catkin_skip_building_tests=False, verb_parser=<colcon_defaults.argument_parser.defaults.DefaultArgumentsDecorator object at 0xffff919b3010>, verb_extension=<colcon_core.verb.build.BuildVerb object at 0xffff91aec4c0>, main=<bound method BuildVerb.main of <colcon_core.verb.build.BuildVerb object at 0xffff91aec4c0>>)
[1.175s] Level 1:colcon.colcon_core.package_discovery:discover_packages(colcon_meta) check parameters
[1.176s] Level 1:colcon.colcon_core.package_discovery:discover_packages(recursive) check parameters
[1.176s] Level 1:colcon.colcon_core.package_discovery:discover_packages(ignore) check parameters
[1.176s] Level 1:colcon.colcon_core.package_discovery:discover_packages(path) check parameters
[1.176s] Level 1:colcon.colcon_core.package_discovery:discover_packages(colcon_meta) discover
[1.176s] Level 1:colcon.colcon_core.package_discovery:discover_packages(recursive) discover
[1.177s] INFO:colcon.colcon_core.package_discovery:Crawling recursively for packages in '/home/erica/cat-brain'
[1.177s] Level 1:colcon.colcon_core.package_identification:_identify(.) by extensions ['ignore', 'ignore_ament_install']
[1.177s] Level 1:colcon.colcon_core.package_identification:_identify(.) by extension 'ignore'
[1.178s] Level 1:colcon.colcon_core.package_identification:_identify(.) by extension 'ignore_ament_install'
[1.178s] Level 1:colcon.colcon_core.package_identification:_identify(.) by extensions ['colcon_pkg']
[1.178s] Level 1:colcon.colcon_core.package_identification:_identify(.) by extension 'colcon_pkg'
[1.178s] Level 1:colcon.colcon_core.package_identification:_identify(.) by extensions ['colcon_meta']
[1.178s] Level 1:colcon.colcon_core.package_identification:_identify(.) by extension 'colcon_meta'
[1.179s] Level 1:colcon.colcon_core.package_identification:_identify(.) by extensions ['ros']
[1.179s] Level 1:colcon.colcon_core.package_identification:_identify(.) by extension 'ros'
[1.225s] Level 1:colcon.colcon_core.package_identification:_identify(.) by extensions ['cmake', 'python']
[1.225s] Level 1:colcon.colcon_core.package_identification:_identify(.) by extension 'cmake'
[1.226s] Level 1:colcon.colcon_core.package_identification:_identify(.) by extension 'python'
[1.226s] Level 1:colcon.colcon_core.package_identification:_identify(.) by extensions ['python_setup_py']
[1.226s] Level 1:colcon.colcon_core.package_identification:_identify(.) by extension 'python_setup_py'
[1.227s] Level 1:colcon.colcon_core.package_identification:_identify(build) by extensions ['ignore', 'ignore_ament_install']
[1.227s] Level 1:colcon.colcon_core.package_identification:_identify(build) by extension 'ignore'
[1.227s] Level 1:colcon.colcon_core.package_identification:_identify(build) ignored
[1.228s] Level 1:colcon.colcon_core.package_identification:_identify(install) by extensions ['ignore', 'ignore_ament_install']
[1.228s] Level 1:colcon.colcon_core.package_identification:_identify(install) by extension 'ignore'
[1.229s] Level 1:colcon.colcon_core.package_identification:_identify(install) ignored
[1.229s] Level 1:colcon.colcon_core.package_identification:_identify(log) by extensions ['ignore', 'ignore_ament_install']
[1.230s] Level 1:colcon.colcon_core.package_identification:_identify(log) by extension 'ignore'
[1.230s] Level 1:colcon.colcon_core.package_identification:_identify(log) ignored
[1.230s] Level 1:colcon.colcon_core.package_identification:_identify(src) by extensions ['ignore', 'ignore_ament_install']
[1.230s] Level 1:colcon.colcon_core.package_identification:_identify(src) by extension 'ignore'
[1.231s] Level 1:colcon.colcon_core.package_identification:_identify(src) by extension 'ignore_ament_install'
[1.231s] Level 1:colcon.colcon_core.package_identification:_identify(src) by extensions ['colcon_pkg']
[1.231s] Level 1:colcon.colcon_core.package_identification:_identify(src) by extension 'colcon_pkg'
[1.231s] Level 1:colcon.colcon_core.package_identification:_identify(src) by extensions ['colcon_meta']
[1.231s] Level 1:colcon.colcon_core.package_identification:_identify(src) by extension 'colcon_meta'
[1.232s] Level 1:colcon.colcon_core.package_identification:_identify(src) by extensions ['ros']
[1.232s] Level 1:colcon.colcon_core.package_identification:_identify(src) by extension 'ros'
[1.232s] Level 1:colcon.colcon_core.package_identification:_identify(src) by extensions ['cmake', 'python']
[1.232s] Level 1:colcon.colcon_core.package_identification:_identify(src) by extension 'cmake'
[1.232s] Level 1:colcon.colcon_core.package_identification:_identify(src) by extension 'python'
[1.233s] Level 1:colcon.colcon_core.package_identification:_identify(src) by extensions ['python_setup_py']
[1.233s] Level 1:colcon.colcon_core.package_identification:_identify(src) by extension 'python_setup_py'
[1.233s] Level 1:colcon.colcon_core.package_identification:_identify(src/brain) by extensions ['ignore', 'ignore_ament_install']
[1.234s] Level 1:colcon.colcon_core.package_identification:_identify(src/brain) by extension 'ignore'
[1.234s] Level 1:colcon.colcon_core.package_identification:_identify(src/brain) by extension 'ignore_ament_install'
[1.234s] Level 1:colcon.colcon_core.package_identification:_identify(src/brain) by extensions ['colcon_pkg']
[1.234s] Level 1:colcon.colcon_core.package_identification:_identify(src/brain) by extension 'colcon_pkg'
[1.234s] Level 1:colcon.colcon_core.package_identification:_identify(src/brain) by extensions ['colcon_meta']
[1.234s] Level 1:colcon.colcon_core.package_identification:_identify(src/brain) by extension 'colcon_meta'
[1.235s] Level 1:colcon.colcon_core.package_identification:_identify(src/brain) by extensions ['ros']
[1.235s] Level 1:colcon.colcon_core.package_identification:_identify(src/brain) by extension 'ros'
[1.244s] DEBUG:colcon.colcon_core.package_identification:Package 'src/brain' with type 'ros.ament_cmake' and name 'brain'
[1.245s] Level 1:colcon.colcon_core.package_identification:_identify(src/gpio) by extensions ['ignore', 'ignore_ament_install']
[1.245s] Level 1:colcon.colcon_core.package_identification:_identify(src/gpio) by extension 'ignore'
[1.245s] Level 1:colcon.colcon_core.package_identification:_identify(src/gpio) by extension 'ignore_ament_install'
[1.245s] Level 1:colcon.colcon_core.package_identification:_identify(src/gpio) by extensions ['colcon_pkg']
[1.246s] Level 1:colcon.colcon_core.package_identification:_identify(src/gpio) by extension 'colcon_pkg'
[1.246s] Level 1:colcon.colcon_core.package_identification:_identify(src/gpio) by extensions ['colcon_meta']
[1.246s] Level 1:colcon.colcon_core.package_identification:_identify(src/gpio) by extension 'colcon_meta'
[1.246s] Level 1:colcon.colcon_core.package_identification:_identify(src/gpio) by extensions ['ros']
[1.246s] Level 1:colcon.colcon_core.package_identification:_identify(src/gpio) by extension 'ros'
[1.249s] DEBUG:colcon.colcon_core.package_identification:Package 'src/gpio' with type 'ros.ament_cmake' and name 'gpio'
[1.250s] Level 1:colcon.colcon_core.package_identification:_identify(src/serial-ros2) by extensions ['ignore', 'ignore_ament_install']
[1.250s] Level 1:colcon.colcon_core.package_identification:_identify(src/serial-ros2) by extension 'ignore'
[1.250s] Level 1:colcon.colcon_core.package_identification:_identify(src/serial-ros2) by extension 'ignore_ament_install'
[1.251s] Level 1:colcon.colcon_core.package_identification:_identify(src/serial-ros2) by extensions ['colcon_pkg']
[1.251s] Level 1:colcon.colcon_core.package_identification:_identify(src/serial-ros2) by extension 'colcon_pkg'
[1.251s] Level 1:colcon.colcon_core.package_identification:_identify(src/serial-ros2) by extensions ['colcon_meta']
[1.251s] Level 1:colcon.colcon_core.package_identification:_identify(src/serial-ros2) by extension 'colcon_meta'
[1.251s] Level 1:colcon.colcon_core.package_identification:_identify(src/serial-ros2) by extensions ['ros']
[1.252s] Level 1:colcon.colcon_core.package_identification:_identify(src/serial-ros2) by extension 'ros'
[1.255s] DEBUG:colcon.colcon_core.package_identification:Package 'src/serial-ros2' with type 'ros.ament_cmake' and name 'serial'
[1.255s] Level 1:colcon.colcon_core.package_identification:_identify(src/serial_com) by extensions ['ignore', 'ignore_ament_install']
[1.256s] Level 1:colcon.colcon_core.package_identification:_identify(src/serial_com) by extension 'ignore'
[1.256s] Level 1:colcon.colcon_core.package_identification:_identify(src/serial_com) by extension 'ignore_ament_install'
[1.256s] Level 1:colcon.colcon_core.package_identification:_identify(src/serial_com) by extensions ['colcon_pkg']
[1.256s] Level 1:colcon.colcon_core.package_identification:_identify(src/serial_com) by extension 'colcon_pkg'
[1.257s] Level 1:colcon.colcon_core.package_identification:_identify(src/serial_com) by extensions ['colcon_meta']
[1.257s] Level 1:colcon.colcon_core.package_identification:_identify(src/serial_com) by extension 'colcon_meta'
[1.257s] Level 1:colcon.colcon_core.package_identification:_identify(src/serial_com) by extensions ['ros']
[1.257s] Level 1:colcon.colcon_core.package_identification:_identify(src/serial_com) by extension 'ros'
[1.260s] DEBUG:colcon.colcon_core.package_identification:Package 'src/serial_com' with type 'ros.ament_cmake' and name 'serial_com'
[1.261s] Level 1:colcon.colcon_core.package_identification:_identify(src/teleop) by extensions ['ignore', 'ignore_ament_install']
[1.262s] Level 1:colcon.colcon_core.package_identification:_identify(src/teleop) by extension 'ignore'
[1.262s] Level 1:colcon.colcon_core.package_identification:_identify(src/teleop) by extension 'ignore_ament_install'
[1.262s] Level 1:colcon.colcon_core.package_identification:_identify(src/teleop) by extensions ['colcon_pkg']
[1.262s] Level 1:colcon.colcon_core.package_identification:_identify(src/teleop) by extension 'colcon_pkg'
[1.263s] Level 1:colcon.colcon_core.package_identification:_identify(src/teleop) by extensions ['colcon_meta']
[1.263s] Level 1:colcon.colcon_core.package_identification:_identify(src/teleop) by extension 'colcon_meta'
[1.263s] Level 1:colcon.colcon_core.package_identification:_identify(src/teleop) by extensions ['ros']
[1.263s] Level 1:colcon.colcon_core.package_identification:_identify(src/teleop) by extension 'ros'
[1.266s] DEBUG:colcon.colcon_core.package_identification:Package 'src/teleop' with type 'ros.ament_cmake' and name 'teleop'
[1.267s] Level 1:colcon.colcon_core.package_discovery:discover_packages(recursive) using defaults
[1.267s] Level 1:colcon.colcon_core.package_discovery:discover_packages(ignore) discover
[1.267s] Level 1:colcon.colcon_core.package_discovery:discover_packages(ignore) using defaults
[1.267s] Level 1:colcon.colcon_core.package_discovery:discover_packages(path) discover
[1.267s] Level 1:colcon.colcon_core.package_discovery:discover_packages(path) using defaults
[1.341s] INFO:colcon.colcon_core.package_selection:Skipping not selected package 'serial' in 'src/serial-ros2'
[1.341s] INFO:colcon.colcon_core.package_selection:Skipping not selected package 'teleop' in 'src/teleop'
[1.342s] INFO:colcon.colcon_core.package_selection:Skipping not selected package 'serial_com' in 'src/serial_com'
[1.342s] INFO:colcon.colcon_core.package_selection:Skipping not selected package 'brain' in 'src/brain'
[1.343s] Level 1:colcon.colcon_core.package_discovery:discover_packages(prefix_path) check parameters
[1.344s] Level 1:colcon.colcon_core.package_discovery:discover_packages(prefix_path) discover
[1.348s] WARNING:colcon.colcon_ros.prefix_path.ament:The path '/home/erica/cat-brain/install/gpio' in the environment variable AMENT_PREFIX_PATH doesn't exist
[1.349s] WARNING:colcon.colcon_ros.prefix_path.catkin:The path '/home/erica/cat-brain/install/gpio' in the environment variable CMAKE_PREFIX_PATH doesn't exist
[1.354s] DEBUG:colcon.colcon_installed_package_information.package_discovery:Found 4 installed packages in /home/erica/cat-brain/install
[1.362s] DEBUG:colcon.colcon_installed_package_information.package_discovery:Found 272 installed packages in /opt/ros/humble
[1.408s] Level 1:colcon.colcon_core.package_discovery:discover_packages(prefix_path) using defaults
[1.568s] Level 5:colcon.colcon_core.verb:set package 'gpio' build argument 'cmake_args' from command line to 'None'
[1.568s] Level 5:colcon.colcon_core.verb:set package 'gpio' build argument 'cmake_target' from command line to 'None'
[1.568s] Level 5:colcon.colcon_core.verb:set package 'gpio' build argument 'cmake_target_skip_unavailable' from command line to 'False'
[1.568s] Level 5:colcon.colcon_core.verb:set package 'gpio' build argument 'cmake_clean_cache' from command line to 'False'
[1.568s] Level 5:colcon.colcon_core.verb:set package 'gpio' build argument 'cmake_clean_first' from command line to 'False'
[1.568s] Level 5:colcon.colcon_core.verb:set package 'gpio' build argument 'cmake_force_configure' from command line to 'False'
[1.568s] Level 5:colcon.colcon_core.verb:set package 'gpio' build argument 'ament_cmake_args' from command line to 'None'
[1.569s] Level 5:colcon.colcon_core.verb:set package 'gpio' build argument 'catkin_cmake_args' from command line to 'None'
[1.569s] Level 5:colcon.colcon_core.verb:set package 'gpio' build argument 'catkin_skip_building_tests' from command line to 'False'
[1.569s] DEBUG:colcon.colcon_core.verb:Building package 'gpio' with the following arguments: {'ament_cmake_args': None, 'build_base': '/home/erica/cat-brain/build/gpio', 'catkin_cmake_args': None, 'catkin_skip_building_tests': False, 'cmake_args': None, 'cmake_clean_cache': False, 'cmake_clean_first': False, 'cmake_force_configure': False, 'cmake_target': None, 'cmake_target_skip_unavailable': False, 'install_base': '/home/erica/cat-brain/install/gpio', 'merge_install': False, 'path': '/home/erica/cat-brain/src/gpio', 'symlink_install': False, 'test_result_base': None}
[1.569s] INFO:colcon.colcon_core.executor:Executing jobs using 'parallel' executor
[1.573s] DEBUG:colcon.colcon_parallel_executor.executor.parallel:run_until_complete
[1.574s] INFO:colcon.colcon_ros.task.ament_cmake.build:Building ROS package in '/home/erica/cat-brain/src/gpio' with build type 'ament_cmake'
[1.574s] INFO:colcon.colcon_cmake.task.cmake.build:Building CMake package in '/home/erica/cat-brain/src/gpio'
[1.583s] INFO:colcon.colcon_core.plugin_system:Skipping extension 'colcon_core.shell.bat': Not used on non-Windows systems
[1.584s] INFO:colcon.colcon_core.shell:Skip shell extension 'powershell' for command environment: Not usable outside of PowerShell
[1.584s] DEBUG:colcon.colcon_core.shell:Skip shell extension 'dsv' for command environment
[1.622s] DEBUG:colcon.colcon_core.event_handler.log_command:Invoking command in '/home/erica/cat-brain/build/gpio': CMAKE_PREFIX_PATH=${CMAKE_PREFIX_PATH}:/opt/ros/humble /usr/bin/cmake --build /home/erica/cat-brain/build/gpio -- -j4 -l4
[14.629s] DEBUG:colcon.colcon_core.event_handler.log_command:Invoked command in '/home/erica/cat-brain/build/gpio' returned '0': CMAKE_PREFIX_PATH=${CMAKE_PREFIX_PATH}:/opt/ros/humble /usr/bin/cmake --build /home/erica/cat-brain/build/gpio -- -j4 -l4
[14.668s] DEBUG:colcon.colcon_core.event_handler.log_command:Invoking command in '/home/erica/cat-brain/build/gpio': CMAKE_PREFIX_PATH=${CMAKE_PREFIX_PATH}:/opt/ros/humble /usr/bin/cmake --install /home/erica/cat-brain/build/gpio
[14.724s] Level 1:colcon.colcon_core.environment:create_environment_scripts_only(gpio)
[14.725s] DEBUG:colcon.colcon_core.event_handler.log_command:Invoked command in '/home/erica/cat-brain/build/gpio' returned '0': CMAKE_PREFIX_PATH=${CMAKE_PREFIX_PATH}:/opt/ros/humble /usr/bin/cmake --install /home/erica/cat-brain/build/gpio
[14.735s] Level 1:colcon.colcon_core.environment:checking '/home/erica/cat-brain/install/gpio' for CMake module files
[14.738s] Level 1:colcon.colcon_core.environment:checking '/home/erica/cat-brain/install/gpio' for CMake config files
[14.739s] Level 1:colcon.colcon_core.shell:create_environment_hook('gpio', 'cmake_prefix_path')
[14.740s] INFO:colcon.colcon_core.shell:Creating environment hook '/home/erica/cat-brain/install/gpio/share/gpio/hook/cmake_prefix_path.ps1'
[14.743s] INFO:colcon.colcon_core.shell:Creating environment descriptor '/home/erica/cat-brain/install/gpio/share/gpio/hook/cmake_prefix_path.dsv'
[14.745s] INFO:colcon.colcon_core.shell:Creating environment hook '/home/erica/cat-brain/install/gpio/share/gpio/hook/cmake_prefix_path.sh'
[14.748s] Level 1:colcon.colcon_core.environment:checking '/home/erica/cat-brain/install/gpio/lib'
[14.749s] Level 1:colcon.colcon_core.environment:checking '/home/erica/cat-brain/install/gpio/bin'
[14.750s] Level 1:colcon.colcon_core.environment:checking '/home/erica/cat-brain/install/gpio/lib/pkgconfig/gpio.pc'
[14.751s] Level 1:colcon.colcon_core.environment:checking '/home/erica/cat-brain/install/gpio/lib/python3.10/site-packages'
[14.752s] Level 1:colcon.colcon_core.environment:checking '/home/erica/cat-brain/install/gpio/bin'
[14.753s] INFO:colcon.colcon_core.shell:Creating package script '/home/erica/cat-brain/install/gpio/share/gpio/package.ps1'
[14.756s] INFO:colcon.colcon_core.shell:Creating package descriptor '/home/erica/cat-brain/install/gpio/share/gpio/package.dsv'
[14.758s] INFO:colcon.colcon_core.shell:Creating package script '/home/erica/cat-brain/install/gpio/share/gpio/package.sh'
[14.761s] INFO:colcon.colcon_core.shell:Creating package script '/home/erica/cat-brain/install/gpio/share/gpio/package.bash'
[14.764s] INFO:colcon.colcon_core.shell:Creating package script '/home/erica/cat-brain/install/gpio/share/gpio/package.zsh'
[14.767s] Level 1:colcon.colcon_core.environment:create_file_with_runtime_dependencies(/home/erica/cat-brain/install/gpio/share/colcon-core/packages/gpio)
[14.770s] Level 1:colcon.colcon_core.environment:create_environment_scripts_only(gpio)
[14.771s] Level 1:colcon.colcon_core.environment:checking '/home/erica/cat-brain/install/gpio' for CMake module files
[14.774s] Level 1:colcon.colcon_core.environment:checking '/home/erica/cat-brain/install/gpio' for CMake config files
[14.775s] Level 1:colcon.colcon_core.shell:create_environment_hook('gpio', 'cmake_prefix_path')
[14.776s] INFO:colcon.colcon_core.shell:Creating environment hook '/home/erica/cat-brain/install/gpio/share/gpio/hook/cmake_prefix_path.ps1'
[14.778s] INFO:colcon.colcon_core.shell:Creating environment descriptor '/home/erica/cat-brain/install/gpio/share/gpio/hook/cmake_prefix_path.dsv'
[14.780s] INFO:colcon.colcon_core.shell:Creating environment hook '/home/erica/cat-brain/install/gpio/share/gpio/hook/cmake_prefix_path.sh'
[14.783s] Level 1:colcon.colcon_core.environment:checking '/home/erica/cat-brain/install/gpio/lib'
[14.784s] Level 1:colcon.colcon_core.environment:checking '/home/erica/cat-brain/install/gpio/bin'
[14.784s] Level 1:colcon.colcon_core.environment:checking '/home/erica/cat-brain/install/gpio/lib/pkgconfig/gpio.pc'
[14.785s] Level 1:colcon.colcon_core.environment:checking '/home/erica/cat-brain/install/gpio/lib/python3.10/site-packages'
[14.786s] Level 1:colcon.colcon_core.environment:checking '/home/erica/cat-brain/install/gpio/bin'
[14.787s] INFO:colcon.colcon_core.shell:Creating package script '/home/erica/cat-brain/install/gpio/share/gpio/package.ps1'
[14.789s] INFO:colcon.colcon_core.shell:Creating package descriptor '/home/erica/cat-brain/install/gpio/share/gpio/package.dsv'
[14.791s] INFO:colcon.colcon_core.shell:Creating package script '/home/erica/cat-brain/install/gpio/share/gpio/package.sh'
[14.794s] INFO:colcon.colcon_core.shell:Creating package script '/home/erica/cat-brain/install/gpio/share/gpio/package.bash'
[14.796s] INFO:colcon.colcon_core.shell:Creating package script '/home/erica/cat-brain/install/gpio/share/gpio/package.zsh'
[14.798s] Level 1:colcon.colcon_core.environment:create_file_with_runtime_dependencies(/home/erica/cat-brain/install/gpio/share/colcon-core/packages/gpio)
[14.799s] DEBUG:colcon.colcon_parallel_executor.executor.parallel:closing loop
[14.800s] DEBUG:colcon.colcon_parallel_executor.executor.parallel:loop closed
[14.800s] DEBUG:colcon.colcon_parallel_executor.executor.parallel:run_until_complete finished with '0'
[14.800s] DEBUG:colcon.colcon_core.event_reactor:joining thread
[14.822s] INFO:colcon.colcon_core.plugin_system:Skipping extension 'colcon_notification.desktop_notification.notify_send': Could not find 'notify-send'
[14.822s] INFO:colcon.colcon_core.plugin_system:Skipping extension 'colcon_notification.desktop_notification.terminal_notifier': Not used on non-Darwin systems
[14.823s] INFO:colcon.colcon_core.plugin_system:Skipping extension 'colcon_notification.desktop_notification.win32': Not used on non-Windows systems
[14.823s] INFO:colcon.colcon_notification.desktop_notification:Sending desktop notification using 'notify2'
[14.826s] DEBUG:colcon.colcon_notification.desktop_notification.notify2:Failed to initialize notify2: org.freedesktop.DBus.Error.ServiceUnknown: The name org.freedesktop.Notifications was not provided by any .service files
[14.826s] DEBUG:colcon.colcon_core.event_reactor:joined thread
[14.827s] INFO:colcon.colcon_core.shell:Creating prefix script '/home/erica/cat-brain/install/local_setup.ps1'
[14.831s] INFO:colcon.colcon_core.shell:Creating prefix util module '/home/erica/cat-brain/install/_local_setup_util_ps1.py'
[14.838s] INFO:colcon.colcon_core.shell:Creating prefix chain script '/home/erica/cat-brain/install/setup.ps1'
[14.845s] INFO:colcon.colcon_core.shell:Creating prefix script '/home/erica/cat-brain/install/local_setup.sh'
[14.847s] INFO:colcon.colcon_core.shell:Creating prefix util module '/home/erica/cat-brain/install/_local_setup_util_sh.py'
[14.850s] INFO:colcon.colcon_core.shell:Creating prefix chain script '/home/erica/cat-brain/install/setup.sh'
[14.856s] INFO:colcon.colcon_core.shell:Creating prefix script '/home/erica/cat-brain/install/local_setup.bash'
[14.858s] INFO:colcon.colcon_core.shell:Creating prefix chain script '/home/erica/cat-brain/install/setup.bash'
[14.864s] INFO:colcon.colcon_core.shell:Creating prefix script '/home/erica/cat-brain/install/local_setup.zsh'
[14.866s] INFO:colcon.colcon_core.shell:Creating prefix chain script '/home/erica/cat-brain/install/setup.zsh'
