[0.056s] Invoking command in '/home/erica/test_ws/build/teleop': CMAKE_PREFIX_PATH=/opt/ros/humble /usr/bin/cmake /home/erica/test_ws/src/teleop -DCMAKE_INSTALL_PREFIX=/home/erica/test_ws/install/teleop
[0.097s] -- Found ament_cmake: 1.3.11 (/opt/ros/humble/share/ament_cmake/cmake)
[0.713s] -- Found rclcpp: 16.0.12 (/opt/ros/humble/share/rclcpp/cmake)
[0.889s] -- Found rosidl_generator_c: 3.1.6 (/opt/ros/humble/share/rosidl_generator_c/cmake)
[0.900s] -- Found rosidl_adapter: 3.1.6 (/opt/ros/humble/share/rosidl_adapter/cmake)
[0.929s] -- Found rosidl_generator_cpp: 3.1.6 (/opt/ros/humble/share/rosidl_generator_cpp/cmake)
[0.969s] -- Using all available rosidl_typesupport_c: rosidl_typesupport_fastrtps_c;rosidl_typesupport_introspection_c
[1.026s] -- Using all available rosidl_typesupport_cpp: rosidl_typesupport_fastrtps_cpp;rosidl_typesupport_introspection_cpp
[1.172s] -- Found rmw_implementation_cmake: 6.1.2 (/opt/ros/humble/share/rmw_implementation_cmake/cmake)
[1.178s] -- Found rmw_fastrtps_cpp: 6.2.7 (/opt/ros/humble/share/rmw_fastrtps_cpp/cmake)
[1.985s] -- Using RMW implementation 'rmw_fastrtps_cpp' as default
[2.207s] -- Found sensor_msgs: 4.8.0 (/opt/ros/humble/share/sensor_msgs/cmake)
[2.471s] [31mCMake Error at CMakeLists.txt:12 (find_package):
[2.472s]   By not providing "Findackermann_msgs.cmake" in CMAKE_MODULE_PATH this
[2.472s]   project has asked CMake to find a package configuration file provided by
[2.473s]   "ackermann_msgs", but CMake did not find one.
[2.473s] 
[2.474s]   Could not find a package configuration file provided by "ackermann_msgs"
[2.474s]   with any of the following names:
[2.475s] 
[2.475s]     ackermann_msgsConfig.cmake
[2.476s]     ackermann_msgs-config.cmake
[2.476s] 
[2.477s]   Add the installation prefix of "ackermann_msgs" to CMAKE_PREFIX_PATH or set
[2.479s]   "ackermann_msgs_DIR" to a directory containing one of the above files.  If
[2.479s]   "ackermann_msgs" provides a separate development package or SDK, be sure it
[2.480s]   has been installed.
[2.481s] 
[2.482s] [0m
[2.483s] -- Configuring incomplete, errors occurred!
[2.484s] See also "/home/erica/test_ws/build/teleop/CMakeFiles/CMakeOutput.log".
[2.498s] Invoked command in '/home/erica/test_ws/build/teleop' returned '1': CMAKE_PREFIX_PATH=/opt/ros/humble /usr/bin/cmake /home/erica/test_ws/src/teleop -DCMAKE_INSTALL_PREFIX=/home/erica/test_ws/install/teleop
