[0.054s] Invoking command in '/home/erica/cat-brain/build/brain': CMAKE_PREFIX_PATH=/home/erica/cat-brain/install/serial_com:/home/erica/cat-brain/install/teleop:/home/erica/cat-brain/install/serial:/home/erica/cat-brain/install/brain:/opt/ros/humble /usr/bin/cmake /home/erica/cat-brain/src/brain -DCMAKE_INSTALL_PREFIX=/home/erica/cat-brain/install/brain
[0.300s] -- The C compiler identification is GNU 11.4.0
[0.550s] -- The CXX compiler identification is GNU 11.4.0
[0.580s] -- Detecting C compiler ABI info
[0.885s] -- Detecting C compiler ABI info - done
[0.915s] -- Check for working C compiler: /usr/bin/cc - skipped
[0.916s] -- Detecting C compile features
[0.917s] -- Detecting C compile features - done
[0.928s] -- Detecting CXX compiler ABI info
[1.269s] -- Detecting CXX compiler ABI info - done
[1.297s] -- Check for working CXX compiler: /usr/bin/c++ - skipped
[1.298s] -- Detecting CXX compile features
[1.300s] -- Detecting CXX compile features - done
[1.328s] -- Found ament_cmake: 1.3.11 (/opt/ros/humble/share/ament_cmake/cmake)
[2.016s] -- Found Python3: /usr/bin/python3 (found version "3.10.12") found components: Interpreter 
[2.585s] -- Found ament_lint_auto: 0.12.12 (/opt/ros/humble/share/ament_lint_auto/cmake)
[3.013s] -- Added test 'flake8' to check Python code syntax and style conventions
[3.016s] -- Added test 'lint_cmake' to check CMake code style
[3.019s] -- Added test 'pep257' to check Python code against some of the docstring style conventions in PEP 257
[3.025s] -- Added test 'xmllint' to check XML markup files
[3.032s] -- Configuring done
[3.051s] -- Generating done
[3.059s] -- Build files have been written to: /home/erica/cat-brain/build/brain
[3.073s] Invoked command in '/home/erica/cat-brain/build/brain' returned '0': CMAKE_PREFIX_PATH=/home/erica/cat-brain/install/serial_com:/home/erica/cat-brain/install/teleop:/home/erica/cat-brain/install/serial:/home/erica/cat-brain/install/brain:/opt/ros/humble /usr/bin/cmake /home/erica/cat-brain/src/brain -DCMAKE_INSTALL_PREFIX=/home/erica/cat-brain/install/brain
[3.083s] Invoking command in '/home/erica/cat-brain/build/brain': CMAKE_PREFIX_PATH=/home/erica/cat-brain/install/serial_com:/home/erica/cat-brain/install/teleop:/home/erica/cat-brain/install/serial:/home/erica/cat-brain/install/brain:/opt/ros/humble /usr/bin/cmake --build /home/erica/cat-brain/build/brain -- -j4 -l4
[3.223s] Invoked command in '/home/erica/cat-brain/build/brain' returned '0': CMAKE_PREFIX_PATH=/home/erica/cat-brain/install/serial_com:/home/erica/cat-brain/install/teleop:/home/erica/cat-brain/install/serial:/home/erica/cat-brain/install/brain:/opt/ros/humble /usr/bin/cmake --build /home/erica/cat-brain/build/brain -- -j4 -l4
[3.234s] Invoking command in '/home/erica/cat-brain/build/brain': CMAKE_PREFIX_PATH=/home/erica/cat-brain/install/serial_com:/home/erica/cat-brain/install/teleop:/home/erica/cat-brain/install/serial:/home/erica/cat-brain/install/brain:/opt/ros/humble /usr/bin/cmake --install /home/erica/cat-brain/build/brain
[3.259s] -- Install configuration: ""
[3.260s] -- Installing: /home/erica/cat-brain/install/brain/share/brain/launch
[3.260s] -- Installing: /home/erica/cat-brain/install/brain/share/brain/launch/launch.py
[3.261s] -- Installing: /home/erica/cat-brain/install/brain/share/brain/config
[3.262s] -- Installing: /home/erica/cat-brain/install/brain/share/brain/config/.gitkeep
[3.263s] -- Installing: /home/erica/cat-brain/install/brain/share/ament_index/resource_index/package_run_dependencies/brain
[3.265s] -- Installing: /home/erica/cat-brain/install/brain/share/ament_index/resource_index/parent_prefix_path/brain
[3.266s] -- Installing: /home/erica/cat-brain/install/brain/share/brain/environment/ament_prefix_path.sh
[3.268s] -- Installing: /home/erica/cat-brain/install/brain/share/brain/environment/ament_prefix_path.dsv
[3.269s] -- Installing: /home/erica/cat-brain/install/brain/share/brain/environment/path.sh
[3.270s] -- Installing: /home/erica/cat-brain/install/brain/share/brain/environment/path.dsv
[3.271s] -- Installing: /home/erica/cat-brain/install/brain/share/brain/local_setup.bash
[3.272s] -- Installing: /home/erica/cat-brain/install/brain/share/brain/local_setup.sh
[3.273s] -- Installing: /home/erica/cat-brain/install/brain/share/brain/local_setup.zsh
[3.274s] -- Installing: /home/erica/cat-brain/install/brain/share/brain/local_setup.dsv
[3.275s] -- Installing: /home/erica/cat-brain/install/brain/share/brain/package.dsv
[3.276s] -- Installing: /home/erica/cat-brain/install/brain/share/ament_index/resource_index/packages/brain
[3.278s] -- Installing: /home/erica/cat-brain/install/brain/share/brain/cmake/brainConfig.cmake
[3.279s] -- Installing: /home/erica/cat-brain/install/brain/share/brain/cmake/brainConfig-version.cmake
[3.279s] -- Installing: /home/erica/cat-brain/install/brain/share/brain/package.xml
[3.287s] Invoked command in '/home/erica/cat-brain/build/brain' returned '0': CMAKE_PREFIX_PATH=/home/erica/cat-brain/install/serial_com:/home/erica/cat-brain/install/teleop:/home/erica/cat-brain/install/serial:/home/erica/cat-brain/install/brain:/opt/ros/humble /usr/bin/cmake --install /home/erica/cat-brain/build/brain
