[0.056s] Invoking command in '/home/erica/cat-brain/build/teleop': CMAKE_PREFIX_PATH=${CMAKE_PREFIX_PATH}:/opt/ros/humble /usr/bin/cmake /home/erica/cat-brain/src/teleop -DCMAKE_INSTALL_PREFIX=/home/erica/cat-brain/install/teleop
[0.301s] -- The C compiler identification is GNU 11.4.0
[0.563s] -- The CXX compiler identification is GNU 11.4.0
[0.591s] -- Detecting C compiler ABI info
[0.904s] -- Detecting C compiler ABI info - done
[0.931s] -- Check for working C compiler: /usr/bin/cc - skipped
[0.932s] -- Detecting C compile features
[0.933s] -- Detecting C compile features - done
[0.945s] -- Detecting CXX compiler ABI info
[1.319s] -- Detecting CXX compiler ABI info - done
[1.346s] -- Check for working CXX compiler: /usr/bin/c++ - skipped
[1.347s] -- Detecting CXX compile features
[1.348s] -- Detecting CXX compile features - done
[1.376s] -- Found ament_cmake: 1.3.11 (/opt/ros/humble/share/ament_cmake/cmake)
[2.163s] -- Found Python3: /usr/bin/python3 (found version "3.10.12") found components: Interpreter 
[2.766s] -- Found rclcpp: 16.0.12 (/opt/ros/humble/share/rclcpp/cmake)
[3.181s] -- Found rosidl_generator_c: 3.1.6 (/opt/ros/humble/share/rosidl_generator_c/cmake)
[3.231s] -- Found rosidl_adapter: 3.1.6 (/opt/ros/humble/share/rosidl_adapter/cmake)
[3.301s] -- Found rosidl_generator_cpp: 3.1.6 (/opt/ros/humble/share/rosidl_generator_cpp/cmake)
[3.395s] -- Using all available rosidl_typesupport_c: rosidl_typesupport_fastrtps_c;rosidl_typesupport_introspection_c
[3.516s] -- Using all available rosidl_typesupport_cpp: rosidl_typesupport_fastrtps_cpp;rosidl_typesupport_introspection_cpp
[3.858s] -- Found rmw_implementation_cmake: 6.1.2 (/opt/ros/humble/share/rmw_implementation_cmake/cmake)
[3.886s] -- Found rmw_fastrtps_cpp: 6.2.7 (/opt/ros/humble/share/rmw_fastrtps_cpp/cmake)
[4.434s] -- Found OpenSSL: /usr/lib/aarch64-linux-gnu/libcrypto.so (found version "3.0.2")  
[4.655s] -- Found FastRTPS: /opt/ros/humble/include  
[4.998s] -- Using RMW implementation 'rmw_fastrtps_cpp' as default
[5.079s] -- Looking for pthread.h
[5.406s] -- Looking for pthread.h - found
[5.409s] -- Performing Test CMAKE_HAVE_LIBC_PTHREAD
[5.751s] -- Performing Test CMAKE_HAVE_LIBC_PTHREAD - Success
[5.755s] -- Found Threads: TRUE  
[6.194s] -- Found sensor_msgs: 4.8.0 (/opt/ros/humble/share/sensor_msgs/cmake)
[6.389s] -- Found ackermann_msgs: 2.0.2 (/opt/ros/humble/share/ackermann_msgs/cmake)
[6.468s] -- Found ament_lint_auto: 0.12.12 (/opt/ros/humble/share/ament_lint_auto/cmake)
[6.923s] -- Added test 'cppcheck' to perform static code analysis on C / C++ code
[6.923s] -- Configured cppcheck include dirs: 
[6.924s] -- Configured cppcheck exclude dirs and/or files: 
[6.926s] -- Added test 'flake8' to check Python code syntax and style conventions
[6.929s] -- Added test 'lint_cmake' to check CMake code style
[6.933s] -- Added test 'pep257' to check Python code against some of the docstring style conventions in PEP 257
[6.941s] -- Added test 'uncrustify' to check C / C++ code style
[6.942s] -- Configured uncrustify additional arguments: 
[6.945s] -- Added test 'xmllint' to check XML markup files
[6.959s] -- Configuring done
[7.023s] -- Generating done
[7.042s] -- Build files have been written to: /home/erica/cat-brain/build/teleop
[7.076s] Invoked command in '/home/erica/cat-brain/build/teleop' returned '0': CMAKE_PREFIX_PATH=${CMAKE_PREFIX_PATH}:/opt/ros/humble /usr/bin/cmake /home/erica/cat-brain/src/teleop -DCMAKE_INSTALL_PREFIX=/home/erica/cat-brain/install/teleop
[7.084s] Invoking command in '/home/erica/cat-brain/build/teleop': CMAKE_PREFIX_PATH=${CMAKE_PREFIX_PATH}:/opt/ros/humble /usr/bin/cmake --build /home/erica/cat-brain/build/teleop -- -j4 -l4
[7.301s] [ 50%] [32mBuilding CXX object CMakeFiles/joy_interpreter.dir/src/joy_interpreter.cpp.o[0m
[44.399s] [100%] [32m[1mLinking CXX executable joy_interpreter[0m
[46.796s] [100%] Built target joy_interpreter
[46.840s] Invoked command in '/home/erica/cat-brain/build/teleop' returned '0': CMAKE_PREFIX_PATH=${CMAKE_PREFIX_PATH}:/opt/ros/humble /usr/bin/cmake --build /home/erica/cat-brain/build/teleop -- -j4 -l4
[46.848s] Invoking command in '/home/erica/cat-brain/build/teleop': CMAKE_PREFIX_PATH=${CMAKE_PREFIX_PATH}:/opt/ros/humble /usr/bin/cmake --install /home/erica/cat-brain/build/teleop
[46.879s] -- Install configuration: ""
[46.880s] -- Installing: /home/erica/cat-brain/install/teleop/lib/teleop/joy_interpreter
[46.910s] -- Set runtime path of "/home/erica/cat-brain/install/teleop/lib/teleop/joy_interpreter" to ""
[46.911s] -- Installing: /home/erica/cat-brain/install/teleop/share/teleop/launch
[46.912s] -- Installing: /home/erica/cat-brain/install/teleop/share/teleop/launch/launch.py
[46.912s] -- Installing: /home/erica/cat-brain/install/teleop/share/teleop/config
[46.912s] -- Installing: /home/erica/cat-brain/install/teleop/share/teleop/config/.gitkeep
[46.914s] -- Installing: /home/erica/cat-brain/install/teleop/share/ament_index/resource_index/package_run_dependencies/teleop
[46.915s] -- Installing: /home/erica/cat-brain/install/teleop/share/ament_index/resource_index/parent_prefix_path/teleop
[46.916s] -- Installing: /home/erica/cat-brain/install/teleop/share/teleop/environment/ament_prefix_path.sh
[46.918s] -- Installing: /home/erica/cat-brain/install/teleop/share/teleop/environment/ament_prefix_path.dsv
[46.920s] -- Installing: /home/erica/cat-brain/install/teleop/share/teleop/environment/path.sh
[46.920s] -- Installing: /home/erica/cat-brain/install/teleop/share/teleop/environment/path.dsv
[46.923s] -- Installing: /home/erica/cat-brain/install/teleop/share/teleop/local_setup.bash
[46.924s] -- Installing: /home/erica/cat-brain/install/teleop/share/teleop/local_setup.sh
[46.925s] -- Installing: /home/erica/cat-brain/install/teleop/share/teleop/local_setup.zsh
[46.925s] -- Installing: /home/erica/cat-brain/install/teleop/share/teleop/local_setup.dsv
[46.927s] -- Installing: /home/erica/cat-brain/install/teleop/share/teleop/package.dsv
[46.929s] -- Installing: /home/erica/cat-brain/install/teleop/share/ament_index/resource_index/packages/teleop
[46.930s] -- Installing: /home/erica/cat-brain/install/teleop/share/teleop/cmake/teleopConfig.cmake
[46.932s] -- Installing: /home/erica/cat-brain/install/teleop/share/teleop/cmake/teleopConfig-version.cmake
[46.934s] -- Installing: /home/erica/cat-brain/install/teleop/share/teleop/package.xml
[46.942s] Invoked command in '/home/erica/cat-brain/build/teleop' returned '0': CMAKE_PREFIX_PATH=${CMAKE_PREFIX_PATH}:/opt/ros/humble /usr/bin/cmake --install /home/erica/cat-brain/build/teleop
