[0.058s] Invoking command in '/home/erica/test_ws/build/brain': AMENT_PREFIX_PATH=/home/erica/test_ws/install/teleop:${AMENT_PREFIX_PATH} CMAKE_PREFIX_PATH=/home/erica/test_ws/install/serial_com:/home/erica/test_ws/install/teleop:/home/erica/test_ws/install/serial:/opt/ros/humble /usr/bin/cmake /home/erica/test_ws/src/brain -DCMAKE_INSTALL_PREFIX=/home/erica/test_ws/install/brain
[0.745s] -- The C compiler identification is GNU 11.4.0
[1.003s] -- The CXX compiler identification is GNU 11.4.0
[1.037s] -- Detecting C compiler ABI info
[1.370s] -- Detecting C compiler ABI info - done
[1.396s] -- Check for working C compiler: /usr/bin/cc - skipped
[1.398s] -- Detecting C compile features
[1.400s] -- Detecting C compile features - done
[1.412s] -- Detecting CXX compiler ABI info
[1.759s] -- Detecting CXX compiler ABI info - done
[1.787s] -- Check for working CXX compiler: /usr/bin/c++ - skipped
[1.788s] -- Detecting CXX compile features
[1.789s] -- Detecting CXX compile features - done
[1.820s] -- Found ament_cmake: 1.3.11 (/opt/ros/humble/share/ament_cmake/cmake)
[2.517s] -- Found Python3: /usr/bin/python3 (found version "3.10.12") found components: Interpreter 
[3.080s] -- Found ament_lint_auto: 0.12.12 (/opt/ros/humble/share/ament_lint_auto/cmake)
[3.505s] -- Added test 'flake8' to check Python code syntax and style conventions
[3.508s] -- Added test 'lint_cmake' to check CMake code style
[3.510s] -- Added test 'pep257' to check Python code against some of the docstring style conventions in PEP 257
[3.516s] -- Added test 'xmllint' to check XML markup files
[3.524s] -- Configuring done
[3.542s] -- Generating done
[3.550s] -- Build files have been written to: /home/erica/test_ws/build/brain
[3.564s] Invoked command in '/home/erica/test_ws/build/brain' returned '0': AMENT_PREFIX_PATH=/home/erica/test_ws/install/teleop:${AMENT_PREFIX_PATH} CMAKE_PREFIX_PATH=/home/erica/test_ws/install/serial_com:/home/erica/test_ws/install/teleop:/home/erica/test_ws/install/serial:/opt/ros/humble /usr/bin/cmake /home/erica/test_ws/src/brain -DCMAKE_INSTALL_PREFIX=/home/erica/test_ws/install/brain
[3.574s] Invoking command in '/home/erica/test_ws/build/brain': AMENT_PREFIX_PATH=/home/erica/test_ws/install/teleop:${AMENT_PREFIX_PATH} CMAKE_PREFIX_PATH=/home/erica/test_ws/install/serial_com:/home/erica/test_ws/install/teleop:/home/erica/test_ws/install/serial:/opt/ros/humble /usr/bin/cmake --build /home/erica/test_ws/build/brain -- -j4 -l4
[3.718s] Invoked command in '/home/erica/test_ws/build/brain' returned '0': AMENT_PREFIX_PATH=/home/erica/test_ws/install/teleop:${AMENT_PREFIX_PATH} CMAKE_PREFIX_PATH=/home/erica/test_ws/install/serial_com:/home/erica/test_ws/install/teleop:/home/erica/test_ws/install/serial:/opt/ros/humble /usr/bin/cmake --build /home/erica/test_ws/build/brain -- -j4 -l4
[3.761s] Invoking command in '/home/erica/test_ws/build/brain': AMENT_PREFIX_PATH=/home/erica/test_ws/install/teleop:${AMENT_PREFIX_PATH} CMAKE_PREFIX_PATH=/home/erica/test_ws/install/serial_com:/home/erica/test_ws/install/teleop:/home/erica/test_ws/install/serial:/opt/ros/humble /usr/bin/cmake --install /home/erica/test_ws/build/brain
[3.787s] -- Install configuration: ""
[3.787s] -- Installing: /home/erica/test_ws/install/brain/share/brain/launch
[3.788s] -- Installing: /home/erica/test_ws/install/brain/share/brain/launch/launch.py
[3.789s] -- Installing: /home/erica/test_ws/install/brain/share/brain/config
[3.790s] -- Installing: /home/erica/test_ws/install/brain/share/brain/config/.gitkeep
[3.791s] -- Installing: /home/erica/test_ws/install/brain/share/ament_index/resource_index/package_run_dependencies/brain
[3.793s] -- Installing: /home/erica/test_ws/install/brain/share/ament_index/resource_index/parent_prefix_path/brain
[3.794s] -- Installing: /home/erica/test_ws/install/brain/share/brain/environment/ament_prefix_path.sh
[3.795s] -- Installing: /home/erica/test_ws/install/brain/share/brain/environment/ament_prefix_path.dsv
[3.796s] -- Installing: /home/erica/test_ws/install/brain/share/brain/environment/path.sh
[3.797s] -- Installing: /home/erica/test_ws/install/brain/share/brain/environment/path.dsv
[3.798s] -- Installing: /home/erica/test_ws/install/brain/share/brain/local_setup.bash
[3.799s] -- Installing: /home/erica/test_ws/install/brain/share/brain/local_setup.sh
[3.800s] -- Installing: /home/erica/test_ws/install/brain/share/brain/local_setup.zsh
[3.801s] -- Installing: /home/erica/test_ws/install/brain/share/brain/local_setup.dsv
[3.802s] -- Installing: /home/erica/test_ws/install/brain/share/brain/package.dsv
[3.804s] -- Installing: /home/erica/test_ws/install/brain/share/ament_index/resource_index/packages/brain
[3.805s] -- Installing: /home/erica/test_ws/install/brain/share/brain/cmake/brainConfig.cmake
[3.806s] -- Installing: /home/erica/test_ws/install/brain/share/brain/cmake/brainConfig-version.cmake
[3.807s] -- Installing: /home/erica/test_ws/install/brain/share/brain/package.xml
[3.813s] Invoked command in '/home/erica/test_ws/build/brain' returned '0': AMENT_PREFIX_PATH=/home/erica/test_ws/install/teleop:${AMENT_PREFIX_PATH} CMAKE_PREFIX_PATH=/home/erica/test_ws/install/serial_com:/home/erica/test_ws/install/teleop:/home/erica/test_ws/install/serial:/opt/ros/humble /usr/bin/cmake --install /home/erica/test_ws/build/brain
