[0.625s] DEBUG:colcon:Command line arguments: ['/usr/bin/colcon', 'build']
[0.626s] DEBUG:colcon:Parsed command line arguments: Namespace(log_base=None, log_level=None, verb_name='build', build_base='build', install_base='install', merge_install=False, symlink_install=False, test_result_base=None, continue_on_error=False, executor='parallel', parallel_workers=4, event_handlers=None, ignore_user_meta=False, metas=['./colcon.meta'], base_paths=['.'], packages_ignore=None, packages_ignore_regex=None, paths=None, packages_up_to=None, packages_up_to_regex=None, packages_above=None, packages_above_and_dependencies=None, packages_above_depth=None, packages_select_by_dep=None, packages_skip_by_dep=None, packages_skip_up_to=None, packages_select_build_failed=False, packages_skip_build_finished=False, packages_select_test_failures=False, packages_skip_test_passed=False, packages_select=None, packages_skip=None, packages_select_regex=None, packages_skip_regex=None, packages_start=None, packages_end=None, allow_overriding=[], cmake_args=None, cmake_target=None, cmake_target_skip_unavailable=False, cmake_clean_cache=False, cmake_clean_first=False, cmake_force_configure=False, ament_cmake_args=None, catkin_cmake_args=None, catkin_skip_building_tests=False, verb_parser=<colcon_defaults.argument_parser.defaults.DefaultArgumentsDecorator object at 0xffffb59f2fe0>, verb_extension=<colcon_core.verb.build.BuildVerb object at 0xffffb5b2c490>, main=<bound method BuildVerb.main of <colcon_core.verb.build.BuildVerb object at 0xffffb5b2c490>>)
[1.763s] Level 1:colcon.colcon_core.package_discovery:discover_packages(colcon_meta) check parameters
[1.763s] Level 1:colcon.colcon_core.package_discovery:discover_packages(recursive) check parameters
[1.764s] Level 1:colcon.colcon_core.package_discovery:discover_packages(ignore) check parameters
[1.764s] Level 1:colcon.colcon_core.package_discovery:discover_packages(path) check parameters
[1.764s] Level 1:colcon.colcon_core.package_discovery:discover_packages(colcon_meta) discover
[1.764s] Level 1:colcon.colcon_core.package_discovery:discover_packages(recursive) discover
[1.764s] INFO:colcon.colcon_core.package_discovery:Crawling recursively for packages in '/home/erica/cat-brain'
[1.765s] Level 1:colcon.colcon_core.package_identification:_identify(.) by extensions ['ignore', 'ignore_ament_install']
[1.765s] Level 1:colcon.colcon_core.package_identification:_identify(.) by extension 'ignore'
[1.766s] Level 1:colcon.colcon_core.package_identification:_identify(.) by extension 'ignore_ament_install'
[1.766s] Level 1:colcon.colcon_core.package_identification:_identify(.) by extensions ['colcon_pkg']
[1.766s] Level 1:colcon.colcon_core.package_identification:_identify(.) by extension 'colcon_pkg'
[1.767s] Level 1:colcon.colcon_core.package_identification:_identify(.) by extensions ['colcon_meta']
[1.767s] Level 1:colcon.colcon_core.package_identification:_identify(.) by extension 'colcon_meta'
[1.767s] Level 1:colcon.colcon_core.package_identification:_identify(.) by extensions ['ros']
[1.767s] Level 1:colcon.colcon_core.package_identification:_identify(.) by extension 'ros'
[1.815s] Level 1:colcon.colcon_core.package_identification:_identify(.) by extensions ['cmake', 'python']
[1.815s] Level 1:colcon.colcon_core.package_identification:_identify(.) by extension 'cmake'
[1.815s] Level 1:colcon.colcon_core.package_identification:_identify(.) by extension 'python'
[1.816s] Level 1:colcon.colcon_core.package_identification:_identify(.) by extensions ['python_setup_py']
[1.816s] Level 1:colcon.colcon_core.package_identification:_identify(.) by extension 'python_setup_py'
[1.816s] Level 1:colcon.colcon_core.package_identification:_identify(build) by extensions ['ignore', 'ignore_ament_install']
[1.817s] Level 1:colcon.colcon_core.package_identification:_identify(build) by extension 'ignore'
[1.817s] Level 1:colcon.colcon_core.package_identification:_identify(build) ignored
[1.818s] Level 1:colcon.colcon_core.package_identification:_identify(install) by extensions ['ignore', 'ignore_ament_install']
[1.818s] Level 1:colcon.colcon_core.package_identification:_identify(install) by extension 'ignore'
[1.818s] Level 1:colcon.colcon_core.package_identification:_identify(install) ignored
[1.819s] Level 1:colcon.colcon_core.package_identification:_identify(log) by extensions ['ignore', 'ignore_ament_install']
[1.819s] Level 1:colcon.colcon_core.package_identification:_identify(log) by extension 'ignore'
[1.820s] Level 1:colcon.colcon_core.package_identification:_identify(log) ignored
[1.820s] Level 1:colcon.colcon_core.package_identification:_identify(src) by extensions ['ignore', 'ignore_ament_install']
[1.820s] Level 1:colcon.colcon_core.package_identification:_identify(src) by extension 'ignore'
[1.821s] Level 1:colcon.colcon_core.package_identification:_identify(src) by extension 'ignore_ament_install'
[1.821s] Level 1:colcon.colcon_core.package_identification:_identify(src) by extensions ['colcon_pkg']
[1.821s] Level 1:colcon.colcon_core.package_identification:_identify(src) by extension 'colcon_pkg'
[1.821s] Level 1:colcon.colcon_core.package_identification:_identify(src) by extensions ['colcon_meta']
[1.821s] Level 1:colcon.colcon_core.package_identification:_identify(src) by extension 'colcon_meta'
[1.822s] Level 1:colcon.colcon_core.package_identification:_identify(src) by extensions ['ros']
[1.822s] Level 1:colcon.colcon_core.package_identification:_identify(src) by extension 'ros'
[1.822s] Level 1:colcon.colcon_core.package_identification:_identify(src) by extensions ['cmake', 'python']
[1.822s] Level 1:colcon.colcon_core.package_identification:_identify(src) by extension 'cmake'
[1.822s] Level 1:colcon.colcon_core.package_identification:_identify(src) by extension 'python'
[1.823s] Level 1:colcon.colcon_core.package_identification:_identify(src) by extensions ['python_setup_py']
[1.823s] Level 1:colcon.colcon_core.package_identification:_identify(src) by extension 'python_setup_py'
[1.823s] Level 1:colcon.colcon_core.package_identification:_identify(src/brain) by extensions ['ignore', 'ignore_ament_install']
[1.824s] Level 1:colcon.colcon_core.package_identification:_identify(src/brain) by extension 'ignore'
[1.824s] Level 1:colcon.colcon_core.package_identification:_identify(src/brain) by extension 'ignore_ament_install'
[1.824s] Level 1:colcon.colcon_core.package_identification:_identify(src/brain) by extensions ['colcon_pkg']
[1.824s] Level 1:colcon.colcon_core.package_identification:_identify(src/brain) by extension 'colcon_pkg'
[1.824s] Level 1:colcon.colcon_core.package_identification:_identify(src/brain) by extensions ['colcon_meta']
[1.825s] Level 1:colcon.colcon_core.package_identification:_identify(src/brain) by extension 'colcon_meta'
[1.825s] Level 1:colcon.colcon_core.package_identification:_identify(src/brain) by extensions ['ros']
[1.825s] Level 1:colcon.colcon_core.package_identification:_identify(src/brain) by extension 'ros'
[1.837s] DEBUG:colcon.colcon_core.package_identification:Package 'src/brain' with type 'ros.ament_cmake' and name 'brain'
[1.838s] Level 1:colcon.colcon_core.package_identification:_identify(src/gpio) by extensions ['ignore', 'ignore_ament_install']
[1.838s] Level 1:colcon.colcon_core.package_identification:_identify(src/gpio) by extension 'ignore'
[1.839s] Level 1:colcon.colcon_core.package_identification:_identify(src/gpio) by extension 'ignore_ament_install'
[1.839s] Level 1:colcon.colcon_core.package_identification:_identify(src/gpio) by extensions ['colcon_pkg']
[1.839s] Level 1:colcon.colcon_core.package_identification:_identify(src/gpio) by extension 'colcon_pkg'
[1.839s] Level 1:colcon.colcon_core.package_identification:_identify(src/gpio) by extensions ['colcon_meta']
[1.839s] Level 1:colcon.colcon_core.package_identification:_identify(src/gpio) by extension 'colcon_meta'
[1.840s] Level 1:colcon.colcon_core.package_identification:_identify(src/gpio) by extensions ['ros']
[1.840s] Level 1:colcon.colcon_core.package_identification:_identify(src/gpio) by extension 'ros'
[1.843s] DEBUG:colcon.colcon_core.package_identification:Package 'src/gpio' with type 'ros.ament_cmake' and name 'gpio'
[1.844s] Level 1:colcon.colcon_core.package_identification:_identify(src/serial-ros2) by extensions ['ignore', 'ignore_ament_install']
[1.844s] Level 1:colcon.colcon_core.package_identification:_identify(src/serial-ros2) by extension 'ignore'
[1.845s] Level 1:colcon.colcon_core.package_identification:_identify(src/serial-ros2) by extension 'ignore_ament_install'
[1.845s] Level 1:colcon.colcon_core.package_identification:_identify(src/serial-ros2) by extensions ['colcon_pkg']
[1.845s] Level 1:colcon.colcon_core.package_identification:_identify(src/serial-ros2) by extension 'colcon_pkg'
[1.845s] Level 1:colcon.colcon_core.package_identification:_identify(src/serial-ros2) by extensions ['colcon_meta']
[1.846s] Level 1:colcon.colcon_core.package_identification:_identify(src/serial-ros2) by extension 'colcon_meta'
[1.846s] Level 1:colcon.colcon_core.package_identification:_identify(src/serial-ros2) by extensions ['ros']
[1.846s] Level 1:colcon.colcon_core.package_identification:_identify(src/serial-ros2) by extension 'ros'
[1.849s] DEBUG:colcon.colcon_core.package_identification:Package 'src/serial-ros2' with type 'ros.ament_cmake' and name 'serial'
[1.849s] Level 1:colcon.colcon_core.package_identification:_identify(src/serial_com) by extensions ['ignore', 'ignore_ament_install']
[1.850s] Level 1:colcon.colcon_core.package_identification:_identify(src/serial_com) by extension 'ignore'
[1.850s] Level 1:colcon.colcon_core.package_identification:_identify(src/serial_com) by extension 'ignore_ament_install'
[1.850s] Level 1:colcon.colcon_core.package_identification:_identify(src/serial_com) by extensions ['colcon_pkg']
[1.851s] Level 1:colcon.colcon_core.package_identification:_identify(src/serial_com) by extension 'colcon_pkg'
[1.851s] Level 1:colcon.colcon_core.package_identification:_identify(src/serial_com) by extensions ['colcon_meta']
[1.851s] Level 1:colcon.colcon_core.package_identification:_identify(src/serial_com) by extension 'colcon_meta'
[1.851s] Level 1:colcon.colcon_core.package_identification:_identify(src/serial_com) by extensions ['ros']
[1.851s] Level 1:colcon.colcon_core.package_identification:_identify(src/serial_com) by extension 'ros'
[1.854s] DEBUG:colcon.colcon_core.package_identification:Package 'src/serial_com' with type 'ros.ament_cmake' and name 'serial_com'
[1.855s] Level 1:colcon.colcon_core.package_identification:_identify(src/teleop) by extensions ['ignore', 'ignore_ament_install']
[1.855s] Level 1:colcon.colcon_core.package_identification:_identify(src/teleop) by extension 'ignore'
[1.856s] Level 1:colcon.colcon_core.package_identification:_identify(src/teleop) by extension 'ignore_ament_install'
[1.856s] Level 1:colcon.colcon_core.package_identification:_identify(src/teleop) by extensions ['colcon_pkg']
[1.856s] Level 1:colcon.colcon_core.package_identification:_identify(src/teleop) by extension 'colcon_pkg'
[1.856s] Level 1:colcon.colcon_core.package_identification:_identify(src/teleop) by extensions ['colcon_meta']
[1.856s] Level 1:colcon.colcon_core.package_identification:_identify(src/teleop) by extension 'colcon_meta'
[1.857s] Level 1:colcon.colcon_core.package_identification:_identify(src/teleop) by extensions ['ros']
[1.857s] Level 1:colcon.colcon_core.package_identification:_identify(src/teleop) by extension 'ros'
[1.860s] DEBUG:colcon.colcon_core.package_identification:Package 'src/teleop' with type 'ros.ament_cmake' and name 'teleop'
[1.860s] Level 1:colcon.colcon_core.package_discovery:discover_packages(recursive) using defaults
[1.860s] Level 1:colcon.colcon_core.package_discovery:discover_packages(ignore) discover
[1.860s] Level 1:colcon.colcon_core.package_discovery:discover_packages(ignore) using defaults
[1.860s] Level 1:colcon.colcon_core.package_discovery:discover_packages(path) discover
[1.861s] Level 1:colcon.colcon_core.package_discovery:discover_packages(path) using defaults
[1.982s] Level 1:colcon.colcon_core.package_discovery:discover_packages(prefix_path) check parameters
[1.983s] Level 1:colcon.colcon_core.package_discovery:discover_packages(prefix_path) discover
[1.997s] DEBUG:colcon.colcon_installed_package_information.package_discovery:Found 4 installed packages in /home/erica/cat-brain/install
[2.007s] DEBUG:colcon.colcon_installed_package_information.package_discovery:Found 272 installed packages in /opt/ros/humble
[2.053s] Level 1:colcon.colcon_core.package_discovery:discover_packages(prefix_path) using defaults
[2.218s] Level 5:colcon.colcon_core.verb:set package 'gpio' build argument 'cmake_args' from command line to 'None'
[2.218s] Level 5:colcon.colcon_core.verb:set package 'gpio' build argument 'cmake_target' from command line to 'None'
[2.218s] Level 5:colcon.colcon_core.verb:set package 'gpio' build argument 'cmake_target_skip_unavailable' from command line to 'False'
[2.219s] Level 5:colcon.colcon_core.verb:set package 'gpio' build argument 'cmake_clean_cache' from command line to 'False'
[2.219s] Level 5:colcon.colcon_core.verb:set package 'gpio' build argument 'cmake_clean_first' from command line to 'False'
[2.219s] Level 5:colcon.colcon_core.verb:set package 'gpio' build argument 'cmake_force_configure' from command line to 'False'
[2.219s] Level 5:colcon.colcon_core.verb:set package 'gpio' build argument 'ament_cmake_args' from command line to 'None'
[2.219s] Level 5:colcon.colcon_core.verb:set package 'gpio' build argument 'catkin_cmake_args' from command line to 'None'
[2.219s] Level 5:colcon.colcon_core.verb:set package 'gpio' build argument 'catkin_skip_building_tests' from command line to 'False'
[2.219s] DEBUG:colcon.colcon_core.verb:Building package 'gpio' with the following arguments: {'ament_cmake_args': None, 'build_base': '/home/erica/cat-brain/build/gpio', 'catkin_cmake_args': None, 'catkin_skip_building_tests': False, 'cmake_args': None, 'cmake_clean_cache': False, 'cmake_clean_first': False, 'cmake_force_configure': False, 'cmake_target': None, 'cmake_target_skip_unavailable': False, 'install_base': '/home/erica/cat-brain/install/gpio', 'merge_install': False, 'path': '/home/erica/cat-brain/src/gpio', 'symlink_install': False, 'test_result_base': None}
[2.221s] Level 5:colcon.colcon_core.verb:set package 'serial' build argument 'cmake_args' from command line to 'None'
[2.221s] Level 5:colcon.colcon_core.verb:set package 'serial' build argument 'cmake_target' from command line to 'None'
[2.221s] Level 5:colcon.colcon_core.verb:set package 'serial' build argument 'cmake_target_skip_unavailable' from command line to 'False'
[2.221s] Level 5:colcon.colcon_core.verb:set package 'serial' build argument 'cmake_clean_cache' from command line to 'False'
[2.221s] Level 5:colcon.colcon_core.verb:set package 'serial' build argument 'cmake_clean_first' from command line to 'False'
[2.221s] Level 5:colcon.colcon_core.verb:set package 'serial' build argument 'cmake_force_configure' from command line to 'False'
[2.222s] Level 5:colcon.colcon_core.verb:set package 'serial' build argument 'ament_cmake_args' from command line to 'None'
[2.222s] Level 5:colcon.colcon_core.verb:set package 'serial' build argument 'catkin_cmake_args' from command line to 'None'
[2.222s] Level 5:colcon.colcon_core.verb:set package 'serial' build argument 'catkin_skip_building_tests' from command line to 'False'
[2.222s] DEBUG:colcon.colcon_core.verb:Building package 'serial' with the following arguments: {'ament_cmake_args': None, 'build_base': '/home/erica/cat-brain/build/serial', 'catkin_cmake_args': None, 'catkin_skip_building_tests': False, 'cmake_args': None, 'cmake_clean_cache': False, 'cmake_clean_first': False, 'cmake_force_configure': False, 'cmake_target': None, 'cmake_target_skip_unavailable': False, 'install_base': '/home/erica/cat-brain/install/serial', 'merge_install': False, 'path': '/home/erica/cat-brain/src/serial-ros2', 'symlink_install': False, 'test_result_base': None}
[2.223s] Level 5:colcon.colcon_core.verb:set package 'teleop' build argument 'cmake_args' from command line to 'None'
[2.224s] Level 5:colcon.colcon_core.verb:set package 'teleop' build argument 'cmake_target' from command line to 'None'
[2.224s] Level 5:colcon.colcon_core.verb:set package 'teleop' build argument 'cmake_target_skip_unavailable' from command line to 'False'
[2.224s] Level 5:colcon.colcon_core.verb:set package 'teleop' build argument 'cmake_clean_cache' from command line to 'False'
[2.224s] Level 5:colcon.colcon_core.verb:set package 'teleop' build argument 'cmake_clean_first' from command line to 'False'
[2.224s] Level 5:colcon.colcon_core.verb:set package 'teleop' build argument 'cmake_force_configure' from command line to 'False'
[2.224s] Level 5:colcon.colcon_core.verb:set package 'teleop' build argument 'ament_cmake_args' from command line to 'None'
[2.224s] Level 5:colcon.colcon_core.verb:set package 'teleop' build argument 'catkin_cmake_args' from command line to 'None'
[2.224s] Level 5:colcon.colcon_core.verb:set package 'teleop' build argument 'catkin_skip_building_tests' from command line to 'False'
[2.225s] DEBUG:colcon.colcon_core.verb:Building package 'teleop' with the following arguments: {'ament_cmake_args': None, 'build_base': '/home/erica/cat-brain/build/teleop', 'catkin_cmake_args': None, 'catkin_skip_building_tests': False, 'cmake_args': None, 'cmake_clean_cache': False, 'cmake_clean_first': False, 'cmake_force_configure': False, 'cmake_target': None, 'cmake_target_skip_unavailable': False, 'install_base': '/home/erica/cat-brain/install/teleop', 'merge_install': False, 'path': '/home/erica/cat-brain/src/teleop', 'symlink_install': False, 'test_result_base': None}
[2.226s] Level 5:colcon.colcon_core.verb:set package 'serial_com' build argument 'cmake_args' from command line to 'None'
[2.226s] Level 5:colcon.colcon_core.verb:set package 'serial_com' build argument 'cmake_target' from command line to 'None'
[2.226s] Level 5:colcon.colcon_core.verb:set package 'serial_com' build argument 'cmake_target_skip_unavailable' from command line to 'False'
[2.226s] Level 5:colcon.colcon_core.verb:set package 'serial_com' build argument 'cmake_clean_cache' from command line to 'False'
[2.227s] Level 5:colcon.colcon_core.verb:set package 'serial_com' build argument 'cmake_clean_first' from command line to 'False'
[2.227s] Level 5:colcon.colcon_core.verb:set package 'serial_com' build argument 'cmake_force_configure' from command line to 'False'
[2.227s] Level 5:colcon.colcon_core.verb:set package 'serial_com' build argument 'ament_cmake_args' from command line to 'None'
[2.227s] Level 5:colcon.colcon_core.verb:set package 'serial_com' build argument 'catkin_cmake_args' from command line to 'None'
[2.227s] Level 5:colcon.colcon_core.verb:set package 'serial_com' build argument 'catkin_skip_building_tests' from command line to 'False'
[2.227s] DEBUG:colcon.colcon_core.verb:Building package 'serial_com' with the following arguments: {'ament_cmake_args': None, 'build_base': '/home/erica/cat-brain/build/serial_com', 'catkin_cmake_args': None, 'catkin_skip_building_tests': False, 'cmake_args': None, 'cmake_clean_cache': False, 'cmake_clean_first': False, 'cmake_force_configure': False, 'cmake_target': None, 'cmake_target_skip_unavailable': False, 'install_base': '/home/erica/cat-brain/install/serial_com', 'merge_install': False, 'path': '/home/erica/cat-brain/src/serial_com', 'symlink_install': False, 'test_result_base': None}
[2.229s] Level 5:colcon.colcon_core.verb:set package 'brain' build argument 'cmake_args' from command line to 'None'
[2.229s] Level 5:colcon.colcon_core.verb:set package 'brain' build argument 'cmake_target' from command line to 'None'
[2.229s] Level 5:colcon.colcon_core.verb:set package 'brain' build argument 'cmake_target_skip_unavailable' from command line to 'False'
[2.229s] Level 5:colcon.colcon_core.verb:set package 'brain' build argument 'cmake_clean_cache' from command line to 'False'
[2.229s] Level 5:colcon.colcon_core.verb:set package 'brain' build argument 'cmake_clean_first' from command line to 'False'
[2.229s] Level 5:colcon.colcon_core.verb:set package 'brain' build argument 'cmake_force_configure' from command line to 'False'
[2.229s] Level 5:colcon.colcon_core.verb:set package 'brain' build argument 'ament_cmake_args' from command line to 'None'
[2.229s] Level 5:colcon.colcon_core.verb:set package 'brain' build argument 'catkin_cmake_args' from command line to 'None'
[2.230s] Level 5:colcon.colcon_core.verb:set package 'brain' build argument 'catkin_skip_building_tests' from command line to 'False'
[2.230s] DEBUG:colcon.colcon_core.verb:Building package 'brain' with the following arguments: {'ament_cmake_args': None, 'build_base': '/home/erica/cat-brain/build/brain', 'catkin_cmake_args': None, 'catkin_skip_building_tests': False, 'cmake_args': None, 'cmake_clean_cache': False, 'cmake_clean_first': False, 'cmake_force_configure': False, 'cmake_target': None, 'cmake_target_skip_unavailable': False, 'install_base': '/home/erica/cat-brain/install/brain', 'merge_install': False, 'path': '/home/erica/cat-brain/src/brain', 'symlink_install': False, 'test_result_base': None}
[2.230s] INFO:colcon.colcon_core.executor:Executing jobs using 'parallel' executor
[2.233s] DEBUG:colcon.colcon_parallel_executor.executor.parallel:run_until_complete
[2.235s] INFO:colcon.colcon_ros.task.ament_cmake.build:Building ROS package in '/home/erica/cat-brain/src/serial-ros2' with build type 'ament_cmake'
[2.235s] INFO:colcon.colcon_cmake.task.cmake.build:Building CMake package in '/home/erica/cat-brain/src/serial-ros2'
[2.255s] INFO:colcon.colcon_core.plugin_system:Skipping extension 'colcon_core.shell.bat': Not used on non-Windows systems
[2.256s] INFO:colcon.colcon_core.shell:Skip shell extension 'powershell' for command environment: Not usable outside of PowerShell
[2.256s] DEBUG:colcon.colcon_core.shell:Skip shell extension 'dsv' for command environment
[2.277s] INFO:colcon.colcon_ros.task.ament_cmake.build:Building ROS package in '/home/erica/cat-brain/src/gpio' with build type 'ament_cmake'
[2.278s] INFO:colcon.colcon_cmake.task.cmake.build:Building CMake package in '/home/erica/cat-brain/src/gpio'
[2.279s] INFO:colcon.colcon_core.shell:Skip shell extension 'powershell' for command environment: Not usable outside of PowerShell
[2.280s] DEBUG:colcon.colcon_core.shell:Skip shell extension 'dsv' for command environment
[2.299s] INFO:colcon.colcon_ros.task.ament_cmake.build:Building ROS package in '/home/erica/cat-brain/src/teleop' with build type 'ament_cmake'
[2.299s] INFO:colcon.colcon_cmake.task.cmake.build:Building CMake package in '/home/erica/cat-brain/src/teleop'
[2.301s] INFO:colcon.colcon_core.shell:Skip shell extension 'powershell' for command environment: Not usable outside of PowerShell
[2.301s] DEBUG:colcon.colcon_core.shell:Skip shell extension 'dsv' for command environment
[2.337s] DEBUG:colcon.colcon_core.event_handler.log_command:Invoking command in '/home/erica/cat-brain/build/serial': CMAKE_PREFIX_PATH=${CMAKE_PREFIX_PATH}:/opt/ros/humble /usr/bin/cmake --build /home/erica/cat-brain/build/serial -- -j4 -l4
[2.366s] DEBUG:colcon.colcon_core.event_handler.log_command:Invoking command in '/home/erica/cat-brain/build/gpio': CMAKE_PREFIX_PATH=${CMAKE_PREFIX_PATH}:/opt/ros/humble /usr/bin/cmake /home/erica/cat-brain/src/gpio -DCMAKE_INSTALL_PREFIX=/home/erica/cat-brain/install/gpio
[2.383s] DEBUG:colcon.colcon_core.event_handler.log_command:Invoking command in '/home/erica/cat-brain/build/teleop': CMAKE_PREFIX_PATH=${CMAKE_PREFIX_PATH}:/opt/ros/humble /usr/bin/cmake --build /home/erica/cat-brain/build/teleop -- -j4 -l4
[2.892s] DEBUG:colcon.colcon_core.event_handler.log_command:Invoked command in '/home/erica/cat-brain/build/serial' returned '0': CMAKE_PREFIX_PATH=${CMAKE_PREFIX_PATH}:/opt/ros/humble /usr/bin/cmake --build /home/erica/cat-brain/build/serial -- -j4 -l4
[2.934s] DEBUG:colcon.colcon_core.event_handler.log_command:Invoking command in '/home/erica/cat-brain/build/serial': CMAKE_PREFIX_PATH=${CMAKE_PREFIX_PATH}:/opt/ros/humble /usr/bin/cmake --install /home/erica/cat-brain/build/serial
[2.985s] Level 1:colcon.colcon_core.environment:create_environment_scripts_only(serial)
[2.993s] DEBUG:colcon.colcon_core.event_handler.log_command:Invoked command in '/home/erica/cat-brain/build/serial' returned '0': CMAKE_PREFIX_PATH=${CMAKE_PREFIX_PATH}:/opt/ros/humble /usr/bin/cmake --install /home/erica/cat-brain/build/serial
[3.050s] Level 1:colcon.colcon_core.environment:checking '/home/erica/cat-brain/install/serial' for CMake module files
[3.054s] Level 1:colcon.colcon_core.environment:checking '/home/erica/cat-brain/install/serial' for CMake config files
[3.056s] Level 1:colcon.colcon_core.shell:create_environment_hook('serial', 'cmake_prefix_path')
[3.057s] INFO:colcon.colcon_core.shell:Creating environment hook '/home/erica/cat-brain/install/serial/share/serial/hook/cmake_prefix_path.ps1'
[3.063s] INFO:colcon.colcon_core.shell:Creating environment descriptor '/home/erica/cat-brain/install/serial/share/serial/hook/cmake_prefix_path.dsv'
[3.070s] INFO:colcon.colcon_core.shell:Creating environment hook '/home/erica/cat-brain/install/serial/share/serial/hook/cmake_prefix_path.sh'
[3.076s] Level 1:colcon.colcon_core.environment:checking '/home/erica/cat-brain/install/serial/lib'
[3.077s] Level 1:colcon.colcon_core.environment:checking '/home/erica/cat-brain/install/serial/bin'
[3.078s] Level 1:colcon.colcon_core.environment:checking '/home/erica/cat-brain/install/serial/lib/pkgconfig/serial.pc'
[3.079s] Level 1:colcon.colcon_core.environment:checking '/home/erica/cat-brain/install/serial/lib/python3.10/site-packages'
[3.081s] Level 1:colcon.colcon_core.environment:checking '/home/erica/cat-brain/install/serial/bin'
[3.083s] INFO:colcon.colcon_core.shell:Creating package script '/home/erica/cat-brain/install/serial/share/serial/package.ps1'
[3.089s] INFO:colcon.colcon_core.shell:Creating package descriptor '/home/erica/cat-brain/install/serial/share/serial/package.dsv'
[3.096s] INFO:colcon.colcon_core.shell:Creating package script '/home/erica/cat-brain/install/serial/share/serial/package.sh'
[3.105s] INFO:colcon.colcon_core.shell:Creating package script '/home/erica/cat-brain/install/serial/share/serial/package.bash'
[3.116s] INFO:colcon.colcon_core.shell:Creating package script '/home/erica/cat-brain/install/serial/share/serial/package.zsh'
[3.128s] Level 1:colcon.colcon_core.environment:create_file_with_runtime_dependencies(/home/erica/cat-brain/install/serial/share/colcon-core/packages/serial)
[3.131s] Level 1:colcon.colcon_core.environment:create_environment_scripts_only(serial)
[3.132s] Level 1:colcon.colcon_core.environment:checking '/home/erica/cat-brain/install/serial' for CMake module files
[3.136s] Level 1:colcon.colcon_core.environment:checking '/home/erica/cat-brain/install/serial' for CMake config files
[3.137s] Level 1:colcon.colcon_core.shell:create_environment_hook('serial', 'cmake_prefix_path')
[3.138s] INFO:colcon.colcon_core.shell:Creating environment hook '/home/erica/cat-brain/install/serial/share/serial/hook/cmake_prefix_path.ps1'
[3.140s] INFO:colcon.colcon_core.shell:Creating environment descriptor '/home/erica/cat-brain/install/serial/share/serial/hook/cmake_prefix_path.dsv'
[3.143s] INFO:colcon.colcon_core.shell:Creating environment hook '/home/erica/cat-brain/install/serial/share/serial/hook/cmake_prefix_path.sh'
[3.146s] Level 1:colcon.colcon_core.environment:checking '/home/erica/cat-brain/install/serial/lib'
[3.149s] Level 1:colcon.colcon_core.environment:checking '/home/erica/cat-brain/install/serial/bin'
[3.149s] Level 1:colcon.colcon_core.environment:checking '/home/erica/cat-brain/install/serial/lib/pkgconfig/serial.pc'
[3.150s] Level 1:colcon.colcon_core.environment:checking '/home/erica/cat-brain/install/serial/lib/python3.10/site-packages'
[3.152s] Level 1:colcon.colcon_core.environment:checking '/home/erica/cat-brain/install/serial/bin'
[3.153s] INFO:colcon.colcon_core.shell:Creating package script '/home/erica/cat-brain/install/serial/share/serial/package.ps1'
[3.156s] INFO:colcon.colcon_core.shell:Creating package descriptor '/home/erica/cat-brain/install/serial/share/serial/package.dsv'
[3.159s] INFO:colcon.colcon_core.shell:Creating package script '/home/erica/cat-brain/install/serial/share/serial/package.sh'
[3.162s] INFO:colcon.colcon_core.shell:Creating package script '/home/erica/cat-brain/install/serial/share/serial/package.bash'
[3.164s] INFO:colcon.colcon_core.shell:Creating package script '/home/erica/cat-brain/install/serial/share/serial/package.zsh'
[3.166s] Level 1:colcon.colcon_core.environment:create_file_with_runtime_dependencies(/home/erica/cat-brain/install/serial/share/colcon-core/packages/serial)
[3.168s] INFO:colcon.colcon_ros.task.ament_cmake.build:Building ROS package in '/home/erica/cat-brain/src/serial_com' with build type 'ament_cmake'
[3.169s] INFO:colcon.colcon_cmake.task.cmake.build:Building CMake package in '/home/erica/cat-brain/src/serial_com'
[3.170s] INFO:colcon.colcon_core.shell:Skip shell extension 'powershell' for command environment: Not usable outside of PowerShell
[3.170s] DEBUG:colcon.colcon_core.shell:Skip shell extension 'dsv' for command environment
[3.196s] DEBUG:colcon.colcon_core.event_handler.log_command:Invoked command in '/home/erica/cat-brain/build/teleop' returned '0': CMAKE_PREFIX_PATH=${CMAKE_PREFIX_PATH}:/opt/ros/humble /usr/bin/cmake --build /home/erica/cat-brain/build/teleop -- -j4 -l4
[3.213s] DEBUG:colcon.colcon_core.event_handler.log_command:Invoking command in '/home/erica/cat-brain/build/teleop': CMAKE_PREFIX_PATH=${CMAKE_PREFIX_PATH}:/opt/ros/humble /usr/bin/cmake --install /home/erica/cat-brain/build/teleop
[3.240s] DEBUG:colcon.colcon_core.event_handler.log_command:Invoking command in '/home/erica/cat-brain/build/serial_com': CMAKE_PREFIX_PATH=/home/erica/cat-brain/install/serial:/home/erica/cat-brain/install/brain:/home/erica/cat-brain/install/teleop:/home/erica/cat-brain/install/serial_com:/opt/ros/humble /usr/bin/cmake --build /home/erica/cat-brain/build/serial_com -- -j4 -l4
[3.263s] Level 1:colcon.colcon_core.environment:create_environment_scripts_only(teleop)
[3.265s] Level 1:colcon.colcon_core.environment:checking '/home/erica/cat-brain/install/teleop' for CMake module files
[3.269s] Level 1:colcon.colcon_core.environment:checking '/home/erica/cat-brain/install/teleop' for CMake config files
[3.274s] DEBUG:colcon.colcon_core.event_handler.log_command:Invoked command in '/home/erica/cat-brain/build/teleop' returned '0': CMAKE_PREFIX_PATH=${CMAKE_PREFIX_PATH}:/opt/ros/humble /usr/bin/cmake --install /home/erica/cat-brain/build/teleop
[3.275s] Level 1:colcon.colcon_core.shell:create_environment_hook('teleop', 'cmake_prefix_path')
[3.276s] INFO:colcon.colcon_core.shell:Creating environment hook '/home/erica/cat-brain/install/teleop/share/teleop/hook/cmake_prefix_path.ps1'
[3.278s] INFO:colcon.colcon_core.shell:Creating environment descriptor '/home/erica/cat-brain/install/teleop/share/teleop/hook/cmake_prefix_path.dsv'
[3.280s] INFO:colcon.colcon_core.shell:Creating environment hook '/home/erica/cat-brain/install/teleop/share/teleop/hook/cmake_prefix_path.sh'
[3.284s] Level 1:colcon.colcon_core.environment:checking '/home/erica/cat-brain/install/teleop/lib'
[3.284s] Level 1:colcon.colcon_core.environment:checking '/home/erica/cat-brain/install/teleop/bin'
[3.285s] Level 1:colcon.colcon_core.environment:checking '/home/erica/cat-brain/install/teleop/lib/pkgconfig/teleop.pc'
[3.286s] Level 1:colcon.colcon_core.environment:checking '/home/erica/cat-brain/install/teleop/lib/python3.10/site-packages'
[3.287s] Level 1:colcon.colcon_core.environment:checking '/home/erica/cat-brain/install/teleop/bin'
[3.289s] INFO:colcon.colcon_core.shell:Creating package script '/home/erica/cat-brain/install/teleop/share/teleop/package.ps1'
[3.292s] INFO:colcon.colcon_core.shell:Creating package descriptor '/home/erica/cat-brain/install/teleop/share/teleop/package.dsv'
[3.294s] INFO:colcon.colcon_core.shell:Creating package script '/home/erica/cat-brain/install/teleop/share/teleop/package.sh'
[3.297s] INFO:colcon.colcon_core.shell:Creating package script '/home/erica/cat-brain/install/teleop/share/teleop/package.bash'
[3.300s] INFO:colcon.colcon_core.shell:Creating package script '/home/erica/cat-brain/install/teleop/share/teleop/package.zsh'
[3.302s] Level 1:colcon.colcon_core.environment:create_file_with_runtime_dependencies(/home/erica/cat-brain/install/teleop/share/colcon-core/packages/teleop)
[3.306s] Level 1:colcon.colcon_core.environment:create_environment_scripts_only(teleop)
[3.307s] Level 1:colcon.colcon_core.environment:checking '/home/erica/cat-brain/install/teleop' for CMake module files
[3.310s] Level 1:colcon.colcon_core.environment:checking '/home/erica/cat-brain/install/teleop' for CMake config files
[3.311s] Level 1:colcon.colcon_core.shell:create_environment_hook('teleop', 'cmake_prefix_path')
[3.312s] INFO:colcon.colcon_core.shell:Creating environment hook '/home/erica/cat-brain/install/teleop/share/teleop/hook/cmake_prefix_path.ps1'
[3.315s] INFO:colcon.colcon_core.shell:Creating environment descriptor '/home/erica/cat-brain/install/teleop/share/teleop/hook/cmake_prefix_path.dsv'
[3.317s] INFO:colcon.colcon_core.shell:Creating environment hook '/home/erica/cat-brain/install/teleop/share/teleop/hook/cmake_prefix_path.sh'
[3.320s] Level 1:colcon.colcon_core.environment:checking '/home/erica/cat-brain/install/teleop/lib'
[3.320s] Level 1:colcon.colcon_core.environment:checking '/home/erica/cat-brain/install/teleop/bin'
[3.321s] Level 1:colcon.colcon_core.environment:checking '/home/erica/cat-brain/install/teleop/lib/pkgconfig/teleop.pc'
[3.322s] Level 1:colcon.colcon_core.environment:checking '/home/erica/cat-brain/install/teleop/lib/python3.10/site-packages'
[3.323s] Level 1:colcon.colcon_core.environment:checking '/home/erica/cat-brain/install/teleop/bin'
[3.324s] INFO:colcon.colcon_core.shell:Creating package script '/home/erica/cat-brain/install/teleop/share/teleop/package.ps1'
[3.327s] INFO:colcon.colcon_core.shell:Creating package descriptor '/home/erica/cat-brain/install/teleop/share/teleop/package.dsv'
[3.329s] INFO:colcon.colcon_core.shell:Creating package script '/home/erica/cat-brain/install/teleop/share/teleop/package.sh'
[3.332s] INFO:colcon.colcon_core.shell:Creating package script '/home/erica/cat-brain/install/teleop/share/teleop/package.bash'
[3.334s] INFO:colcon.colcon_core.shell:Creating package script '/home/erica/cat-brain/install/teleop/share/teleop/package.zsh'
[3.346s] Level 1:colcon.colcon_core.environment:create_file_with_runtime_dependencies(/home/erica/cat-brain/install/teleop/share/colcon-core/packages/teleop)
[3.618s] DEBUG:colcon.colcon_core.event_handler.log_command:Invoked command in '/home/erica/cat-brain/build/serial_com' returned '0': CMAKE_PREFIX_PATH=/home/erica/cat-brain/install/serial:/home/erica/cat-brain/install/brain:/home/erica/cat-brain/install/teleop:/home/erica/cat-brain/install/serial_com:/opt/ros/humble /usr/bin/cmake --build /home/erica/cat-brain/build/serial_com -- -j4 -l4
[3.630s] DEBUG:colcon.colcon_core.event_handler.log_command:Invoking command in '/home/erica/cat-brain/build/serial_com': CMAKE_PREFIX_PATH=/home/erica/cat-brain/install/serial:/home/erica/cat-brain/install/brain:/home/erica/cat-brain/install/teleop:/home/erica/cat-brain/install/serial_com:/opt/ros/humble /usr/bin/cmake --install /home/erica/cat-brain/build/serial_com
[3.684s] Level 1:colcon.colcon_core.environment:create_environment_scripts_only(serial_com)
[3.686s] Level 1:colcon.colcon_core.environment:checking '/home/erica/cat-brain/install/serial_com' for CMake module files
[3.688s] DEBUG:colcon.colcon_core.event_handler.log_command:Invoked command in '/home/erica/cat-brain/build/serial_com' returned '0': CMAKE_PREFIX_PATH=/home/erica/cat-brain/install/serial:/home/erica/cat-brain/install/brain:/home/erica/cat-brain/install/teleop:/home/erica/cat-brain/install/serial_com:/opt/ros/humble /usr/bin/cmake --install /home/erica/cat-brain/build/serial_com
[3.690s] Level 1:colcon.colcon_core.environment:checking '/home/erica/cat-brain/install/serial_com' for CMake config files
[3.692s] Level 1:colcon.colcon_core.shell:create_environment_hook('serial_com', 'cmake_prefix_path')
[3.693s] INFO:colcon.colcon_core.shell:Creating environment hook '/home/erica/cat-brain/install/serial_com/share/serial_com/hook/cmake_prefix_path.ps1'
[3.696s] INFO:colcon.colcon_core.shell:Creating environment descriptor '/home/erica/cat-brain/install/serial_com/share/serial_com/hook/cmake_prefix_path.dsv'
[3.698s] INFO:colcon.colcon_core.shell:Creating environment hook '/home/erica/cat-brain/install/serial_com/share/serial_com/hook/cmake_prefix_path.sh'
[3.701s] Level 1:colcon.colcon_core.environment:checking '/home/erica/cat-brain/install/serial_com/lib'
[3.702s] Level 1:colcon.colcon_core.environment:checking '/home/erica/cat-brain/install/serial_com/bin'
[3.702s] Level 1:colcon.colcon_core.environment:checking '/home/erica/cat-brain/install/serial_com/lib/pkgconfig/serial_com.pc'
[3.703s] Level 1:colcon.colcon_core.environment:checking '/home/erica/cat-brain/install/serial_com/lib/python3.10/site-packages'
[3.704s] Level 1:colcon.colcon_core.environment:checking '/home/erica/cat-brain/install/serial_com/bin'
[3.706s] INFO:colcon.colcon_core.shell:Creating package script '/home/erica/cat-brain/install/serial_com/share/serial_com/package.ps1'
[3.708s] INFO:colcon.colcon_core.shell:Creating package descriptor '/home/erica/cat-brain/install/serial_com/share/serial_com/package.dsv'
[3.710s] INFO:colcon.colcon_core.shell:Creating package script '/home/erica/cat-brain/install/serial_com/share/serial_com/package.sh'
[3.712s] INFO:colcon.colcon_core.shell:Creating package script '/home/erica/cat-brain/install/serial_com/share/serial_com/package.bash'
[3.715s] INFO:colcon.colcon_core.shell:Creating package script '/home/erica/cat-brain/install/serial_com/share/serial_com/package.zsh'
[3.717s] Level 1:colcon.colcon_core.environment:create_file_with_runtime_dependencies(/home/erica/cat-brain/install/serial_com/share/colcon-core/packages/serial_com)
[3.720s] Level 1:colcon.colcon_core.environment:create_environment_scripts_only(serial_com)
[3.721s] Level 1:colcon.colcon_core.environment:checking '/home/erica/cat-brain/install/serial_com' for CMake module files
[3.724s] Level 1:colcon.colcon_core.environment:checking '/home/erica/cat-brain/install/serial_com' for CMake config files
[3.725s] Level 1:colcon.colcon_core.shell:create_environment_hook('serial_com', 'cmake_prefix_path')
[3.727s] INFO:colcon.colcon_core.shell:Creating environment hook '/home/erica/cat-brain/install/serial_com/share/serial_com/hook/cmake_prefix_path.ps1'
[3.730s] INFO:colcon.colcon_core.shell:Creating environment descriptor '/home/erica/cat-brain/install/serial_com/share/serial_com/hook/cmake_prefix_path.dsv'
[3.732s] INFO:colcon.colcon_core.shell:Creating environment hook '/home/erica/cat-brain/install/serial_com/share/serial_com/hook/cmake_prefix_path.sh'
[3.736s] Level 1:colcon.colcon_core.environment:checking '/home/erica/cat-brain/install/serial_com/lib'
[3.736s] Level 1:colcon.colcon_core.environment:checking '/home/erica/cat-brain/install/serial_com/bin'
[3.737s] Level 1:colcon.colcon_core.environment:checking '/home/erica/cat-brain/install/serial_com/lib/pkgconfig/serial_com.pc'
[3.738s] Level 1:colcon.colcon_core.environment:checking '/home/erica/cat-brain/install/serial_com/lib/python3.10/site-packages'
[3.739s] Level 1:colcon.colcon_core.environment:checking '/home/erica/cat-brain/install/serial_com/bin'
[3.740s] INFO:colcon.colcon_core.shell:Creating package script '/home/erica/cat-brain/install/serial_com/share/serial_com/package.ps1'
[3.743s] INFO:colcon.colcon_core.shell:Creating package descriptor '/home/erica/cat-brain/install/serial_com/share/serial_com/package.dsv'
[3.746s] INFO:colcon.colcon_core.shell:Creating package script '/home/erica/cat-brain/install/serial_com/share/serial_com/package.sh'
[3.749s] INFO:colcon.colcon_core.shell:Creating package script '/home/erica/cat-brain/install/serial_com/share/serial_com/package.bash'
[3.751s] INFO:colcon.colcon_core.shell:Creating package script '/home/erica/cat-brain/install/serial_com/share/serial_com/package.zsh'
[3.755s] Level 1:colcon.colcon_core.environment:create_file_with_runtime_dependencies(/home/erica/cat-brain/install/serial_com/share/colcon-core/packages/serial_com)
[10.251s] DEBUG:colcon.colcon_core.event_handler.log_command:Invoked command in '/home/erica/cat-brain/build/gpio' returned '0': CMAKE_PREFIX_PATH=${CMAKE_PREFIX_PATH}:/opt/ros/humble /usr/bin/cmake /home/erica/cat-brain/src/gpio -DCMAKE_INSTALL_PREFIX=/home/erica/cat-brain/install/gpio
[10.260s] DEBUG:colcon.colcon_core.event_handler.log_command:Invoking command in '/home/erica/cat-brain/build/gpio': CMAKE_PREFIX_PATH=${CMAKE_PREFIX_PATH}:/opt/ros/humble /usr/bin/cmake --build /home/erica/cat-brain/build/gpio -- -j4 -l4
[22.184s] DEBUG:colcon.colcon_core.event_handler.log_command:Invoked command in '/home/erica/cat-brain/build/gpio' returned '2': CMAKE_PREFIX_PATH=${CMAKE_PREFIX_PATH}:/opt/ros/humble /usr/bin/cmake --build /home/erica/cat-brain/build/gpio -- -j4 -l4
[22.186s] Level 1:colcon.colcon_core.environment:create_environment_scripts_only(gpio)
[22.187s] Level 1:colcon.colcon_core.environment:checking '/home/erica/cat-brain/install/gpio' for CMake module files
[22.188s] Level 1:colcon.colcon_core.environment:checking '/home/erica/cat-brain/install/gpio' for CMake config files
[22.189s] Level 1:colcon.colcon_core.environment:checking '/home/erica/cat-brain/install/gpio/bin'
[22.189s] Level 1:colcon.colcon_core.environment:checking '/home/erica/cat-brain/install/gpio/lib/pkgconfig/gpio.pc'
[22.190s] Level 1:colcon.colcon_core.environment:checking '/home/erica/cat-brain/install/gpio/lib/python3.10/site-packages'
[22.191s] Level 1:colcon.colcon_core.environment:checking '/home/erica/cat-brain/install/gpio/bin'
[22.193s] INFO:colcon.colcon_core.shell:Creating package script '/home/erica/cat-brain/install/gpio/share/gpio/package.ps1'
[22.195s] INFO:colcon.colcon_core.shell:Creating package descriptor '/home/erica/cat-brain/install/gpio/share/gpio/package.dsv'
[22.197s] INFO:colcon.colcon_core.shell:Creating package script '/home/erica/cat-brain/install/gpio/share/gpio/package.sh'
[22.199s] INFO:colcon.colcon_core.shell:Creating package script '/home/erica/cat-brain/install/gpio/share/gpio/package.bash'
[22.202s] INFO:colcon.colcon_core.shell:Creating package script '/home/erica/cat-brain/install/gpio/share/gpio/package.zsh'
[22.203s] Level 1:colcon.colcon_core.environment:create_file_with_runtime_dependencies(/home/erica/cat-brain/install/gpio/share/colcon-core/packages/gpio)
[22.215s] DEBUG:colcon.colcon_parallel_executor.executor.parallel:closing loop
[22.215s] DEBUG:colcon.colcon_parallel_executor.executor.parallel:loop closed
[22.216s] DEBUG:colcon.colcon_parallel_executor.executor.parallel:run_until_complete finished with '2'
[22.216s] DEBUG:colcon.colcon_core.event_reactor:joining thread
[22.245s] INFO:colcon.colcon_core.plugin_system:Skipping extension 'colcon_notification.desktop_notification.notify_send': Could not find 'notify-send'
[22.245s] INFO:colcon.colcon_core.plugin_system:Skipping extension 'colcon_notification.desktop_notification.terminal_notifier': Not used on non-Darwin systems
[22.246s] INFO:colcon.colcon_core.plugin_system:Skipping extension 'colcon_notification.desktop_notification.win32': Not used on non-Windows systems
[22.246s] INFO:colcon.colcon_notification.desktop_notification:Sending desktop notification using 'notify2'
[22.281s] DEBUG:colcon.colcon_notification.desktop_notification.notify2:Failed to initialize notify2: org.freedesktop.DBus.Error.ServiceUnknown: The name org.freedesktop.Notifications was not provided by any .service files
[22.282s] DEBUG:colcon.colcon_core.event_reactor:joined thread
[22.283s] INFO:colcon.colcon_core.shell:Creating prefix script '/home/erica/cat-brain/install/local_setup.ps1'
[22.289s] INFO:colcon.colcon_core.shell:Creating prefix util module '/home/erica/cat-brain/install/_local_setup_util_ps1.py'
[22.297s] INFO:colcon.colcon_core.shell:Creating prefix chain script '/home/erica/cat-brain/install/setup.ps1'
[22.304s] INFO:colcon.colcon_core.shell:Creating prefix script '/home/erica/cat-brain/install/local_setup.sh'
[22.307s] INFO:colcon.colcon_core.shell:Creating prefix util module '/home/erica/cat-brain/install/_local_setup_util_sh.py'
[22.310s] INFO:colcon.colcon_core.shell:Creating prefix chain script '/home/erica/cat-brain/install/setup.sh'
[22.316s] INFO:colcon.colcon_core.shell:Creating prefix script '/home/erica/cat-brain/install/local_setup.bash'
[22.319s] INFO:colcon.colcon_core.shell:Creating prefix chain script '/home/erica/cat-brain/install/setup.bash'
[22.325s] INFO:colcon.colcon_core.shell:Creating prefix script '/home/erica/cat-brain/install/local_setup.zsh'
[22.329s] INFO:colcon.colcon_core.shell:Creating prefix chain script '/home/erica/cat-brain/install/setup.zsh'
